#
# A fatal error has been detected by the Java Runtime Environment:
#
#  EXCEPTION_ACCESS_VIOLATION (0xc0000005) at pc=0x00007ffb2877cd02, pid=15260, tid=26760
#
# JRE version: OpenJDK Runtime Environment Temurin-17.0.4.1+1 (17.0.4.1+1) (build 17.0.4.1+1)
# Java VM: OpenJDK 64-Bit Server VM Temurin-17.0.4.1+1 (17.0.4.1+1, mixed mode, tiered, compressed oops, compressed class ptrs, parallel gc, windows-amd64)
# Problematic frame:
# V  [jvm.dll+0x6acd02]
#
# No core dump will be written. Minidumps are not enabled by default on client versions of Windows
#
# If you would like to submit a bug report, please visit:
#   https://github.com/adoptium/adoptium-support/issues
#

---------------  S U M M A R Y ------------

Command Line: --add-modules=ALL-SYSTEM --add-opens=java.base/java.util=ALL-UNNAMED --add-opens=java.base/java.lang=ALL-UNNAMED --add-opens=java.base/sun.nio.fs=ALL-UNNAMED -Declipse.application=org.eclipse.jdt.ls.core.id1 -Dosgi.bundles.defaultStartLevel=4 -Declipse.product=org.eclipse.jdt.ls.core.product -Djava.import.generatesMetadataFilesAtProjectRoot=false -Dfile.encoding=utf8 -DwatchParentProcess=false -XX:+UseParallelGC -XX:GCTimeRatio=4 -XX:AdaptiveSizePolicyWeight=90 -Dsun.zip.disableMemoryMapping=true -Xmx1G -Xms100m -Xlog:disable -javaagent:c:\Users\Kenny\.vscode\extensions\redhat.java-1.11.0-win32-x64\lombok\lombok-1.18.24.jar -XX:+HeapDumpOnOutOfMemoryError -XX:HeapDumpPath=c:\Users\Kenny\AppData\Roaming\Code\User\workspaceStorage\9a1bdbe3d3d7788a2e4f061b12b0f0e2\redhat.java c:\Users\Kenny\.vscode\extensions\redhat.java-1.11.0-win32-x64\server\plugins\org.eclipse.equinox.launcher_1.6.400.v20210924-0641.jar -configuration c:\Users\Kenny\AppData\Roaming\Code\User\globalStorage\redhat.java\1.11.0\config_win -data c:\Users\Kenny\AppData\Roaming\Code\User\workspaceStorage\9a1bdbe3d3d7788a2e4f061b12b0f0e2\redhat.java\jdt_ws

Host: Intel(R) Core(TM) i7-9700K CPU @ 3.60GHz, 8 cores, 15G,  Windows 10 , 64 bit Build 19041 (10.0.19041.1889)
Time: Fri Oct 21 12:15:28 2022 Eastern Daylight Time elapsed time: 7238.645051 seconds (0d 2h 0m 38s)

---------------  T H R E A D  ---------------

Current thread (0x0000017751299750):  GCTaskThread "GC Thread#3" [stack: 0x00000004b8400000,0x00000004b8500000] [id=26760]

Stack: [0x00000004b8400000,0x00000004b8500000],  sp=0x00000004b84ffca0,  free space=1023k
Native frames: (J=compiled Java code, j=interpreted, Vv=VM code, C=native code)
V  [jvm.dll+0x6acd02]
C  0x0000000000000001


siginfo: EXCEPTION_ACCESS_VIOLATION (0xc0000005), reading address 0xffffffffffffffff


Register to memory mapping:

RIP=0x00007ffb2877cd02 jvm.dll
RAX=0x00173cd70000a785 is an unknown value
RBX=0x0000000000000001 is an unknown value
RCX=0x00000000000000e1 is an unknown value
RDX=0x0000000000000006 is an unknown value
RSP=0x00000004b84ffca0 points into unknown readable memory: 0x0000000000000001 | 01 00 00 00 00 00 00 00
RBP=0x0 is NULL
RSI=0x000001774d3c9db0 points into unknown readable memory: 0x0000017737340150 | 50 01 34 37 77 01 00 00
RDI=0x000001774d2f62d0 points into unknown readable memory: 0x00007ffb28a7e140 | 40 e1 a7 28 fb 7f 00 00
R8 =0x000000000000005b is an unknown value
R9 =0x0000000000000006 is an unknown value
R10=0x00000000000000e1 is an unknown value
R11=0x000001774d3272e0 points into unknown readable memory: 0x0000017737340150 | 50 01 34 37 77 01 00 00
R12=0x0 is NULL
R13=0x0000000000000010 is an unknown value
R14=0x0000000000000030 is an unknown value
R15=0x00000004b84ffd70 points into unknown readable memory: 0x00000000c41bcb38 | 38 cb 1b c4 00 00 00 00


Registers:
RAX=0x00173cd70000a785, RBX=0x0000000000000001, RCX=0x00000000000000e1, RDX=0x0000000000000006
RSP=0x00000004b84ffca0, RBP=0x0000000000000000, RSI=0x000001774d3c9db0, RDI=0x000001774d2f62d0
R8 =0x000000000000005b, R9 =0x0000000000000006, R10=0x00000000000000e1, R11=0x000001774d3272e0
R12=0x0000000000000000, R13=0x0000000000000010, R14=0x0000000000000030, R15=0x00000004b84ffd70
RIP=0x00007ffb2877cd02, EFLAGS=0x0000000000010206

Top of Stack: (sp=0x00000004b84ffca0)
0x00000004b84ffca0:   0000000000000001 00000000c58f6b1c
0x00000004b84ffcb0:   0000000000000001 00000000c58f6b1c
0x00000004b84ffcc0:   00000004b73feeb8 00007ffb28be26d0
0x00000004b84ffcd0:   000000000000000c 00007ffb28782658
0x00000004b84ffce0:   000000000000000c 00007ffb28a7e108
0x00000004b84ffcf0:   000001774d3272e0 00173cd70000a785
0x00000004b84ffd00:   00000000c58f0ca8 0000000000001000
0x00000004b84ffd10:   00007ffb28a7e108 00000177395b6cf0
0x00000004b84ffd20:   0000000000000003 000001774d3272e0
0x00000004b84ffd30:   0000000000000001 00000004b73feeb0
0x00000004b84ffd40:   00000004b73fee78 00000004b73fed70
0x00000004b84ffd50:   0000000000000001 00007ffb2878355a
0x00000004b84ffd60:   0000000000000005 00000004b84ffde0
0x00000004b84ffd70:   00000000c41bcb38 000001774d3272e0
0x00000004b84ffd80:   00000004b73fea68 00000004b73fe780
0x00000004b84ffd90:   0000000100000002 000001774d3272e0 

Instructions: (pc=0x00007ffb2877cd02)
0x00007ffb2877cc02:   6c 24 10 48 89 43 30 48 8b c3 48 c7 43 38 00 00
0x00007ffb2877cc12:   00 00 48 8b 5c 24 08 c3 cc cc cc cc cc cc 48 89
0x00007ffb2877cc22:   5c 24 08 48 89 7c 24 10 48 8b 79 18 4d 8d 58 ff
0x00007ffb2877cc32:   48 8b c2 4c 8b d2 48 2b 01 4c 8b c9 48 c1 e8 03
0x00007ffb2877cc42:   4c 03 d8 48 8b d0 48 c1 ea 10 49 c1 eb 10 48 8d
0x00007ffb2877cc52:   04 92 48 8d 1c c5 00 00 00 00 49 3b d3 75 12 f0
0x00007ffb2877cc62:   44 0f c1 44 3b 1c 48 8b 5c 24 08 48 8b 7c 24 10
0x00007ffb2877cc72:   c3 49 8b c2 48 c1 e8 03 0f b7 c8 b8 00 00 01 00
0x00007ffb2877cc82:   2b c1 f0 0f c1 44 3b 1c 48 8d 4a 01 49 3b cb 73
0x00007ffb2877cc92:   3c 48 8d 04 89 49 8b d3 48 c1 e0 03 48 2b d1 0f
0x00007ffb2877cca2:   1f 40 00 66 66 66 0f 1f 84 00 00 00 00 00 49 8b
0x00007ffb2877ccb2:   49 18 48 8d 40 28 c7 44 01 f0 00 00 01 00 49 8b
0x00007ffb2877ccc2:   49 18 4c 89 54 01 e8 48 83 ea 01 75 e1 48 8b 5c
0x00007ffb2877ccd2:   24 08 4b 8d 04 9b 48 8b 7c 24 10 48 8d 14 c5 00
0x00007ffb2877cce2:   00 00 00 49 8d 40 ff 49 8d 04 c2 48 c1 e8 03 0f
0x00007ffb2877ccf2:   b7 c8 49 8b 41 18 ff c1 89 4c 10 18 49 8b 41 18
0x00007ffb2877cd02:   4c 89 54 10 10 c3 cc cc cc cc cc cc cc cc 48 8b
0x00007ffb2877cd12:   c4 48 89 58 08 48 89 78 10 55 48 8d a8 78 fc ff
0x00007ffb2877cd22:   ff 48 81 ec 80 04 00 00 48 8b 0d 2f 2f 4b 00 48
0x00007ffb2877cd32:   8d 15 c8 1e 30 00 0f 29 70 e8 48 85 c9 48 8d 05
0x00007ffb2877cd42:   da 2e 4b 00 c7 44 24 20 03 00 00 00 48 89 44 24
0x00007ffb2877cd52:   28 0f 95 44 24 38 0f 10 4c 24 20 45 33 c0 c7 45
0x00007ffb2877cd62:   c0 03 00 00 00 48 85 c9 48 89 54 24 40 48 8d 05
0x00007ffb2877cd72:   3a 2e 4b 00 c7 44 24 48 0d 00 00 00 48 89 45 c8
0x00007ffb2877cd82:   48 8d 4c 24 20 0f 10 45 c0 48 8d 05 2e ee 28 00
0x00007ffb2877cd92:   c6 44 24 4c 00 48 89 44 24 30 48 8d 05 35 ee 28
0x00007ffb2877cda2:   00 48 89 45 88 48 8d 05 72 59 46 00 48 89 45 98
0x00007ffb2877cdb2:   48 8d 44 24 30 49 0f 44 c0 0f 29 44 24 50 66 0f
0x00007ffb2877cdc2:   6f 05 28 f1 28 00 48 89 45 a0 48 8d 45 88 48 89
0x00007ffb2877cdd2:   45 a8 0f 29 4c 24 60 66 0f 7f 44 24 70 4c 89 45
0x00007ffb2877cde2:   80 48 89 55 90 4c 89 45 b0 e8 30 3b 14 00 48 8b
0x00007ffb2877cdf2:   4d a0 0f 10 30 48 85 c9 74 0f 48 8b 01 48 8d 54 


Stack slot to memory mapping:
stack at sp + 0 slots: 0x0000000000000001 is an unknown value
stack at sp + 1 slots: 0x00000000c58f6b1c is pointing into object: [[C 
{0x00000000c58f0ca8} - klass: {type array char}[]
 - length: 6041
stack at sp + 2 slots: 0x0000000000000001 is an unknown value
stack at sp + 3 slots: 0x00000000c58f6b1c is pointing into object: [[C 
{0x00000000c58f0ca8} - klass: {type array char}[]
 - length: 6041
stack at sp + 4 slots: 0x00000004b73feeb8 points into unknown readable memory: 0x0000000000000008 | 08 00 00 00 00 00 00 00
stack at sp + 5 slots: 0x00007ffb28be26d0 jvm.dll
stack at sp + 6 slots: 0x000000000000000c is an unknown value
stack at sp + 7 slots: 0x00007ffb28782658 jvm.dll


---------------  P R O C E S S  ---------------

Threads class SMR info:
_java_thread_list=0x0000017753479c00, length=39, elements={
0x00000177395a80b0, 0x000001774d439c40, 0x000001774d43a700, 0x000001774f9d4260,
0x000001774f9d4d20, 0x000001774f9d75f0, 0x000001774f9d7eb0, 0x000001774f9dc260,
0x000001774f9dcca0, 0x000001774f9dd5a0, 0x000001774d2c10a0, 0x000001774fcdaf00,
0x00000177504ec350, 0x00000177504eabf0, 0x00000177504ebb20, 0x0000017751045470,
0x00000177512ae3d0, 0x000001775153a550, 0x00000177515396e0, 0x0000017751538870,
0x00000177558be390, 0x00000177558b74e0, 0x00000177558b91c0, 0x00000177558ba9d0,
0x00000177558bb370, 0x00000177558b9b60, 0x00000177558b79b0, 0x00000177558bc6b0,
0x00000177558bb840, 0x000001775686c4d0, 0x000001775686e1b0, 0x0000017756870360,
0x000001775686acc0, 0x00000177568711d0, 0x00000177568716a0, 0x0000017756870d00,
0x000001775686eb50, 0x0000017756870830, 0x000001775686bb30
}

Java Threads: ( => current thread )
  0x00000177395a80b0 JavaThread "main" [_thread_blocked, id=15528, stack(0x00000004b7100000,0x00000004b7200000)]
  0x000001774d439c40 JavaThread "Reference Handler" daemon [_thread_blocked, id=24736, stack(0x00000004b7400000,0x00000004b7500000)]
  0x000001774d43a700 JavaThread "Finalizer" daemon [_thread_blocked, id=4532, stack(0x00000004b7500000,0x00000004b7600000)]
  0x000001774f9d4260 JavaThread "Signal Dispatcher" daemon [_thread_blocked, id=20364, stack(0x00000004b7600000,0x00000004b7700000)]
  0x000001774f9d4d20 JavaThread "Attach Listener" daemon [_thread_blocked, id=15552, stack(0x00000004b7700000,0x00000004b7800000)]
  0x000001774f9d75f0 JavaThread "Service Thread" daemon [_thread_blocked, id=7748, stack(0x00000004b7800000,0x00000004b7900000)]
  0x000001774f9d7eb0 JavaThread "Monitor Deflation Thread" daemon [_thread_blocked, id=10072, stack(0x00000004b7900000,0x00000004b7a00000)]
  0x000001774f9dc260 JavaThread "C2 CompilerThread0" daemon [_thread_blocked, id=12004, stack(0x00000004b7a00000,0x00000004b7b00000)]
  0x000001774f9dcca0 JavaThread "C1 CompilerThread0" daemon [_thread_blocked, id=9476, stack(0x00000004b7b00000,0x00000004b7c00000)]
  0x000001774f9dd5a0 JavaThread "Sweeper thread" daemon [_thread_blocked, id=13152, stack(0x00000004b7c00000,0x00000004b7d00000)]
  0x000001774d2c10a0 JavaThread "Common-Cleaner" daemon [_thread_blocked, id=4304, stack(0x00000004b7d00000,0x00000004b7e00000)]
  0x000001774fcdaf00 JavaThread "Notification Thread" daemon [_thread_blocked, id=2892, stack(0x00000004b7f00000,0x00000004b8000000)]
  0x00000177504ec350 JavaThread "Active Thread: Equinox Container: 1a34c182-388f-4ae0-832d-05e275813f68" [_thread_blocked, id=7248, stack(0x00000004b8700000,0x00000004b8800000)]
  0x00000177504eabf0 JavaThread "Framework Event Dispatcher: Equinox Container: 1a34c182-388f-4ae0-832d-05e275813f68" daemon [_thread_blocked, id=6904, stack(0x00000004b7e00000,0x00000004b7f00000)]
  0x00000177504ebb20 JavaThread "Start Level: Equinox Container: 1a34c182-388f-4ae0-832d-05e275813f68" daemon [_thread_blocked, id=12816, stack(0x00000004b8100000,0x00000004b8200000)]
  0x0000017751045470 JavaThread "SCR Component Actor" daemon [_thread_blocked, id=14032, stack(0x00000004b8800000,0x00000004b8900000)]
  0x00000177512ae3d0 JavaThread "Bundle File Closer" daemon [_thread_blocked, id=26304, stack(0x00000004b8c00000,0x00000004b8d00000)]
  0x000001775153a550 JavaThread "Worker-JM" [_thread_blocked, id=24680, stack(0x00000004b8e00000,0x00000004b8f00000)]
  0x00000177515396e0 JavaThread "Java indexing" daemon [_thread_blocked, id=3156, stack(0x00000004b9300000,0x00000004b9400000)]
  0x0000017751538870 JavaThread "pool-1-thread-1" [_thread_in_native, id=16460, stack(0x00000004b9600000,0x00000004b9700000)]
  0x00000177558be390 JavaThread "ForkJoinPool.commonPool-worker-25" daemon [_thread_blocked, id=28236, stack(0x00000004b8b00000,0x00000004b8c00000)]
  0x00000177558b74e0 JavaThread "ForkJoinPool.commonPool-worker-27" daemon [_thread_blocked, id=28536, stack(0x00000004b9200000,0x00000004b9300000)]
  0x00000177558b91c0 JavaThread "ForkJoinPool.commonPool-worker-31" daemon [_thread_blocked, id=20532, stack(0x00000004b9500000,0x00000004b9600000)]
  0x00000177558ba9d0 JavaThread "Worker-16: Publish Diagnostics" [_thread_blocked, id=15500, stack(0x00000004b9900000,0x00000004b9a00000)]
  0x00000177558bb370 JavaThread "Worker-17" [_thread_blocked, id=13232, stack(0x00000004b9a00000,0x00000004b9b00000)]
  0x00000177558b9b60 JavaThread "ForkJoinPool.commonPool-worker-34" daemon [_thread_blocked, id=26984, stack(0x00000004b6e00000,0x00000004b6f00000)]
  0x00000177558b79b0 JavaThread "ForkJoinPool.commonPool-worker-35" daemon [_thread_blocked, id=8940, stack(0x00000004b6f00000,0x00000004b7000000)]
  0x00000177558bc6b0 JavaThread "ForkJoinPool.commonPool-worker-36" daemon [_thread_blocked, id=23568, stack(0x00000004b7000000,0x00000004b7100000)]
  0x00000177558bb840 JavaThread "ForkJoinPool.commonPool-worker-37" daemon [_thread_blocked, id=16368, stack(0x00000004b8d00000,0x00000004b8e00000)]
  0x000001775686c4d0 JavaThread "ForkJoinPool.commonPool-worker-38" daemon [_thread_blocked, id=6652, stack(0x00000004ba700000,0x00000004ba800000)]
  0x000001775686e1b0 JavaThread "ForkJoinPool.commonPool-worker-39" daemon [_thread_blocked, id=26276, stack(0x00000004b9000000,0x00000004b9100000)]
  0x0000017756870360 JavaThread "ForkJoinPool.commonPool-worker-40" daemon [_thread_blocked, id=27828, stack(0x00000004b9100000,0x00000004b9200000)]
  0x000001775686acc0 JavaThread "ForkJoinPool.commonPool-worker-41" daemon [_thread_blocked, id=27024, stack(0x00000004b9400000,0x00000004b9500000)]
  0x00000177568711d0 JavaThread "OkHttp ConnectionPool" daemon [_thread_blocked, id=1260, stack(0x00000004b9b00000,0x00000004b9c00000)]
  0x00000177568716a0 JavaThread "ForkJoinPool.commonPool-worker-42" daemon [_thread_blocked, id=25012, stack(0x00000004b9f00000,0x00000004ba000000)]
  0x0000017756870d00 JavaThread "Worker-19" [_thread_blocked, id=26744, stack(0x00000004b9e00000,0x00000004b9f00000)]
  0x000001775686eb50 JavaThread "OkHttp repo.maven.apache.org" [_thread_in_native, id=28500, stack(0x00000004b9700000,0x00000004b9800000)]
  0x0000017756870830 JavaThread "OkHttp repo.maven.apache.org Writer" [_thread_blocked, id=21744, stack(0x00000004b9c00000,0x00000004b9d00000)]
  0x000001775686bb30 JavaThread "Worker-20" [_thread_blocked, id=26580, stack(0x00000004ba000000,0x00000004ba100000)]

Other Threads:
  0x000001774d432210 VMThread "VM Thread" [stack: 0x00000004b7300000,0x00000004b7400000] [id=26228]
  0x000001774fc29cc0 WatcherThread [stack: 0x00000004b8000000,0x00000004b8100000] [id=14072]
  0x00000177395b85d0 GCTaskThread "GC Thread#0" [stack: 0x00000004b7200000,0x00000004b7300000] [id=24176]
  0x000001775035af70 GCTaskThread "GC Thread#1" [stack: 0x00000004b8200000,0x00000004b8300000] [id=7388]
  0x00000177512994a0 GCTaskThread "GC Thread#2" [stack: 0x00000004b8300000,0x00000004b8400000] [id=10656]
=>0x0000017751299750 GCTaskThread "GC Thread#3" [stack: 0x00000004b8400000,0x00000004b8500000] [id=26760]
  0x0000017751299a00 GCTaskThread "GC Thread#4" [stack: 0x00000004b8500000,0x00000004b8600000] [id=20248]
  0x0000017751299cb0 GCTaskThread "GC Thread#5" [stack: 0x00000004b8600000,0x00000004b8700000] [id=27008]
  0x000001775110a6e0 GCTaskThread "GC Thread#6" [stack: 0x00000004b8900000,0x00000004b8a00000] [id=23444]
  0x0000017751206850 GCTaskThread "GC Thread#7" [stack: 0x00000004b8a00000,0x00000004b8b00000] [id=13220]

Threads with active compile tasks:

VM state: at safepoint (normal execution)

VM Mutex/Monitor currently owned by a thread:  ([mutex/lock_event])
[0x00000177395a3430] Threads_lock - owner thread: 0x000001774d432210
[0x00000177395a4ab0] Heap_lock - owner thread: 0x00000177558ba9d0

Heap address: 0x00000000c0000000, size: 1024 MB, Compressed Oops mode: 32-bit

CDS archive(s) not mapped
Compressed class space mapped at: 0x0000000100000000-0x0000000140000000, reserved size: 1073741824
Narrow klass base: 0x0000000000000000, Narrow klass shift: 3, Narrow klass range: 0x140000000

GC Precious Log:
 CPUs: 8 total, 8 available
 Memory: 16317M
 Large Page Support: Disabled
 NUMA Support: Disabled
 Compressed Oops: Enabled (32-bit)
 Alignments: Space 512K, Generation 512K, Heap 2M
 Heap Min Capacity: 100M
 Heap Initial Capacity: 100M
 Heap Max Capacity: 1G
 Pre-touch: Disabled
 Parallel Workers: 8

Heap:
 PSYoungGen      total 3584K, used 218K [0x00000000eab00000, 0x00000000eb000000, 0x0000000100000000)
  eden space 3072K, 0% used [0x00000000eab00000,0x00000000eab00000,0x00000000eae00000)
  from space 512K, 42% used [0x00000000eaf80000,0x00000000eafb6900,0x00000000eb000000)
  to   space 512K, 0% used [0x00000000eaf00000,0x00000000eaf00000,0x00000000eaf80000)
 ParOldGen       total 156672K, used 156103K [0x00000000c0000000, 0x00000000c9900000, 0x00000000eab00000)
  object space 156672K, 99% used [0x00000000c0000000,0x00000000c9871f18,0x00000000c9900000)
 Metaspace       used 97923K, committed 99200K, reserved 1138688K
  class space    used 9397K, committed 9984K, reserved 1048576K

Card table byte_map: [0x0000017738f60000,0x0000017739170000] _byte_map_base: 0x0000017738960000

Marking Bits: (ParMarkBitMap*) 0x00007ffb28c52cc0
 Begin Bits: [0x000001774b240000, 0x000001774c240000)
 End Bits:   [0x000001774c240000, 0x000001774d240000)

Polling page: 0x0000017737330000

Metaspace:

Usage:
  Non-class:     86.45 MB used.
      Class:      9.18 MB used.
       Both:     95.63 MB used.

Virtual space:
  Non-class space:       88.00 MB reserved,      87.12 MB (>99%) committed,  11 nodes.
      Class space:        1.00 GB reserved,       9.75 MB ( <1%) committed,  1 nodes.
             Both:        1.09 GB reserved,      96.88 MB (  9%) committed. 

Chunk freelists:
   Non-Class:  883.00 KB
       Class:  2.09 MB
        Both:  2.96 MB

MaxMetaspaceSize: unlimited
CompressedClassSpaceSize: 1.00 GB
Initial GC threshold: 21.00 MB
Current GC threshold: 161.50 MB
CDS: off
MetaspaceReclaimPolicy: balanced
 - commit_granule_bytes: 65536.
 - commit_granule_words: 8192.
 - virtual_space_node_default_size: 1048576.
 - enlarge_chunks_in_place: 1.
 - new_chunks_are_fully_committed: 0.
 - uncommit_free_chunks: 1.
 - use_allocation_guard: 0.
 - handle_deallocations: 1.


Internal statistics:

num_allocs_failed_limit: 9.
num_arena_births: 1366.
num_arena_deaths: 502.
num_vsnodes_births: 12.
num_vsnodes_deaths: 0.
num_space_committed: 1550.
num_space_uncommitted: 0.
num_chunks_returned_to_freelist: 675.
num_chunks_taken_from_freelist: 5667.
num_chunk_merges: 205.
num_chunk_splits: 3261.
num_chunks_enlarged: 1877.
num_purges: 20.
num_inconsistent_stats: 0.

CodeHeap 'non-profiled nmethods': size=120000Kb used=35461Kb max_used=35737Kb free=84538Kb
 bounds [0x0000017743d10000, 0x0000017746020000, 0x000001774b240000]
CodeHeap 'profiled nmethods': size=120000Kb used=45073Kb max_used=45261Kb free=74926Kb
 bounds [0x000001773c7e0000, 0x000001773f460000, 0x0000017743d10000]
CodeHeap 'non-nmethods': size=5760Kb used=1453Kb max_used=1606Kb free=4306Kb
 bounds [0x000001773c240000, 0x000001773c4b0000, 0x000001773c7e0000]
 total_blobs=23345 nmethods=22537 adapters=713
 compilation: enabled
              stopped_count=0, restarted_count=0
 full_count=0

Compilation events (20 events):
Event: 7194.434 Thread 0x000001774f9dc260 36061       4       org.eclipse.jdt.internal.compiler.ast.ArrayReference::analyseCode (50 bytes)
Event: 7194.450 Thread 0x000001774f9dc260 nmethod 36061 0x0000017744e76f90 code [0x0000017744e772a0, 0x0000017744e78bb0]
Event: 7194.492 Thread 0x000001774f9dc260 36062       4       org.eclipse.jdt.internal.core.SourceMapper::enterMethod (6 bytes)
Event: 7194.492 Thread 0x000001774f9dc260 nmethod 36062 0x0000017745247690 code [0x0000017745247820, 0x00000177452478c8]
Event: 7196.876 Thread 0x000001774f9dc260 36063   !   4       org.eclipse.jdt.ls.core.internal.handlers.BaseDiagnosticsHandler::collectNonJavaProblems (221 bytes)
Event: 7196.895 Thread 0x000001774f9dc260 nmethod 36063 0x0000017744e73c10 code [0x0000017744e73f20, 0x0000017744e75658]
Event: 7198.548 Thread 0x000001774f9dcca0 36064       3       org.eclipse.jdt.ls.core.internal.corext.refactoring.code.IntroduceParameterRefactoring::guessParameterNames (70 bytes)
Event: 7198.548 Thread 0x000001774f9dcca0 nmethod 36064 0x000001773f024390 code [0x000001773f0245e0, 0x000001773f0250a8]
Event: 7224.699 Thread 0x000001774f9dcca0 36065       3       org.eclipse.jdt.internal.compiler.codegen.ConstantPool::literalIndexForType (183 bytes)
Event: 7224.699 Thread 0x000001774f9dcca0 nmethod 36065 0x000001773e7bed10 code [0x000001773e7bef60, 0x000001773e7bf868]
Event: 7224.699 Thread 0x000001774f9dcca0 36066       3       org.eclipse.jdt.internal.corext.dom.fragments.SimpleFragment::getStartPosition (8 bytes)
Event: 7224.700 Thread 0x000001774f9dcca0 nmethod 36066 0x000001773f076f90 code [0x000001773f077120, 0x000001773f077258]
Event: 7224.700 Thread 0x000001774f9dcca0 36067       3       org.eclipse.jdt.internal.corext.dom.fragments.SimpleFragment::getLength (8 bytes)
Event: 7224.700 Thread 0x000001774f9dcca0 nmethod 36067 0x000001773e42a310 code [0x000001773e42a4a0, 0x000001773e42a5d8]
Event: 7224.919 Thread 0x000001774f9dc260 36068       4       org.eclipse.jdt.internal.compiler.problem.ProblemReporter::potentiallyUnclosedCloseable (66 bytes)
Event: 7224.926 Thread 0x000001774f9dc260 nmethod 36068 0x0000017745eff510 code [0x0000017745eff700, 0x0000017745f00158]
Event: 7225.403 Thread 0x000001774f9dc260 36069       4       org.eclipse.jdt.internal.corext.util.JdtFlags::isInterfaceOrAnnotation (40 bytes)
Event: 7225.404 Thread 0x000001774f9dc260 nmethod 36069 0x0000017745ce6c10 code [0x0000017745ce6da0, 0x0000017745ce6e38]
Event: 7225.931 Thread 0x000001774f9dc260 36070       4       org.eclipse.jdt.internal.compiler.codegen.CodeStream::generateOuterAccess (203 bytes)
Event: 7225.932 Thread 0x000001774f9dc260 nmethod 36070 0x00000177455dc210 code [0x00000177455dc3c0, 0x00000177455dc5c8]

GC Heap History (20 events):
Event: 7238.208 GC heap after
{Heap after GC invocations=24876 (full 515):
 PSYoungGen      total 4096K, used 617K [0x00000000eab00000, 0x00000000eb000000, 0x0000000100000000)
  eden space 3072K, 0% used [0x00000000eab00000,0x00000000eab00000,0x00000000eae00000)
  from space 1024K, 60% used [0x00000000eae00000,0x00000000eae9a400,0x00000000eaf00000)
  to   space 1024K, 0% used [0x00000000eaf00000,0x00000000eaf00000,0x00000000eb000000)
 ParOldGen       total 156672K, used 148831K [0x00000000c0000000, 0x00000000c9900000, 0x00000000eab00000)
  object space 156672K, 94% used [0x00000000c0000000,0x00000000c9157e88,0x00000000c9900000)
 Metaspace       used 97923K, committed 99200K, reserved 1138688K
  class space    used 9397K, committed 9984K, reserved 1048576K
}
Event: 7238.213 GC heap before
{Heap before GC invocations=24877 (full 515):
 PSYoungGen      total 4096K, used 3689K [0x00000000eab00000, 0x00000000eb000000, 0x0000000100000000)
  eden space 3072K, 100% used [0x00000000eab00000,0x00000000eae00000,0x00000000eae00000)
  from space 1024K, 60% used [0x00000000eae00000,0x00000000eae9a400,0x00000000eaf00000)
  to   space 1024K, 0% used [0x00000000eaf00000,0x00000000eaf00000,0x00000000eb000000)
 ParOldGen       total 156672K, used 148831K [0x00000000c0000000, 0x00000000c9900000, 0x00000000eab00000)
  object space 156672K, 94% used [0x00000000c0000000,0x00000000c9157e88,0x00000000c9900000)
 Metaspace       used 97923K, committed 99200K, reserved 1138688K
  class space    used 9397K, committed 9984K, reserved 1048576K
}
Event: 7238.213 GC heap after
{Heap after GC invocations=24877 (full 515):
 PSYoungGen      total 4096K, used 864K [0x00000000eab00000, 0x00000000eb000000, 0x0000000100000000)
  eden space 3072K, 0% used [0x00000000eab00000,0x00000000eab00000,0x00000000eae00000)
  from space 1024K, 84% used [0x00000000eaf00000,0x00000000eafd8000,0x00000000eb000000)
  to   space 1024K, 0% used [0x00000000eae00000,0x00000000eae00000,0x00000000eaf00000)
 ParOldGen       total 156672K, used 149304K [0x00000000c0000000, 0x00000000c9900000, 0x00000000eab00000)
  object space 156672K, 95% used [0x00000000c0000000,0x00000000c91ce2a8,0x00000000c9900000)
 Metaspace       used 97923K, committed 99200K, reserved 1138688K
  class space    used 9397K, committed 9984K, reserved 1048576K
}
Event: 7238.218 GC heap before
{Heap before GC invocations=24878 (full 515):
 PSYoungGen      total 4096K, used 3936K [0x00000000eab00000, 0x00000000eb000000, 0x0000000100000000)
  eden space 3072K, 100% used [0x00000000eab00000,0x00000000eae00000,0x00000000eae00000)
  from space 1024K, 84% used [0x00000000eaf00000,0x00000000eafd8000,0x00000000eb000000)
  to   space 1024K, 0% used [0x00000000eae00000,0x00000000eae00000,0x00000000eaf00000)
 ParOldGen       total 156672K, used 149304K [0x00000000c0000000, 0x00000000c9900000, 0x00000000eab00000)
  object space 156672K, 95% used [0x00000000c0000000,0x00000000c91ce2a8,0x00000000c9900000)
 Metaspace       used 97923K, committed 99200K, reserved 1138688K
  class space    used 9397K, committed 9984K, reserved 1048576K
}
Event: 7238.219 GC heap after
{Heap after GC invocations=24878 (full 515):
 PSYoungGen      total 4096K, used 1001K [0x00000000eab00000, 0x00000000eb100000, 0x0000000100000000)
  eden space 3072K, 0% used [0x00000000eab00000,0x00000000eab00000,0x00000000eae00000)
  from space 1024K, 97% used [0x00000000eae00000,0x00000000eaefa400,0x00000000eaf00000)
  to   space 1536K, 0% used [0x00000000eaf80000,0x00000000eaf80000,0x00000000eb100000)
 ParOldGen       total 156672K, used 150130K [0x00000000c0000000, 0x00000000c9900000, 0x00000000eab00000)
  object space 156672K, 95% used [0x00000000c0000000,0x00000000c929ca38,0x00000000c9900000)
 Metaspace       used 97923K, committed 99200K, reserved 1138688K
  class space    used 9397K, committed 9984K, reserved 1048576K
}
Event: 7238.342 GC heap before
{Heap before GC invocations=24879 (full 515):
 PSYoungGen      total 4096K, used 4073K [0x00000000eab00000, 0x00000000eb100000, 0x0000000100000000)
  eden space 3072K, 100% used [0x00000000eab00000,0x00000000eae00000,0x00000000eae00000)
  from space 1024K, 97% used [0x00000000eae00000,0x00000000eaefa400,0x00000000eaf00000)
  to   space 1536K, 0% used [0x00000000eaf80000,0x00000000eaf80000,0x00000000eb100000)
 ParOldGen       total 156672K, used 150130K [0x00000000c0000000, 0x00000000c9900000, 0x00000000eab00000)
  object space 156672K, 95% used [0x00000000c0000000,0x00000000c929ca38,0x00000000c9900000)
 Metaspace       used 97923K, committed 99200K, reserved 1138688K
  class space    used 9397K, committed 9984K, reserved 1048576K
}
Event: 7238.343 GC heap after
{Heap after GC invocations=24879 (full 515):
 PSYoungGen      total 4096K, used 905K [0x00000000eab00000, 0x00000000eb080000, 0x0000000100000000)
  eden space 3072K, 0% used [0x00000000eab00000,0x00000000eab00000,0x00000000eae00000)
  from space 1024K, 88% used [0x00000000eaf80000,0x00000000eb062400,0x00000000eb080000)
  to   space 1024K, 0% used [0x00000000eae00000,0x00000000eae00000,0x00000000eaf00000)
 ParOldGen       total 156672K, used 151045K [0x00000000c0000000, 0x00000000c9900000, 0x00000000eab00000)
  object space 156672K, 96% used [0x00000000c0000000,0x00000000c93815a8,0x00000000c9900000)
 Metaspace       used 97923K, committed 99200K, reserved 1138688K
  class space    used 9397K, committed 9984K, reserved 1048576K
}
Event: 7238.348 GC heap before
{Heap before GC invocations=24880 (full 515):
 PSYoungGen      total 4096K, used 3977K [0x00000000eab00000, 0x00000000eb080000, 0x0000000100000000)
  eden space 3072K, 100% used [0x00000000eab00000,0x00000000eae00000,0x00000000eae00000)
  from space 1024K, 88% used [0x00000000eaf80000,0x00000000eb062400,0x00000000eb080000)
  to   space 1024K, 0% used [0x00000000eae00000,0x00000000eae00000,0x00000000eaf00000)
 ParOldGen       total 156672K, used 151045K [0x00000000c0000000, 0x00000000c9900000, 0x00000000eab00000)
  object space 156672K, 96% used [0x00000000c0000000,0x00000000c93815a8,0x00000000c9900000)
 Metaspace       used 97923K, committed 99200K, reserved 1138688K
  class space    used 9397K, committed 9984K, reserved 1048576K
}
Event: 7238.349 GC heap after
{Heap after GC invocations=24880 (full 515):
 PSYoungGen      total 4096K, used 896K [0x00000000eab00000, 0x00000000eb000000, 0x0000000100000000)
  eden space 3072K, 0% used [0x00000000eab00000,0x00000000eab00000,0x00000000eae00000)
  from space 1024K, 87% used [0x00000000eae00000,0x00000000eaee0000,0x00000000eaf00000)
  to   space 1024K, 0% used [0x00000000eaf00000,0x00000000eaf00000,0x00000000eb000000)
 ParOldGen       total 156672K, used 151856K [0x00000000c0000000, 0x00000000c9900000, 0x00000000eab00000)
  object space 156672K, 96% used [0x00000000c0000000,0x00000000c944c138,0x00000000c9900000)
 Metaspace       used 97923K, committed 99200K, reserved 1138688K
  class space    used 9397K, committed 9984K, reserved 1048576K
}
Event: 7238.599 GC heap before
{Heap before GC invocations=24881 (full 515):
 PSYoungGen      total 4096K, used 3967K [0x00000000eab00000, 0x00000000eb000000, 0x0000000100000000)
  eden space 3072K, 99% used [0x00000000eab00000,0x00000000eadfffe8,0x00000000eae00000)
  from space 1024K, 87% used [0x00000000eae00000,0x00000000eaee0000,0x00000000eaf00000)
  to   space 1024K, 0% used [0x00000000eaf00000,0x00000000eaf00000,0x00000000eb000000)
 ParOldGen       total 156672K, used 151856K [0x00000000c0000000, 0x00000000c9900000, 0x00000000eab00000)
  object space 156672K, 96% used [0x00000000c0000000,0x00000000c944c138,0x00000000c9900000)
 Metaspace       used 97923K, committed 99200K, reserved 1138688K
  class space    used 9397K, committed 9984K, reserved 1048576K
}
Event: 7238.600 GC heap after
{Heap after GC invocations=24881 (full 515):
 PSYoungGen      total 4096K, used 825K [0x00000000eab00000, 0x00000000eb000000, 0x0000000100000000)
  eden space 3072K, 0% used [0x00000000eab00000,0x00000000eab00000,0x00000000eae00000)
  from space 1024K, 80% used [0x00000000eaf00000,0x00000000eafce410,0x00000000eb000000)
  to   space 1024K, 0% used [0x00000000eae00000,0x00000000eae00000,0x00000000eaf00000)
 ParOldGen       total 156672K, used 152654K [0x00000000c0000000, 0x00000000c9900000, 0x00000000eab00000)
  object space 156672K, 97% used [0x00000000c0000000,0x00000000c95138b8,0x00000000c9900000)
 Metaspace       used 97923K, committed 99200K, reserved 1138688K
  class space    used 9397K, committed 9984K, reserved 1048576K
}
Event: 7238.604 GC heap before
{Heap before GC invocations=24882 (full 515):
 PSYoungGen      total 4096K, used 3897K [0x00000000eab00000, 0x00000000eb000000, 0x0000000100000000)
  eden space 3072K, 100% used [0x00000000eab00000,0x00000000eae00000,0x00000000eae00000)
  from space 1024K, 80% used [0x00000000eaf00000,0x00000000eafce410,0x00000000eb000000)
  to   space 1024K, 0% used [0x00000000eae00000,0x00000000eae00000,0x00000000eaf00000)
 ParOldGen       total 156672K, used 152654K [0x00000000c0000000, 0x00000000c9900000, 0x00000000eab00000)
  object space 156672K, 97% used [0x00000000c0000000,0x00000000c95138b8,0x00000000c9900000)
 Metaspace       used 97923K, committed 99200K, reserved 1138688K
  class space    used 9397K, committed 9984K, reserved 1048576K
}
Event: 7238.605 GC heap after
{Heap after GC invocations=24882 (full 515):
 PSYoungGen      total 4096K, used 1018K [0x00000000eab00000, 0x00000000eb200000, 0x0000000100000000)
  eden space 3072K, 0% used [0x00000000eab00000,0x00000000eab00000,0x00000000eae00000)
  from space 1024K, 99% used [0x00000000eae00000,0x00000000eaefe900,0x00000000eaf00000)
  to   space 2048K, 0% used [0x00000000eb000000,0x00000000eb000000,0x00000000eb200000)
 ParOldGen       total 156672K, used 153356K [0x00000000c0000000, 0x00000000c9900000, 0x00000000eab00000)
  object space 156672K, 97% used [0x00000000c0000000,0x00000000c95c3090,0x00000000c9900000)
 Metaspace       used 97923K, committed 99200K, reserved 1138688K
  class space    used 9397K, committed 9984K, reserved 1048576K
}
Event: 7238.610 GC heap before
{Heap before GC invocations=24883 (full 515):
 PSYoungGen      total 4096K, used 4090K [0x00000000eab00000, 0x00000000eb200000, 0x0000000100000000)
  eden space 3072K, 100% used [0x00000000eab00000,0x00000000eae00000,0x00000000eae00000)
  from space 1024K, 99% used [0x00000000eae00000,0x00000000eaefe900,0x00000000eaf00000)
  to   space 2048K, 0% used [0x00000000eb000000,0x00000000eb000000,0x00000000eb200000)
 ParOldGen       total 156672K, used 153356K [0x00000000c0000000, 0x00000000c9900000, 0x00000000eab00000)
  object space 156672K, 97% used [0x00000000c0000000,0x00000000c95c3090,0x00000000c9900000)
 Metaspace       used 97923K, committed 99200K, reserved 1138688K
  class space    used 9397K, committed 9984K, reserved 1048576K
}
Event: 7238.611 GC heap after
{Heap after GC invocations=24883 (full 515):
 PSYoungGen      total 4096K, used 986K [0x00000000eab00000, 0x00000000eb100000, 0x0000000100000000)
  eden space 3072K, 0% used [0x00000000eab00000,0x00000000eab00000,0x00000000eae00000)
  from space 1024K, 96% used [0x00000000eb000000,0x00000000eb0f6900,0x00000000eb100000)
  to   space 1536K, 0% used [0x00000000eae00000,0x00000000eae00000,0x00000000eaf80000)
 ParOldGen       total 156672K, used 154354K [0x00000000c0000000, 0x00000000c9900000, 0x00000000eab00000)
  object space 156672K, 98% used [0x00000000c0000000,0x00000000c96bca40,0x00000000c9900000)
 Metaspace       used 97923K, committed 99200K, reserved 1138688K
  class space    used 9397K, committed 9984K, reserved 1048576K
}
Event: 7238.615 GC heap before
{Heap before GC invocations=24884 (full 515):
 PSYoungGen      total 4096K, used 4058K [0x00000000eab00000, 0x00000000eb100000, 0x0000000100000000)
  eden space 3072K, 100% used [0x00000000eab00000,0x00000000eae00000,0x00000000eae00000)
  from space 1024K, 96% used [0x00000000eb000000,0x00000000eb0f6900,0x00000000eb100000)
  to   space 1536K, 0% used [0x00000000eae00000,0x00000000eae00000,0x00000000eaf80000)
 ParOldGen       total 156672K, used 154354K [0x00000000c0000000, 0x00000000c9900000, 0x00000000eab00000)
  object space 156672K, 98% used [0x00000000c0000000,0x00000000c96bca40,0x00000000c9900000)
 Metaspace       used 97923K, committed 99200K, reserved 1138688K
  class space    used 9397K, committed 9984K, reserved 1048576K
}
Event: 7238.616 GC heap after
{Heap after GC invocations=24884 (full 515):
 PSYoungGen      total 4608K, used 960K [0x00000000eab00000, 0x00000000eb080000, 0x0000000100000000)
  eden space 3072K, 0% used [0x00000000eab00000,0x00000000eab00000,0x00000000eae00000)
  from space 1536K, 62% used [0x00000000eae00000,0x00000000eaef0000,0x00000000eaf80000)
  to   space 1024K, 0% used [0x00000000eaf80000,0x00000000eaf80000,0x00000000eb080000)
 ParOldGen       total 156672K, used 155249K [0x00000000c0000000, 0x00000000c9900000, 0x00000000eab00000)
  object space 156672K, 99% used [0x00000000c0000000,0x00000000c979c798,0x00000000c9900000)
 Metaspace       used 97923K, committed 99200K, reserved 1138688K
  class space    used 9397K, committed 9984K, reserved 1048576K
}
Event: 7238.620 GC heap before
{Heap before GC invocations=24885 (full 515):
 PSYoungGen      total 4608K, used 4032K [0x00000000eab00000, 0x00000000eb080000, 0x0000000100000000)
  eden space 3072K, 100% used [0x00000000eab00000,0x00000000eae00000,0x00000000eae00000)
  from space 1536K, 62% used [0x00000000eae00000,0x00000000eaef0000,0x00000000eaf80000)
  to   space 1024K, 0% used [0x00000000eaf80000,0x00000000eaf80000,0x00000000eb080000)
 ParOldGen       total 156672K, used 155249K [0x00000000c0000000, 0x00000000c9900000, 0x00000000eab00000)
  object space 156672K, 99% used [0x00000000c0000000,0x00000000c979c798,0x00000000c9900000)
 Metaspace       used 97923K, committed 99200K, reserved 1138688K
  class space    used 9397K, committed 9984K, reserved 1048576K
}
Event: 7238.621 GC heap after
{Heap after GC invocations=24885 (full 515):
 PSYoungGen      total 3584K, used 218K [0x00000000eab00000, 0x00000000eb000000, 0x0000000100000000)
  eden space 3072K, 0% used [0x00000000eab00000,0x00000000eab00000,0x00000000eae00000)
  from space 512K, 42% used [0x00000000eaf80000,0x00000000eafb6900,0x00000000eb000000)
  to   space 512K, 0% used [0x00000000eaf00000,0x00000000eaf00000,0x00000000eaf80000)
 ParOldGen       total 156672K, used 156103K [0x00000000c0000000, 0x00000000c9900000, 0x00000000eab00000)
  object space 156672K, 99% used [0x00000000c0000000,0x00000000c9871f18,0x00000000c9900000)
 Metaspace       used 97923K, committed 99200K, reserved 1138688K
  class space    used 9397K, committed 9984K, reserved 1048576K
}
Event: 7238.621 GC heap before
{Heap before GC invocations=24886 (full 516):
 PSYoungGen      total 3584K, used 218K [0x00000000eab00000, 0x00000000eb000000, 0x0000000100000000)
  eden space 3072K, 0% used [0x00000000eab00000,0x00000000eab00000,0x00000000eae00000)
  from space 512K, 42% used [0x00000000eaf80000,0x00000000eafb6900,0x00000000eb000000)
  to   space 512K, 0% used [0x00000000eaf00000,0x00000000eaf00000,0x00000000eaf80000)
 ParOldGen       total 156672K, used 156103K [0x00000000c0000000, 0x00000000c9900000, 0x00000000eab00000)
  object space 156672K, 99% used [0x00000000c0000000,0x00000000c9871f18,0x00000000c9900000)
 Metaspace       used 97923K, committed 99200K, reserved 1138688K
  class space    used 9397K, committed 9984K, reserved 1048576K
}

Deoptimization events (20 events):
Event: 7155.072 Thread 0x00000177558ba9d0 DEOPT PACKING pc=0x000001774481ffe8 sp=0x00000004b99febd0
Event: 7155.072 Thread 0x00000177558ba9d0 DEOPT UNPACKING pc=0x000001773c2920a3 sp=0x00000004b99feb78 mode 2
Event: 7155.075 Thread 0x00000177558ba9d0 DEOPT PACKING pc=0x000001773cdad969 sp=0x00000004b99fee60
Event: 7155.075 Thread 0x00000177558ba9d0 DEOPT UNPACKING pc=0x000001773c292843 sp=0x00000004b99fe310 mode 0
Event: 7155.075 Thread 0x00000177558ba9d0 DEOPT PACKING pc=0x000001773e3d2751 sp=0x00000004b99fef70
Event: 7155.075 Thread 0x00000177558ba9d0 DEOPT UNPACKING pc=0x000001773c292843 sp=0x00000004b99fe448 mode 0
Event: 7165.225 Thread 0x000001775686e1b0 DEOPT PACKING pc=0x000001773d450a41 sp=0x00000004b90fe6c0
Event: 7165.225 Thread 0x000001775686e1b0 DEOPT UNPACKING pc=0x000001773c292843 sp=0x00000004b90fdb38 mode 0
Event: 7165.931 Thread 0x00000177558ba9d0 DEOPT PACKING pc=0x000001773dcebe2e sp=0x00000004b99feca0
Event: 7165.931 Thread 0x00000177558ba9d0 DEOPT UNPACKING pc=0x000001773c292843 sp=0x00000004b99fe160 mode 0
Event: 7166.276 Thread 0x00000177558bb370 DEOPT PACKING pc=0x000001773e155fff sp=0x00000004b9afdc80
Event: 7166.276 Thread 0x00000177558bb370 DEOPT UNPACKING pc=0x000001773c292843 sp=0x00000004b9afd1e0 mode 0
Event: 7194.491 Thread 0x00000177558bb840 Uncommon trap: trap_request=0xffffffcc fr.pc=0x00000177459623b4 relative=0x0000000000001394
Event: 7194.491 Thread 0x00000177558bb840 Uncommon trap: reason=intrinsic_or_type_checked_inlining action=make_not_entrant pc=0x00000177459623b4 method=org.eclipse.jdt.internal.compiler.parser.Parser.getTypeReferenceForGenericType(III)Lorg/eclipse/jdt/internal/compiler/ast/TypeReference; @ 236 c2
Event: 7194.491 Thread 0x00000177558bb840 DEOPT PACKING pc=0x00000177459623b4 sp=0x00000004b8dfe600
Event: 7194.491 Thread 0x00000177558bb840 DEOPT UNPACKING pc=0x000001773c2920a3 sp=0x00000004b8dfe5b8 mode 2
Event: 7224.563 Thread 0x00000177558b9b60 Uncommon trap: trap_request=0xffffff45 fr.pc=0x0000017744956ce8 relative=0x0000000000000908
Event: 7224.563 Thread 0x00000177558b9b60 Uncommon trap: reason=unstable_if action=reinterpret pc=0x0000017744956ce8 method=org.eclipse.jdt.internal.compiler.codegen.ConstantPool.literalIndexForType([C)I @ 130 c2
Event: 7224.563 Thread 0x00000177558b9b60 DEOPT PACKING pc=0x0000017744956ce8 sp=0x00000004b6efe800
Event: 7224.563 Thread 0x00000177558b9b60 DEOPT UNPACKING pc=0x000001773c2920a3 sp=0x00000004b6efe7a8 mode 2

Classes unloaded (20 events):
Event: 6787.991 Thread 0x000001774d432210 Unloading class 0x0000000100284c00 'jdk/internal/reflect/GeneratedSerializationConstructorAccessor54'
Event: 6787.991 Thread 0x000001774d432210 Unloading class 0x000000010028dc00 'jdk/internal/reflect/GeneratedSerializationConstructorAccessor53'
Event: 6787.991 Thread 0x000001774d432210 Unloading class 0x000000010028fc00 'jdk/internal/reflect/GeneratedSerializationConstructorAccessor52'
Event: 6787.991 Thread 0x000001774d432210 Unloading class 0x0000000100290000 'jdk/internal/reflect/GeneratedSerializationConstructorAccessor51'
Event: 6787.991 Thread 0x000001774d432210 Unloading class 0x0000000100290c00 'jdk/internal/reflect/GeneratedSerializationConstructorAccessor50'
Event: 6787.991 Thread 0x000001774d432210 Unloading class 0x0000000100292c00 'jdk/internal/reflect/GeneratedMethodAccessor90'
Event: 6787.991 Thread 0x000001774d432210 Unloading class 0x0000000100296000 'jdk/internal/reflect/GeneratedMethodAccessor89'
Event: 6787.991 Thread 0x000001774d432210 Unloading class 0x000000010029a800 'jdk/internal/reflect/GeneratedSerializationConstructorAccessor49'
Event: 6787.991 Thread 0x000001774d432210 Unloading class 0x0000000100698400 'jdk/internal/reflect/GeneratedSerializationConstructorAccessor48'
Event: 6787.991 Thread 0x000001774d432210 Unloading class 0x00000001006c4800 'jdk/internal/reflect/GeneratedSerializationConstructorAccessor47'
Event: 6787.991 Thread 0x000001774d432210 Unloading class 0x0000000100762400 'jdk/internal/reflect/GeneratedSerializationConstructorAccessor46'
Event: 6787.991 Thread 0x000001774d432210 Unloading class 0x000000010084c400 'jdk/internal/reflect/GeneratedSerializationConstructorAccessor45'
Event: 6787.991 Thread 0x000001774d432210 Unloading class 0x0000000100866000 'jdk/internal/reflect/GeneratedSerializationConstructorAccessor44'
Event: 6787.991 Thread 0x000001774d432210 Unloading class 0x0000000100874400 'jdk/internal/reflect/GeneratedSerializationConstructorAccessor43'
Event: 6787.991 Thread 0x000001774d432210 Unloading class 0x0000000100875800 'jdk/internal/reflect/GeneratedSerializationConstructorAccessor42'
Event: 6787.991 Thread 0x000001774d432210 Unloading class 0x0000000100899400 'jdk/internal/reflect/GeneratedSerializationConstructorAccessor41'
Event: 6787.991 Thread 0x000001774d432210 Unloading class 0x0000000100899c00 'jdk/internal/reflect/GeneratedSerializationConstructorAccessor40'
Event: 6787.991 Thread 0x000001774d432210 Unloading class 0x000000010089ac00 'jdk/internal/reflect/GeneratedSerializationConstructorAccessor39'
Event: 6787.991 Thread 0x000001774d432210 Unloading class 0x00000001008bc000 'jdk/internal/reflect/GeneratedSerializationConstructorAccessor38'
Event: 6787.991 Thread 0x000001774d432210 Unloading class 0x0000000100298c00 'jdk/internal/reflect/GeneratedSerializationConstructorAccessor37'

Classes redefined (0 events):
No events

Internal exceptions (20 events):
Event: 6865.452 Thread 0x00000177515396e0 Exception <a 'sun/nio/fs/WindowsException'{0x00000000eaca7ac0}> (0x00000000eaca7ac0) 
thrown [s\src\hotspot\share\prims\jni.cpp, line 516]
Event: 6945.391 Thread 0x00000177558bc6b0 Implicit null exception at 0x00000177440ee4d5 to 0x00000177440ef060
Event: 6969.876 Thread 0x00000177515396e0 Exception <a 'sun/nio/fs/WindowsException'{0x00000000eacab3a8}> (0x00000000eacab3a8) 
thrown [s\src\hotspot\share\prims\jni.cpp, line 516]
Event: 6970.302 Thread 0x00000177515396e0 Exception <a 'sun/nio/fs/WindowsException'{0x00000000eac3c2a8}> (0x00000000eac3c2a8) 
thrown [s\src\hotspot\share\prims\jni.cpp, line 516]
Event: 6994.364 Thread 0x000001775686c4d0 Implicit null exception at 0x0000017745f810e3 to 0x0000017745f82c04
Event: 7035.312 Thread 0x00000177515396e0 Exception <a 'sun/nio/fs/WindowsException'{0x00000000eacafee0}> (0x00000000eacafee0) 
thrown [s\src\hotspot\share\prims\jni.cpp, line 516]
Event: 7035.684 Thread 0x00000177515396e0 Exception <a 'sun/nio/fs/WindowsException'{0x00000000eaff4380}> (0x00000000eaff4380) 
thrown [s\src\hotspot\share\prims\jni.cpp, line 516]
Event: 7068.267 Thread 0x000001775686c4d0 Implicit null exception at 0x0000017745e783e9 to 0x0000017745e79554
Event: 7082.506 Thread 0x00000177515396e0 Exception <a 'sun/nio/fs/WindowsException'{0x00000000eab298a8}> (0x00000000eab298a8) 
thrown [s\src\hotspot\share\prims\jni.cpp, line 516]
Event: 7082.873 Thread 0x00000177515396e0 Exception <a 'sun/nio/fs/WindowsException'{0x00000000eaca7e00}> (0x00000000eaca7e00) 
thrown [s\src\hotspot\share\prims\jni.cpp, line 516]
Event: 7105.624 Thread 0x00000177515396e0 Exception <a 'sun/nio/fs/WindowsException'{0x00000000eab7ec00}> (0x00000000eab7ec00) 
thrown [s\src\hotspot\share\prims\jni.cpp, line 516]
Event: 7106.054 Thread 0x00000177515396e0 Exception <a 'sun/nio/fs/WindowsException'{0x00000000eade2d48}> (0x00000000eade2d48) 
thrown [s\src\hotspot\share\prims\jni.cpp, line 516]
Event: 7154.722 Thread 0x000001775686c9a0 Exception <a 'java/io/IOException'{0x00000000eac8b498}> (0x00000000eac8b498) 
thrown [s\src\hotspot\share\prims\jni.cpp, line 516]
Event: 7165.185 Thread 0x000001775686c4d0 Exception <a 'java/io/FileNotFoundException'{0x00000000eac34598}> (0x00000000eac34598) 
thrown [s\src\hotspot\share\prims\jni.cpp, line 516]
Event: 7165.185 Thread 0x000001775686c4d0 Exception <a 'java/io/FileNotFoundException'{0x00000000eac36a68}> (0x00000000eac36a68) 
thrown [s\src\hotspot\share\prims\jni.cpp, line 516]
Event: 7165.187 Thread 0x00000177558ba9d0 Exception <a 'java/io/FileNotFoundException'{0x00000000eac6db18}> (0x00000000eac6db18) 
thrown [s\src\hotspot\share\prims\jni.cpp, line 516]
Event: 7165.187 Thread 0x00000177558ba9d0 Exception <a 'java/io/FileNotFoundException'{0x00000000eac6ffe8}> (0x00000000eac6ffe8) 
thrown [s\src\hotspot\share\prims\jni.cpp, line 516]
Event: 7165.321 Thread 0x00000177558ba9d0 Exception <a 'java/io/FileNotFoundException'{0x00000000eae4dd68}> (0x00000000eae4dd68) 
thrown [s\src\hotspot\share\prims\jni.cpp, line 516]
Event: 7165.403 Thread 0x00000177515396e0 Exception <a 'sun/nio/fs/WindowsException'{0x00000000eac0a698}> (0x00000000eac0a698) 
thrown [s\src\hotspot\share\prims\jni.cpp, line 516]
Event: 7165.798 Thread 0x00000177515396e0 Exception <a 'sun/nio/fs/WindowsException'{0x00000000eac64c00}> (0x00000000eac64c00) 
thrown [s\src\hotspot\share\prims\jni.cpp, line 516]

VM Operations (20 events):
Event: 7225.933 Executing VM operation: ParallelGCFailedAllocation done
Event: 7238.207 Executing VM operation: ParallelGCFailedAllocation
Event: 7238.208 Executing VM operation: ParallelGCFailedAllocation done
Event: 7238.213 Executing VM operation: ParallelGCFailedAllocation
Event: 7238.214 Executing VM operation: ParallelGCFailedAllocation done
Event: 7238.218 Executing VM operation: ParallelGCFailedAllocation
Event: 7238.219 Executing VM operation: ParallelGCFailedAllocation done
Event: 7238.342 Executing VM operation: ParallelGCFailedAllocation
Event: 7238.343 Executing VM operation: ParallelGCFailedAllocation done
Event: 7238.348 Executing VM operation: ParallelGCFailedAllocation
Event: 7238.349 Executing VM operation: ParallelGCFailedAllocation done
Event: 7238.599 Executing VM operation: ParallelGCFailedAllocation
Event: 7238.600 Executing VM operation: ParallelGCFailedAllocation done
Event: 7238.604 Executing VM operation: ParallelGCFailedAllocation
Event: 7238.605 Executing VM operation: ParallelGCFailedAllocation done
Event: 7238.610 Executing VM operation: ParallelGCFailedAllocation
Event: 7238.611 Executing VM operation: ParallelGCFailedAllocation done
Event: 7238.615 Executing VM operation: ParallelGCFailedAllocation
Event: 7238.616 Executing VM operation: ParallelGCFailedAllocation done
Event: 7238.620 Executing VM operation: ParallelGCFailedAllocation

Events (20 events):
Event: 7155.073 Thread 0x000001775686c9a0 Thread added: 0x000001775686c9a0
Event: 7155.073 Thread 0x000001775686c9a0 Thread exited: 0x000001775686c9a0
Event: 7155.073 Thread 0x0000017756870830 Thread exited: 0x0000017756870830
Event: 7155.073 Thread 0x0000017756871b70 Thread exited: 0x0000017756871b70
Event: 7165.186 Thread 0x00000177558be860 Thread exited: 0x00000177558be860
Event: 7165.238 Thread 0x000001775686eb50 Thread added: 0x000001775686eb50
Event: 7165.238 Thread 0x0000017756871b70 Thread added: 0x0000017756871b70
Event: 7165.262 Thread 0x0000017756870830 Thread added: 0x0000017756870830
Event: 7165.262 Thread 0x0000017756872040 Thread added: 0x0000017756872040
Event: 7166.263 Thread 0x000001775686bb30 Thread added: 0x000001775686bb30
Event: 7166.271 Thread 0x000001775686bb30 Thread exited: 0x000001775686bb30
Event: 7166.303 Thread 0x000001775686bb30 Thread added: 0x000001775686bb30
Event: 7194.485 Thread 0x000001775686c000 Thread added: 0x000001775686c000
Event: 7194.485 Thread 0x000001775686c000 Thread exited: 0x000001775686c000
Event: 7194.496 Thread 0x000001775686c000 Thread added: 0x000001775686c000
Event: 7194.496 Thread 0x000001775686c000 Thread exited: 0x000001775686c000
Event: 7194.498 Thread 0x000001775686c000 Thread added: 0x000001775686c000
Event: 7194.498 Thread 0x000001775686c000 Thread exited: 0x000001775686c000
Event: 7225.264 Thread 0x0000017756872040 Thread exited: 0x0000017756872040
Event: 7225.422 Thread 0x0000017756871b70 Thread exited: 0x0000017756871b70


Dynamic libraries:
0x00007ff7c9fc0000 - 0x00007ff7c9fce000 	c:\Users\Kenny\.vscode\extensions\redhat.java-1.11.0-win32-x64\jre\17.0.4.1-win32-x86_64\bin\java.exe
0x00007ffb73490000 - 0x00007ffb73688000 	C:\WINDOWS\SYSTEM32\ntdll.dll
0x00007ffb72930000 - 0x00007ffb729ed000 	C:\WINDOWS\System32\KERNEL32.DLL
0x00007ffb70f00000 - 0x00007ffb711d2000 	C:\WINDOWS\System32\KERNELBASE.dll
0x00007ffb70e00000 - 0x00007ffb70f00000 	C:\WINDOWS\System32\ucrtbase.dll
0x00007ffb65740000 - 0x00007ffb65759000 	c:\Users\Kenny\.vscode\extensions\redhat.java-1.11.0-win32-x64\jre\17.0.4.1-win32-x86_64\bin\VCRUNTIME140.dll
0x00007ffb65720000 - 0x00007ffb65738000 	c:\Users\Kenny\.vscode\extensions\redhat.java-1.11.0-win32-x64\jre\17.0.4.1-win32-x86_64\bin\jli.dll
0x00007ffb72f60000 - 0x00007ffb730fd000 	C:\WINDOWS\System32\USER32.dll
0x00007ffb70d00000 - 0x00007ffb70d22000 	C:\WINDOWS\System32\win32u.dll
0x00007ffb5f440000 - 0x00007ffb5f6da000 	C:\WINDOWS\WinSxS\amd64_microsoft.windows.common-controls_6595b64144ccf1df_6.0.19041.1110_none_60b5254171f9507e\COMCTL32.dll
0x00007ffb73300000 - 0x00007ffb7332b000 	C:\WINDOWS\System32\GDI32.dll
0x00007ffb711e0000 - 0x00007ffb712ef000 	C:\WINDOWS\System32\gdi32full.dll
0x00007ffb729f0000 - 0x00007ffb72a8e000 	C:\WINDOWS\System32\msvcrt.dll
0x00007ffb70d30000 - 0x00007ffb70dcd000 	C:\WINDOWS\System32\msvcp_win.dll
0x00007ffb72060000 - 0x00007ffb72090000 	C:\WINDOWS\System32\IMM32.DLL
0x00007ffb6c990000 - 0x00007ffb6c99c000 	c:\Users\Kenny\.vscode\extensions\redhat.java-1.11.0-win32-x64\jre\17.0.4.1-win32-x86_64\bin\vcruntime140_1.dll
0x00007ffb472e0000 - 0x00007ffb47371000 	c:\Users\Kenny\.vscode\extensions\redhat.java-1.11.0-win32-x64\jre\17.0.4.1-win32-x86_64\bin\msvcp140.dll
0x00007ffb280d0000 - 0x00007ffb28d16000 	c:\Users\Kenny\.vscode\extensions\redhat.java-1.11.0-win32-x64\jre\17.0.4.1-win32-x86_64\bin\server\jvm.dll
0x00007ffb72480000 - 0x00007ffb7252e000 	C:\WINDOWS\System32\ADVAPI32.dll
0x00007ffb72540000 - 0x00007ffb725dc000 	C:\WINDOWS\System32\sechost.dll
0x00007ffb73170000 - 0x00007ffb73295000 	C:\WINDOWS\System32\RPCRT4.dll
0x00007ffb72110000 - 0x00007ffb72118000 	C:\WINDOWS\System32\PSAPI.DLL
0x00007ffb61300000 - 0x00007ffb61309000 	C:\WINDOWS\SYSTEM32\WSOCK32.dll
0x00007ffb73100000 - 0x00007ffb7316b000 	C:\WINDOWS\System32\WS2_32.dll
0x00007ffb58900000 - 0x00007ffb58927000 	C:\WINDOWS\SYSTEM32\WINMM.dll
0x00007ffb6abe0000 - 0x00007ffb6abea000 	C:\WINDOWS\SYSTEM32\VERSION.dll
0x00007ffb6e9a0000 - 0x00007ffb6e9b2000 	C:\WINDOWS\SYSTEM32\kernel.appcore.dll
0x00007ffb65660000 - 0x00007ffb6566a000 	c:\Users\Kenny\.vscode\extensions\redhat.java-1.11.0-win32-x64\jre\17.0.4.1-win32-x86_64\bin\jimage.dll
0x00007ffb62d00000 - 0x00007ffb62ee4000 	C:\WINDOWS\SYSTEM32\DBGHELP.DLL
0x00007ffb5fed0000 - 0x00007ffb5fefc000 	C:\WINDOWS\SYSTEM32\dbgcore.DLL
0x00007ffb713f0000 - 0x00007ffb71472000 	C:\WINDOWS\System32\bcryptPrimitives.dll
0x00007ffb65650000 - 0x00007ffb6565e000 	c:\Users\Kenny\.vscode\extensions\redhat.java-1.11.0-win32-x64\jre\17.0.4.1-win32-x86_64\bin\instrument.dll
0x00007ffb49f30000 - 0x00007ffb49f55000 	c:\Users\Kenny\.vscode\extensions\redhat.java-1.11.0-win32-x64\jre\17.0.4.1-win32-x86_64\bin\java.dll
0x00007ffb647d0000 - 0x00007ffb647e8000 	c:\Users\Kenny\.vscode\extensions\redhat.java-1.11.0-win32-x64\jre\17.0.4.1-win32-x86_64\bin\zip.dll
0x00007ffb71910000 - 0x00007ffb72053000 	C:\WINDOWS\System32\SHELL32.dll
0x00007ffb6ec80000 - 0x00007ffb6f411000 	C:\WINDOWS\SYSTEM32\windows.storage.dll
0x00007ffb72120000 - 0x00007ffb72474000 	C:\WINDOWS\System32\combase.dll
0x00007ffb70600000 - 0x00007ffb70630000 	C:\WINDOWS\SYSTEM32\Wldp.dll
0x00007ffb716a0000 - 0x00007ffb7174d000 	C:\WINDOWS\System32\SHCORE.dll
0x00007ffb728d0000 - 0x00007ffb72925000 	C:\WINDOWS\System32\shlwapi.dll
0x00007ffb70ae0000 - 0x00007ffb70aff000 	C:\WINDOWS\SYSTEM32\profapi.dll
0x00007ffb61160000 - 0x00007ffb61179000 	C:\Users\Kenny\.vscode\extensions\redhat.java-1.11.0-win32-x64\jre\17.0.4.1-win32-x86_64\bin\net.dll
0x00007ffb66cb0000 - 0x00007ffb66dbd000 	C:\WINDOWS\SYSTEM32\WINHTTP.dll
0x00007ffb70360000 - 0x00007ffb703ca000 	C:\WINDOWS\system32\mswsock.dll
0x00007ffb60ce0000 - 0x00007ffb60cf5000 	C:\Users\Kenny\.vscode\extensions\redhat.java-1.11.0-win32-x64\jre\17.0.4.1-win32-x86_64\bin\nio.dll
0x00007ffb65640000 - 0x00007ffb65650000 	c:\Users\Kenny\.vscode\extensions\redhat.java-1.11.0-win32-x64\jre\17.0.4.1-win32-x86_64\bin\verify.dll
0x00007ffb3d730000 - 0x00007ffb3d76e000 	C:\Users\Kenny\AppData\Roaming\Code\User\globalStorage\redhat.java\1.11.0\config_win\org.eclipse.equinox.launcher\org.eclipse.equinox.launcher.win32.win32.x86_64_1.2.600.v20220720-1916\eclipse_11700.dll
0x00007ffb71750000 - 0x00007ffb7187a000 	C:\WINDOWS\System32\ole32.dll
0x00007ffb70560000 - 0x00007ffb70578000 	C:\WINDOWS\SYSTEM32\CRYPTSP.dll
0x00007ffb6fc10000 - 0x00007ffb6fc44000 	C:\WINDOWS\system32\rsaenh.dll
0x00007ffb70dd0000 - 0x00007ffb70df7000 	C:\WINDOWS\System32\bcrypt.dll
0x00007ffb70aa0000 - 0x00007ffb70ace000 	C:\WINDOWS\SYSTEM32\USERENV.dll
0x00007ffb70550000 - 0x00007ffb7055c000 	C:\WINDOWS\SYSTEM32\CRYPTBASE.dll
0x00007ffb70000000 - 0x00007ffb7003b000 	C:\WINDOWS\SYSTEM32\IPHLPAPI.DLL
0x00007ffb72530000 - 0x00007ffb72538000 	C:\WINDOWS\System32\NSI.dll
0x00007ffb6b070000 - 0x00007ffb6b087000 	C:\WINDOWS\SYSTEM32\dhcpcsvc6.DLL
0x00007ffb6b050000 - 0x00007ffb6b06d000 	C:\WINDOWS\SYSTEM32\dhcpcsvc.DLL
0x00007ffb70040000 - 0x00007ffb7010a000 	C:\WINDOWS\SYSTEM32\DNSAPI.dll
0x00007ffb36b30000 - 0x00007ffb36b74000 	C:\Users\Kenny\AppData\Local\Temp\jna-72382207\jna7133709938199724793.dll
0x00007ffb644b0000 - 0x00007ffb644be000 	C:\Users\Kenny\.vscode\extensions\redhat.java-1.11.0-win32-x64\jre\17.0.4.1-win32-x86_64\bin\sunmscapi.dll
0x00007ffb70ba0000 - 0x00007ffb70cf6000 	C:\WINDOWS\System32\CRYPT32.dll
0x00007ffb70670000 - 0x00007ffb70697000 	C:\WINDOWS\SYSTEM32\ncrypt.dll
0x00007ffb70630000 - 0x00007ffb7066b000 	C:\WINDOWS\SYSTEM32\NTASN1.dll
0x00007ffb6a6c0000 - 0x00007ffb6a6ca000 	C:\Windows\System32\rasadhlp.dll
0x00007ffb66a70000 - 0x00007ffb66af0000 	C:\WINDOWS\System32\fwpuclnt.dll
0x00007ffaf0eb0000 - 0x00007ffaf0eb7000 	C:\WINDOWS\system32\wshunix.dll

dbghelp: loaded successfully - version: 4.0.5 - missing functions: none
symbol engine: initialized successfully - sym options: 0x614 - pdb path: .;c:\Users\Kenny\.vscode\extensions\redhat.java-1.11.0-win32-x64\jre\17.0.4.1-win32-x86_64\bin;C:\WINDOWS\SYSTEM32;C:\WINDOWS\WinSxS\amd64_microsoft.windows.common-controls_6595b64144ccf1df_6.0.19041.1110_none_60b5254171f9507e;c:\Users\Kenny\.vscode\extensions\redhat.java-1.11.0-win32-x64\jre\17.0.4.1-win32-x86_64\bin\server;C:\Users\Kenny\AppData\Roaming\Code\User\globalStorage\redhat.java\1.11.0\config_win\org.eclipse.equinox.launcher\org.eclipse.equinox.launcher.win32.win32.x86_64_1.2.600.v20220720-1916;C:\Users\Kenny\AppData\Local\Temp\jna-72382207

VM Arguments:
jvm_args: --add-modules=ALL-SYSTEM --add-opens=java.base/java.util=ALL-UNNAMED --add-opens=java.base/java.lang=ALL-UNNAMED --add-opens=java.base/sun.nio.fs=ALL-UNNAMED -Declipse.application=org.eclipse.jdt.ls.core.id1 -Dosgi.bundles.defaultStartLevel=4 -Declipse.product=org.eclipse.jdt.ls.core.product -Djava.import.generatesMetadataFilesAtProjectRoot=false -Dfile.encoding=utf8 -DwatchParentProcess=false -XX:+UseParallelGC -XX:GCTimeRatio=4 -XX:AdaptiveSizePolicyWeight=90 -Dsun.zip.disableMemoryMapping=true -Xmx1G -Xms100m -Xlog:disable -javaagent:c:\Users\Kenny\.vscode\extensions\redhat.java-1.11.0-win32-x64\lombok\lombok-1.18.24.jar -XX:+HeapDumpOnOutOfMemoryError -XX:HeapDumpPath=c:\Users\Kenny\AppData\Roaming\Code\User\workspaceStorage\9a1bdbe3d3d7788a2e4f061b12b0f0e2\redhat.java 
java_command: c:\Users\Kenny\.vscode\extensions\redhat.java-1.11.0-win32-x64\server\plugins\org.eclipse.equinox.launcher_1.6.400.v20210924-0641.jar -configuration c:\Users\Kenny\AppData\Roaming\Code\User\globalStorage\redhat.java\1.11.0\config_win -data c:\Users\Kenny\AppData\Roaming\Code\User\workspaceStorage\9a1bdbe3d3d7788a2e4f061b12b0f0e2\redhat.java\jdt_ws
java_class_path (initial): c:\Users\Kenny\.vscode\extensions\redhat.java-1.11.0-win32-x64\server\plugins\org.eclipse.equinox.launcher_1.6.400.v20210924-0641.jar
Launcher Type: SUN_STANDARD

[Global flags]
    uintx AdaptiveSizePolicyWeight                 = 90                                        {product} {command line}
     intx CICompilerCount                          = 4                                         {product} {ergonomic}
    uintx GCTimeRatio                              = 4                                         {product} {command line}
     bool HeapDumpOnOutOfMemoryError               = true                                   {manageable} {command line}
    ccstr HeapDumpPath                             = c:\Users\Kenny\AppData\Roaming\Code\User\workspaceStorage\9a1bdbe3d3d7788a2e4f061b12b0f0e2\redhat.java         {manageable} {command line}
   size_t InitialHeapSize                          = 104857600                                 {product} {command line}
   size_t MaxHeapSize                              = 1073741824                                {product} {command line}
   size_t MaxNewSize                               = 357564416                                 {product} {ergonomic}
   size_t MinHeapDeltaBytes                        = 524288                                    {product} {ergonomic}
   size_t MinHeapSize                              = 104857600                                 {product} {command line}
   size_t NewSize                                  = 34603008                                  {product} {ergonomic}
    uintx NonNMethodCodeHeapSize                   = 5839372                                {pd product} {ergonomic}
    uintx NonProfiledCodeHeapSize                  = 122909434                              {pd product} {ergonomic}
   size_t OldSize                                  = 70254592                                  {product} {ergonomic}
    uintx ProfiledCodeHeapSize                     = 122909434                              {pd product} {ergonomic}
    uintx ReservedCodeCacheSize                    = 251658240                              {pd product} {ergonomic}
     bool SegmentedCodeCache                       = true                                      {product} {ergonomic}
   size_t SoftMaxHeapSize                          = 1073741824                             {manageable} {ergonomic}
     bool UseCompressedClassPointers               = true                           {product lp64_product} {ergonomic}
     bool UseCompressedOops                        = true                           {product lp64_product} {ergonomic}
     bool UseLargePagesIndividualAllocation        = false                                  {pd product} {ergonomic}
     bool UseParallelGC                            = true                                      {product} {command line}

Logging:
Log output configuration:
 #0: stdout all=off uptime,level,tags
 #1: stderr all=off uptime,level,tags

Environment Variables:
PATH=C:\Program Files\Common Files\Oracle\Java\javapath;C:\Program Files (x86)\Razer Chroma SDK\bin;C:\Program Files\Razer Chroma SDK\bin;C:\Program Files (x86)\Razer\ChromaBroadcast\bin;C:\Program Files\Razer\ChromaBroadcast\bin;C:\Program Files (x86)\Common Files\Oracle\Java\javapath;C:\Program Files\AdoptOpenJDK\jdk-14.0.2.12-hotspot\bin;C:\WINDOWS\system32;C:\WINDOWS;C:\WINDOWS\System32\Wbem;C:\WINDOWS\System32\WindowsPowerShell\v1.0\;C:\WINDOWS\System32\OpenSSH\;C:\Program Files\NVIDIA Corporation\NVIDIA NvDLISR;C:\Program Files\TortoiseSVN\bin;C:\Program Files\nodejs\;C:\WINDOWS\system32;C:\WINDOWS;C:\WINDOWS\System32\Wbem;C:\WINDOWS\System32\WindowsPowerShell\v1.0\;C:\WINDOWS\System32\OpenSSH\;C:\Program Files (x86)\NVIDIA Corporation\PhysX\Common;C:\Users\Kenny\AppData\Local\Microsoft\WindowsApps;C:\Users\Kenny\AppData\Local\Programs\Microsoft VS Code\bin;C:\Users\Kenny\AppData\Roaming\npm;C:\WINDOWS\system32\config\systemprofile\AppData\Local\Microsoft\WindowsApps;C:\Program Files\Microsoft SQL Server\150\Tools\Binn\;C:\Program Files\Microsoft SQL Server\Client SDK\ODBC\170\Tools\Binn\;C:\Program Files\dotnet\;C:\Program Files (x86)\Microsoft SQL Server\150\Tools\Binn\;C:\Program Files\Microsoft SQL Server\150\DTS\Binn\;C:\Program Files (x86)\Microsoft SQL Server\150\DTS\Binn\;C:\Program Files\Azure Data Studio\bin;C:\Users\Kenny\AppData\Local\Microsoft\WindowsApps;C:\Users\Kenny\AppData\Local\Programs\Microsoft VS Code\bin;C:\Users\Kenny\AppData\Roaming\npm;C:\Users\Kenny\AppData\Local\GitHubDesktop\bin;C:\Users\Kenny\.dotnet\tools;C:\Program Files\Azure Data Studio\bin
USERNAME=Kenny
OS=Windows_NT
PROCESSOR_IDENTIFIER=Intel64 Family 6 Model 158 Stepping 13, GenuineIntel
TMP=C:\Users\Kenny\AppData\Local\Temp
TEMP=C:\Users\Kenny\AppData\Local\Temp



---------------  S Y S T E M  ---------------

OS:
 Windows 10 , 64 bit Build 19041 (10.0.19041.1889)
OS uptime: 0 days 5:41 hours

CPU: total 8 (initial active 8) (8 cores per cpu, 1 threads per core) family 6 model 158 stepping 13 microcode 0xb8, cx8, cmov, fxsr, mmx, 3dnowpref, sse, sse2, sse3, ssse3, sse4.1, sse4.2, popcnt, lzcnt, tsc, tscinvbit, avx, avx2, aes, erms, clmul, bmi1, bmi2, rtm, adx, fma, vzeroupper, clflush, clflushopt

Memory: 4k page, system-wide physical 16317M (3664M free)
TotalPageFile size 26096M (AvailPageFile size 3930M)
current process WorkingSet (physical memory assigned to process): 514M, peak: 622M
current process commit charge ("private bytes"): 530M, peak: 692M

vm_info: OpenJDK 64-Bit Server VM (17.0.4.1+1) for windows-amd64 JRE (17.0.4.1+1), built on Aug 17 2022 07:42:43 by "temurin" with MS VC++ 16.7 (VS2019)

END.
