#
# A fatal error has been detected by the Java Runtime Environment:
#
#  EXCEPTION_ACCESS_VIOLATION (0xc0000005) at pc=0x00007ffa197e9309, pid=14912, tid=21764
#
# JRE version: OpenJDK Runtime Environment Temurin-17.0.4.1+1 (17.0.4.1+1) (build 17.0.4.1+1)
# Java VM: OpenJDK 64-Bit Server VM Temurin-17.0.4.1+1 (17.0.4.1+1, mixed mode, tiered, compressed oops, compressed class ptrs, parallel gc, windows-amd64)
# Problematic frame:
# V  [jvm.dll+0x2e9309]
#
# No core dump will be written. Minidumps are not enabled by default on client versions of Windows
#
# If you would like to submit a bug report, please visit:
#   https://github.com/adoptium/adoptium-support/issues
#

---------------  S U M M A R Y ------------

Command Line: --add-modules=ALL-SYSTEM --add-opens=java.base/java.util=ALL-UNNAMED --add-opens=java.base/java.lang=ALL-UNNAMED --add-opens=java.base/sun.nio.fs=ALL-UNNAMED -Declipse.application=org.eclipse.jdt.ls.core.id1 -Dosgi.bundles.defaultStartLevel=4 -Declipse.product=org.eclipse.jdt.ls.core.product -Djava.import.generatesMetadataFilesAtProjectRoot=false -Dfile.encoding=utf8 -XX:+UseParallelGC -XX:GCTimeRatio=4 -XX:AdaptiveSizePolicyWeight=90 -Dsun.zip.disableMemoryMapping=true -Xmx1G -Xms100m -Xlog:disable -javaagent:c:\Users\Kenny\.vscode\extensions\redhat.java-1.12.0-win32-x64\lombok\lombok-1.18.24.jar -XX:+HeapDumpOnOutOfMemoryError -XX:HeapDumpPath=c:\Users\Kenny\AppData\Roaming\Code\User\workspaceStorage\640da184bf968ad31c8fd02a9abbab9c\redhat.java c:\Users\Kenny\.vscode\extensions\redhat.java-1.12.0-win32-x64\server\plugins\org.eclipse.equinox.launcher_1.6.400.v20210924-0641.jar -configuration c:\Users\Kenny\AppData\Roaming\Code\User\globalStorage\redhat.java\1.12.0\config_win -data c:\Users\Kenny\AppData\Roaming\Code\User\workspaceStorage\640da184bf968ad31c8fd02a9abbab9c\redhat.java\jdt_ws

Host: Intel(R) Core(TM) i7-9700K CPU @ 3.60GHz, 8 cores, 15G,  Windows 10 , 64 bit Build 19041 (10.0.19041.1889)
Time: Fri Oct 28 10:14:56 2022 Eastern Daylight Time elapsed time: 3070.701053 seconds (0d 0h 51m 10s)

---------------  T H R E A D  ---------------

Current thread (0x000001b217862330):  GCTaskThread "GC Thread#1" [stack: 0x0000009367200000,0x0000009367300000] [id=21764]

Stack: [0x0000009367200000,0x0000009367300000],  sp=0x00000093672ff920,  free space=1022k
Native frames: (J=compiled Java code, j=interpreted, Vv=VM code, C=native code)
V  [jvm.dll+0x2e9309]
C  0x0000000000000004


siginfo: EXCEPTION_ACCESS_VIOLATION (0xc0000005), reading address 0x000000000000000c


Register to memory mapping:

RIP=0x00007ffa197e9309 jvm.dll
RAX=0x0 is NULL
RBX=0x0000000000000004 is an unknown value
RCX=0x00000000ffffffff is an unallocated location in the heap
RDX=0x0000000000000002 is an unknown value
RSP=0x00000093672ff920 points into unknown readable memory: 0x000001b217f1ab00 | 00 ab f1 17 b2 01 00 00
RBP=0x0000000000000003 is an unknown value
RSI=0x000001b27fbcb4e0 points into unknown readable memory: 0x0000000000000000 | 00 00 00 00 00 00 00 00
RDI=0x000001b27fa95a50 points into unknown readable memory: 0x00007ffa19e50c58 | 58 0c e5 19 fa 7f 00 00
R8 =0x0 is NULL
R9 =0x0000000000000005 is an unknown value
R10=0x0000000000001fdb is an unknown value
R11=0x000001b27fbcae60 points into unknown readable memory: 0x0000000000000000 | 00 00 00 00 00 00 00 00
R12=0x0 is NULL
R13=0x000001b217d5bc10 points into unknown readable memory: 0x000001b200000002 | 02 00 00 00 b2 01 00 00
R14=0x0000000000000028 is an unknown value
R15=0x00000093672ff9a0 points into unknown readable memory: 0x0000000000000000 | 00 00 00 00 00 00 00 00


Registers:
RAX=0x0000000000000000, RBX=0x0000000000000004, RCX=0x00000000ffffffff, RDX=0x0000000000000002
RSP=0x00000093672ff920, RBP=0x0000000000000003, RSI=0x000001b27fbcb4e0, RDI=0x000001b27fa95a50
R8 =0x0000000000000000, R9 =0x0000000000000005, R10=0x0000000000001fdb, R11=0x000001b27fbcae60
R12=0x0000000000000000, R13=0x000001b217d5bc10, R14=0x0000000000000028, R15=0x00000093672ff9a0
RIP=0x00007ffa197e9309, EFLAGS=0x0000000000010202

Top of Stack: (sp=0x00000093672ff920)
0x00000093672ff920:   000001b217f1ab00 00000093663ff360
0x00000093672ff930:   0000000000000004 000001b27fbcb4e0
0x00000093672ff940:   0000000000000005 0000000000000004
0x00000093672ff950:   00000093663ff360 00007ffa19bb7948
0x00000093672ff960:   000001b217862330 000001b27fbcae00
0x00000093672ff970:   0000000000000000 00272c1d0001f46a
0x00000093672ff980:   00000093663ff200 00007ffa19bb7daf
0x00000093672ff990:   0000000000000000 00000093672ffa29
0x00000093672ff9a0:   0000000000000000 0000000000000002
0x00000093672ff9b0:   000001b27fbcae00 ffffffff00000004
0x00000093672ff9c0:   0000000000000008 00007ffa1a0127f0
0x00000093672ff9d0:   0000000400000002 000001b27fbcae00
0x00000093672ff9e0:   00007ffa19eaeeb8 000001b27fbcae00
0x00000093672ff9f0:   00000093663ff200 000001b2175359a0
0x00000093672ffa00:   00000000000003d8 000001b2175359b0
0x00000093672ffa10:   000001b217535d88 00007ffa19eaf008 

Instructions: (pc=0x00007ffa197e9309)
0x00007ffa197e9209:   48 83 c1 08 48 8b d3 e8 1b 15 00 00 48 01 87 a0
0x00007ffa197e9219:   00 00 00 eb 3a 48 8b cb e8 2a cc fe ff 84 c0 74
0x00007ffa197e9229:   15 48 8d 4f 08 48 8b d3 e8 9a 14 00 00 48 01 87
0x00007ffa197e9239:   a0 00 00 00 eb 19 48 8b 97 80 00 00 00 48 8b cb
0x00007ffa197e9249:   e8 e2 a4 fe ff 48 63 c8 48 01 8f a0 00 00 00 48
0x00007ffa197e9259:   8b 87 a0 00 00 00 48 3b 87 a8 00 00 00 73 10 48
0x00007ffa197e9269:   8b 87 c0 00 00 00 48 39 87 b8 00 00 00 72 13 48
0x00007ffa197e9279:   8b cf e8 10 f2 ff ff 84 c0 75 07 c6 87 d0 00 00
0x00007ffa197e9289:   00 01 48 8b 5c 24 30 48 83 c4 20 5f c3 cc cc cc
0x00007ffa197e9299:   cc cc cc cc cc cc cc 40 53 48 83 ec 20 48 8b d9
0x00007ffa197e92a9:   e8 e2 f1 ff ff 84 c0 74 20 48 8b 43 20 48 8b 88
0x00007ffa197e92b9:   f0 01 00 00 48 85 c9 75 10 38 8b d0 00 00 00 75
0x00007ffa197e92c9:   08 32 c0 48 83 c4 20 5b c3 b0 01 48 83 c4 20 5b
0x00007ffa197e92d9:   c3 cc cc cc cc cc cc 48 8b 41 08 0f b6 80 12 05
0x00007ffa197e92e9:   00 00 c3 cc cc cc cc 40 53 48 83 ec 20 0f b6 05
0x00007ffa197e92f9:   73 f1 89 00 48 8b d9 84 c0 74 16 e8 87 4c 4b 00
0x00007ffa197e9309:   48 8b 43 08 0f b6 80 12 05 00 00 48 83 c4 20 5b
0x00007ffa197e9319:   c3 48 8b 41 08 0f b6 80 12 05 00 00 48 83 c4 20
0x00007ffa197e9329:   5b c3 cc cc cc cc cc 48 89 5c 24 10 48 89 6c 24
0x00007ffa197e9339:   18 56 57 41 54 41 56 41 57 48 83 ec 10 45 33 e4
0x00007ffa197e9349:   8b da 48 8b f9 4d 8b f8 8b 49 08 41 8b ec 8d 04
0x00007ffa197e9359:   09 85 c0 0f 84 80 02 00 00 83 f9 02 0f 86 e7 01
0x00007ffa197e9369:   00 00 48 8b 47 10 4c 8b 1c d8 45 8b 8b 00 02 00
0x00007ffa197e9379:   00 41 83 f9 ff 75 49 45 8b 83 04 02 00 00 b8 5f
0x00007ffa197e9389:   0b 4e 83 41 f7 e8 41 03 d0 c1 fa 10 8b c2 c1 e8
0x00007ffa197e9399:   1f 03 d0 41 69 c0 a7 41 00 00 69 ca ff ff ff 7f
0x00007ffa197e93a9:   2b c1 85 c0 8d 88 ff ff ff 7f 0f 4e c1 33 d2 41
0x00007ffa197e93b9:   89 83 04 02 00 00 f7 77 08 44 8b ca 3b d3 74 b7
0x00007ffa197e93c9:   8b d3 0f 1f 44 00 00 3b d3 74 05 41 3b d1 75 44
0x00007ffa197e93d9:   45 8b 83 04 02 00 00 b8 5f 0b 4e 83 41 f7 e8 41
0x00007ffa197e93e9:   03 d0 c1 fa 10 8b c2 c1 e8 1f 03 d0 41 69 c0 a7
0x00007ffa197e93f9:   41 00 00 69 ca ff ff ff 7f 2b c1 85 c0 8d 88 ff 


Stack slot to memory mapping:
stack at sp + 0 slots: 0x000001b217f1ab00 points into unknown readable memory: 0x502f797469727563 | 63 75 72 69 74 79 2f 50
stack at sp + 1 slots: 0x00000093663ff360 points into unknown readable memory: 0xffffffff00000008 | 08 00 00 00 ff ff ff ff
stack at sp + 2 slots: 0x0000000000000004 is an unknown value
stack at sp + 3 slots: 0x000001b27fbcb4e0 points into unknown readable memory: 0x0000000000000000 | 00 00 00 00 00 00 00 00
stack at sp + 4 slots: 0x0000000000000005 is an unknown value
stack at sp + 5 slots: 0x0000000000000004 is an unknown value
stack at sp + 6 slots: 0x00000093663ff360 points into unknown readable memory: 0xffffffff00000008 | 08 00 00 00 ff ff ff ff
stack at sp + 7 slots: 0x00007ffa19bb7948 jvm.dll


---------------  P R O C E S S  ---------------

Threads class SMR info:
_java_thread_list=0x000001b219977950, length=35, elements={
0x000001b27f906760, 0x000001b27fbd5b00, 0x000001b27fbd93a0, 0x000001b27fbda0d0,
0x000001b27fbdaf40, 0x000001b27fbde360, 0x000001b217509910, 0x000001b217514330,
0x000001b2175178b0, 0x000001b217520980, 0x000001b217622710, 0x000001b2178cea40,
0x000001b2181467a0, 0x000001b21817f0c0, 0x000001b2181670a0, 0x000001b219209250,
0x000001b21948ddd0, 0x000001b2191e7f90, 0x000001b2191e8e00, 0x000001b2191e92d0,
0x000001b21e5b7a30, 0x000001b21e5baa50, 0x000001b21e5baf20, 0x000001b21e5b4540,
0x000001b21e5b4a10, 0x000001b21e5b4ee0, 0x000001b21e5b5d50, 0x000001b21e5b66f0,
0x000001b217a25fe0, 0x000001b219281900, 0x000001b219283f80, 0x000001b219280a90,
0x000001b21d4e9f70, 0x000001b2191e8930, 0x000001b217a21c80
}

Java Threads: ( => current thread )
  0x000001b27f906760 JavaThread "main" [_thread_blocked, id=7380, stack(0x0000009366100000,0x0000009366200000)]
  0x000001b27fbd5b00 JavaThread "Reference Handler" daemon [_thread_blocked, id=14996, stack(0x0000009366400000,0x0000009366500000)]
  0x000001b27fbd93a0 JavaThread "Finalizer" daemon [_thread_blocked, id=24788, stack(0x0000009366500000,0x0000009366600000)]
  0x000001b27fbda0d0 JavaThread "Signal Dispatcher" daemon [_thread_blocked, id=24704, stack(0x0000009366600000,0x0000009366700000)]
  0x000001b27fbdaf40 JavaThread "Attach Listener" daemon [_thread_blocked, id=22936, stack(0x0000009366700000,0x0000009366800000)]
  0x000001b27fbde360 JavaThread "Service Thread" daemon [_thread_blocked, id=27984, stack(0x0000009366800000,0x0000009366900000)]
  0x000001b217509910 JavaThread "Monitor Deflation Thread" daemon [_thread_blocked, id=9364, stack(0x0000009366900000,0x0000009366a00000)]
  0x000001b217514330 JavaThread "C2 CompilerThread0" daemon [_thread_blocked, id=8408, stack(0x0000009366a00000,0x0000009366b00000)]
  0x000001b2175178b0 JavaThread "C1 CompilerThread0" daemon [_thread_blocked, id=28620, stack(0x0000009366b00000,0x0000009366c00000)]
  0x000001b217520980 JavaThread "Sweeper thread" daemon [_thread_blocked, id=16624, stack(0x0000009366c00000,0x0000009366d00000)]
  0x000001b217622710 JavaThread "Common-Cleaner" daemon [_thread_blocked, id=22288, stack(0x0000009366d00000,0x0000009366e00000)]
  0x000001b2178cea40 JavaThread "Notification Thread" daemon [_thread_blocked, id=828, stack(0x0000009366f00000,0x0000009367000000)]
  0x000001b2181467a0 JavaThread "Active Thread: Equinox Container: 4e6145ef-564d-49a7-aaba-f7d188270ad7" [_thread_blocked, id=24616, stack(0x0000009367700000,0x0000009367800000)]
  0x000001b21817f0c0 JavaThread "Framework Event Dispatcher: Equinox Container: 4e6145ef-564d-49a7-aaba-f7d188270ad7" daemon [_thread_blocked, id=12388, stack(0x0000009367800000,0x0000009367900000)]
  0x000001b2181670a0 JavaThread "Start Level: Equinox Container: 4e6145ef-564d-49a7-aaba-f7d188270ad7" daemon [_thread_blocked, id=18696, stack(0x0000009367900000,0x0000009367a00000)]
  0x000001b219209250 JavaThread "SCR Component Actor" daemon [_thread_blocked, id=28340, stack(0x0000009367a00000,0x0000009367b00000)]
  0x000001b21948ddd0 JavaThread "Bundle File Closer" daemon [_thread_blocked, id=19656, stack(0x0000009367e00000,0x0000009367f00000)]
  0x000001b2191e7f90 JavaThread "Worker-JM" [_thread_blocked, id=19220, stack(0x0000009367f00000,0x0000009368000000)]
  0x000001b2191e8e00 JavaThread "Java indexing" daemon [_thread_blocked, id=27128, stack(0x0000009368300000,0x0000009368400000)]
  0x000001b2191e92d0 JavaThread "JNA Cleaner" daemon [_thread_blocked, id=20004, stack(0x0000009368400000,0x0000009368500000)]
  0x000001b21e5b7a30 JavaThread "pool-2-thread-1" [_thread_blocked, id=8232, stack(0x0000009368700000,0x0000009368800000)]
  0x000001b21e5baa50 JavaThread "pool-1-thread-1" [_thread_in_native, id=28160, stack(0x0000009368800000,0x0000009368900000)]
  0x000001b21e5baf20 JavaThread "ForkJoinPool.commonPool-worker-1" daemon [_thread_blocked, id=1876, stack(0x0000009368a00000,0x0000009368b00000)]
  0x000001b21e5b4540 JavaThread "ForkJoinPool.commonPool-worker-2" daemon [_thread_blocked, id=4496, stack(0x0000009366e00000,0x0000009366f00000)]
  0x000001b21e5b4a10 JavaThread "ForkJoinPool.commonPool-worker-3" daemon [_thread_blocked, id=3988, stack(0x0000009367100000,0x0000009367200000)]
  0x000001b21e5b4ee0 JavaThread "ForkJoinPool.commonPool-worker-4" daemon [_thread_blocked, id=11076, stack(0x0000009368b00000,0x0000009368c00000)]
  0x000001b21e5b5d50 JavaThread "ForkJoinPool.commonPool-worker-7" daemon [_thread_blocked, id=20620, stack(0x0000009368d00000,0x0000009368e00000)]
  0x000001b21e5b66f0 JavaThread "ForkJoinPool.commonPool-worker-6" daemon [_thread_blocked, id=3180, stack(0x0000009368e00000,0x0000009368f00000)]
  0x000001b217a25fe0 JavaThread "ForkJoinPool.commonPool-worker-8" daemon [_thread_blocked, id=22412, stack(0x0000009366000000,0x0000009366100000)]
  0x000001b219281900 JavaThread "Java Debug Server" daemon [_thread_in_native, id=5408, stack(0x0000009368100000,0x0000009368200000)]
  0x000001b219283f80 JavaThread "RxSchedulerPurge-1" daemon [_thread_blocked, id=10488, stack(0x0000009368900000,0x0000009368a00000)]
  0x000001b219280a90 JavaThread "RxCachedWorkerPoolEvictor-1" daemon [_thread_blocked, id=28384, stack(0x0000009368c00000,0x0000009368d00000)]
  0x000001b21d4e9f70 JavaThread "Worker-11" [_thread_blocked, id=4884, stack(0x0000009367d00000,0x0000009367e00000)]
  0x000001b2191e8930 JavaThread "Worker-14" [_thread_blocked, id=21876, stack(0x0000009365f00000,0x0000009366000000)]
  0x000001b217a21c80 JavaThread "Worker-15" [_thread_blocked, id=15944, stack(0x0000009365e00000,0x0000009365f00000)]

Other Threads:
  0x000001b27fbcda80 VMThread "VM Thread" [stack: 0x0000009366300000,0x0000009366400000] [id=17064]
  0x000001b2177be150 WatcherThread [stack: 0x0000009367000000,0x0000009367100000] [id=22508]
  0x000001b27f91fc30 GCTaskThread "GC Thread#0" [stack: 0x0000009366200000,0x0000009366300000] [id=4924]
=>0x000001b217862330 GCTaskThread "GC Thread#1" [stack: 0x0000009367200000,0x0000009367300000] [id=21764]
  0x000001b217861870 GCTaskThread "GC Thread#2" [stack: 0x0000009367300000,0x0000009367400000] [id=12400]
  0x000001b217862890 GCTaskThread "GC Thread#3" [stack: 0x0000009367400000,0x0000009367500000] [id=23040]
  0x000001b217862080 GCTaskThread "GC Thread#4" [stack: 0x0000009367500000,0x0000009367600000] [id=20188]
  0x000001b217861310 GCTaskThread "GC Thread#5" [stack: 0x0000009367600000,0x0000009367700000] [id=10116]
  0x000001b217862b40 GCTaskThread "GC Thread#6" [stack: 0x0000009367b00000,0x0000009367c00000] [id=28360]
  0x000001b217861060 GCTaskThread "GC Thread#7" [stack: 0x0000009367c00000,0x0000009367d00000] [id=18932]

Threads with active compile tasks:

VM state: at safepoint (normal execution)

VM Mutex/Monitor currently owned by a thread:  ([mutex/lock_event])
[0x000001b27f901a20] Threads_lock - owner thread: 0x000001b27fbcda80
[0x000001b27f901f30] Heap_lock - owner thread: 0x000001b2191e8e00

Heap address: 0x00000000c0000000, size: 1024 MB, Compressed Oops mode: 32-bit

CDS archive(s) not mapped
Compressed class space mapped at: 0x0000000100000000-0x0000000140000000, reserved size: 1073741824
Narrow klass base: 0x0000000000000000, Narrow klass shift: 3, Narrow klass range: 0x140000000

GC Precious Log:
 CPUs: 8 total, 8 available
 Memory: 16317M
 Large Page Support: Disabled
 NUMA Support: Disabled
 Compressed Oops: Enabled (32-bit)
 Alignments: Space 512K, Generation 512K, Heap 2M
 Heap Min Capacity: 100M
 Heap Initial Capacity: 100M
 Heap Max Capacity: 1G
 Pre-touch: Disabled
 Parallel Workers: 8

Heap:
 PSYoungGen      total 4608K, used 4608K [0x00000000eab00000, 0x00000000eb900000, 0x0000000100000000)
  eden space 4096K, 100% used [0x00000000eab00000,0x00000000eaf00000,0x00000000eaf00000)
  from space 512K, 100% used [0x00000000eb100000,0x00000000eb180000,0x00000000eb180000)
  to   space 5120K, 91% used [0x00000000eb400000,0x00000000eb890000,0x00000000eb900000)
 ParOldGen       total 161792K, used 119798K [0x00000000c0000000, 0x00000000c9e00000, 0x00000000eab00000)
  object space 161792K, 74% used [0x00000000c0000000,0x00000000c74fd9d8,0x00000000c9e00000)
 Metaspace       used 94778K, committed 96128K, reserved 1138688K
  class space    used 9091K, committed 9728K, reserved 1048576K

Card table byte_map: [0x000001b27f2f0000,0x000001b27f500000] _byte_map_base: 0x000001b27ecf0000

Marking Bits: (ParMarkBitMap*) 0x00007ffa1a082cc0
 Begin Bits: [0x000001b212fd0000, 0x000001b213fd0000)
 End Bits:   [0x000001b213fd0000, 0x000001b214fd0000)

Polling page: 0x000001b27f0e0000

Metaspace:

Usage:
  Non-class:     83.68 MB used.
      Class:      8.88 MB used.
       Both:     92.56 MB used.

Virtual space:
  Non-class space:       88.00 MB reserved,      84.38 MB ( 96%) committed,  11 nodes.
      Class space:        1.00 GB reserved,       9.50 MB ( <1%) committed,  1 nodes.
             Both:        1.09 GB reserved,      93.88 MB (  8%) committed. 

Chunk freelists:
   Non-Class:  3.55 MB
       Class:  2.44 MB
        Both:  5.99 MB

MaxMetaspaceSize: unlimited
CompressedClassSpaceSize: 1.00 GB
Initial GC threshold: 21.00 MB
Current GC threshold: 156.50 MB
CDS: off
MetaspaceReclaimPolicy: balanced
 - commit_granule_bytes: 65536.
 - commit_granule_words: 8192.
 - virtual_space_node_default_size: 1048576.
 - enlarge_chunks_in_place: 1.
 - new_chunks_are_fully_committed: 0.
 - uncommit_free_chunks: 1.
 - use_allocation_guard: 0.
 - handle_deallocations: 1.


Internal statistics:

num_allocs_failed_limit: 9.
num_arena_births: 1272.
num_arena_deaths: 378.
num_vsnodes_births: 12.
num_vsnodes_deaths: 0.
num_space_committed: 1514.
num_space_uncommitted: 12.
num_chunks_returned_to_freelist: 538.
num_chunks_taken_from_freelist: 5618.
num_chunk_merges: 177.
num_chunk_splits: 3376.
num_chunks_enlarged: 1959.
num_purges: 20.
num_inconsistent_stats: 0.

CodeHeap 'non-profiled nmethods': size=120000Kb used=36117Kb max_used=36117Kb free=83882Kb
 bounds [0x000001b20baa0000, 0x000001b20ddf0000, 0x000001b212fd0000]
CodeHeap 'profiled nmethods': size=120000Kb used=44159Kb max_used=45713Kb free=75841Kb
 bounds [0x000001b204570000, 0x000001b207260000, 0x000001b20baa0000]
CodeHeap 'non-nmethods': size=5760Kb used=1429Kb max_used=1571Kb free=4330Kb
 bounds [0x000001b203fd0000, 0x000001b204240000, 0x000001b204570000]
 total_blobs=23146 nmethods=22367 adapters=690
 compilation: enabled
              stopped_count=0, restarted_count=0
 full_count=0

Compilation events (20 events):
Event: 3063.212 Thread 0x000001b217514330 34671       4       sun.nio.fs.NativeBuffer::release (5 bytes)
Event: 3063.224 Thread 0x000001b217514330 nmethod 34671 0x000001b20ddcd990 code [0x000001b20ddcdc00, 0x000001b20ddcea20]
Event: 3063.224 Thread 0x000001b217514330 34672       4       org.codehaus.plexus.util.introspection.ReflectionValueExtractor$Tokenizer::nextPropertyName (86 bytes)
Event: 3063.232 Thread 0x000001b217514330 nmethod 34672 0x000001b20ddcf690 code [0x000001b20ddcf860, 0x000001b20ddd01e8]
Event: 3063.638 Thread 0x000001b217514330 34673       4       org.eclipse.jdt.internal.compiler.ast.IfStatement::generateCode (498 bytes)
Event: 3063.678 Thread 0x000001b217514330 nmethod 34673 0x000001b20ddd0610 code [0x000001b20ddd09c0, 0x000001b20ddd30a8]
Event: 3063.682 Thread 0x000001b217514330 34674       4       org.eclipse.jdt.internal.compiler.lookup.SyntheticMethodBinding$$Lambda$342/0x000000010064fa10::test (8 bytes)
Event: 3063.683 Thread 0x000001b217514330 nmethod 34674 0x000001b20ddd5390 code [0x000001b20ddd5520, 0x000001b20ddd55f8]
Event: 3063.696 Thread 0x000001b217514330 34675       4       org.eclipse.jdt.internal.compiler.ast.Assignment::analyseCode (379 bytes)
Event: 3063.718 Thread 0x000001b217514330 nmethod 34675 0x000001b20ddd5710 code [0x000001b20ddd5aa0, 0x000001b20ddd7348]
Event: 3063.721 Thread 0x000001b217514330 34676       4       org.eclipse.jdt.core.dom.ASTConverter::convert (509 bytes)
Event: 3063.759 Thread 0x000001b217514330 nmethod 34676 0x000001b20ddd8910 code [0x000001b20ddd8d60, 0x000001b20dddbf70]
Event: 3064.223 Thread 0x000001b2175178b0 34677   !   3       org.eclipse.core.internal.events.BuildManager::build (95 bytes)
Event: 3064.224 Thread 0x000001b2175178b0 nmethod 34677 0x000001b204db4810 code [0x000001b204db4a40, 0x000001b204db5138]
Event: 3067.413 Thread 0x000001b217514330 34678       4       org.eclipse.jdt.internal.core.SourceMethod::equals (38 bytes)
Event: 3067.416 Thread 0x000001b217514330 nmethod 34678 0x000001b20ddde790 code [0x000001b20ddde920, 0x000001b20dddee18]
Event: 3067.479 Thread 0x000001b217514330 34679       4       org.eclipse.jdt.internal.core.SourceMethod::toStringInfo (107 bytes)
Event: 3067.510 Thread 0x000001b217514330 nmethod 34679 0x000001b20dddf110 code [0x000001b20dddf400, 0x000001b20dde3028]
Event: 3070.606 Thread 0x000001b217514330 34680       4       org.eclipse.jdt.internal.core.DeltaProcessor::rootInfo (39 bytes)
Event: 3070.610 Thread 0x000001b217514330 nmethod 34680 0x000001b20dde4910 code [0x000001b20dde4ae0, 0x000001b20dde50d8]

GC Heap History (20 events):
Event: 3063.728 GC heap after
{Heap after GC invocations=18350 (full 412):
 PSYoungGen      total 7680K, used 1001K [0x00000000eab00000, 0x00000000eb480000, 0x0000000100000000)
  eden space 6656K, 0% used [0x00000000eab00000,0x00000000eab00000,0x00000000eb180000)
  from space 1024K, 97% used [0x00000000eb380000,0x00000000eb47a400,0x00000000eb480000)
  to   space 1536K, 0% used [0x00000000eb180000,0x00000000eb180000,0x00000000eb300000)
 ParOldGen       total 174592K, used 167011K [0x00000000c0000000, 0x00000000caa80000, 0x00000000eab00000)
  object space 174592K, 95% used [0x00000000c0000000,0x00000000ca318c58,0x00000000caa80000)
 Metaspace       used 94774K, committed 96128K, reserved 1138688K
  class space    used 9091K, committed 9728K, reserved 1048576K
}
Event: 3063.738 GC heap before
{Heap before GC invocations=18351 (full 412):
 PSYoungGen      total 7680K, used 7657K [0x00000000eab00000, 0x00000000eb480000, 0x0000000100000000)
  eden space 6656K, 100% used [0x00000000eab00000,0x00000000eb180000,0x00000000eb180000)
  from space 1024K, 97% used [0x00000000eb380000,0x00000000eb47a400,0x00000000eb480000)
  to   space 1536K, 0% used [0x00000000eb180000,0x00000000eb180000,0x00000000eb300000)
 ParOldGen       total 174592K, used 167011K [0x00000000c0000000, 0x00000000caa80000, 0x00000000eab00000)
  object space 174592K, 95% used [0x00000000c0000000,0x00000000ca318c58,0x00000000caa80000)
 Metaspace       used 94774K, committed 96128K, reserved 1138688K
  class space    used 9091K, committed 9728K, reserved 1048576K
}
Event: 3063.739 GC heap after
{Heap after GC invocations=18351 (full 412):
 PSYoungGen      total 8192K, used 1220K [0x00000000eab00000, 0x00000000eb480000, 0x0000000100000000)
  eden space 6656K, 0% used [0x00000000eab00000,0x00000000eab00000,0x00000000eb180000)
  from space 1536K, 79% used [0x00000000eb180000,0x00000000eb2b1210,0x00000000eb300000)
  to   space 1536K, 0% used [0x00000000eb300000,0x00000000eb300000,0x00000000eb480000)
 ParOldGen       total 174592K, used 167926K [0x00000000c0000000, 0x00000000caa80000, 0x00000000eab00000)
  object space 174592K, 96% used [0x00000000c0000000,0x00000000ca3fda60,0x00000000caa80000)
 Metaspace       used 94774K, committed 96128K, reserved 1138688K
  class space    used 9091K, committed 9728K, reserved 1048576K
}
Event: 3063.914 GC heap before
{Heap before GC invocations=18352 (full 412):
 PSYoungGen      total 8192K, used 7876K [0x00000000eab00000, 0x00000000eb480000, 0x0000000100000000)
  eden space 6656K, 100% used [0x00000000eab00000,0x00000000eb180000,0x00000000eb180000)
  from space 1536K, 79% used [0x00000000eb180000,0x00000000eb2b1210,0x00000000eb300000)
  to   space 1536K, 0% used [0x00000000eb300000,0x00000000eb300000,0x00000000eb480000)
 ParOldGen       total 174592K, used 167926K [0x00000000c0000000, 0x00000000caa80000, 0x00000000eab00000)
  object space 174592K, 96% used [0x00000000c0000000,0x00000000ca3fda60,0x00000000caa80000)
 Metaspace       used 94774K, committed 96128K, reserved 1138688K
  class space    used 9091K, committed 9728K, reserved 1048576K
}
Event: 3063.915 GC heap after
{Heap after GC invocations=18352 (full 412):
 PSYoungGen      total 5632K, used 1531K [0x00000000eab00000, 0x00000000eb980000, 0x0000000100000000)
  eden space 4096K, 0% used [0x00000000eab00000,0x00000000eab00000,0x00000000eaf00000)
  from space 1536K, 99% used [0x00000000eb300000,0x00000000eb47ec00,0x00000000eb480000)
  to   space 4096K, 0% used [0x00000000eaf00000,0x00000000eaf00000,0x00000000eb300000)
 ParOldGen       total 174592K, used 169675K [0x00000000c0000000, 0x00000000caa80000, 0x00000000eab00000)
  object space 174592K, 97% used [0x00000000c0000000,0x00000000ca5b2f28,0x00000000caa80000)
 Metaspace       used 94774K, committed 96128K, reserved 1138688K
  class space    used 9091K, committed 9728K, reserved 1048576K
}
Event: 3063.920 GC heap before
{Heap before GC invocations=18353 (full 412):
 PSYoungGen      total 5632K, used 5627K [0x00000000eab00000, 0x00000000eb980000, 0x0000000100000000)
  eden space 4096K, 100% used [0x00000000eab00000,0x00000000eaf00000,0x00000000eaf00000)
  from space 1536K, 99% used [0x00000000eb300000,0x00000000eb47ec00,0x00000000eb480000)
  to   space 4096K, 0% used [0x00000000eaf00000,0x00000000eaf00000,0x00000000eb300000)
 ParOldGen       total 174592K, used 169675K [0x00000000c0000000, 0x00000000caa80000, 0x00000000eab00000)
  object space 174592K, 97% used [0x00000000c0000000,0x00000000ca5b2f28,0x00000000caa80000)
 Metaspace       used 94774K, committed 96128K, reserved 1138688K
  class space    used 9091K, committed 9728K, reserved 1048576K
}
Event: 3063.922 GC heap after
{Heap after GC invocations=18353 (full 412):
 PSYoungGen      total 5632K, used 1280K [0x00000000eab00000, 0x00000000eb380000, 0x0000000100000000)
  eden space 4096K, 0% used [0x00000000eab00000,0x00000000eab00000,0x00000000eaf00000)
  from space 1536K, 83% used [0x00000000eaf00000,0x00000000eb040000,0x00000000eb080000)
  to   space 2048K, 0% used [0x00000000eb180000,0x00000000eb180000,0x00000000eb380000)
 ParOldGen       total 174592K, used 171212K [0x00000000c0000000, 0x00000000caa80000, 0x00000000eab00000)
  object space 174592K, 98% used [0x00000000c0000000,0x00000000ca733208,0x00000000caa80000)
 Metaspace       used 94774K, committed 96128K, reserved 1138688K
  class space    used 9091K, committed 9728K, reserved 1048576K
}
Event: 3064.224 GC heap before
{Heap before GC invocations=18354 (full 412):
 PSYoungGen      total 5632K, used 5376K [0x00000000eab00000, 0x00000000eb380000, 0x0000000100000000)
  eden space 4096K, 100% used [0x00000000eab00000,0x00000000eaf00000,0x00000000eaf00000)
  from space 1536K, 83% used [0x00000000eaf00000,0x00000000eb040000,0x00000000eb080000)
  to   space 2048K, 0% used [0x00000000eb180000,0x00000000eb180000,0x00000000eb380000)
 ParOldGen       total 174592K, used 171212K [0x00000000c0000000, 0x00000000caa80000, 0x00000000eab00000)
  object space 174592K, 98% used [0x00000000c0000000,0x00000000ca733208,0x00000000caa80000)
 Metaspace       used 94778K, committed 96128K, reserved 1138688K
  class space    used 9091K, committed 9728K, reserved 1048576K
}
Event: 3064.225 GC heap after
{Heap after GC invocations=18354 (full 412):
 PSYoungGen      total 4608K, used 256K [0x00000000eab00000, 0x00000000eb200000, 0x0000000100000000)
  eden space 4096K, 0% used [0x00000000eab00000,0x00000000eab00000,0x00000000eaf00000)
  from space 512K, 50% used [0x00000000eb180000,0x00000000eb1c0000,0x00000000eb200000)
  to   space 1024K, 0% used [0x00000000eb000000,0x00000000eb000000,0x00000000eb100000)
 ParOldGen       total 174592K, used 172448K [0x00000000c0000000, 0x00000000caa80000, 0x00000000eab00000)
  object space 174592K, 98% used [0x00000000c0000000,0x00000000ca868218,0x00000000caa80000)
 Metaspace       used 94778K, committed 96128K, reserved 1138688K
  class space    used 9091K, committed 9728K, reserved 1048576K
}
Event: 3067.730 GC heap before
{Heap before GC invocations=18355 (full 412):
 PSYoungGen      total 4608K, used 4352K [0x00000000eab00000, 0x00000000eb200000, 0x0000000100000000)
  eden space 4096K, 100% used [0x00000000eab00000,0x00000000eaf00000,0x00000000eaf00000)
  from space 512K, 50% used [0x00000000eb180000,0x00000000eb1c0000,0x00000000eb200000)
  to   space 1024K, 0% used [0x00000000eb000000,0x00000000eb000000,0x00000000eb100000)
 ParOldGen       total 174592K, used 172448K [0x00000000c0000000, 0x00000000caa80000, 0x00000000eab00000)
  object space 174592K, 98% used [0x00000000c0000000,0x00000000ca868218,0x00000000caa80000)
 Metaspace       used 94778K, committed 96128K, reserved 1138688K
  class space    used 9091K, committed 9728K, reserved 1048576K
}
Event: 3067.731 GC heap after
{Heap after GC invocations=18355 (full 412):
 PSYoungGen      total 5120K, used 192K [0x00000000eab00000, 0x00000000eb200000, 0x0000000100000000)
  eden space 4096K, 0% used [0x00000000eab00000,0x00000000eab00000,0x00000000eaf00000)
  from space 1024K, 18% used [0x00000000eb000000,0x00000000eb030000,0x00000000eb100000)
  to   space 512K, 0% used [0x00000000eb180000,0x00000000eb180000,0x00000000eb200000)
 ParOldGen       total 174592K, used 172560K [0x00000000c0000000, 0x00000000caa80000, 0x00000000eab00000)
  object space 174592K, 98% used [0x00000000c0000000,0x00000000ca884218,0x00000000caa80000)
 Metaspace       used 94778K, committed 96128K, reserved 1138688K
  class space    used 9091K, committed 9728K, reserved 1048576K
}
Event: 3069.081 GC heap before
{Heap before GC invocations=18356 (full 412):
 PSYoungGen      total 5120K, used 4288K [0x00000000eab00000, 0x00000000eb200000, 0x0000000100000000)
  eden space 4096K, 100% used [0x00000000eab00000,0x00000000eaf00000,0x00000000eaf00000)
  from space 1024K, 18% used [0x00000000eb000000,0x00000000eb030000,0x00000000eb100000)
  to   space 512K, 0% used [0x00000000eb180000,0x00000000eb180000,0x00000000eb200000)
 ParOldGen       total 174592K, used 172560K [0x00000000c0000000, 0x00000000caa80000, 0x00000000eab00000)
  object space 174592K, 98% used [0x00000000c0000000,0x00000000ca884218,0x00000000caa80000)
 Metaspace       used 94778K, committed 96128K, reserved 1138688K
  class space    used 9091K, committed 9728K, reserved 1048576K
}
Event: 3069.081 GC heap after
{Heap after GC invocations=18356 (full 412):
 PSYoungGen      total 4608K, used 192K [0x00000000eab00000, 0x00000000eb200000, 0x0000000100000000)
  eden space 4096K, 0% used [0x00000000eab00000,0x00000000eab00000,0x00000000eaf00000)
  from space 512K, 37% used [0x00000000eb180000,0x00000000eb1b0000,0x00000000eb200000)
  to   space 512K, 0% used [0x00000000eb100000,0x00000000eb100000,0x00000000eb180000)
 ParOldGen       total 174592K, used 172616K [0x00000000c0000000, 0x00000000caa80000, 0x00000000eab00000)
  object space 174592K, 98% used [0x00000000c0000000,0x00000000ca892218,0x00000000caa80000)
 Metaspace       used 94778K, committed 96128K, reserved 1138688K
  class space    used 9091K, committed 9728K, reserved 1048576K
}
Event: 3070.616 GC heap before
{Heap before GC invocations=18357 (full 412):
 PSYoungGen      total 4608K, used 4288K [0x00000000eab00000, 0x00000000eb200000, 0x0000000100000000)
  eden space 4096K, 100% used [0x00000000eab00000,0x00000000eaf00000,0x00000000eaf00000)
  from space 512K, 37% used [0x00000000eb180000,0x00000000eb1b0000,0x00000000eb200000)
  to   space 512K, 0% used [0x00000000eb100000,0x00000000eb100000,0x00000000eb180000)
 ParOldGen       total 174592K, used 172616K [0x00000000c0000000, 0x00000000caa80000, 0x00000000eab00000)
  object space 174592K, 98% used [0x00000000c0000000,0x00000000ca892218,0x00000000caa80000)
 Metaspace       used 94778K, committed 96128K, reserved 1138688K
  class space    used 9091K, committed 9728K, reserved 1048576K
}
Event: 3070.617 GC heap after
{Heap after GC invocations=18357 (full 412):
 PSYoungGen      total 4608K, used 288K [0x00000000eab00000, 0x00000000eb200000, 0x0000000100000000)
  eden space 4096K, 0% used [0x00000000eab00000,0x00000000eab00000,0x00000000eaf00000)
  from space 512K, 56% used [0x00000000eb100000,0x00000000eb148000,0x00000000eb180000)
  to   space 512K, 0% used [0x00000000eb180000,0x00000000eb180000,0x00000000eb200000)
 ParOldGen       total 176128K, used 174678K [0x00000000c0000000, 0x00000000cac00000, 0x00000000eab00000)
  object space 176128K, 99% used [0x00000000c0000000,0x00000000caa95af8,0x00000000cac00000)
 Metaspace       used 94778K, committed 96128K, reserved 1138688K
  class space    used 9091K, committed 9728K, reserved 1048576K
}
Event: 3070.617 GC heap before
{Heap before GC invocations=18358 (full 413):
 PSYoungGen      total 4608K, used 288K [0x00000000eab00000, 0x00000000eb200000, 0x0000000100000000)
  eden space 4096K, 0% used [0x00000000eab00000,0x00000000eab00000,0x00000000eaf00000)
  from space 512K, 56% used [0x00000000eb100000,0x00000000eb148000,0x00000000eb180000)
  to   space 512K, 0% used [0x00000000eb180000,0x00000000eb180000,0x00000000eb200000)
 ParOldGen       total 176128K, used 174678K [0x00000000c0000000, 0x00000000cac00000, 0x00000000eab00000)
  object space 176128K, 99% used [0x00000000c0000000,0x00000000caa95af8,0x00000000cac00000)
 Metaspace       used 94778K, committed 96128K, reserved 1138688K
  class space    used 9091K, committed 9728K, reserved 1048576K
}
Event: 3070.678 GC heap after
{Heap after GC invocations=18358 (full 413):
 PSYoungGen      total 4608K, used 0K [0x00000000eab00000, 0x00000000eb200000, 0x0000000100000000)
  eden space 4096K, 0% used [0x00000000eab00000,0x00000000eab00000,0x00000000eaf00000)
  from space 512K, 0% used [0x00000000eb180000,0x00000000eb180000,0x00000000eb200000)
  to   space 512K, 0% used [0x00000000eb100000,0x00000000eb100000,0x00000000eb180000)
 ParOldGen       total 161792K, used 116238K [0x00000000c0000000, 0x00000000c9e00000, 0x00000000eab00000)
  object space 161792K, 71% used [0x00000000c0000000,0x00000000c71839d8,0x00000000c9e00000)
 Metaspace       used 94778K, committed 96128K, reserved 1138688K
  class space    used 9091K, committed 9728K, reserved 1048576K
}
Event: 3070.683 GC heap before
{Heap before GC invocations=18359 (full 413):
 PSYoungGen      total 4608K, used 4096K [0x00000000eab00000, 0x00000000eb200000, 0x0000000100000000)
  eden space 4096K, 100% used [0x00000000eab00000,0x00000000eaf00000,0x00000000eaf00000)
  from space 512K, 0% used [0x00000000eb180000,0x00000000eb180000,0x00000000eb200000)
  to   space 512K, 0% used [0x00000000eb100000,0x00000000eb100000,0x00000000eb180000)
 ParOldGen       total 161792K, used 116238K [0x00000000c0000000, 0x00000000c9e00000, 0x00000000eab00000)
  object space 161792K, 71% used [0x00000000c0000000,0x00000000c71839d8,0x00000000c9e00000)
 Metaspace       used 94778K, committed 96128K, reserved 1138688K
  class space    used 9091K, committed 9728K, reserved 1048576K
}
Event: 3070.689 GC heap after
{Heap after GC invocations=18359 (full 413):
 PSYoungGen      total 4608K, used 512K [0x00000000eab00000, 0x00000000eb900000, 0x0000000100000000)
  eden space 4096K, 0% used [0x00000000eab00000,0x00000000eab00000,0x00000000eaf00000)
  from space 512K, 100% used [0x00000000eb100000,0x00000000eb180000,0x00000000eb180000)
  to   space 5120K, 0% used [0x00000000eb400000,0x00000000eb400000,0x00000000eb900000)
 ParOldGen       total 161792K, used 119798K [0x00000000c0000000, 0x00000000c9e00000, 0x00000000eab00000)
  object space 161792K, 74% used [0x00000000c0000000,0x00000000c74fd9d8,0x00000000c9e00000)
 Metaspace       used 94778K, committed 96128K, reserved 1138688K
  class space    used 9091K, committed 9728K, reserved 1048576K
}
Event: 3070.694 GC heap before
{Heap before GC invocations=18360 (full 413):
 PSYoungGen      total 4608K, used 4608K [0x00000000eab00000, 0x00000000eb900000, 0x0000000100000000)
  eden space 4096K, 100% used [0x00000000eab00000,0x00000000eaf00000,0x00000000eaf00000)
  from space 512K, 100% used [0x00000000eb100000,0x00000000eb180000,0x00000000eb180000)
  to   space 5120K, 0% used [0x00000000eb400000,0x00000000eb400000,0x00000000eb900000)
 ParOldGen       total 161792K, used 119798K [0x00000000c0000000, 0x00000000c9e00000, 0x00000000eab00000)
  object space 161792K, 74% used [0x00000000c0000000,0x00000000c74fd9d8,0x00000000c9e00000)
 Metaspace       used 94778K, committed 96128K, reserved 1138688K
  class space    used 9091K, committed 9728K, reserved 1048576K
}

Deoptimization events (20 events):
Event: 2947.903 Thread 0x000001b21e5baf20 DEOPT PACKING pc=0x000001b20dd36b24 sp=0x0000009368afe470
Event: 2947.903 Thread 0x000001b21e5baf20 DEOPT UNPACKING pc=0x000001b2040220a3 sp=0x0000009368afe450 mode 2
Event: 2948.197 Thread 0x000001b21e5baf20 Uncommon trap: trap_request=0xffffffd6 fr.pc=0x000001b20dd36b24 relative=0x00000000000022e4
Event: 2948.197 Thread 0x000001b21e5baf20 Uncommon trap: reason=array_check action=maybe_recompile pc=0x000001b20dd36b24 method=org.eclipse.core.internal.localstore.FileSystemResourceManager.allResourcesFor(Ljava/net/URI;ZI)[Lorg/eclipse/core/resources/IResource; @ 188 c2
Event: 2948.197 Thread 0x000001b21e5baf20 DEOPT PACKING pc=0x000001b20dd36b24 sp=0x0000009368afe470
Event: 2948.197 Thread 0x000001b21e5baf20 DEOPT UNPACKING pc=0x000001b2040220a3 sp=0x0000009368afe450 mode 2
Event: 2950.738 Thread 0x000001b219283110 DEOPT PACKING pc=0x000001b2051504bb sp=0x00000093685fe060
Event: 2950.738 Thread 0x000001b219283110 DEOPT UNPACKING pc=0x000001b204022843 sp=0x00000093685fd4f8 mode 0
Event: 2951.332 Thread 0x000001b219283110 DEOPT PACKING pc=0x000001b2048e0468 sp=0x00000093685fe530
Event: 2951.332 Thread 0x000001b219283110 DEOPT UNPACKING pc=0x000001b204022843 sp=0x00000093685fda30 mode 0
Event: 2952.317 Thread 0x000001b219283110 DEOPT PACKING pc=0x000001b204a50ba9 sp=0x00000093685fe780
Event: 2952.317 Thread 0x000001b219283110 DEOPT UNPACKING pc=0x000001b204022843 sp=0x00000093685fdc18 mode 0
Event: 2970.196 Thread 0x000001b21e5b4540 DEOPT PACKING pc=0x000001b204aac509 sp=0x0000009366efed10
Event: 2970.196 Thread 0x000001b21e5b4540 DEOPT UNPACKING pc=0x000001b204022843 sp=0x0000009366efe190 mode 0
Event: 3034.995 Thread 0x000001b21e5b4540 DEOPT PACKING pc=0x000001b204cb9c1f sp=0x0000009366efec20
Event: 3034.995 Thread 0x000001b21e5b4540 DEOPT UNPACKING pc=0x000001b204022843 sp=0x0000009366efe020 mode 0
Event: 3040.807 Thread 0x000001b2191e8e00 DEOPT PACKING pc=0x000001b204e93c86 sp=0x00000093683fef30
Event: 3040.807 Thread 0x000001b2191e8e00 DEOPT UNPACKING pc=0x000001b204022843 sp=0x00000093683fe488 mode 0
Event: 3041.840 Thread 0x000001b2191e8930 DEOPT PACKING pc=0x000001b2063c4630 sp=0x0000009365ffea10
Event: 3041.840 Thread 0x000001b2191e8930 DEOPT UNPACKING pc=0x000001b204022843 sp=0x0000009365ffdec0 mode 0

Classes unloaded (20 events):
Event: 2672.063 Thread 0x000001b27fbcda80 Unloading class 0x0000000100980000 'jdk/internal/reflect/GeneratedMethodAccessor95'
Event: 2672.063 Thread 0x000001b27fbcda80 Unloading class 0x000000010097fc00 'jdk/internal/reflect/GeneratedSerializationConstructorAccessor39'
Event: 2672.063 Thread 0x000001b27fbcda80 Unloading class 0x000000010097f800 'jdk/internal/reflect/GeneratedSerializationConstructorAccessor38'
Event: 2672.063 Thread 0x000001b27fbcda80 Unloading class 0x000000010097f400 'jdk/internal/reflect/GeneratedSerializationConstructorAccessor37'
Event: 2672.063 Thread 0x000001b27fbcda80 Unloading class 0x000000010097f000 'jdk/internal/reflect/GeneratedSerializationConstructorAccessor36'
Event: 2672.063 Thread 0x000001b27fbcda80 Unloading class 0x000000010097e800 'jdk/internal/reflect/GeneratedSerializationConstructorAccessor35'
Event: 2672.063 Thread 0x000001b27fbcda80 Unloading class 0x000000010097e400 'jdk/internal/reflect/GeneratedSerializationConstructorAccessor34'
Event: 2672.063 Thread 0x000001b27fbcda80 Unloading class 0x000000010097e000 'jdk/internal/reflect/GeneratedSerializationConstructorAccessor33'
Event: 2672.063 Thread 0x000001b27fbcda80 Unloading class 0x000000010097dc00 'jdk/internal/reflect/GeneratedMethodAccessor94'
Event: 2672.063 Thread 0x000001b27fbcda80 Unloading class 0x000000010097d800 'jdk/internal/reflect/GeneratedMethodAccessor93'
Event: 2672.063 Thread 0x000001b27fbcda80 Unloading class 0x000000010097d400 'jdk/internal/reflect/GeneratedMethodAccessor92'
Event: 2672.063 Thread 0x000001b27fbcda80 Unloading class 0x000000010097d000 'jdk/internal/reflect/GeneratedMethodAccessor91'
Event: 2672.063 Thread 0x000001b27fbcda80 Unloading class 0x000000010097cc00 'jdk/internal/reflect/GeneratedMethodAccessor90'
Event: 2672.063 Thread 0x000001b27fbcda80 Unloading class 0x000000010097c800 'jdk/internal/reflect/GeneratedMethodAccessor89'
Event: 2672.063 Thread 0x000001b27fbcda80 Unloading class 0x000000010097c400 'jdk/internal/reflect/GeneratedMethodAccessor88'
Event: 2672.063 Thread 0x000001b27fbcda80 Unloading class 0x000000010097c000 'jdk/internal/reflect/GeneratedMethodAccessor87'
Event: 2672.063 Thread 0x000001b27fbcda80 Unloading class 0x0000000100974000 'jdk/internal/reflect/GeneratedMethodAccessor86'
Event: 2672.063 Thread 0x000001b27fbcda80 Unloading class 0x000000010096cc00 'jdk/internal/reflect/GeneratedMethodAccessor85'
Event: 2672.063 Thread 0x000001b27fbcda80 Unloading class 0x000000010096c800 'jdk/internal/reflect/GeneratedMethodAccessor84'
Event: 2672.063 Thread 0x000001b27fbcda80 Unloading class 0x000000010096c400 'jdk/internal/reflect/GeneratedMethodAccessor83'

Classes redefined (0 events):
No events

Internal exceptions (20 events):
Event: 3063.213 Thread 0x000001b21d4e9f70 Exception <a 'java/lang/NullPointerException'{0x00000000eaecae80}> (0x00000000eaecae80) 
thrown [s\src\hotspot\share\runtime\sharedRuntime.cpp, line 628]
Event: 3063.213 Thread 0x000001b21d4e9f70 Implicit null exception at 0x000001b205ffe23f to 0x000001b2060030ca
Event: 3063.213 Thread 0x000001b21d4e9f70 Exception <a 'java/lang/NullPointerException'{0x00000000eaecb7e0}> (0x00000000eaecb7e0) 
thrown [s\src\hotspot\share\runtime\sharedRuntime.cpp, line 628]
Event: 3063.213 Thread 0x000001b21d4e9f70 Implicit null exception at 0x000001b205ffe23f to 0x000001b2060030ca
Event: 3063.213 Thread 0x000001b21d4e9f70 Exception <a 'java/lang/NullPointerException'{0x00000000eaecbd60}> (0x00000000eaecbd60) 
thrown [s\src\hotspot\share\runtime\sharedRuntime.cpp, line 628]
Event: 3063.213 Thread 0x000001b21d4e9f70 Implicit null exception at 0x000001b205ffe23f to 0x000001b2060030ca
Event: 3063.213 Thread 0x000001b21d4e9f70 Exception <a 'java/lang/NullPointerException'{0x00000000eaecc2e0}> (0x00000000eaecc2e0) 
thrown [s\src\hotspot\share\runtime\sharedRuntime.cpp, line 628]
Event: 3063.219 Thread 0x000001b21d4e9f70 Implicit null exception at 0x000001b205ffe23f to 0x000001b2060030ca
Event: 3063.219 Thread 0x000001b21d4e9f70 Exception <a 'java/lang/NullPointerException'{0x00000000eaf77f18}> (0x00000000eaf77f18) 
thrown [s\src\hotspot\share\runtime\sharedRuntime.cpp, line 628]
Event: 3063.219 Thread 0x000001b21d4e9f70 Implicit null exception at 0x000001b205ffe23f to 0x000001b2060030ca
Event: 3063.219 Thread 0x000001b21d4e9f70 Exception <a 'java/lang/NullPointerException'{0x00000000eaf78498}> (0x00000000eaf78498) 
thrown [s\src\hotspot\share\runtime\sharedRuntime.cpp, line 628]
Event: 3063.219 Thread 0x000001b21d4e9f70 Implicit null exception at 0x000001b205ffe23f to 0x000001b2060030ca
Event: 3063.219 Thread 0x000001b21d4e9f70 Exception <a 'java/lang/NullPointerException'{0x00000000eaf78a18}> (0x00000000eaf78a18) 
thrown [s\src\hotspot\share\runtime\sharedRuntime.cpp, line 628]
Event: 3063.219 Thread 0x000001b21d4e9f70 Implicit null exception at 0x000001b205ffe23f to 0x000001b2060030ca
Event: 3063.219 Thread 0x000001b21d4e9f70 Exception <a 'java/lang/NullPointerException'{0x00000000eaf79378}> (0x00000000eaf79378) 
thrown [s\src\hotspot\share\runtime\sharedRuntime.cpp, line 628]
Event: 3063.219 Thread 0x000001b21d4e9f70 Implicit null exception at 0x000001b205ffe23f to 0x000001b2060030ca
Event: 3063.219 Thread 0x000001b21d4e9f70 Exception <a 'java/lang/NullPointerException'{0x00000000eaf798f8}> (0x00000000eaf798f8) 
thrown [s\src\hotspot\share\runtime\sharedRuntime.cpp, line 628]
Event: 3063.219 Thread 0x000001b21d4e9f70 Implicit null exception at 0x000001b205ffe23f to 0x000001b2060030ca
Event: 3063.219 Thread 0x000001b21d4e9f70 Exception <a 'java/lang/NullPointerException'{0x00000000eaf79e78}> (0x00000000eaf79e78) 
thrown [s\src\hotspot\share\runtime\sharedRuntime.cpp, line 628]
Event: 3070.613 Thread 0x000001b2191e8e00 Exception <a 'sun/nio/fs/WindowsException'{0x00000000eac9b780}> (0x00000000eac9b780) 
thrown [s\src\hotspot\share\prims\jni.cpp, line 516]

VM Operations (20 events):
Event: 3063.715 Executing VM operation: ParallelGCFailedAllocation done
Event: 3063.726 Executing VM operation: ParallelGCFailedAllocation
Event: 3063.728 Executing VM operation: ParallelGCFailedAllocation done
Event: 3063.738 Executing VM operation: ParallelGCFailedAllocation
Event: 3063.739 Executing VM operation: ParallelGCFailedAllocation done
Event: 3063.914 Executing VM operation: ParallelGCFailedAllocation
Event: 3063.915 Executing VM operation: ParallelGCFailedAllocation done
Event: 3063.920 Executing VM operation: ParallelGCFailedAllocation
Event: 3063.922 Executing VM operation: ParallelGCFailedAllocation done
Event: 3064.224 Executing VM operation: ParallelGCFailedAllocation
Event: 3064.225 Executing VM operation: ParallelGCFailedAllocation done
Event: 3067.730 Executing VM operation: ParallelGCFailedAllocation
Event: 3067.731 Executing VM operation: ParallelGCFailedAllocation done
Event: 3069.081 Executing VM operation: ParallelGCFailedAllocation
Event: 3069.081 Executing VM operation: ParallelGCFailedAllocation done
Event: 3070.615 Executing VM operation: ParallelGCFailedAllocation
Event: 3070.678 Executing VM operation: ParallelGCFailedAllocation done
Event: 3070.683 Executing VM operation: ParallelGCFailedAllocation
Event: 3070.689 Executing VM operation: ParallelGCFailedAllocation done
Event: 3070.694 Executing VM operation: ParallelGCFailedAllocation

Events (20 events):
Event: 2974.732 Thread 0x000001b217520980 flushing nmethod 0x000001b2070f4810
Event: 2974.732 Thread 0x000001b217520980 flushing nmethod 0x000001b207129990
Event: 2974.732 Thread 0x000001b217520980 flushing nmethod 0x000001b20712d790
Event: 3018.356 Thread 0x000001b219283110 Thread exited: 0x000001b219283110
Event: 3023.830 Thread 0x000001b219287940 Thread added: 0x000001b219287940
Event: 3023.834 Thread 0x000001b219287940 Thread exited: 0x000001b219287940
Event: 3034.790 Thread 0x000001b219283110 Thread added: 0x000001b219283110
Event: 3034.793 Thread 0x000001b219283110 Thread exited: 0x000001b219283110
Event: 3041.814 Thread 0x000001b219283110 Thread added: 0x000001b219283110
Event: 3041.816 Thread 0x000001b219283110 Thread exited: 0x000001b219283110
Event: 3055.369 Thread 0x000001b219287940 Thread added: 0x000001b219287940
Event: 3055.372 Thread 0x000001b219287940 Thread exited: 0x000001b219287940
Event: 3059.692 Thread 0x000001b219287940 Thread added: 0x000001b219287940
Event: 3059.692 Thread 0x000001b219283110 Thread added: 0x000001b219283110
Event: 3059.692 Thread 0x000001b2192800f0 Thread added: 0x000001b2192800f0
Event: 3059.692 Thread 0x000001b2192800f0 Thread exited: 0x000001b2192800f0
Event: 3059.692 Thread 0x000001b219283110 Thread exited: 0x000001b219283110
Event: 3059.692 Thread 0x000001b219287940 Thread exited: 0x000001b219287940
Event: 3063.201 Thread 0x000001b219287940 Thread added: 0x000001b219287940
Event: 3063.204 Thread 0x000001b219287940 Thread exited: 0x000001b219287940


Dynamic libraries:
0x00007ff6f3b40000 - 0x00007ff6f3b4e000 	c:\Users\Kenny\.vscode\extensions\redhat.java-1.12.0-win32-x64\jre\17.0.4.1-win32-x86_64\bin\java.exe
0x00007ffac87d0000 - 0x00007ffac89c8000 	C:\WINDOWS\SYSTEM32\ntdll.dll
0x00007ffac6b90000 - 0x00007ffac6c4d000 	C:\WINDOWS\System32\KERNEL32.DLL
0x00007ffac63d0000 - 0x00007ffac66a2000 	C:\WINDOWS\System32\KERNELBASE.dll
0x00007ffac5f30000 - 0x00007ffac6030000 	C:\WINDOWS\System32\ucrtbase.dll
0x00007ffab2010000 - 0x00007ffab2028000 	c:\Users\Kenny\.vscode\extensions\redhat.java-1.12.0-win32-x64\jre\17.0.4.1-win32-x86_64\bin\jli.dll
0x00007ffa95840000 - 0x00007ffa95859000 	c:\Users\Kenny\.vscode\extensions\redhat.java-1.12.0-win32-x64\jre\17.0.4.1-win32-x86_64\bin\VCRUNTIME140.dll
0x00007ffac7ac0000 - 0x00007ffac7c5d000 	C:\WINDOWS\System32\USER32.dll
0x00007ffac66b0000 - 0x00007ffac66d2000 	C:\WINDOWS\System32\win32u.dll
0x00007ffab1c20000 - 0x00007ffab1eba000 	C:\WINDOWS\WinSxS\amd64_microsoft.windows.common-controls_6595b64144ccf1df_6.0.19041.1110_none_60b5254171f9507e\COMCTL32.dll
0x00007ffac7260000 - 0x00007ffac728b000 	C:\WINDOWS\System32\GDI32.dll
0x00007ffac6930000 - 0x00007ffac69ce000 	C:\WINDOWS\System32\msvcrt.dll
0x00007ffac6200000 - 0x00007ffac630f000 	C:\WINDOWS\System32\gdi32full.dll
0x00007ffac6790000 - 0x00007ffac682d000 	C:\WINDOWS\System32\msvcp_win.dll
0x00007ffac69d0000 - 0x00007ffac6a00000 	C:\WINDOWS\System32\IMM32.DLL
0x00007ffab1000000 - 0x00007ffab100c000 	c:\Users\Kenny\.vscode\extensions\redhat.java-1.12.0-win32-x64\jre\17.0.4.1-win32-x86_64\bin\vcruntime140_1.dll
0x00007ffa36d20000 - 0x00007ffa36db1000 	c:\Users\Kenny\.vscode\extensions\redhat.java-1.12.0-win32-x64\jre\17.0.4.1-win32-x86_64\bin\msvcp140.dll
0x00007ffa19500000 - 0x00007ffa1a146000 	c:\Users\Kenny\.vscode\extensions\redhat.java-1.12.0-win32-x64\jre\17.0.4.1-win32-x86_64\bin\server\jvm.dll
0x00007ffac82e0000 - 0x00007ffac838e000 	C:\WINDOWS\System32\ADVAPI32.dll
0x00007ffac6890000 - 0x00007ffac692c000 	C:\WINDOWS\System32\sechost.dll
0x00007ffac6c50000 - 0x00007ffac6d75000 	C:\WINDOWS\System32\RPCRT4.dll
0x00007ffac6b80000 - 0x00007ffac6b88000 	C:\WINDOWS\System32\PSAPI.DLL
0x00007ffaab550000 - 0x00007ffaab559000 	C:\WINDOWS\SYSTEM32\WSOCK32.dll
0x00007ffabe1d0000 - 0x00007ffabe1da000 	C:\WINDOWS\SYSTEM32\VERSION.dll
0x00007ffac6b10000 - 0x00007ffac6b7b000 	C:\WINDOWS\System32\WS2_32.dll
0x00007ffab5f10000 - 0x00007ffab5f37000 	C:\WINDOWS\SYSTEM32\WINMM.dll
0x00007ffac3dc0000 - 0x00007ffac3dd2000 	C:\WINDOWS\SYSTEM32\kernel.appcore.dll
0x00007ffaafdd0000 - 0x00007ffaafdda000 	c:\Users\Kenny\.vscode\extensions\redhat.java-1.12.0-win32-x64\jre\17.0.4.1-win32-x86_64\bin\jimage.dll
0x00007ffab38e0000 - 0x00007ffab3ac4000 	C:\WINDOWS\SYSTEM32\DBGHELP.DLL
0x00007ffaab4e0000 - 0x00007ffaab50c000 	C:\WINDOWS\SYSTEM32\dbgcore.DLL
0x00007ffac6310000 - 0x00007ffac6392000 	C:\WINDOWS\System32\bcryptPrimitives.dll
0x00007ffaab380000 - 0x00007ffaab38e000 	c:\Users\Kenny\.vscode\extensions\redhat.java-1.12.0-win32-x64\jre\17.0.4.1-win32-x86_64\bin\instrument.dll
0x00007ffa41840000 - 0x00007ffa41865000 	c:\Users\Kenny\.vscode\extensions\redhat.java-1.12.0-win32-x64\jre\17.0.4.1-win32-x86_64\bin\java.dll
0x00007ffa932a0000 - 0x00007ffa932b8000 	c:\Users\Kenny\.vscode\extensions\redhat.java-1.12.0-win32-x64\jre\17.0.4.1-win32-x86_64\bin\zip.dll
0x00007ffac7310000 - 0x00007ffac7a53000 	C:\WINDOWS\System32\SHELL32.dll
0x00007ffac3fc0000 - 0x00007ffac4751000 	C:\WINDOWS\SYSTEM32\windows.storage.dll
0x00007ffac7f80000 - 0x00007ffac82d4000 	C:\WINDOWS\System32\combase.dll
0x00007ffac5940000 - 0x00007ffac5970000 	C:\WINDOWS\SYSTEM32\Wldp.dll
0x00007ffac7d10000 - 0x00007ffac7dbd000 	C:\WINDOWS\System32\SHCORE.dll
0x00007ffac7a60000 - 0x00007ffac7ab5000 	C:\WINDOWS\System32\shlwapi.dll
0x00007ffac5e20000 - 0x00007ffac5e3f000 	C:\WINDOWS\SYSTEM32\profapi.dll
0x00007ffa7fc50000 - 0x00007ffa7fc69000 	C:\Users\Kenny\.vscode\extensions\redhat.java-1.12.0-win32-x64\jre\17.0.4.1-win32-x86_64\bin\net.dll
0x00007ffab5f40000 - 0x00007ffab604d000 	C:\WINDOWS\SYSTEM32\WINHTTP.dll
0x00007ffac56a0000 - 0x00007ffac570a000 	C:\WINDOWS\system32\mswsock.dll
0x00007ffa5c040000 - 0x00007ffa5c055000 	C:\Users\Kenny\.vscode\extensions\redhat.java-1.12.0-win32-x64\jre\17.0.4.1-win32-x86_64\bin\nio.dll
0x00007ffa94440000 - 0x00007ffa94450000 	c:\Users\Kenny\.vscode\extensions\redhat.java-1.12.0-win32-x64\jre\17.0.4.1-win32-x86_64\bin\verify.dll
0x00007ffa8ea50000 - 0x00007ffa8ea8e000 	C:\Users\Kenny\AppData\Roaming\Code\User\globalStorage\redhat.java\1.12.0\config_win\org.eclipse.equinox.launcher\org.eclipse.equinox.launcher.win32.win32.x86_64_1.2.600.v20220720-1916\eclipse_11700.dll
0x00007ffac8470000 - 0x00007ffac859a000 	C:\WINDOWS\System32\ole32.dll
0x00007ffac5890000 - 0x00007ffac58a8000 	C:\WINDOWS\SYSTEM32\CRYPTSP.dll
0x00007ffac4ee0000 - 0x00007ffac4f14000 	C:\WINDOWS\system32\rsaenh.dll
0x00007ffac63a0000 - 0x00007ffac63c7000 	C:\WINDOWS\System32\bcrypt.dll
0x00007ffac5de0000 - 0x00007ffac5e0e000 	C:\WINDOWS\SYSTEM32\USERENV.dll
0x00007ffac58b0000 - 0x00007ffac58bc000 	C:\WINDOWS\SYSTEM32\CRYPTBASE.dll
0x00007ffac5340000 - 0x00007ffac537b000 	C:\WINDOWS\SYSTEM32\IPHLPAPI.DLL
0x00007ffac71f0000 - 0x00007ffac71f8000 	C:\WINDOWS\System32\NSI.dll
0x00007ffabe4c0000 - 0x00007ffabe4d7000 	C:\WINDOWS\SYSTEM32\dhcpcsvc6.DLL
0x00007ffabe410000 - 0x00007ffabe42d000 	C:\WINDOWS\SYSTEM32\dhcpcsvc.DLL
0x00007ffac5380000 - 0x00007ffac544a000 	C:\WINDOWS\SYSTEM32\DNSAPI.dll
0x00007ffa8e980000 - 0x00007ffa8e9c0000 	C:\Users\Kenny\AppData\Local\Temp\jna-72382207\jna6248008276419214886.dll

dbghelp: loaded successfully - version: 4.0.5 - missing functions: none
symbol engine: initialized successfully - sym options: 0x614 - pdb path: .;c:\Users\Kenny\.vscode\extensions\redhat.java-1.12.0-win32-x64\jre\17.0.4.1-win32-x86_64\bin;C:\WINDOWS\SYSTEM32;C:\WINDOWS\WinSxS\amd64_microsoft.windows.common-controls_6595b64144ccf1df_6.0.19041.1110_none_60b5254171f9507e;c:\Users\Kenny\.vscode\extensions\redhat.java-1.12.0-win32-x64\jre\17.0.4.1-win32-x86_64\bin\server;C:\Users\Kenny\AppData\Roaming\Code\User\globalStorage\redhat.java\1.12.0\config_win\org.eclipse.equinox.launcher\org.eclipse.equinox.launcher.win32.win32.x86_64_1.2.600.v20220720-1916;C:\Users\Kenny\AppData\Local\Temp\jna-72382207

VM Arguments:
jvm_args: --add-modules=ALL-SYSTEM --add-opens=java.base/java.util=ALL-UNNAMED --add-opens=java.base/java.lang=ALL-UNNAMED --add-opens=java.base/sun.nio.fs=ALL-UNNAMED -Declipse.application=org.eclipse.jdt.ls.core.id1 -Dosgi.bundles.defaultStartLevel=4 -Declipse.product=org.eclipse.jdt.ls.core.product -Djava.import.generatesMetadataFilesAtProjectRoot=false -Dfile.encoding=utf8 -XX:+UseParallelGC -XX:GCTimeRatio=4 -XX:AdaptiveSizePolicyWeight=90 -Dsun.zip.disableMemoryMapping=true -Xmx1G -Xms100m -Xlog:disable -javaagent:c:\Users\Kenny\.vscode\extensions\redhat.java-1.12.0-win32-x64\lombok\lombok-1.18.24.jar -XX:+HeapDumpOnOutOfMemoryError -XX:HeapDumpPath=c:\Users\Kenny\AppData\Roaming\Code\User\workspaceStorage\640da184bf968ad31c8fd02a9abbab9c\redhat.java 
java_command: c:\Users\Kenny\.vscode\extensions\redhat.java-1.12.0-win32-x64\server\plugins\org.eclipse.equinox.launcher_1.6.400.v20210924-0641.jar -configuration c:\Users\Kenny\AppData\Roaming\Code\User\globalStorage\redhat.java\1.12.0\config_win -data c:\Users\Kenny\AppData\Roaming\Code\User\workspaceStorage\640da184bf968ad31c8fd02a9abbab9c\redhat.java\jdt_ws
java_class_path (initial): c:\Users\Kenny\.vscode\extensions\redhat.java-1.12.0-win32-x64\server\plugins\org.eclipse.equinox.launcher_1.6.400.v20210924-0641.jar
Launcher Type: SUN_STANDARD

[Global flags]
    uintx AdaptiveSizePolicyWeight                 = 90                                        {product} {command line}
     intx CICompilerCount                          = 4                                         {product} {ergonomic}
    uintx GCTimeRatio                              = 4                                         {product} {command line}
     bool HeapDumpOnOutOfMemoryError               = true                                   {manageable} {command line}
    ccstr HeapDumpPath                             = c:\Users\Kenny\AppData\Roaming\Code\User\workspaceStorage\640da184bf968ad31c8fd02a9abbab9c\redhat.java         {manageable} {command line}
   size_t InitialHeapSize                          = 104857600                                 {product} {command line}
   size_t MaxHeapSize                              = 1073741824                                {product} {command line}
   size_t MaxNewSize                               = 357564416                                 {product} {ergonomic}
   size_t MinHeapDeltaBytes                        = 524288                                    {product} {ergonomic}
   size_t MinHeapSize                              = 104857600                                 {product} {command line}
   size_t NewSize                                  = 34603008                                  {product} {ergonomic}
    uintx NonNMethodCodeHeapSize                   = 5839372                                {pd product} {ergonomic}
    uintx NonProfiledCodeHeapSize                  = 122909434                              {pd product} {ergonomic}
   size_t OldSize                                  = 70254592                                  {product} {ergonomic}
    uintx ProfiledCodeHeapSize                     = 122909434                              {pd product} {ergonomic}
    uintx ReservedCodeCacheSize                    = 251658240                              {pd product} {ergonomic}
     bool SegmentedCodeCache                       = true                                      {product} {ergonomic}
   size_t SoftMaxHeapSize                          = 1073741824                             {manageable} {ergonomic}
     bool UseCompressedClassPointers               = true                           {product lp64_product} {ergonomic}
     bool UseCompressedOops                        = true                           {product lp64_product} {ergonomic}
     bool UseLargePagesIndividualAllocation        = false                                  {pd product} {ergonomic}
     bool UseParallelGC                            = true                                      {product} {command line}

Logging:
Log output configuration:
 #0: stdout all=off uptime,level,tags
 #1: stderr all=off uptime,level,tags

Environment Variables:
PATH=C:\Program Files\Common Files\Oracle\Java\javapath;C:\Program Files (x86)\Razer Chroma SDK\bin;C:\Program Files\Razer Chroma SDK\bin;C:\Program Files (x86)\Razer\ChromaBroadcast\bin;C:\Program Files\Razer\ChromaBroadcast\bin;C:\Program Files (x86)\Common Files\Oracle\Java\javapath;C:\Program Files\AdoptOpenJDK\jdk-14.0.2.12-hotspot\bin;C:\WINDOWS\system32;C:\WINDOWS;C:\WINDOWS\System32\Wbem;C:\WINDOWS\System32\WindowsPowerShell\v1.0\;C:\WINDOWS\System32\OpenSSH\;C:\Program Files\NVIDIA Corporation\NVIDIA NvDLISR;C:\Program Files\TortoiseSVN\bin;C:\Program Files\nodejs\;C:\WINDOWS\system32;C:\WINDOWS;C:\WINDOWS\System32\Wbem;C:\WINDOWS\System32\WindowsPowerShell\v1.0\;C:\WINDOWS\System32\OpenSSH\;C:\Program Files (x86)\NVIDIA Corporation\PhysX\Common;C:\Users\Kenny\AppData\Local\Microsoft\WindowsApps;C:\Users\Kenny\AppData\Local\Programs\Microsoft VS Code\bin;C:\Users\Kenny\AppData\Roaming\npm;C:\WINDOWS\system32\config\systemprofile\AppData\Local\Microsoft\WindowsApps;C:\Program Files\Microsoft SQL Server\150\Tools\Binn\;C:\Program Files\Microsoft SQL Server\Client SDK\ODBC\170\Tools\Binn\;C:\Program Files\dotnet\;C:\Program Files (x86)\Microsoft SQL Server\150\Tools\Binn\;C:\Program Files\Microsoft SQL Server\150\DTS\Binn\;C:\Program Files (x86)\Microsoft SQL Server\150\DTS\Binn\;C:\Program Files\Azure Data Studio\bin;C:\Users\Kenny\AppData\Local\Microsoft\WindowsApps;C:\Users\Kenny\AppData\Local\Programs\Microsoft VS Code\bin;C:\Users\Kenny\AppData\Roaming\npm;C:\Users\Kenny\AppData\Local\GitHubDesktop\bin;C:\Users\Kenny\.dotnet\tools;C:\Program Files\Azure Data Studio\bin
USERNAME=Kenny
OS=Windows_NT
PROCESSOR_IDENTIFIER=Intel64 Family 6 Model 158 Stepping 13, GenuineIntel
TMP=C:\Users\Kenny\AppData\Local\Temp
TEMP=C:\Users\Kenny\AppData\Local\Temp



---------------  S Y S T E M  ---------------

OS:
 Windows 10 , 64 bit Build 19041 (10.0.19041.1889)
OS uptime: 1 days 16:07 hours

CPU: total 8 (initial active 8) (8 cores per cpu, 1 threads per core) family 6 model 158 stepping 13 microcode 0xb8, cx8, cmov, fxsr, mmx, 3dnowpref, sse, sse2, sse3, ssse3, sse4.1, sse4.2, popcnt, lzcnt, tsc, tscinvbit, avx, avx2, aes, erms, clmul, bmi1, bmi2, rtm, adx, fma, vzeroupper, clflush, clflushopt

Memory: 4k page, system-wide physical 16317M (4406M free)
TotalPageFile size 26557M (AvailPageFile size 4387M)
current process WorkingSet (physical memory assigned to process): 526M, peak: 597M
current process commit charge ("private bytes"): 538M, peak: 634M

vm_info: OpenJDK 64-Bit Server VM (17.0.4.1+1) for windows-amd64 JRE (17.0.4.1+1), built on Aug 17 2022 07:42:43 by "temurin" with MS VC++ 16.7 (VS2019)

END.
