#
# A fatal error has been detected by the Java Runtime Environment:
#
#  EXCEPTION_ACCESS_VIOLATION (0xc0000005) at pc=0x00007ffb283b94be, pid=23888, tid=6028
#
# JRE version: OpenJDK Runtime Environment Temurin-17.0.4.1+1 (17.0.4.1+1) (build 17.0.4.1+1)
# Java VM: OpenJDK 64-Bit Server VM Temurin-17.0.4.1+1 (17.0.4.1+1, mixed mode, tiered, compressed oops, compressed class ptrs, parallel gc, windows-amd64)
# Problematic frame:
# V  [jvm.dll+0x2e94be]
#
# No core dump will be written. Minidumps are not enabled by default on client versions of Windows
#
# If you would like to submit a bug report, please visit:
#   https://github.com/adoptium/adoptium-support/issues
#

---------------  S U M M A R Y ------------

Command Line: --add-modules=ALL-SYSTEM --add-opens=java.base/java.util=ALL-UNNAMED --add-opens=java.base/java.lang=ALL-UNNAMED --add-opens=java.base/sun.nio.fs=ALL-UNNAMED -Declipse.application=org.eclipse.jdt.ls.core.id1 -Dosgi.bundles.defaultStartLevel=4 -Declipse.product=org.eclipse.jdt.ls.core.product -Djava.import.generatesMetadataFilesAtProjectRoot=false -Dfile.encoding=utf8 -DwatchParentProcess=false -XX:+UseParallelGC -XX:GCTimeRatio=4 -XX:AdaptiveSizePolicyWeight=90 -Dsun.zip.disableMemoryMapping=true -Xmx1G -Xms100m -Xlog:disable -javaagent:c:\Users\Kenny\.vscode\extensions\redhat.java-1.11.0-win32-x64\lombok\lombok-1.18.24.jar -XX:+HeapDumpOnOutOfMemoryError -XX:HeapDumpPath=c:\Users\Kenny\AppData\Roaming\Code\User\workspaceStorage\9a1bdbe3d3d7788a2e4f061b12b0f0e2\redhat.java c:\Users\Kenny\.vscode\extensions\redhat.java-1.11.0-win32-x64\server\plugins\org.eclipse.equinox.launcher_1.6.400.v20210924-0641.jar -configuration c:\Users\Kenny\AppData\Roaming\Code\User\globalStorage\redhat.java\1.11.0\config_win -data c:\Users\Kenny\AppData\Roaming\Code\User\workspaceStorage\9a1bdbe3d3d7788a2e4f061b12b0f0e2\redhat.java\jdt_ws

Host: Intel(R) Core(TM) i7-9700K CPU @ 3.60GHz, 8 cores, 15G,  Windows 10 , 64 bit Build 19041 (10.0.19041.1889)
Time: Fri Oct 21 10:14:49 2022 Eastern Daylight Time elapsed time: 6927.989647 seconds (0d 1h 55m 27s)

---------------  T H R E A D  ---------------

Current thread (0x0000014445296820):  GCTaskThread "GC Thread#6" [stack: 0x0000001c35400000,0x0000001c35500000] [id=6028]

Stack: [0x0000001c35400000,0x0000001c35500000],  sp=0x0000001c354ff500,  free space=1021k
Native frames: (J=compiled Java code, j=interpreted, Vv=VM code, C=native code)
V  [jvm.dll+0x2e94be]
V  [jvm.dll+0x6b7948]
V  [jvm.dll+0x6b7daf]
V  [jvm.dll+0x85f6bb]
V  [jvm.dll+0x85f706]
V  [jvm.dll+0x7e240a]
V  [jvm.dll+0x6761a5]
C  [ucrtbase.dll+0x21bb2]
C  [KERNEL32.DLL+0x17034]
C  [ntdll.dll+0x526a1]


siginfo: EXCEPTION_ACCESS_VIOLATION (0xc0000005), data execution prevention violation at address 0x00007ffba8de4000


Register to memory mapping:

RIP=0x00007ffb283b94be jvm.dll
RAX=0x0000014440e68ee0 points into unknown readable memory: 0x0000014440fba6e0 | e0 a6 fb 40 44 01 00 00
RBX=0x0 is NULL
RCX=0x0000014440fbba60 points into unknown readable memory: 0x0000000000000000 | 00 00 00 00 00 00 00 00
RDX=0x0000000000000007 is an unknown value
RSP=0x0000001c354ff500 points into unknown readable memory: 0x0000000000000000 | 00 00 00 00 00 00 00 00
RBP=0x0000000000000004 is an unknown value
RSI=0x0000000000000018 is an unknown value
RDI=0x0000014440e853d0 points into unknown readable memory: 0x00007ffb28a20c58 | 58 0c a2 28 fb 7f 00 00
R8 =0x0 is NULL
R9 =0x0000000000000007 is an unknown value
R10=0x0000000000000ae5 is an unknown value
R11=0x0000014440fba6e0 points into unknown readable memory: 0x0000000000000000 | 00 00 00 00 00 00 00 00
R12=0x0 is NULL
R13=0x0000014444cd4040 points into unknown readable memory: 0x2f6e757300000002 | 02 00 00 00 73 75 6e 2f
R14=0x0000000000000038 is an unknown value
R15=0x0000001c354ff580 points into unknown readable memory: 0x00000000d2d9715d | 5d 71 d9 d2 00 00 00 00


Registers:
RAX=0x0000014440e68ee0, RBX=0x0000000000000000, RCX=0x0000014440fbba60, RDX=0x0000000000000007
RSP=0x0000001c354ff500, RBP=0x0000000000000004, RSI=0x0000000000000018, RDI=0x0000014440e853d0
R8 =0x0000000000000000, R9 =0x0000000000000007, R10=0x0000000000000ae5, R11=0x0000014440fba6e0
R12=0x0000000000000000, R13=0x0000014444cd4040, R14=0x0000000000000038, R15=0x0000001c354ff580
RIP=0x00007ffb283b94be, EFLAGS=0x0000000000010202

Top of Stack: (sp=0x0000001c354ff500)
0x0000001c354ff500:   0000000000000000 0000001c33cff490
0x0000001c354ff510:   0000001c33cff438 0000000000000000
0x0000001c354ff520:   0000000000000005 0000000000000000
0x0000001c354ff530:   0000001c33cff490 00007ffb28787948
0x0000001c354ff540:   001caa710000222e 0000014440fba680
0x0000001c354ff550:   0000000000000000 0000001c33cff490
0x0000001c354ff560:   0000001c33cff330 00007ffb28787daf
0x0000001c354ff570:   0000014440fba680 0000001c354ff609
0x0000001c354ff580:   00000000d2d9715d 0000001c33cff470
0x0000001c354ff590:   0000014440fba680 0000000000000000
0x0000001c354ff5a0:   0000014400000008 00007ffb28be27f0
0x0000001c354ff5b0:   0000000000000002 0000014440fba680
0x0000001c354ff5c0:   00007ffb28a7eeb8 0000014440fba680
0x0000001c354ff5d0:   0000001c33cff330 000001444372bb30
0x0000001c354ff5e0:   00000000000003d8 000001444372bb40
0x0000001c354ff5f0:   000001444372bf18 00007ffb28a7f008 

Instructions: (pc=0x00007ffb283b94be)
0x00007ffb283b93be:   00 f7 77 08 44 8b ca 3b d3 74 b7 8b d3 0f 1f 44
0x00007ffb283b93ce:   00 00 3b d3 74 05 41 3b d1 75 44 45 8b 83 04 02
0x00007ffb283b93de:   00 00 b8 5f 0b 4e 83 41 f7 e8 41 03 d0 c1 fa 10
0x00007ffb283b93ee:   8b c2 c1 e8 1f 03 d0 41 69 c0 a7 41 00 00 69 ca
0x00007ffb283b93fe:   ff ff ff 7f 2b c1 85 c0 8d 88 ff ff ff 7f 0f 4e
0x00007ffb283b940e:   c1 33 d2 41 89 83 04 02 00 00 f7 77 08 eb b3 41
0x00007ffb283b941e:   8b c1 4c 8d 34 c5 00 00 00 00 48 8b 47 10 49 8b
0x00007ffb283b942e:   0c 06 8b 81 00 01 00 00 44 8b 91 80 00 00 00 44
0x00007ffb283b943e:   2b d0 8b c2 41 81 e2 ff ff 01 00 41 81 fa ff ff
0x00007ffb283b944e:   01 00 45 0f 44 d4 48 8d 34 c5 00 00 00 00 48 8b
0x00007ffb283b945e:   47 10 48 8b 0c 06 8b 81 00 01 00 00 44 8b 81 80
0x00007ffb283b946e:   00 00 00 44 2b c0 32 c0 41 81 e0 ff ff 01 00 41
0x00007ffb283b947e:   81 f8 ff ff 01 00 45 0f 44 c4 45 3b c2 76 21 48
0x00007ffb283b948e:   8b 47 10 48 8b 34 06 48 8b 86 00 01 00 00 48 89
0x00007ffb283b949e:   44 24 40 8b 8e 80 00 00 00 48 8b 44 24 40 eb 2b
0x00007ffb283b94ae:   45 85 d2 0f 84 8d 00 00 00 48 8b 47 10 41 8b d1
0x00007ffb283b94be:   49 8b 34 06 48 8b 86 00 01 00 00 48 89 44 24 58
0x00007ffb283b94ce:   8b 8e 80 00 00 00 48 8b 44 24 58 2b c8 81 e1 ff
0x00007ffb283b94de:   ff 01 00 81 f9 ff ff 01 00 41 0f 44 cc 85 c9 75
0x00007ffb283b94ee:   13 ba ff ff ff ff 32 c0 41 89 93 00 02 00 00 e9
0x00007ffb283b94fe:   cc 00 00 00 48 8b 8e 80 01 00 00 4c 8b c8 44 8b
0x00007ffb283b950e:   c0 4e 8b 04 c1 8d 48 01 81 e1 ff ff 01 00 4d 89
0x00007ffb283b951e:   07 45 8b c4 41 0f 94 c0 49 c1 e9 20 45 03 c8 49
0x00007ffb283b952e:   c1 e1 20 4c 0b c9 f0 4c 0f b1 8e 00 01 00 00 0f
0x00007ffb283b953e:   94 c0 84 c0 75 05 ba ff ff ff ff 41 89 93 00 02
0x00007ffb283b954e:   00 00 eb 7c 75 7e 48 8b 47 10 8d 4b ff 83 e1 01
0x00007ffb283b955e:   4c 8b 14 c8 49 8b 82 00 01 00 00 48 89 04 24 41
0x00007ffb283b956e:   8b 8a 80 00 00 00 48 8b 04 24 2b c8 81 e1 ff ff
0x00007ffb283b957e:   01 00 81 f9 ff ff 01 00 41 0f 44 cc 85 c9 75 04
0x00007ffb283b958e:   32 c0 eb 3c 49 8b 8a 80 01 00 00 4c 8b c0 8b d0
0x00007ffb283b959e:   48 8b 14 d1 8d 48 01 81 e1 ff ff 01 00 49 89 17
0x00007ffb283b95ae:   41 8b d4 0f 94 c2 49 c1 e8 20 44 03 c2 49 c1 e0 


Stack slot to memory mapping:
stack at sp + 0 slots: 0x0 is NULL
stack at sp + 1 slots: 0x0000001c33cff490 points into unknown readable memory: 0xffffffff00000008 | 08 00 00 00 ff ff ff ff
stack at sp + 2 slots: 0x0000001c33cff438 points into unknown readable memory: 0x000001442d12e080 | 80 e0 12 2d 44 01 00 00
stack at sp + 3 slots: 0x0 is NULL
stack at sp + 4 slots: 0x0000000000000005 is an unknown value
stack at sp + 5 slots: 0x0 is NULL
stack at sp + 6 slots: 0x0000001c33cff490 points into unknown readable memory: 0xffffffff00000008 | 08 00 00 00 ff ff ff ff
stack at sp + 7 slots: 0x00007ffb28787948 jvm.dll


---------------  P R O C E S S  ---------------

Threads class SMR info:
_java_thread_list=0x00000144547f7fe0, length=43, elements={
0x000001442d130450, 0x0000014440fc6c40, 0x0000014440fc84d0, 0x0000014443503260,
0x00000144435040d0, 0x00000144435074f0, 0x0000014443508eb0, 0x000001444350bcd0,
0x000001444350edf0, 0x000001444351bd00, 0x0000014443614ba0, 0x0000014443809430,
0x0000014444e466b0, 0x00000144453b1a40, 0x0000014444c0f0d0, 0x0000014444db0ff0,
0x0000014445019990, 0x00000144451a9720, 0x00000144451a7570, 0x00000144451a6700,
0x0000014445b13810, 0x0000014445b10cc0, 0x0000014445b141b0, 0x00000144564c7a40,
0x00000144564c06c0, 0x00000144564c2870, 0x00000144564c01f0, 0x00000144564c2d40,
0x000001444a2a8940, 0x000001444a2acca0, 0x000001444a2ad170, 0x000001444a886d70,
0x000001444a888f20, 0x000001444a8833b0, 0x000001444a2ac7d0, 0x000001444a2ab960,
0x000001444a2a97b0, 0x000001444a4fd890, 0x000001444a2ac300, 0x000001444a5020c0,
0x000001444a5038d0, 0x000001444a5050e0, 0x000001444a4fff10
}

Java Threads: ( => current thread )
  0x000001442d130450 JavaThread "main" [_thread_blocked, id=12256, stack(0x0000001c33a00000,0x0000001c33b00000)]
  0x0000014440fc6c40 JavaThread "Reference Handler" daemon [_thread_blocked, id=15584, stack(0x0000001c33d00000,0x0000001c33e00000)]
  0x0000014440fc84d0 JavaThread "Finalizer" daemon [_thread_blocked, id=16712, stack(0x0000001c33e00000,0x0000001c33f00000)]
  0x0000014443503260 JavaThread "Signal Dispatcher" daemon [_thread_blocked, id=4316, stack(0x0000001c33f00000,0x0000001c34000000)]
  0x00000144435040d0 JavaThread "Attach Listener" daemon [_thread_blocked, id=13576, stack(0x0000001c34000000,0x0000001c34100000)]
  0x00000144435074f0 JavaThread "Service Thread" daemon [_thread_blocked, id=6940, stack(0x0000001c34100000,0x0000001c34200000)]
  0x0000014443508eb0 JavaThread "Monitor Deflation Thread" daemon [_thread_blocked, id=11576, stack(0x0000001c34200000,0x0000001c34300000)]
  0x000001444350bcd0 JavaThread "C2 CompilerThread0" daemon [_thread_blocked, id=24264, stack(0x0000001c34300000,0x0000001c34400000)]
  0x000001444350edf0 JavaThread "C1 CompilerThread0" daemon [_thread_blocked, id=5276, stack(0x0000001c34400000,0x0000001c34500000)]
  0x000001444351bd00 JavaThread "Sweeper thread" daemon [_thread_blocked, id=6012, stack(0x0000001c34500000,0x0000001c34600000)]
  0x0000014443614ba0 JavaThread "Common-Cleaner" daemon [_thread_blocked, id=7960, stack(0x0000001c34600000,0x0000001c34700000)]
  0x0000014443809430 JavaThread "Notification Thread" daemon [_thread_blocked, id=24132, stack(0x0000001c34800000,0x0000001c34900000)]
  0x0000014444e466b0 JavaThread "Active Thread: Equinox Container: 247bb4bf-a047-4d3b-bdb7-5d35606303f8" [_thread_blocked, id=12516, stack(0x0000001c35000000,0x0000001c35100000)]
  0x00000144453b1a40 JavaThread "Framework Event Dispatcher: Equinox Container: 247bb4bf-a047-4d3b-bdb7-5d35606303f8" daemon [_thread_blocked, id=14232, stack(0x0000001c35100000,0x0000001c35200000)]
  0x0000014444c0f0d0 JavaThread "Start Level: Equinox Container: 247bb4bf-a047-4d3b-bdb7-5d35606303f8" daemon [_thread_blocked, id=1172, stack(0x0000001c35200000,0x0000001c35300000)]
  0x0000014444db0ff0 JavaThread "SCR Component Actor" daemon [_thread_blocked, id=1808, stack(0x0000001c35300000,0x0000001c35400000)]
  0x0000014445019990 JavaThread "Worker-JM" [_thread_blocked, id=7976, stack(0x0000001c35700000,0x0000001c35800000)]
  0x00000144451a9720 JavaThread "Java indexing" daemon [_thread_blocked, id=23928, stack(0x0000001c34700000,0x0000001c34800000)]
  0x00000144451a7570 JavaThread "pool-1-thread-1" [_thread_in_native, id=24888, stack(0x0000001c35d00000,0x0000001c35e00000)]
  0x00000144451a6700 JavaThread "Bundle File Closer" daemon [_thread_blocked, id=25324, stack(0x0000001c37100000,0x0000001c37200000)]
  0x0000014445b13810 JavaThread "Java Debug Server" daemon [_thread_in_native, id=3468, stack(0x0000001c33800000,0x0000001c33900000)]
  0x0000014445b10cc0 JavaThread "RxSchedulerPurge-1" daemon [_thread_blocked, id=15608, stack(0x0000001c35900000,0x0000001c35a00000)]
  0x0000014445b141b0 JavaThread "RxCachedWorkerPoolEvictor-1" daemon [_thread_blocked, id=3876, stack(0x0000001c35a00000,0x0000001c35b00000)]
  0x00000144564c7a40 JavaThread "pool-3-thread-7" [_thread_in_native, id=24092, stack(0x0000001c36100000,0x0000001c36200000)]
  0x00000144564c06c0 JavaThread "RxNewThreadScheduler-17" daemon [_thread_blocked, id=10592, stack(0x0000001c36200000,0x0000001c36300000)]
  0x00000144564c2870 JavaThread "Packet Receive Manager" daemon [_thread_in_native, id=18212, stack(0x0000001c36300000,0x0000001c36400000)]
  0x00000144564c01f0 JavaThread "Packet Send Manager" daemon [_thread_blocked, id=24968, stack(0x0000001c36600000,0x0000001c36700000)]
  0x00000144564c2d40 JavaThread "Event Hub" daemon [_thread_blocked, id=19820, stack(0x0000001c36500000,0x0000001c36600000)]
  0x000001444a2a8940 JavaThread "ForkJoinPool.commonPool-worker-25" daemon [_thread_blocked, id=11008, stack(0x0000001c35c00000,0x0000001c35d00000)]
  0x000001444a2acca0 JavaThread "ForkJoinPool.commonPool-worker-27" daemon [_thread_blocked, id=25856, stack(0x0000001c35e00000,0x0000001c35f00000)]
  0x000001444a2ad170 JavaThread "ForkJoinPool.commonPool-worker-29" daemon [_thread_blocked, id=27092, stack(0x0000001c34a00000,0x0000001c34b00000)]
  0x000001444a886d70 JavaThread "ForkJoinPool.commonPool-worker-34" daemon [_thread_blocked, id=16056, stack(0x0000001c33700000,0x0000001c33800000)]
  0x000001444a888f20 JavaThread "ForkJoinPool.commonPool-worker-36" daemon [_thread_blocked, id=26192, stack(0x0000001c36700000,0x0000001c36800000)]
  0x000001444a8833b0 JavaThread "ForkJoinPool.commonPool-worker-37" daemon [_thread_blocked, id=4664, stack(0x0000001c36900000,0x0000001c36a00000)]
  0x000001444a2ac7d0 JavaThread "ForkJoinPool.commonPool-worker-38" daemon [_thread_blocked, id=26340, stack(0x0000001c35800000,0x0000001c35900000)]
  0x000001444a2ab960 JavaThread "ForkJoinPool.commonPool-worker-39" daemon [_thread_blocked, id=27372, stack(0x0000001c35b00000,0x0000001c35c00000)]
  0x000001444a2a97b0 JavaThread "ForkJoinPool.commonPool-worker-40" daemon [_thread_blocked, id=26684, stack(0x0000001c35600000,0x0000001c35700000)]
  0x000001444a4fd890 JavaThread "ForkJoinPool.commonPool-worker-41" daemon [_thread_blocked, id=27128, stack(0x0000001c37300000,0x0000001c37400000)]
  0x000001444a2ac300 JavaThread "Worker-45" [_thread_blocked, id=23060, stack(0x0000001c37a00000,0x0000001c37b00000)]
  0x000001444a5020c0 JavaThread "Worker-48" [_thread_blocked, id=26040, stack(0x0000001c37800000,0x0000001c37900000)]
  0x000001444a5038d0 JavaThread "pool-395-thread-1" [_thread_blocked, id=27504, stack(0x0000001c33900000,0x0000001c33a00000)]
  0x000001444a5050e0 JavaThread "pool-396-thread-1" [_thread_blocked, id=988, stack(0x0000001c35f00000,0x0000001c36000000)]
  0x000001444a4fff10 JavaThread "pool-397-thread-1" [_thread_blocked, id=27148, stack(0x0000001c36000000,0x0000001c36100000)]

Other Threads:
  0x0000014440fc0cc0 VMThread "VM Thread" [stack: 0x0000001c33c00000,0x0000001c33d00000] [id=10016]
  0x0000014443809900 WatcherThread [stack: 0x0000001c34900000,0x0000001c34a00000] [id=21668]
  0x000001442d140ee0 GCTaskThread "GC Thread#0" [stack: 0x0000001c33b00000,0x0000001c33c00000] [id=7804]
  0x0000014443d690a0 GCTaskThread "GC Thread#1" [stack: 0x0000001c34b00000,0x0000001c34c00000] [id=12588]
  0x0000014443d69350 GCTaskThread "GC Thread#2" [stack: 0x0000001c34c00000,0x0000001c34d00000] [id=18568]
  0x0000014443d69600 GCTaskThread "GC Thread#3" [stack: 0x0000001c34d00000,0x0000001c34e00000] [id=24060]
  0x0000014443d698b0 GCTaskThread "GC Thread#4" [stack: 0x0000001c34e00000,0x0000001c34f00000] [id=7916]
  0x0000014443d69b60 GCTaskThread "GC Thread#5" [stack: 0x0000001c34f00000,0x0000001c35000000] [id=9872]
=>0x0000014445296820 GCTaskThread "GC Thread#6" [stack: 0x0000001c35400000,0x0000001c35500000] [id=6028]
  0x0000014445296ad0 GCTaskThread "GC Thread#7" [stack: 0x0000001c35500000,0x0000001c35600000] [id=3544]

Threads with active compile tasks:

VM state: at safepoint (normal execution)

VM Mutex/Monitor currently owned by a thread:  ([mutex/lock_event])
[0x000001442d12bd60] Threads_lock - owner thread: 0x0000014440fc0cc0
[0x000001442d12c0c0] Heap_lock - owner thread: 0x000001444a2acca0

Heap address: 0x00000000c0000000, size: 1024 MB, Compressed Oops mode: 32-bit

CDS archive(s) not mapped
Compressed class space mapped at: 0x0000000100000000-0x0000000140000000, reserved size: 1073741824
Narrow klass base: 0x0000000000000000, Narrow klass shift: 3, Narrow klass range: 0x140000000

GC Precious Log:
 CPUs: 8 total, 8 available
 Memory: 16317M
 Large Page Support: Disabled
 NUMA Support: Disabled
 Compressed Oops: Enabled (32-bit)
 Alignments: Space 512K, Generation 512K, Heap 2M
 Heap Min Capacity: 100M
 Heap Initial Capacity: 100M
 Heap Max Capacity: 1G
 Pre-touch: Disabled
 Parallel Workers: 8

Heap:
 PSYoungGen      total 2560K, used 2560K [0x00000000eab00000, 0x00000000eb580000, 0x0000000100000000)
  eden space 512K, 100% used [0x00000000eab00000,0x00000000eab80000,0x00000000eab80000)
  from space 2048K, 100% used [0x00000000eaf80000,0x00000000eb180000,0x00000000eb180000)
  to   space 4096K, 14% used [0x00000000eab80000,0x00000000eac10000,0x00000000eaf80000)
 ParOldGen       total 326656K, used 312225K [0x00000000c0000000, 0x00000000d3f00000, 0x00000000eab00000)
  object space 326656K, 95% used [0x00000000c0000000,0x00000000d30e8450,0x00000000d3f00000)
 Metaspace       used 106177K, committed 107584K, reserved 1146880K
  class space    used 10492K, committed 11072K, reserved 1048576K

Card table byte_map: [0x000001442caf0000,0x000001442cd00000] _byte_map_base: 0x000001442c4f0000

Marking Bits: (ParMarkBitMap*) 0x00007ffb28c52cc0
 Begin Bits: [0x000001443edd0000, 0x000001443fdd0000)
 End Bits:   [0x000001443fdd0000, 0x0000014440dd0000)

Polling page: 0x000001442b0b0000

Metaspace:

Usage:
  Non-class:     93.44 MB used.
      Class:     10.25 MB used.
       Both:    103.69 MB used.

Virtual space:
  Non-class space:       96.00 MB reserved,      94.25 MB ( 98%) committed,  12 nodes.
      Class space:        1.00 GB reserved,      10.81 MB (  1%) committed,  1 nodes.
             Both:        1.09 GB reserved,     105.06 MB (  9%) committed. 

Chunk freelists:
   Non-Class:  1.24 MB
       Class:  1.13 MB
        Both:  2.37 MB

MaxMetaspaceSize: unlimited
CompressedClassSpaceSize: 1.00 GB
Initial GC threshold: 21.00 MB
Current GC threshold: 174.94 MB
CDS: off
MetaspaceReclaimPolicy: balanced
 - commit_granule_bytes: 65536.
 - commit_granule_words: 8192.
 - virtual_space_node_default_size: 1048576.
 - enlarge_chunks_in_place: 1.
 - new_chunks_are_fully_committed: 0.
 - uncommit_free_chunks: 1.
 - use_allocation_guard: 0.
 - handle_deallocations: 1.


Internal statistics:

num_allocs_failed_limit: 6.
num_arena_births: 1366.
num_arena_deaths: 466.
num_vsnodes_births: 13.
num_vsnodes_deaths: 0.
num_space_committed: 1682.
num_space_uncommitted: 1.
num_chunks_returned_to_freelist: 611.
num_chunks_taken_from_freelist: 6161.
num_chunk_merges: 214.
num_chunk_splits: 3627.
num_chunks_enlarged: 2033.
num_purges: 26.
num_inconsistent_stats: 0.

CodeHeap 'non-profiled nmethods': size=120000Kb used=38910Kb max_used=38961Kb free=81089Kb
 bounds [0x00000144378a0000, 0x0000014439eb0000, 0x000001443edd0000]
CodeHeap 'profiled nmethods': size=120000Kb used=47022Kb max_used=47531Kb free=72977Kb
 bounds [0x0000014430370000, 0x0000014433230000, 0x00000144378a0000]
CodeHeap 'non-nmethods': size=5760Kb used=1484Kb max_used=1623Kb free=4276Kb
 bounds [0x000001442fdd0000, 0x0000014430040000, 0x0000014430370000]
 total_blobs=24402 nmethods=23560 adapters=749
 compilation: enabled
              stopped_count=0, restarted_count=0
 full_count=0

Compilation events (20 events):
Event: 6915.998 Thread 0x000001444350edf0 35299       3       org.eclipse.jdt.core.manipulation.CodeGeneration::getTypeComment (11 bytes)
Event: 6915.998 Thread 0x000001444350edf0 nmethod 35299 0x0000014430c43a10 code [0x0000014430c43ba0, 0x0000014430c43cc8]
Event: 6918.992 Thread 0x000001444350edf0 35300       3       org.eclipse.jdt.internal.compiler.lookup.ImplicitNullAnnotationVerifier::getParameterNonNullness (72 bytes)
Event: 6918.992 Thread 0x000001444350edf0 nmethod 35300 0x00000144330e1a10 code [0x00000144330e1c00, 0x00000144330e20f8]
Event: 6922.411 Thread 0x000001444350edf0 35301       3       org.eclipse.jdt.internal.core.manipulation.dom.NecessaryParenthesesChecker::needsParentheses (8 bytes)
Event: 6922.411 Thread 0x000001444350edf0 nmethod 35301 0x000001443133c210 code [0x000001443133c3a0, 0x000001443133c4c8]
Event: 6922.411 Thread 0x000001444350edf0 35302       3       org.eclipse.jdt.internal.core.manipulation.dom.NecessaryParenthesesChecker::needsParentheses (152 bytes)
Event: 6922.413 Thread 0x000001444350edf0 nmethod 35302 0x0000014431741c10 code [0x0000014431741ec0, 0x0000014431742f18]
Event: 6922.415 Thread 0x000001444350edf0 35303       3       org.eclipse.jdt.core.dom.rewrite.TargetSourceRangeComputer::computeSourceRange (51 bytes)
Event: 6922.415 Thread 0x000001444350edf0 nmethod 35303 0x0000014430688190 code [0x00000144306883a0, 0x0000014430688a28]
Event: 6922.416 Thread 0x000001444350edf0 35304       3       org.eclipse.text.edits.TextEdit::postProcessCopy (1 bytes)
Event: 6922.416 Thread 0x000001444350edf0 nmethod 35304 0x00000144317af410 code [0x00000144317af5a0, 0x00000144317af6b8]
Event: 6922.420 Thread 0x000001444350edf0 35305   !   3       org.eclipse.jdt.internal.compiler.parser.diagnose.DiagnoseParser::diagnoseParse (1303 bytes)
Event: 6922.422 Thread 0x000001444350edf0 nmethod 35305 0x0000014432a55410 code [0x0000014432a55a00, 0x0000014432a58cf8]
Event: 6927.173 Thread 0x000001444350edf0 35306       3       com.microsoft.jdtls.intellicode.core.CompletionProvider$1::beginTask (12 bytes)
Event: 6927.173 Thread 0x000001444350edf0 nmethod 35306 0x0000014431aef810 code [0x0000014431aef9a0, 0x0000014431aefad8]
Event: 6927.177 Thread 0x000001444350edf0 35307       3       org.eclipse.jdt.internal.codeassist.CompletionEngine::computeRelevanceForExpectingType (245 bytes)
Event: 6927.178 Thread 0x000001444350edf0 nmethod 35307 0x0000014432759590 code [0x0000014432759940, 0x000001443275b308]
Event: 6927.184 Thread 0x000001444350bcd0 35308   !   4       org.eclipse.jdt.internal.codeassist.InternalExtendedCompletionContext::getVisibleElements (533 bytes)
Event: 6927.235 Thread 0x000001444350bcd0 nmethod 35308 0x0000014439d34a10 code [0x0000014439d34f00, 0x0000014439d38a10]

GC Heap History (20 events):
Event: 6927.941 GC heap after
{Heap after GC invocations=17770 (full 382):
 PSYoungGen      total 3584K, used 1568K [0x00000000eab00000, 0x00000000eb080000, 0x0000000100000000)
  eden space 1536K, 0% used [0x00000000eab00000,0x00000000eab00000,0x00000000eac80000)
  from space 2048K, 76% used [0x00000000eac80000,0x00000000eae08000,0x00000000eae80000)
  to   space 2048K, 0% used [0x00000000eae80000,0x00000000eae80000,0x00000000eb080000)
 ParOldGen       total 326656K, used 299825K [0x00000000c0000000, 0x00000000d3f00000, 0x00000000eab00000)
  object space 326656K, 91% used [0x00000000c0000000,0x00000000d24cc4e0,0x00000000d3f00000)
 Metaspace       used 106177K, committed 107584K, reserved 1146880K
  class space    used 10492K, committed 11072K, reserved 1048576K
}
Event: 6927.943 GC heap before
{Heap before GC invocations=17771 (full 382):
 PSYoungGen      total 3584K, used 3104K [0x00000000eab00000, 0x00000000eb080000, 0x0000000100000000)
  eden space 1536K, 100% used [0x00000000eab00000,0x00000000eac80000,0x00000000eac80000)
  from space 2048K, 76% used [0x00000000eac80000,0x00000000eae08000,0x00000000eae80000)
  to   space 2048K, 0% used [0x00000000eae80000,0x00000000eae80000,0x00000000eb080000)
 ParOldGen       total 326656K, used 299825K [0x00000000c0000000, 0x00000000d3f00000, 0x00000000eab00000)
  object space 326656K, 91% used [0x00000000c0000000,0x00000000d24cc4e0,0x00000000d3f00000)
 Metaspace       used 106177K, committed 107584K, reserved 1146880K
  class space    used 10492K, committed 11072K, reserved 1048576K
}
Event: 6927.945 GC heap after
{Heap after GC invocations=17771 (full 382):
 PSYoungGen      total 3584K, used 1600K [0x00000000eab00000, 0x00000000eb100000, 0x0000000100000000)
  eden space 1536K, 0% used [0x00000000eab00000,0x00000000eab00000,0x00000000eac80000)
  from space 2048K, 78% used [0x00000000eae80000,0x00000000eb010000,0x00000000eb080000)
  to   space 2048K, 0% used [0x00000000eac80000,0x00000000eac80000,0x00000000eae80000)
 ParOldGen       total 326656K, used 301313K [0x00000000c0000000, 0x00000000d3f00000, 0x00000000eab00000)
  object space 326656K, 92% used [0x00000000c0000000,0x00000000d26404e0,0x00000000d3f00000)
 Metaspace       used 106177K, committed 107584K, reserved 1146880K
  class space    used 10492K, committed 11072K, reserved 1048576K
}
Event: 6927.947 GC heap before
{Heap before GC invocations=17772 (full 382):
 PSYoungGen      total 3584K, used 3136K [0x00000000eab00000, 0x00000000eb100000, 0x0000000100000000)
  eden space 1536K, 100% used [0x00000000eab00000,0x00000000eac80000,0x00000000eac80000)
  from space 2048K, 78% used [0x00000000eae80000,0x00000000eb010000,0x00000000eb080000)
  to   space 2048K, 0% used [0x00000000eac80000,0x00000000eac80000,0x00000000eae80000)
 ParOldGen       total 326656K, used 301313K [0x00000000c0000000, 0x00000000d3f00000, 0x00000000eab00000)
  object space 326656K, 92% used [0x00000000c0000000,0x00000000d26404e0,0x00000000d3f00000)
 Metaspace       used 106177K, committed 107584K, reserved 1146880K
  class space    used 10492K, committed 11072K, reserved 1048576K
}
Event: 6927.948 GC heap after
{Heap after GC invocations=17772 (full 382):
 PSYoungGen      total 3584K, used 768K [0x00000000eab00000, 0x00000000eb000000, 0x0000000100000000)
  eden space 1536K, 0% used [0x00000000eab00000,0x00000000eab00000,0x00000000eac80000)
  from space 2048K, 37% used [0x00000000eac80000,0x00000000ead40000,0x00000000eae80000)
  to   space 1536K, 0% used [0x00000000eae80000,0x00000000eae80000,0x00000000eb000000)
 ParOldGen       total 326656K, used 302825K [0x00000000c0000000, 0x00000000d3f00000, 0x00000000eab00000)
  object space 326656K, 92% used [0x00000000c0000000,0x00000000d27ba4e0,0x00000000d3f00000)
 Metaspace       used 106177K, committed 107584K, reserved 1146880K
  class space    used 10492K, committed 11072K, reserved 1048576K
}
Event: 6927.951 GC heap before
{Heap before GC invocations=17773 (full 382):
 PSYoungGen      total 3584K, used 2304K [0x00000000eab00000, 0x00000000eb000000, 0x0000000100000000)
  eden space 1536K, 100% used [0x00000000eab00000,0x00000000eac80000,0x00000000eac80000)
  from space 2048K, 37% used [0x00000000eac80000,0x00000000ead40000,0x00000000eae80000)
  to   space 1536K, 0% used [0x00000000eae80000,0x00000000eae80000,0x00000000eb000000)
 ParOldGen       total 326656K, used 302825K [0x00000000c0000000, 0x00000000d3f00000, 0x00000000eab00000)
  object space 326656K, 92% used [0x00000000c0000000,0x00000000d27ba4e0,0x00000000d3f00000)
 Metaspace       used 106177K, committed 107584K, reserved 1146880K
  class space    used 10492K, committed 11072K, reserved 1048576K
}
Event: 6927.951 GC heap after
{Heap after GC invocations=17773 (full 382):
 PSYoungGen      total 2560K, used 256K [0x00000000eab00000, 0x00000000eaf00000, 0x0000000100000000)
  eden space 2048K, 0% used [0x00000000eab00000,0x00000000eab00000,0x00000000ead00000)
  from space 512K, 50% used [0x00000000eae80000,0x00000000eaec0000,0x00000000eaf00000)
  to   space 512K, 0% used [0x00000000eae00000,0x00000000eae00000,0x00000000eae80000)
 ParOldGen       total 326656K, used 303498K [0x00000000c0000000, 0x00000000d3f00000, 0x00000000eab00000)
  object space 326656K, 92% used [0x00000000c0000000,0x00000000d28629f0,0x00000000d3f00000)
 Metaspace       used 106177K, committed 107584K, reserved 1146880K
  class space    used 10492K, committed 11072K, reserved 1048576K
}
Event: 6927.955 GC heap before
{Heap before GC invocations=17774 (full 382):
 PSYoungGen      total 2560K, used 2303K [0x00000000eab00000, 0x00000000eaf00000, 0x0000000100000000)
  eden space 2048K, 99% used [0x00000000eab00000,0x00000000eacfffe8,0x00000000ead00000)
  from space 512K, 50% used [0x00000000eae80000,0x00000000eaec0000,0x00000000eaf00000)
  to   space 512K, 0% used [0x00000000eae00000,0x00000000eae00000,0x00000000eae80000)
 ParOldGen       total 326656K, used 303498K [0x00000000c0000000, 0x00000000d3f00000, 0x00000000eab00000)
  object space 326656K, 92% used [0x00000000c0000000,0x00000000d28629f0,0x00000000d3f00000)
 Metaspace       used 106177K, committed 107584K, reserved 1146880K
  class space    used 10492K, committed 11072K, reserved 1048576K
}
Event: 6927.955 GC heap after
{Heap after GC invocations=17774 (full 382):
 PSYoungGen      total 3072K, used 510K [0x00000000eab00000, 0x00000000eaf80000, 0x0000000100000000)
  eden space 2560K, 0% used [0x00000000eab00000,0x00000000eab00000,0x00000000ead80000)
  from space 512K, 99% used [0x00000000eae00000,0x00000000eae7f800,0x00000000eae80000)
  to   space 1024K, 0% used [0x00000000eae80000,0x00000000eae80000,0x00000000eaf80000)
 ParOldGen       total 326656K, used 303751K [0x00000000c0000000, 0x00000000d3f00000, 0x00000000eab00000)
  object space 326656K, 92% used [0x00000000c0000000,0x00000000d28a1df0,0x00000000d3f00000)
 Metaspace       used 106177K, committed 107584K, reserved 1146880K
  class space    used 10492K, committed 11072K, reserved 1048576K
}
Event: 6927.959 GC heap before
{Heap before GC invocations=17775 (full 382):
 PSYoungGen      total 3072K, used 3070K [0x00000000eab00000, 0x00000000eaf80000, 0x0000000100000000)
  eden space 2560K, 100% used [0x00000000eab00000,0x00000000ead80000,0x00000000ead80000)
  from space 512K, 99% used [0x00000000eae00000,0x00000000eae7f800,0x00000000eae80000)
  to   space 1024K, 0% used [0x00000000eae80000,0x00000000eae80000,0x00000000eaf80000)
 ParOldGen       total 326656K, used 303751K [0x00000000c0000000, 0x00000000d3f00000, 0x00000000eab00000)
  object space 326656K, 92% used [0x00000000c0000000,0x00000000d28a1df0,0x00000000d3f00000)
 Metaspace       used 106177K, committed 107584K, reserved 1146880K
  class space    used 10492K, committed 11072K, reserved 1048576K
}
Event: 6927.960 GC heap after
{Heap after GC invocations=17775 (full 382):
 PSYoungGen      total 2560K, used 1009K [0x00000000eab00000, 0x00000000eb200000, 0x0000000100000000)
  eden space 1536K, 0% used [0x00000000eab00000,0x00000000eab00000,0x00000000eac80000)
  from space 1024K, 98% used [0x00000000eae80000,0x00000000eaf7c730,0x00000000eaf80000)
  to   space 2048K, 0% used [0x00000000eac80000,0x00000000eac80000,0x00000000eae80000)
 ParOldGen       total 326656K, used 304381K [0x00000000c0000000, 0x00000000d3f00000, 0x00000000eab00000)
  object space 326656K, 93% used [0x00000000c0000000,0x00000000d293f5f0,0x00000000d3f00000)
 Metaspace       used 106177K, committed 107584K, reserved 1146880K
  class space    used 10492K, committed 11072K, reserved 1048576K
}
Event: 6927.962 GC heap before
{Heap before GC invocations=17776 (full 382):
 PSYoungGen      total 2560K, used 2545K [0x00000000eab00000, 0x00000000eb200000, 0x0000000100000000)
  eden space 1536K, 100% used [0x00000000eab00000,0x00000000eac80000,0x00000000eac80000)
  from space 1024K, 98% used [0x00000000eae80000,0x00000000eaf7c730,0x00000000eaf80000)
  to   space 2048K, 0% used [0x00000000eac80000,0x00000000eac80000,0x00000000eae80000)
 ParOldGen       total 326656K, used 304381K [0x00000000c0000000, 0x00000000d3f00000, 0x00000000eab00000)
  object space 326656K, 93% used [0x00000000c0000000,0x00000000d293f5f0,0x00000000d3f00000)
 Metaspace       used 106177K, committed 107584K, reserved 1146880K
  class space    used 10492K, committed 11072K, reserved 1048576K
}
Event: 6927.963 GC heap after
{Heap after GC invocations=17776 (full 382):
 PSYoungGen      total 3584K, used 1632K [0x00000000eab00000, 0x00000000eb100000, 0x0000000100000000)
  eden space 1536K, 0% used [0x00000000eab00000,0x00000000eab00000,0x00000000eac80000)
  from space 2048K, 79% used [0x00000000eac80000,0x00000000eae18000,0x00000000eae80000)
  to   space 2048K, 0% used [0x00000000eaf00000,0x00000000eaf00000,0x00000000eb100000)
 ParOldGen       total 326656K, used 305431K [0x00000000c0000000, 0x00000000d3f00000, 0x00000000eab00000)
  object space 326656K, 93% used [0x00000000c0000000,0x00000000d2a45d20,0x00000000d3f00000)
 Metaspace       used 106177K, committed 107584K, reserved 1146880K
  class space    used 10492K, committed 11072K, reserved 1048576K
}
Event: 6927.965 GC heap before
{Heap before GC invocations=17777 (full 382):
 PSYoungGen      total 3584K, used 3168K [0x00000000eab00000, 0x00000000eb100000, 0x0000000100000000)
  eden space 1536K, 100% used [0x00000000eab00000,0x00000000eac80000,0x00000000eac80000)
  from space 2048K, 79% used [0x00000000eac80000,0x00000000eae18000,0x00000000eae80000)
  to   space 2048K, 0% used [0x00000000eaf00000,0x00000000eaf00000,0x00000000eb100000)
 ParOldGen       total 326656K, used 305431K [0x00000000c0000000, 0x00000000d3f00000, 0x00000000eab00000)
  object space 326656K, 93% used [0x00000000c0000000,0x00000000d2a45d20,0x00000000d3f00000)
 Metaspace       used 106177K, committed 107584K, reserved 1146880K
  class space    used 10492K, committed 11072K, reserved 1048576K
}
Event: 6927.966 GC heap after
{Heap after GC invocations=17777 (full 382):
 PSYoungGen      total 4096K, used 1600K [0x00000000eab00000, 0x00000000eb100000, 0x0000000100000000)
  eden space 2048K, 0% used [0x00000000eab00000,0x00000000eab00000,0x00000000ead00000)
  from space 2048K, 78% used [0x00000000eaf00000,0x00000000eb090000,0x00000000eb100000)
  to   space 2048K, 0% used [0x00000000ead00000,0x00000000ead00000,0x00000000eaf00000)
 ParOldGen       total 326656K, used 306959K [0x00000000c0000000, 0x00000000d3f00000, 0x00000000eab00000)
  object space 326656K, 93% used [0x00000000c0000000,0x00000000d2bc3d20,0x00000000d3f00000)
 Metaspace       used 106177K, committed 107584K, reserved 1146880K
  class space    used 10492K, committed 11072K, reserved 1048576K
}
Event: 6927.970 GC heap before
{Heap before GC invocations=17778 (full 382):
 PSYoungGen      total 4096K, used 3648K [0x00000000eab00000, 0x00000000eb100000, 0x0000000100000000)
  eden space 2048K, 100% used [0x00000000eab00000,0x00000000ead00000,0x00000000ead00000)
  from space 2048K, 78% used [0x00000000eaf00000,0x00000000eb090000,0x00000000eb100000)
  to   space 2048K, 0% used [0x00000000ead00000,0x00000000ead00000,0x00000000eaf00000)
 ParOldGen       total 326656K, used 306959K [0x00000000c0000000, 0x00000000d3f00000, 0x00000000eab00000)
  object space 326656K, 93% used [0x00000000c0000000,0x00000000d2bc3d20,0x00000000d3f00000)
 Metaspace       used 106177K, committed 107584K, reserved 1146880K
  class space    used 10492K, committed 11072K, reserved 1048576K
}
Event: 6927.971 GC heap after
{Heap after GC invocations=17778 (full 382):
 PSYoungGen      total 4096K, used 1777K [0x00000000eab00000, 0x00000000eb180000, 0x0000000100000000)
  eden space 2048K, 0% used [0x00000000eab00000,0x00000000eab00000,0x00000000ead00000)
  from space 2048K, 86% used [0x00000000ead00000,0x00000000eaebc730,0x00000000eaf00000)
  to   space 2048K, 0% used [0x00000000eaf80000,0x00000000eaf80000,0x00000000eb180000)
 ParOldGen       total 326656K, used 308503K [0x00000000c0000000, 0x00000000d3f00000, 0x00000000eab00000)
  object space 326656K, 94% used [0x00000000c0000000,0x00000000d2d45d20,0x00000000d3f00000)
 Metaspace       used 106177K, committed 107584K, reserved 1146880K
  class space    used 10492K, committed 11072K, reserved 1048576K
}
Event: 6927.974 GC heap before
{Heap before GC invocations=17779 (full 382):
 PSYoungGen      total 4096K, used 3825K [0x00000000eab00000, 0x00000000eb180000, 0x0000000100000000)
  eden space 2048K, 99% used [0x00000000eab00000,0x00000000eacfffb8,0x00000000ead00000)
  from space 2048K, 86% used [0x00000000ead00000,0x00000000eaebc730,0x00000000eaf00000)
  to   space 2048K, 0% used [0x00000000eaf80000,0x00000000eaf80000,0x00000000eb180000)
 ParOldGen       total 326656K, used 308503K [0x00000000c0000000, 0x00000000d3f00000, 0x00000000eab00000)
  object space 326656K, 94% used [0x00000000c0000000,0x00000000d2d45d20,0x00000000d3f00000)
 Metaspace       used 106177K, committed 107584K, reserved 1146880K
  class space    used 10492K, committed 11072K, reserved 1048576K
}
Event: 6927.975 GC heap after
{Heap after GC invocations=17779 (full 382):
 PSYoungGen      total 2560K, used 2048K [0x00000000eab00000, 0x00000000eb580000, 0x0000000100000000)
  eden space 512K, 0% used [0x00000000eab00000,0x00000000eab00000,0x00000000eab80000)
  from space 2048K, 100% used [0x00000000eaf80000,0x00000000eb180000,0x00000000eb180000)
  to   space 4096K, 0% used [0x00000000eab80000,0x00000000eab80000,0x00000000eaf80000)
 ParOldGen       total 326656K, used 310169K [0x00000000c0000000, 0x00000000d3f00000, 0x00000000eab00000)
  object space 326656K, 94% used [0x00000000c0000000,0x00000000d2ee6450,0x00000000d3f00000)
 Metaspace       used 106177K, committed 107584K, reserved 1146880K
  class space    used 10492K, committed 11072K, reserved 1048576K
}
Event: 6927.976 GC heap before
{Heap before GC invocations=17780 (full 382):
 PSYoungGen      total 2560K, used 2560K [0x00000000eab00000, 0x00000000eb580000, 0x0000000100000000)
  eden space 512K, 100% used [0x00000000eab00000,0x00000000eab80000,0x00000000eab80000)
  from space 2048K, 100% used [0x00000000eaf80000,0x00000000eb180000,0x00000000eb180000)
  to   space 4096K, 0% used [0x00000000eab80000,0x00000000eab80000,0x00000000eaf80000)
 ParOldGen       total 326656K, used 310169K [0x00000000c0000000, 0x00000000d3f00000, 0x00000000eab00000)
  object space 326656K, 94% used [0x00000000c0000000,0x00000000d2ee6450,0x00000000d3f00000)
 Metaspace       used 106177K, committed 107584K, reserved 1146880K
  class space    used 10492K, committed 11072K, reserved 1048576K
}

Deoptimization events (20 events):
Event: 6794.373 Thread 0x000001444a2acca0 DEOPT PACKING pc=0x0000014439ac67d8 sp=0x0000001c35efe150
Event: 6794.373 Thread 0x000001444a2acca0 DEOPT UNPACKING pc=0x000001442fe220a3 sp=0x0000001c35efe0e0 mode 2
Event: 6794.374 Thread 0x000001444a2acca0 Uncommon trap: trap_request=0xffffffc6 fr.pc=0x0000014438977690 relative=0x0000000000000410
Event: 6794.374 Thread 0x000001444a2acca0 Uncommon trap: reason=bimorphic_or_optimized_type_check action=maybe_recompile pc=0x0000014438977690 method=org.eclipse.jdt.internal.compiler.parser.Parser.recoveryTokenCheck()V @ 190 c2
Event: 6794.374 Thread 0x000001444a2acca0 DEOPT PACKING pc=0x0000014438977690 sp=0x0000001c35efdda0
Event: 6794.374 Thread 0x000001444a2acca0 DEOPT UNPACKING pc=0x000001442fe220a3 sp=0x0000001c35efdd28 mode 2
Event: 6794.737 Thread 0x000001444a2ac300 Uncommon trap: trap_request=0xffffff45 fr.pc=0x0000014438e416b8 relative=0x0000000000001958
Event: 6794.737 Thread 0x000001444a2ac300 Uncommon trap: reason=unstable_if action=reinterpret pc=0x0000014438e416b8 method=org.eclipse.jdt.internal.compiler.parser.Scanner.internalScanIdentifierOrKeyword(II[C)I @ 3900 c2
Event: 6794.737 Thread 0x000001444a2ac300 DEOPT PACKING pc=0x0000014438e416b8 sp=0x0000001c37afe7d0
Event: 6794.737 Thread 0x000001444a2ac300 DEOPT UNPACKING pc=0x000001442fe220a3 sp=0x0000001c37afe770 mode 2
Event: 6794.936 Thread 0x000001444a2acca0 Uncommon trap: trap_request=0xffffffde fr.pc=0x0000014439ac67d8 relative=0x0000000000002778
Event: 6794.936 Thread 0x000001444a2acca0 Uncommon trap: reason=class_check action=maybe_recompile pc=0x0000014439ac67d8 method=org.eclipse.jdt.internal.codeassist.complete.CompletionParser.attachOrphanCompletionNode()V @ 2321 c2
Event: 6794.936 Thread 0x000001444a2acca0 DEOPT PACKING pc=0x0000014439ac67d8 sp=0x0000001c35efe0b0
Event: 6794.936 Thread 0x000001444a2acca0 DEOPT UNPACKING pc=0x000001442fe220a3 sp=0x0000001c35efe040 mode 2
Event: 6922.415 Thread 0x000001444a2acca0 DEOPT PACKING pc=0x0000014431c98a44 sp=0x0000001c35efde40
Event: 6922.415 Thread 0x000001444a2acca0 DEOPT UNPACKING pc=0x000001442fe22843 sp=0x0000001c35efd2a8 mode 0
Event: 6922.420 Thread 0x000001444a2acca0 Uncommon trap: trap_request=0xffffff45 fr.pc=0x0000014439196404 relative=0x0000000000004704
Event: 6922.420 Thread 0x000001444a2acca0 Uncommon trap: reason=unstable_if action=reinterpret pc=0x0000014439196404 method=org.eclipse.jdt.internal.compiler.parser.diagnose.DiagnoseParser.diagnoseParse(Z)V @ 961 c2
Event: 6922.420 Thread 0x000001444a2acca0 DEOPT PACKING pc=0x0000014439196404 sp=0x0000001c35efe440
Event: 6922.420 Thread 0x000001444a2acca0 DEOPT UNPACKING pc=0x000001442fe220a3 sp=0x0000001c35efe3c8 mode 2

Classes unloaded (20 events):
Event: 3966.535 Thread 0x0000014440fc0cc0 Unloading class 0x0000000100a41000 'jdk/internal/reflect/GeneratedSerializationConstructorAccessor46'
Event: 3966.535 Thread 0x0000014440fc0cc0 Unloading class 0x0000000100a40c00 'jdk/internal/reflect/GeneratedSerializationConstructorAccessor45'
Event: 3966.535 Thread 0x0000014440fc0cc0 Unloading class 0x0000000100a40800 'jdk/internal/reflect/GeneratedSerializationConstructorAccessor44'
Event: 3966.535 Thread 0x0000014440fc0cc0 Unloading class 0x0000000100a40400 'jdk/internal/reflect/GeneratedSerializationConstructorAccessor43'
Event: 3966.535 Thread 0x0000014440fc0cc0 Unloading class 0x0000000100a40000 'jdk/internal/reflect/GeneratedSerializationConstructorAccessor42'
Event: 3966.535 Thread 0x0000014440fc0cc0 Unloading class 0x0000000100a3dc00 'jdk/internal/reflect/GeneratedSerializationConstructorAccessor41'
Event: 3966.535 Thread 0x0000014440fc0cc0 Unloading class 0x0000000100a3d800 'jdk/internal/reflect/GeneratedSerializationConstructorAccessor40'
Event: 3966.535 Thread 0x0000014440fc0cc0 Unloading class 0x0000000100820000 'jdk/internal/reflect/GeneratedConstructorAccessor44'
Event: 3966.535 Thread 0x0000014440fc0cc0 Unloading class 0x00000001005a2800 'jdk/internal/reflect/GeneratedSerializationConstructorAccessor6'
Event: 5124.747 Thread 0x0000014440fc0cc0 Unloading class 0x00000001005a2800 'jdk/internal/reflect/GeneratedConstructorAccessor109'
Event: 5124.747 Thread 0x0000014440fc0cc0 Unloading class 0x0000000100820000 'jdk/internal/reflect/GeneratedConstructorAccessor108'
Event: 5124.747 Thread 0x0000014440fc0cc0 Unloading class 0x0000000100a47000 'jdk/internal/reflect/GeneratedConstructorAccessor107'
Event: 5124.747 Thread 0x0000014440fc0cc0 Unloading class 0x00000001009c8c00 'jdk/internal/reflect/GeneratedConstructorAccessor106'
Event: 5124.747 Thread 0x0000014440fc0cc0 Unloading class 0x0000000100abc000 'jdk/internal/reflect/GeneratedConstructorAccessor105'
Event: 5984.450 Thread 0x0000014440fc0cc0 Unloading class 0x0000000100abcc00 'jdk/internal/reflect/GeneratedConstructorAccessor103'
Event: 6066.088 Thread 0x0000014440fc0cc0 Unloading class 0x00000001005a2800 'jdk/internal/reflect/GeneratedConstructorAccessor111'
Event: 6921.617 Thread 0x0000014440fc0cc0 Unloading class 0x0000000100adcc00 'jdk/internal/reflect/GeneratedSerializationConstructorAccessor98'
Event: 6921.617 Thread 0x0000014440fc0cc0 Unloading class 0x0000000100adc800 'jdk/internal/reflect/GeneratedSerializationConstructorAccessor97'
Event: 6921.617 Thread 0x0000014440fc0cc0 Unloading class 0x0000000100adc400 'jdk/internal/reflect/GeneratedSerializationConstructorAccessor96'
Event: 6921.617 Thread 0x0000014440fc0cc0 Unloading class 0x0000000100adc000 'jdk/internal/reflect/GeneratedSerializationConstructorAccessor95'

Classes redefined (0 events):
No events

Internal exceptions (20 events):
Event: 6771.460 Thread 0x000001444a4febd0 Exception <a 'java/lang/ClassNotFoundException'{0x00000000eace6fd8}: sun/net/www/protocol/jdt/Handler> (0x00000000eace6fd8) 
thrown [s\src\hotspot\share\classfile\systemDictionary.cpp, line 256]
Event: 6771.460 Thread 0x000001444a4febd0 Exception <a 'java/lang/ClassNotFoundException'{0x00000000eacea978}: sun/net/www/protocol/jdt/Handler> (0x00000000eacea978) 
thrown [s\src\hotspot\share\classfile\systemDictionary.cpp, line 256]
Event: 6771.460 Thread 0x000001444a4febd0 Exception <a 'java/lang/ClassNotFoundException'{0x00000000eacede28}: sun/net/www/protocol/jdt/Handler> (0x00000000eacede28) 
thrown [s\src\hotspot\share\classfile\systemDictionary.cpp, line 256]
Event: 6771.759 Thread 0x000001444a4ff0a0 Exception <a 'java/lang/ClassNotFoundException'{0x00000000ead2be78}: sun/net/www/protocol/jdt/Handler> (0x00000000ead2be78) 
thrown [s\src\hotspot\share\classfile\systemDictionary.cpp, line 256]
Event: 6772.035 Thread 0x000001444a4ffa40 Exception <a 'java/lang/ClassNotFoundException'{0x00000000eab6a468}: sun/net/www/protocol/jdt/Handler> (0x00000000eab6a468) 
thrown [s\src\hotspot\share\classfile\systemDictionary.cpp, line 256]
Event: 6772.035 Thread 0x000001444a4ffa40 Exception <a 'java/lang/ClassNotFoundException'{0x00000000eab7e9a0}: sun/net/www/protocol/jdt/Handler> (0x00000000eab7e9a0) 
thrown [s\src\hotspot\share\classfile\systemDictionary.cpp, line 256]
Event: 6772.035 Thread 0x000001444a4ffa40 Exception <a 'java/lang/ClassNotFoundException'{0x00000000eab80b60}: sun/net/www/protocol/jdt/Handler> (0x00000000eab80b60) 
thrown [s\src\hotspot\share\classfile\systemDictionary.cpp, line 256]
Event: 6772.035 Thread 0x000001444a4ffa40 Exception <a 'java/lang/ClassNotFoundException'{0x00000000eab84018}: sun/net/www/protocol/jdt/Handler> (0x00000000eab84018) 
thrown [s\src\hotspot\share\classfile\systemDictionary.cpp, line 256]
Event: 6772.035 Thread 0x000001444a4ffa40 Exception <a 'java/lang/ClassNotFoundException'{0x00000000eab87280}: sun/net/www/protocol/jdt/Handler> (0x00000000eab87280) 
thrown [s\src\hotspot\share\classfile\systemDictionary.cpp, line 256]
Event: 6772.035 Thread 0x000001444a4ffa40 Exception <a 'java/lang/ClassNotFoundException'{0x00000000eab8c4e0}: sun/net/www/protocol/jdt/Handler> (0x00000000eab8c4e0) 
thrown [s\src\hotspot\share\classfile\systemDictionary.cpp, line 256]
Event: 6772.975 Thread 0x000001444a4fff10 Exception <a 'java/lang/ClassNotFoundException'{0x00000000eabe2450}: sun/net/www/protocol/jdt/Handler> (0x00000000eabe2450) 
thrown [s\src\hotspot\share\classfile\systemDictionary.cpp, line 256]
Event: 6772.975 Thread 0x000001444a4fff10 Exception <a 'java/lang/ClassNotFoundException'{0x00000000eabe56b8}: sun/net/www/protocol/jdt/Handler> (0x00000000eabe56b8) 
thrown [s\src\hotspot\share\classfile\systemDictionary.cpp, line 256]
Event: 6798.712 Thread 0x00000144451a9720 Exception <a 'sun/nio/fs/WindowsException'{0x00000000eabf7cf0}> (0x00000000eabf7cf0) 
thrown [s\src\hotspot\share\prims\jni.cpp, line 516]
Event: 6799.021 Thread 0x00000144451a9720 Exception <a 'sun/nio/fs/WindowsException'{0x00000000eab050e8}> (0x00000000eab050e8) 
thrown [s\src\hotspot\share\prims\jni.cpp, line 516]
Event: 6826.317 Thread 0x000001444a5038d0 Exception <a 'java/lang/ClassNotFoundException'{0x00000000eac97c00}: sun/net/www/protocol/jdt/Handler> (0x00000000eac97c00) 
thrown [s\src\hotspot\share\classfile\systemDictionary.cpp, line 256]
Event: 6826.317 Thread 0x000001444a5038d0 Exception <a 'java/lang/ClassNotFoundException'{0x00000000eac9a198}: sun/net/www/protocol/jdt/Handler> (0x00000000eac9a198) 
thrown [s\src\hotspot\share\classfile\systemDictionary.cpp, line 256]
Event: 6828.362 Thread 0x00000144451a9720 Exception <a 'sun/nio/fs/WindowsException'{0x00000000eabf9f10}> (0x00000000eabf9f10) 
thrown [s\src\hotspot\share\prims\jni.cpp, line 516]
Event: 6828.658 Thread 0x00000144451a9720 Exception <a 'sun/nio/fs/WindowsException'{0x00000000eade3cb0}> (0x00000000eade3cb0) 
thrown [s\src\hotspot\share\prims\jni.cpp, line 516]
Event: 6927.508 Thread 0x000001444a4fff10 Exception <a 'java/lang/ClassNotFoundException'{0x00000000eab22328}: sun/net/www/protocol/jdt/Handler> (0x00000000eab22328) 
thrown [s\src\hotspot\share\classfile\systemDictionary.cpp, line 256]
Event: 6927.508 Thread 0x000001444a4fff10 Exception <a 'java/lang/ClassNotFoundException'{0x00000000eab2de10}: sun/net/www/protocol/jdt/Handler> (0x00000000eab2de10) 
thrown [s\src\hotspot\share\classfile\systemDictionary.cpp, line 256]

VM Operations (20 events):
Event: 6927.941 Executing VM operation: ParallelGCFailedAllocation done
Event: 6927.943 Executing VM operation: ParallelGCFailedAllocation
Event: 6927.945 Executing VM operation: ParallelGCFailedAllocation done
Event: 6927.947 Executing VM operation: ParallelGCFailedAllocation
Event: 6927.948 Executing VM operation: ParallelGCFailedAllocation done
Event: 6927.950 Executing VM operation: ParallelGCFailedAllocation
Event: 6927.951 Executing VM operation: ParallelGCFailedAllocation done
Event: 6927.955 Executing VM operation: ParallelGCFailedAllocation
Event: 6927.955 Executing VM operation: ParallelGCFailedAllocation done
Event: 6927.959 Executing VM operation: ParallelGCFailedAllocation
Event: 6927.960 Executing VM operation: ParallelGCFailedAllocation done
Event: 6927.962 Executing VM operation: ParallelGCFailedAllocation
Event: 6927.963 Executing VM operation: ParallelGCFailedAllocation done
Event: 6927.964 Executing VM operation: ParallelGCFailedAllocation
Event: 6927.966 Executing VM operation: ParallelGCFailedAllocation done
Event: 6927.970 Executing VM operation: ParallelGCFailedAllocation
Event: 6927.971 Executing VM operation: ParallelGCFailedAllocation done
Event: 6927.974 Executing VM operation: ParallelGCFailedAllocation
Event: 6927.975 Executing VM operation: ParallelGCFailedAllocation done
Event: 6927.976 Executing VM operation: ParallelGCFailedAllocation

Events (20 events):
Event: 6912.527 Thread 0x000001444351bd00 flushing nmethod 0x0000014432759590
Event: 6912.527 Thread 0x000001444351bd00 flushing nmethod 0x00000144327f6c10
Event: 6912.527 Thread 0x000001444351bd00 flushing nmethod 0x0000014432853610
Event: 6912.528 Thread 0x000001444351bd00 flushing nmethod 0x0000014432909490
Event: 6912.528 Thread 0x000001444351bd00 flushing nmethod 0x00000144329a3b90
Event: 6912.528 Thread 0x000001444351bd00 flushing nmethod 0x00000144329c7f10
Event: 6912.528 Thread 0x000001444351bd00 flushing nmethod 0x0000014432a54c10
Event: 6912.528 Thread 0x000001444351bd00 flushing nmethod 0x0000014432bc7890
Event: 6912.529 Thread 0x000001444351bd00 flushing nmethod 0x0000014432de3610
Event: 6912.529 Thread 0x000001444351bd00 flushing nmethod 0x0000014432e38990
Event: 6912.530 Thread 0x000001444351bd00 flushing nmethod 0x0000014433009e90
Event: 6912.530 Thread 0x000001444351bd00 flushing nmethod 0x000001443301ef10
Event: 6912.530 Thread 0x000001444351bd00 flushing nmethod 0x000001443308b790
Event: 6912.530 Thread 0x000001444351bd00 flushing nmethod 0x0000014433095d90
Event: 6912.530 Thread 0x000001444351bd00 flushing nmethod 0x00000144330e1a10
Event: 6912.530 Thread 0x000001444351bd00 flushing nmethod 0x0000014433106d10
Event: 6912.530 Thread 0x000001444351bd00 flushing nmethod 0x0000014433212f90
Event: 6927.215 Thread 0x000001444a5038d0 Thread added: 0x000001444a5038d0
Event: 6927.281 Thread 0x000001444a5050e0 Thread added: 0x000001444a5050e0
Event: 6927.506 Thread 0x000001444a4fff10 Thread added: 0x000001444a4fff10


Dynamic libraries:
0x00007ff7c9fc0000 - 0x00007ff7c9fce000 	c:\Users\Kenny\.vscode\extensions\redhat.java-1.11.0-win32-x64\jre\17.0.4.1-win32-x86_64\bin\java.exe
0x00007ffb73490000 - 0x00007ffb73688000 	C:\WINDOWS\SYSTEM32\ntdll.dll
0x00007ffb72930000 - 0x00007ffb729ed000 	C:\WINDOWS\System32\KERNEL32.DLL
0x00007ffb70f00000 - 0x00007ffb711d2000 	C:\WINDOWS\System32\KERNELBASE.dll
0x00007ffb70e00000 - 0x00007ffb70f00000 	C:\WINDOWS\System32\ucrtbase.dll
0x00007ffb65740000 - 0x00007ffb65759000 	c:\Users\Kenny\.vscode\extensions\redhat.java-1.11.0-win32-x64\jre\17.0.4.1-win32-x86_64\bin\VCRUNTIME140.dll
0x00007ffb65720000 - 0x00007ffb65738000 	c:\Users\Kenny\.vscode\extensions\redhat.java-1.11.0-win32-x64\jre\17.0.4.1-win32-x86_64\bin\jli.dll
0x00007ffb72f60000 - 0x00007ffb730fd000 	C:\WINDOWS\System32\USER32.dll
0x00007ffb70d00000 - 0x00007ffb70d22000 	C:\WINDOWS\System32\win32u.dll
0x00007ffb5f440000 - 0x00007ffb5f6da000 	C:\WINDOWS\WinSxS\amd64_microsoft.windows.common-controls_6595b64144ccf1df_6.0.19041.1110_none_60b5254171f9507e\COMCTL32.dll
0x00007ffb73300000 - 0x00007ffb7332b000 	C:\WINDOWS\System32\GDI32.dll
0x00007ffb729f0000 - 0x00007ffb72a8e000 	C:\WINDOWS\System32\msvcrt.dll
0x00007ffb711e0000 - 0x00007ffb712ef000 	C:\WINDOWS\System32\gdi32full.dll
0x00007ffb70d30000 - 0x00007ffb70dcd000 	C:\WINDOWS\System32\msvcp_win.dll
0x00007ffb72060000 - 0x00007ffb72090000 	C:\WINDOWS\System32\IMM32.DLL
0x00007ffb6c990000 - 0x00007ffb6c99c000 	c:\Users\Kenny\.vscode\extensions\redhat.java-1.11.0-win32-x64\jre\17.0.4.1-win32-x86_64\bin\vcruntime140_1.dll
0x00007ffb472e0000 - 0x00007ffb47371000 	c:\Users\Kenny\.vscode\extensions\redhat.java-1.11.0-win32-x64\jre\17.0.4.1-win32-x86_64\bin\msvcp140.dll
0x00007ffb280d0000 - 0x00007ffb28d16000 	c:\Users\Kenny\.vscode\extensions\redhat.java-1.11.0-win32-x64\jre\17.0.4.1-win32-x86_64\bin\server\jvm.dll
0x00007ffb72480000 - 0x00007ffb7252e000 	C:\WINDOWS\System32\ADVAPI32.dll
0x00007ffb72540000 - 0x00007ffb725dc000 	C:\WINDOWS\System32\sechost.dll
0x00007ffb73170000 - 0x00007ffb73295000 	C:\WINDOWS\System32\RPCRT4.dll
0x00007ffb72110000 - 0x00007ffb72118000 	C:\WINDOWS\System32\PSAPI.DLL
0x00007ffb58900000 - 0x00007ffb58927000 	C:\WINDOWS\SYSTEM32\WINMM.dll
0x00007ffb61300000 - 0x00007ffb61309000 	C:\WINDOWS\SYSTEM32\WSOCK32.dll
0x00007ffb6abe0000 - 0x00007ffb6abea000 	C:\WINDOWS\SYSTEM32\VERSION.dll
0x00007ffb73100000 - 0x00007ffb7316b000 	C:\WINDOWS\System32\WS2_32.dll
0x00007ffb6e9a0000 - 0x00007ffb6e9b2000 	C:\WINDOWS\SYSTEM32\kernel.appcore.dll
0x00007ffb65660000 - 0x00007ffb6566a000 	c:\Users\Kenny\.vscode\extensions\redhat.java-1.11.0-win32-x64\jre\17.0.4.1-win32-x86_64\bin\jimage.dll
0x00007ffb62d00000 - 0x00007ffb62ee4000 	C:\WINDOWS\SYSTEM32\DBGHELP.DLL
0x00007ffb5fed0000 - 0x00007ffb5fefc000 	C:\WINDOWS\SYSTEM32\dbgcore.DLL
0x00007ffb713f0000 - 0x00007ffb71472000 	C:\WINDOWS\System32\bcryptPrimitives.dll
0x00007ffb65650000 - 0x00007ffb6565e000 	c:\Users\Kenny\.vscode\extensions\redhat.java-1.11.0-win32-x64\jre\17.0.4.1-win32-x86_64\bin\instrument.dll
0x00007ffb49f30000 - 0x00007ffb49f55000 	c:\Users\Kenny\.vscode\extensions\redhat.java-1.11.0-win32-x64\jre\17.0.4.1-win32-x86_64\bin\java.dll
0x00007ffb647d0000 - 0x00007ffb647e8000 	c:\Users\Kenny\.vscode\extensions\redhat.java-1.11.0-win32-x64\jre\17.0.4.1-win32-x86_64\bin\zip.dll
0x00007ffb71910000 - 0x00007ffb72053000 	C:\WINDOWS\System32\SHELL32.dll
0x00007ffb6ec80000 - 0x00007ffb6f411000 	C:\WINDOWS\SYSTEM32\windows.storage.dll
0x00007ffb72120000 - 0x00007ffb72474000 	C:\WINDOWS\System32\combase.dll
0x00007ffb70600000 - 0x00007ffb70630000 	C:\WINDOWS\SYSTEM32\Wldp.dll
0x00007ffb716a0000 - 0x00007ffb7174d000 	C:\WINDOWS\System32\SHCORE.dll
0x00007ffb728d0000 - 0x00007ffb72925000 	C:\WINDOWS\System32\shlwapi.dll
0x00007ffb70ae0000 - 0x00007ffb70aff000 	C:\WINDOWS\SYSTEM32\profapi.dll
0x00007ffb61160000 - 0x00007ffb61179000 	C:\Users\Kenny\.vscode\extensions\redhat.java-1.11.0-win32-x64\jre\17.0.4.1-win32-x86_64\bin\net.dll
0x00007ffb66cb0000 - 0x00007ffb66dbd000 	C:\WINDOWS\SYSTEM32\WINHTTP.dll
0x00007ffb70360000 - 0x00007ffb703ca000 	C:\WINDOWS\system32\mswsock.dll
0x00007ffb60ce0000 - 0x00007ffb60cf5000 	C:\Users\Kenny\.vscode\extensions\redhat.java-1.11.0-win32-x64\jre\17.0.4.1-win32-x86_64\bin\nio.dll
0x00007ffb65640000 - 0x00007ffb65650000 	c:\Users\Kenny\.vscode\extensions\redhat.java-1.11.0-win32-x64\jre\17.0.4.1-win32-x86_64\bin\verify.dll
0x00007ffb49c00000 - 0x00007ffb49c3e000 	C:\Users\Kenny\AppData\Roaming\Code\User\globalStorage\redhat.java\1.11.0\config_win\org.eclipse.equinox.launcher\org.eclipse.equinox.launcher.win32.win32.x86_64_1.2.600.v20220720-1916\eclipse_11700.dll
0x00007ffb71750000 - 0x00007ffb7187a000 	C:\WINDOWS\System32\ole32.dll
0x00007ffb70560000 - 0x00007ffb70578000 	C:\WINDOWS\SYSTEM32\CRYPTSP.dll
0x00007ffb6fc10000 - 0x00007ffb6fc44000 	C:\WINDOWS\system32\rsaenh.dll
0x00007ffb70dd0000 - 0x00007ffb70df7000 	C:\WINDOWS\System32\bcrypt.dll
0x00007ffb70aa0000 - 0x00007ffb70ace000 	C:\WINDOWS\SYSTEM32\USERENV.dll
0x00007ffb70550000 - 0x00007ffb7055c000 	C:\WINDOWS\SYSTEM32\CRYPTBASE.dll
0x00007ffb70000000 - 0x00007ffb7003b000 	C:\WINDOWS\SYSTEM32\IPHLPAPI.DLL
0x00007ffb72530000 - 0x00007ffb72538000 	C:\WINDOWS\System32\NSI.dll
0x00007ffb6b070000 - 0x00007ffb6b087000 	C:\WINDOWS\SYSTEM32\dhcpcsvc6.DLL
0x00007ffb6b050000 - 0x00007ffb6b06d000 	C:\WINDOWS\SYSTEM32\dhcpcsvc.DLL
0x00007ffb70040000 - 0x00007ffb7010a000 	C:\WINDOWS\SYSTEM32\DNSAPI.dll
0x00007ffb47970000 - 0x00007ffb479b4000 	C:\Users\Kenny\AppData\Local\Temp\jna-72382207\jna13239085406702401627.dll
0x00007ffb644b0000 - 0x00007ffb644be000 	C:\Users\Kenny\.vscode\extensions\redhat.java-1.11.0-win32-x64\jre\17.0.4.1-win32-x86_64\bin\sunmscapi.dll
0x00007ffb70ba0000 - 0x00007ffb70cf6000 	C:\WINDOWS\System32\CRYPT32.dll
0x00007ffb70670000 - 0x00007ffb70697000 	C:\WINDOWS\SYSTEM32\ncrypt.dll
0x00007ffb70630000 - 0x00007ffb7066b000 	C:\WINDOWS\SYSTEM32\NTASN1.dll
0x00007ffb6a6c0000 - 0x00007ffb6a6ca000 	C:\Windows\System32\rasadhlp.dll
0x00007ffb66a70000 - 0x00007ffb66af0000 	C:\WINDOWS\System32\fwpuclnt.dll
0x00007ffb6fd30000 - 0x00007ffb6fd63000 	C:\WINDOWS\SYSTEM32\ntmarta.dll
0x00007ffb6e460000 - 0x00007ffb6e4f1000 	C:\WINDOWS\system32\apphelp.dll
0x00007ffaf0eb0000 - 0x00007ffaf0eb7000 	C:\WINDOWS\system32\wshunix.dll

dbghelp: loaded successfully - version: 4.0.5 - missing functions: none
symbol engine: initialized successfully - sym options: 0x614 - pdb path: .;c:\Users\Kenny\.vscode\extensions\redhat.java-1.11.0-win32-x64\jre\17.0.4.1-win32-x86_64\bin;C:\WINDOWS\SYSTEM32;C:\WINDOWS\WinSxS\amd64_microsoft.windows.common-controls_6595b64144ccf1df_6.0.19041.1110_none_60b5254171f9507e;c:\Users\Kenny\.vscode\extensions\redhat.java-1.11.0-win32-x64\jre\17.0.4.1-win32-x86_64\bin\server;C:\Users\Kenny\AppData\Roaming\Code\User\globalStorage\redhat.java\1.11.0\config_win\org.eclipse.equinox.launcher\org.eclipse.equinox.launcher.win32.win32.x86_64_1.2.600.v20220720-1916;C:\Users\Kenny\AppData\Local\Temp\jna-72382207

VM Arguments:
jvm_args: --add-modules=ALL-SYSTEM --add-opens=java.base/java.util=ALL-UNNAMED --add-opens=java.base/java.lang=ALL-UNNAMED --add-opens=java.base/sun.nio.fs=ALL-UNNAMED -Declipse.application=org.eclipse.jdt.ls.core.id1 -Dosgi.bundles.defaultStartLevel=4 -Declipse.product=org.eclipse.jdt.ls.core.product -Djava.import.generatesMetadataFilesAtProjectRoot=false -Dfile.encoding=utf8 -DwatchParentProcess=false -XX:+UseParallelGC -XX:GCTimeRatio=4 -XX:AdaptiveSizePolicyWeight=90 -Dsun.zip.disableMemoryMapping=true -Xmx1G -Xms100m -Xlog:disable -javaagent:c:\Users\Kenny\.vscode\extensions\redhat.java-1.11.0-win32-x64\lombok\lombok-1.18.24.jar -XX:+HeapDumpOnOutOfMemoryError -XX:HeapDumpPath=c:\Users\Kenny\AppData\Roaming\Code\User\workspaceStorage\9a1bdbe3d3d7788a2e4f061b12b0f0e2\redhat.java 
java_command: c:\Users\Kenny\.vscode\extensions\redhat.java-1.11.0-win32-x64\server\plugins\org.eclipse.equinox.launcher_1.6.400.v20210924-0641.jar -configuration c:\Users\Kenny\AppData\Roaming\Code\User\globalStorage\redhat.java\1.11.0\config_win -data c:\Users\Kenny\AppData\Roaming\Code\User\workspaceStorage\9a1bdbe3d3d7788a2e4f061b12b0f0e2\redhat.java\jdt_ws
java_class_path (initial): c:\Users\Kenny\.vscode\extensions\redhat.java-1.11.0-win32-x64\server\plugins\org.eclipse.equinox.launcher_1.6.400.v20210924-0641.jar
Launcher Type: SUN_STANDARD

[Global flags]
    uintx AdaptiveSizePolicyWeight                 = 90                                        {product} {command line}
     intx CICompilerCount                          = 4                                         {product} {ergonomic}
    uintx GCTimeRatio                              = 4                                         {product} {command line}
     bool HeapDumpOnOutOfMemoryError               = true                                   {manageable} {command line}
    ccstr HeapDumpPath                             = c:\Users\Kenny\AppData\Roaming\Code\User\workspaceStorage\9a1bdbe3d3d7788a2e4f061b12b0f0e2\redhat.java         {manageable} {command line}
   size_t InitialHeapSize                          = 104857600                                 {product} {command line}
   size_t MaxHeapSize                              = 1073741824                                {product} {command line}
   size_t MaxNewSize                               = 357564416                                 {product} {ergonomic}
   size_t MinHeapDeltaBytes                        = 524288                                    {product} {ergonomic}
   size_t MinHeapSize                              = 104857600                                 {product} {command line}
   size_t NewSize                                  = 34603008                                  {product} {ergonomic}
    uintx NonNMethodCodeHeapSize                   = 5839372                                {pd product} {ergonomic}
    uintx NonProfiledCodeHeapSize                  = 122909434                              {pd product} {ergonomic}
   size_t OldSize                                  = 70254592                                  {product} {ergonomic}
    uintx ProfiledCodeHeapSize                     = 122909434                              {pd product} {ergonomic}
    uintx ReservedCodeCacheSize                    = 251658240                              {pd product} {ergonomic}
     bool SegmentedCodeCache                       = true                                      {product} {ergonomic}
   size_t SoftMaxHeapSize                          = 1073741824                             {manageable} {ergonomic}
     bool UseCompressedClassPointers               = true                           {product lp64_product} {ergonomic}
     bool UseCompressedOops                        = true                           {product lp64_product} {ergonomic}
     bool UseLargePagesIndividualAllocation        = false                                  {pd product} {ergonomic}
     bool UseParallelGC                            = true                                      {product} {command line}

Logging:
Log output configuration:
 #0: stdout all=off uptime,level,tags
 #1: stderr all=off uptime,level,tags

Environment Variables:
PATH=C:\Program Files\Common Files\Oracle\Java\javapath;C:\Program Files (x86)\Razer Chroma SDK\bin;C:\Program Files\Razer Chroma SDK\bin;C:\Program Files (x86)\Razer\ChromaBroadcast\bin;C:\Program Files\Razer\ChromaBroadcast\bin;C:\Program Files (x86)\Common Files\Oracle\Java\javapath;C:\Program Files\AdoptOpenJDK\jdk-14.0.2.12-hotspot\bin;C:\WINDOWS\system32;C:\WINDOWS;C:\WINDOWS\System32\Wbem;C:\WINDOWS\System32\WindowsPowerShell\v1.0\;C:\WINDOWS\System32\OpenSSH\;C:\Program Files\NVIDIA Corporation\NVIDIA NvDLISR;C:\Program Files\TortoiseSVN\bin;C:\Program Files\nodejs\;C:\WINDOWS\system32;C:\WINDOWS;C:\WINDOWS\System32\Wbem;C:\WINDOWS\System32\WindowsPowerShell\v1.0\;C:\WINDOWS\System32\OpenSSH\;C:\Program Files (x86)\NVIDIA Corporation\PhysX\Common;C:\Users\Kenny\AppData\Local\Microsoft\WindowsApps;C:\Users\Kenny\AppData\Local\Programs\Microsoft VS Code\bin;C:\Users\Kenny\AppData\Roaming\npm;C:\WINDOWS\system32\config\systemprofile\AppData\Local\Microsoft\WindowsApps;C:\Program Files\Microsoft SQL Server\150\Tools\Binn\;C:\Program Files\Microsoft SQL Server\Client SDK\ODBC\170\Tools\Binn\;C:\Program Files\dotnet\;C:\Program Files (x86)\Microsoft SQL Server\150\Tools\Binn\;C:\Program Files\Microsoft SQL Server\150\DTS\Binn\;C:\Program Files (x86)\Microsoft SQL Server\150\DTS\Binn\;C:\Program Files\Azure Data Studio\bin;C:\Users\Kenny\AppData\Local\Microsoft\WindowsApps;C:\Users\Kenny\AppData\Local\Programs\Microsoft VS Code\bin;C:\Users\Kenny\AppData\Roaming\npm;C:\Users\Kenny\AppData\Local\GitHubDesktop\bin;C:\Users\Kenny\.dotnet\tools;C:\Program Files\Azure Data Studio\bin
USERNAME=Kenny
OS=Windows_NT
PROCESSOR_IDENTIFIER=Intel64 Family 6 Model 158 Stepping 13, GenuineIntel
TMP=C:\Users\Kenny\AppData\Local\Temp
TEMP=C:\Users\Kenny\AppData\Local\Temp



---------------  S Y S T E M  ---------------

OS:
 Windows 10 , 64 bit Build 19041 (10.0.19041.1889)
OS uptime: 0 days 3:41 hours

CPU: total 8 (initial active 8) (8 cores per cpu, 1 threads per core) family 6 model 158 stepping 13 microcode 0xb8, cx8, cmov, fxsr, mmx, 3dnowpref, sse, sse2, sse3, ssse3, sse4.1, sse4.2, popcnt, lzcnt, tsc, tscinvbit, avx, avx2, aes, erms, clmul, bmi1, bmi2, rtm, adx, fma, vzeroupper, clflush, clflushopt

Memory: 4k page, system-wide physical 16317M (3651M free)
TotalPageFile size 25533M (AvailPageFile size 3608M)
current process WorkingSet (physical memory assigned to process): 803M, peak: 877M
current process commit charge ("private bytes"): 721M, peak: 789M

vm_info: OpenJDK 64-Bit Server VM (17.0.4.1+1) for windows-amd64 JRE (17.0.4.1+1), built on Aug 17 2022 07:42:43 by "temurin" with MS VC++ 16.7 (VS2019)

END.
