#
# A fatal error has been detected by the Java Runtime Environment:
#
#  EXCEPTION_ACCESS_VIOLATION (0xc0000005) at pc=0x00007ffaefa3950f, pid=15616, tid=38888
#
# JRE version: OpenJDK Runtime Environment Temurin-17.0.4.1+1 (17.0.4.1+1) (build 17.0.4.1+1)
# Java VM: OpenJDK 64-Bit Server VM Temurin-17.0.4.1+1 (17.0.4.1+1, mixed mode, tiered, compressed oops, compressed class ptrs, parallel gc, windows-amd64)
# Problematic frame:
# V  [jvm.dll+0x2e950f]
#
# No core dump will be written. Minidumps are not enabled by default on client versions of Windows
#
# If you would like to submit a bug report, please visit:
#   https://github.com/adoptium/adoptium-support/issues
#

---------------  S U M M A R Y ------------

Command Line: --add-modules=ALL-SYSTEM --add-opens=java.base/java.util=ALL-UNNAMED --add-opens=java.base/java.lang=ALL-UNNAMED --add-opens=java.base/sun.nio.fs=ALL-UNNAMED -Declipse.application=org.eclipse.jdt.ls.core.id1 -Dosgi.bundles.defaultStartLevel=4 -Declipse.product=org.eclipse.jdt.ls.core.product -Djava.import.generatesMetadataFilesAtProjectRoot=false -Dfile.encoding=utf8 -DwatchParentProcess=false -XX:+UseParallelGC -XX:GCTimeRatio=4 -XX:AdaptiveSizePolicyWeight=90 -Dsun.zip.disableMemoryMapping=true -Xmx1G -Xms100m -Xlog:disable -javaagent:c:\Users\Kenny\.vscode\extensions\redhat.java-1.11.0-win32-x64\lombok\lombok-1.18.24.jar -XX:+HeapDumpOnOutOfMemoryError -XX:HeapDumpPath=c:\Users\Kenny\AppData\Roaming\Code\User\workspaceStorage\9a1bdbe3d3d7788a2e4f061b12b0f0e2\redhat.java c:\Users\Kenny\.vscode\extensions\redhat.java-1.11.0-win32-x64\server\plugins\org.eclipse.equinox.launcher_1.6.400.v20210924-0641.jar -configuration c:\Users\Kenny\AppData\Roaming\Code\User\globalStorage\redhat.java\1.11.0\config_win -data c:\Users\Kenny\AppData\Roaming\Code\User\workspaceStorage\9a1bdbe3d3d7788a2e4f061b12b0f0e2\redhat.java\jdt_ws

Host: Intel(R) Core(TM) i7-9700K CPU @ 3.60GHz, 8 cores, 15G,  Windows 10 , 64 bit Build 19041 (10.0.19041.1889)
Time: Sat Oct 22 16:19:24 2022 Eastern Daylight Time elapsed time: 13393.589184 seconds (0d 3h 43m 13s)

---------------  T H R E A D  ---------------

Current thread (0x00000294ad9e2580):  GCTaskThread "GC Thread#5" [stack: 0x000000f1db700000,0x000000f1db800000] [id=38888]

Stack: [0x000000f1db700000,0x000000f1db800000],  sp=0x000000f1db7ff680,  free space=1021k
Native frames: (J=compiled Java code, j=interpreted, Vv=VM code, C=native code)
V  [jvm.dll+0x2e950f]
V  [jvm.dll+0x6b7948]
V  [jvm.dll+0x6b7daf]
V  [jvm.dll+0x85f6bb]
V  [jvm.dll+0x85f706]
V  [jvm.dll+0x7e240a]
V  [jvm.dll+0x6761a5]
C  [ucrtbase.dll+0x21bb2]
C  [KERNEL32.DLL+0x17034]
C  [ntdll.dll+0x526a1]


siginfo: EXCEPTION_ACCESS_VIOLATION (0xc0000005), reading address 0xffffffffffffffff


Register to memory mapping:

RIP=0x00007ffaefa3950f jvm.dll
RAX=0x00418d470000a857 is an unknown value
RBX=0x0000000000000004 is an unknown value
RCX=0x000000000000000c is an unknown value
RDX=0x0000000000000001 is an unknown value
RSP=0x000000f1db7ff680 points into unknown readable memory: 0x0000000000000020 | 20 00 00 00 00 00 00 00
RBP=0x0 is NULL
RSI=0x00000294aabe8560 points into unknown readable memory: 0x0000000000000000 | 00 00 00 00 00 00 00 00
RDI=0x00000294aaab75d0 points into unknown readable memory: 0x0000000000000001 | 01 00 00 00 00 00 00 00
R8 =0x0 is NULL
R9 =0x0000000000000001 is an unknown value
R10=0x000000000000000c is an unknown value
R11=0x00000294aabe98e0 points into unknown readable memory: 0x0000000000000000 | 00 00 00 00 00 00 00 00
R12=0x0 is NULL
R13=0x00000294ad9ddb20 points into unknown readable memory: 0x0000000000000002 | 02 00 00 00 00 00 00 00
R14=0x0000000000000008 is an unknown value
R15=0x000000f1db7ff700 points into unknown readable memory: 0x0000000000000000 | 00 00 00 00 00 00 00 00


Registers:
RAX=0x00418d470000a857, RBX=0x0000000000000004, RCX=0x000000000000000c, RDX=0x0000000000000001
RSP=0x000000f1db7ff680, RBP=0x0000000000000000, RSI=0x00000294aabe8560, RDI=0x00000294aaab75d0
R8 =0x0000000000000000, R9 =0x0000000000000001, R10=0x000000000000000c, R11=0x00000294aabe98e0
R12=0x0000000000000000, R13=0x00000294ad9ddb20, R14=0x0000000000000008, R15=0x000000f1db7ff700
RIP=0x00007ffaefa3950f, EFLAGS=0x0000000000010206

Top of Stack: (sp=0x000000f1db7ff680)
0x000000f1db7ff680:   0000000000000020 00000294ad9ddb20
0x000000f1db7ff690:   000000f1da4ff1d8 0000000000000020
0x000000f1db7ff6a0:   0000000000000005 0000000000000004
0x000000f1db7ff6b0:   000000f1da4ff230 00007ffaefe07948
0x000000f1db7ff6c0:   00000294aabe9880 00000294aabe9880
0x000000f1db7ff6d0:   0000000000000000 00418d470000a857
0x000000f1db7ff6e0:   000000f1da4ff0d0 00007ffaefe07daf
0x000000f1db7ff6f0:   0000000000000000 000000f1db7ff789
0x000000f1db7ff700:   0000000000000000 0000000000000001
0x000000f1db7ff710:   00000294aabe9880 ffffffff00000004
0x000000f1db7ff720:   0000000000000008 0000029496d79090
0x000000f1db7ff730:   0000000400000002 00000294aabe9880
0x000000f1db7ff740:   00007ffaf00feeb8 00000294aabe9880
0x000000f1db7ff750:   000000f1da4ff0d0 00000294ad13dde0
0x000000f1db7ff760:   00000000000003d8 00000294ad13ddf0
0x000000f1db7ff770:   00000294ad13e1c8 00007ffaf00ff008 

Instructions: (pc=0x00007ffaefa3950f)
0x00007ffaefa3940f:   33 d2 41 89 83 04 02 00 00 f7 77 08 eb b3 41 8b
0x00007ffaefa3941f:   c1 4c 8d 34 c5 00 00 00 00 48 8b 47 10 49 8b 0c
0x00007ffaefa3942f:   06 8b 81 00 01 00 00 44 8b 91 80 00 00 00 44 2b
0x00007ffaefa3943f:   d0 8b c2 41 81 e2 ff ff 01 00 41 81 fa ff ff 01
0x00007ffaefa3944f:   00 45 0f 44 d4 48 8d 34 c5 00 00 00 00 48 8b 47
0x00007ffaefa3945f:   10 48 8b 0c 06 8b 81 00 01 00 00 44 8b 81 80 00
0x00007ffaefa3946f:   00 00 44 2b c0 32 c0 41 81 e0 ff ff 01 00 41 81
0x00007ffaefa3947f:   f8 ff ff 01 00 45 0f 44 c4 45 3b c2 76 21 48 8b
0x00007ffaefa3948f:   47 10 48 8b 34 06 48 8b 86 00 01 00 00 48 89 44
0x00007ffaefa3949f:   24 40 8b 8e 80 00 00 00 48 8b 44 24 40 eb 2b 45
0x00007ffaefa394af:   85 d2 0f 84 8d 00 00 00 48 8b 47 10 41 8b d1 49
0x00007ffaefa394bf:   8b 34 06 48 8b 86 00 01 00 00 48 89 44 24 58 8b
0x00007ffaefa394cf:   8e 80 00 00 00 48 8b 44 24 58 2b c8 81 e1 ff ff
0x00007ffaefa394df:   01 00 81 f9 ff ff 01 00 41 0f 44 cc 85 c9 75 13
0x00007ffaefa394ef:   ba ff ff ff ff 32 c0 41 89 93 00 02 00 00 e9 cc
0x00007ffaefa394ff:   00 00 00 48 8b 8e 80 01 00 00 4c 8b c8 44 8b c0
0x00007ffaefa3950f:   4e 8b 04 c1 8d 48 01 81 e1 ff ff 01 00 4d 89 07
0x00007ffaefa3951f:   45 8b c4 41 0f 94 c0 49 c1 e9 20 45 03 c8 49 c1
0x00007ffaefa3952f:   e1 20 4c 0b c9 f0 4c 0f b1 8e 00 01 00 00 0f 94
0x00007ffaefa3953f:   c0 84 c0 75 05 ba ff ff ff ff 41 89 93 00 02 00
0x00007ffaefa3954f:   00 eb 7c 75 7e 48 8b 47 10 8d 4b ff 83 e1 01 4c
0x00007ffaefa3955f:   8b 14 c8 49 8b 82 00 01 00 00 48 89 04 24 41 8b
0x00007ffaefa3956f:   8a 80 00 00 00 48 8b 04 24 2b c8 81 e1 ff ff 01
0x00007ffaefa3957f:   00 81 f9 ff ff 01 00 41 0f 44 cc 85 c9 75 04 32
0x00007ffaefa3958f:   c0 eb 3c 49 8b 8a 80 01 00 00 4c 8b c0 8b d0 48
0x00007ffaefa3959f:   8b 14 d1 8d 48 01 81 e1 ff ff 01 00 49 89 17 41
0x00007ffaefa395af:   8b d4 0f 94 c2 49 c1 e8 20 44 03 c2 49 c1 e0 20
0x00007ffaefa395bf:   4c 0b c1 f0 4d 0f b1 82 00 01 00 00 0f 94 c0 84
0x00007ffaefa395cf:   c0 75 29 8b 4f 08 ff c5 8d 04 09 3b e8 0f 82 80
0x00007ffaefa395df:   fd ff ff 32 c0 48 8b 5c 24 48 48 8b 6c 24 50 48
0x00007ffaefa395ef:   83 c4 10 41 5f 41 5e 41 5c 5f 5e c3 b0 01 eb e5
0x00007ffaefa395ff:   cc 48 8b 91 90 00 00 00 48 8b 81 98 00 00 00 48 


Stack slot to memory mapping:
stack at sp + 0 slots: 0x0000000000000020 is an unknown value
stack at sp + 1 slots: 0x00000294ad9ddb20 points into unknown readable memory: 0x0000000000000002 | 02 00 00 00 00 00 00 00
stack at sp + 2 slots: 0x000000f1da4ff1d8 points into unknown readable memory: 0x0000029496d5f500 | 00 f5 d5 96 94 02 00 00
stack at sp + 3 slots: 0x0000000000000020 is an unknown value
stack at sp + 4 slots: 0x0000000000000005 is an unknown value
stack at sp + 5 slots: 0x0000000000000004 is an unknown value
stack at sp + 6 slots: 0x000000f1da4ff230 points into unknown readable memory: 0xffffffff00000008 | 08 00 00 00 ff ff ff ff
stack at sp + 7 slots: 0x00007ffaefe07948 jvm.dll


---------------  P R O C E S S  ---------------

Threads class SMR info:
_java_thread_list=0x00000294be1b3300, length=46, elements={
0x0000029496d5fa40, 0x00000294aabf64d0, 0x00000294aabf7d70, 0x00000294ad0e6db0,
0x00000294ad0e7870, 0x00000294ad0eaad0, 0x00000294ad0ecd70, 0x00000294ad0f3ea0,
0x00000294ad0f7c60, 0x00000294ad100250, 0x00000294ad25dcb0, 0x00000294ad3788a0,
0x00000294ad981390, 0x00000294ae937eb0, 0x00000294ae938620, 0x00000294ae857530,
0x00000294aeff8470, 0x00000294aed6a790, 0x00000294af2220f0, 0x00000294af223430,
0x00000294b02341b0, 0x00000294be6a83c0, 0x00000294be6ab3e0, 0x00000294b02b73a0,
0x00000294b02bbbd0, 0x00000294b02bc0a0, 0x00000294b02b8210, 0x00000294b02b7870,
0x00000294b02bca40, 0x00000294b02b7d40, 0x00000294b02ba3c0, 0x00000294b02b8bb0,
0x00000294b02bd3e0, 0x00000294b02b9a20, 0x00000294b02b6060, 0x00000294b02b6ed0,
0x00000294b02bad60, 0x00000294b02ba890, 0x00000294b02b6a00, 0x00000294b0235e90,
0x00000294b02307f0, 0x00000294b06ea250, 0x00000294b06ea720, 0x00000294b06ec400,
0x00000294b06ecda0, 0x00000294b06e8a40
}

Java Threads: ( => current thread )
  0x0000029496d5fa40 JavaThread "main" [_thread_blocked, id=19740, stack(0x000000f1da200000,0x000000f1da300000)]
  0x00000294aabf64d0 JavaThread "Reference Handler" daemon [_thread_blocked, id=34084, stack(0x000000f1da500000,0x000000f1da600000)]
  0x00000294aabf7d70 JavaThread "Finalizer" daemon [_thread_blocked, id=29900, stack(0x000000f1da600000,0x000000f1da700000)]
  0x00000294ad0e6db0 JavaThread "Signal Dispatcher" daemon [_thread_blocked, id=33148, stack(0x000000f1da700000,0x000000f1da800000)]
  0x00000294ad0e7870 JavaThread "Attach Listener" daemon [_thread_blocked, id=27780, stack(0x000000f1da800000,0x000000f1da900000)]
  0x00000294ad0eaad0 JavaThread "Service Thread" daemon [_thread_blocked, id=1028, stack(0x000000f1da900000,0x000000f1daa00000)]
  0x00000294ad0ecd70 JavaThread "Monitor Deflation Thread" daemon [_thread_blocked, id=23444, stack(0x000000f1daa00000,0x000000f1dab00000)]
  0x00000294ad0f3ea0 JavaThread "C2 CompilerThread0" daemon [_thread_blocked, id=37296, stack(0x000000f1dab00000,0x000000f1dac00000)]
  0x00000294ad0f7c60 JavaThread "C1 CompilerThread0" daemon [_thread_blocked, id=7864, stack(0x000000f1dac00000,0x000000f1dad00000)]
  0x00000294ad100250 JavaThread "Sweeper thread" daemon [_thread_blocked, id=13384, stack(0x000000f1dad00000,0x000000f1dae00000)]
  0x00000294ad25dcb0 JavaThread "Common-Cleaner" daemon [_thread_blocked, id=10156, stack(0x000000f1dae00000,0x000000f1daf00000)]
  0x00000294ad3788a0 JavaThread "Notification Thread" daemon [_thread_blocked, id=37196, stack(0x000000f1db000000,0x000000f1db100000)]
  0x00000294ad981390 JavaThread "Active Thread: Equinox Container: 1eca6679-38c5-4574-bad5-efc9dacd3e4d" [_thread_blocked, id=24080, stack(0x000000f1db800000,0x000000f1db900000)]
  0x00000294ae937eb0 JavaThread "Framework Event Dispatcher: Equinox Container: 1eca6679-38c5-4574-bad5-efc9dacd3e4d" daemon [_thread_blocked, id=23296, stack(0x000000f1db900000,0x000000f1dba00000)]
  0x00000294ae938620 JavaThread "Start Level: Equinox Container: 1eca6679-38c5-4574-bad5-efc9dacd3e4d" daemon [_thread_blocked, id=38720, stack(0x000000f1dba00000,0x000000f1dbb00000)]
  0x00000294ae857530 JavaThread "SCR Component Actor" daemon [_thread_blocked, id=15404, stack(0x000000f1dbb00000,0x000000f1dbc00000)]
  0x00000294aeff8470 JavaThread "Bundle File Closer" daemon [_thread_blocked, id=34964, stack(0x000000f1dbf00000,0x000000f1dc000000)]
  0x00000294aed6a790 JavaThread "Worker-JM" [_thread_blocked, id=30024, stack(0x000000f1dc000000,0x000000f1dc100000)]
  0x00000294af2220f0 JavaThread "Java indexing" daemon [_thread_blocked, id=31452, stack(0x000000f1dc400000,0x000000f1dc500000)]
  0x00000294af223430 JavaThread "pool-1-thread-1" [_thread_in_native, id=7844, stack(0x000000f1dc700000,0x000000f1dc800000)]
  0x00000294b02341b0 JavaThread "Java Debug Server" daemon [_thread_in_native, id=34436, stack(0x000000f1dd100000,0x000000f1dd200000)]
  0x00000294be6a83c0 JavaThread "RxSchedulerPurge-1" daemon [_thread_blocked, id=11960, stack(0x000000f1dd600000,0x000000f1dd700000)]
  0x00000294be6ab3e0 JavaThread "RxCachedWorkerPoolEvictor-1" daemon [_thread_blocked, id=39528, stack(0x000000f1dbe00000,0x000000f1dbf00000)]
  0x00000294b02b73a0 JavaThread "Worker-32" [_thread_blocked, id=22612, stack(0x000000f1dd200000,0x000000f1dd300000)]
  0x00000294b02bbbd0 JavaThread "Worker-35" [_thread_blocked, id=20220, stack(0x000000f1dcd00000,0x000000f1dce00000)]
  0x00000294b02bc0a0 JavaThread "ForkJoinPool.commonPool-worker-36" daemon [_thread_blocked, id=40596, stack(0x000000f1d9f00000,0x000000f1da000000)]
  0x00000294b02b8210 JavaThread "ForkJoinPool.commonPool-worker-37" daemon [_thread_blocked, id=16796, stack(0x000000f1da000000,0x000000f1da100000)]
  0x00000294b02b7870 JavaThread "ForkJoinPool.commonPool-worker-38" daemon [_thread_blocked, id=41336, stack(0x000000f1da100000,0x000000f1da200000)]
  0x00000294b02bca40 JavaThread "ForkJoinPool.commonPool-worker-39" daemon [_thread_blocked, id=13468, stack(0x000000f1daf00000,0x000000f1db000000)]
  0x00000294b02b7d40 JavaThread "ForkJoinPool.commonPool-worker-40" daemon [_thread_blocked, id=42484, stack(0x000000f1dc100000,0x000000f1dc200000)]
  0x00000294b02ba3c0 JavaThread "ForkJoinPool.commonPool-worker-41" daemon [_thread_blocked, id=22360, stack(0x000000f1dc200000,0x000000f1dc300000)]
  0x00000294b02b8bb0 JavaThread "ForkJoinPool.commonPool-worker-42" daemon [_thread_blocked, id=40908, stack(0x000000f1dc300000,0x000000f1dc400000)]
  0x00000294b02bd3e0 JavaThread "pool-12-thread-8" [_thread_in_native, id=42788, stack(0x000000f1db200000,0x000000f1db300000)]
  0x00000294b02b9a20 JavaThread "RxNewThreadScheduler-19" daemon [_thread_blocked, id=41148, stack(0x000000f1dc500000,0x000000f1dc600000)]
  0x00000294b02b6060 JavaThread "Packet Receive Manager" daemon [_thread_in_native, id=32352, stack(0x000000f1dc600000,0x000000f1dc700000)]
  0x00000294b02b6ed0 JavaThread "Packet Send Manager" daemon [_thread_blocked, id=30532, stack(0x000000f1dc900000,0x000000f1dca00000)]
  0x00000294b02bad60 JavaThread "Event Hub" daemon [_thread_blocked, id=25868, stack(0x000000f1dc800000,0x000000f1dc900000)]
  0x00000294b02ba890 JavaThread "Worker-37" [_thread_blocked, id=41452, stack(0x000000f1dcc00000,0x000000f1dcd00000)]
  0x00000294b02b6a00 JavaThread "ForkJoinPool.commonPool-worker-43" daemon [_thread_blocked, id=43744, stack(0x000000f1dce00000,0x000000f1dcf00000)]
  0x00000294b0235e90 JavaThread "ForkJoinPool.commonPool-worker-44" daemon [_thread_blocked, id=43828, stack(0x000000f1dcf00000,0x000000f1dd000000)]
  0x00000294b02307f0 JavaThread "ForkJoinPool.commonPool-worker-45" daemon [_thread_blocked, id=5024, stack(0x000000f1dd500000,0x000000f1dd600000)]
  0x00000294b06ea250 JavaThread "pool-953-thread-1" [_thread_blocked, id=19532, stack(0x000000f1dd300000,0x000000f1dd400000)]
  0x00000294b06ea720 JavaThread "pool-954-thread-1" [_thread_blocked, id=43256, stack(0x000000f1dd400000,0x000000f1dd500000)]
  0x00000294b06ec400 JavaThread "pool-955-thread-1" [_thread_blocked, id=5624, stack(0x000000f1dd700000,0x000000f1dd800000)]
  0x00000294b06ecda0 JavaThread "Worker-38" [_thread_blocked, id=43124, stack(0x000000f1dd800000,0x000000f1dd900000)]
  0x00000294b06e8a40 JavaThread "pool-956-thread-1" [_thread_blocked, id=42564, stack(0x000000f1dd000000,0x000000f1dd100000)]

Other Threads:
  0x00000294aabee5b0 VMThread "VM Thread" [stack: 0x000000f1da400000,0x000000f1da500000] [id=17232]
  0x00000294ad3d0cd0 WatcherThread [stack: 0x000000f1db100000,0x000000f1db200000] [id=32456]
  0x0000029496d75400 GCTaskThread "GC Thread#0" [stack: 0x000000f1da300000,0x000000f1da400000] [id=20824]
  0x00000294ad9823f0 GCTaskThread "GC Thread#1" [stack: 0x000000f1db300000,0x000000f1db400000] [id=36064]
  0x00000294ad9826a0 GCTaskThread "GC Thread#2" [stack: 0x000000f1db400000,0x000000f1db500000] [id=25168]
  0x00000294ad9e2020 GCTaskThread "GC Thread#3" [stack: 0x000000f1db500000,0x000000f1db600000] [id=7064]
  0x00000294ad9e22d0 GCTaskThread "GC Thread#4" [stack: 0x000000f1db600000,0x000000f1db700000] [id=30048]
=>0x00000294ad9e2580 GCTaskThread "GC Thread#5" [stack: 0x000000f1db700000,0x000000f1db800000] [id=38888]
  0x00000294aea71240 GCTaskThread "GC Thread#6" [stack: 0x000000f1dbc00000,0x000000f1dbd00000] [id=15172]
  0x00000294aea714f0 GCTaskThread "GC Thread#7" [stack: 0x000000f1dbd00000,0x000000f1dbe00000] [id=36168]

Threads with active compile tasks:

VM state: at safepoint (normal execution)

VM Mutex/Monitor currently owned by a thread:  ([mutex/lock_event])
[0x0000029496d5b860] Threads_lock - owner thread: 0x00000294aabee5b0
[0x0000029496d5b7d0] Heap_lock - owner thread: 0x00000294af2220f0

Heap address: 0x00000000c0000000, size: 1024 MB, Compressed Oops mode: 32-bit

CDS archive(s) not mapped
Compressed class space mapped at: 0x0000000100000000-0x0000000140000000, reserved size: 1073741824
Narrow klass base: 0x0000000000000000, Narrow klass shift: 3, Narrow klass range: 0x140000000

GC Precious Log:
 CPUs: 8 total, 8 available
 Memory: 16317M
 Large Page Support: Disabled
 NUMA Support: Disabled
 Compressed Oops: Enabled (32-bit)
 Alignments: Space 512K, Generation 512K, Heap 2M
 Heap Min Capacity: 100M
 Heap Initial Capacity: 100M
 Heap Max Capacity: 1G
 Pre-touch: Disabled
 Parallel Workers: 8

Heap:
 PSYoungGen      total 19456K, used 10752K [0x00000000eab00000, 0x00000000ec780000, 0x0000000100000000)
  eden space 10752K, 100% used [0x00000000eab00000,0x00000000eb580000,0x00000000eb580000)
  from space 8704K, 0% used [0x00000000ebe00000,0x00000000ebe00000,0x00000000ec680000)
  to   space 8704K, 99% used [0x00000000eb580000,0x00000000ebdf8b20,0x00000000ebe00000)
 ParOldGen       total 257536K, used 197491K [0x00000000c0000000, 0x00000000cfb80000, 0x00000000eab00000)
  object space 257536K, 76% used [0x00000000c0000000,0x00000000cc0dcca8,0x00000000cfb80000)
 Metaspace       used 101059K, committed 102336K, reserved 1146880K
  class space    used 9764K, committed 10368K, reserved 1048576K

Card table byte_map: [0x0000029496720000,0x0000029496930000] _byte_map_base: 0x0000029496120000

Marking Bits: (ParMarkBitMap*) 0x00007ffaf02d2cc0
 Begin Bits: [0x00000294a8a00000, 0x00000294a9a00000)
 End Bits:   [0x00000294a9a00000, 0x00000294aaa00000)

Polling page: 0x0000029494d40000

Metaspace:

Usage:
  Non-class:     89.15 MB used.
      Class:      9.54 MB used.
       Both:     98.69 MB used.

Virtual space:
  Non-class space:       96.00 MB reserved,      89.81 MB ( 94%) committed,  12 nodes.
      Class space:        1.00 GB reserved,      10.12 MB ( <1%) committed,  1 nodes.
             Both:        1.09 GB reserved,      99.94 MB (  9%) committed. 

Chunk freelists:
   Non-Class:  2.13 MB
       Class:  1.88 MB
        Both:  4.01 MB

MaxMetaspaceSize: unlimited
CompressedClassSpaceSize: 1.00 GB
Initial GC threshold: 21.00 MB
Current GC threshold: 166.50 MB
CDS: off
MetaspaceReclaimPolicy: balanced
 - commit_granule_bytes: 65536.
 - commit_granule_words: 8192.
 - virtual_space_node_default_size: 1048576.
 - enlarge_chunks_in_place: 1.
 - new_chunks_are_fully_committed: 0.
 - uncommit_free_chunks: 1.
 - use_allocation_guard: 0.
 - handle_deallocations: 1.


Internal statistics:

num_allocs_failed_limit: 9.
num_arena_births: 1356.
num_arena_deaths: 522.
num_vsnodes_births: 13.
num_vsnodes_deaths: 0.
num_space_committed: 1599.
num_space_uncommitted: 0.
num_chunks_returned_to_freelist: 714.
num_chunks_taken_from_freelist: 5852.
num_chunk_merges: 201.
num_chunk_splits: 3403.
num_chunks_enlarged: 1945.
num_purges: 20.
num_inconsistent_stats: 0.

CodeHeap 'non-profiled nmethods': size=120000Kb used=39059Kb max_used=39059Kb free=80940Kb
 bounds [0x00000294a14d0000, 0x00000294a3b00000, 0x00000294a8a00000]
CodeHeap 'profiled nmethods': size=120000Kb used=47514Kb max_used=47514Kb free=72485Kb
 bounds [0x0000029499fa0000, 0x000002949ce20000, 0x00000294a14d0000]
CodeHeap 'non-nmethods': size=5760Kb used=1472Kb max_used=1594Kb free=4287Kb
 bounds [0x0000029499a00000, 0x0000029499c70000, 0x0000029499fa0000]
 total_blobs=24760 nmethods=23931 adapters=737
 compilation: enabled
              stopped_count=0, restarted_count=0
 full_count=0

Compilation events (20 events):
Event: 13385.233 Thread 0x00000294ad0f3ea0 38302       4       java.net.URI::checkPath (38 bytes)
Event: 13385.233 Thread 0x00000294ad0f3ea0 nmethod 38302 0x00000294a3aec190 code [0x00000294a3aec300, 0x00000294a3aec3f8]
Event: 13386.475 Thread 0x00000294ad0f3ea0 38303       4       org.eclipse.jdt.core.dom.ASTConverter::convertToVariableDeclarationFragment (307 bytes)
Event: 13386.499 Thread 0x00000294ad0f3ea0 nmethod 38303 0x00000294a3aec590 code [0x00000294a3aec8c0, 0x00000294a3aeeca8]
Event: 13387.983 Thread 0x00000294ad0f3ea0 38304       4       org.eclipse.jdt.internal.core.util.Util::indexOfJavaLikeExtension (112 bytes)
Event: 13387.988 Thread 0x00000294ad0f3ea0 nmethod 38304 0x00000294a3af0710 code [0x00000294a3af08a0, 0x00000294a3af0df8]
Event: 13389.906 Thread 0x00000294ad0f7c60 38305       3       org.eclipse.jdt.internal.compiler.flow.LoopingFlowContext::simulateThrowAfterLoopBack (49 bytes)
Event: 13389.908 Thread 0x00000294ad0f7c60 nmethod 38305 0x000002949ce13f10 code [0x000002949ce14100, 0x000002949ce14898]
Event: 13389.910 Thread 0x00000294ad0f7c60 38306       3       org.eclipse.jdt.internal.compiler.ast.TryStatement::traverse (144 bytes)
Event: 13389.910 Thread 0x00000294ad0f7c60 nmethod 38306 0x000002949ce14b90 code [0x000002949ce14dc0, 0x000002949ce15638]
Event: 13389.910 Thread 0x00000294ad0f7c60 38307       3       org.eclipse.jdt.internal.compiler.ASTVisitor::endVisit (1 bytes)
Event: 13389.910 Thread 0x00000294ad0f7c60 nmethod 38307 0x000002949ce15a10 code [0x000002949ce15ba0, 0x000002949ce15cb8]
Event: 13390.962 Thread 0x00000294ad0f3ea0 38308 % !   4       org.eclipse.jdt.internal.codeassist.InternalExtendedCompletionContext::getVisibleElements @ 219 (533 bytes)
Event: 13390.990 Thread 0x00000294ad0f3ea0 nmethod 38308% 0x00000294a3af1090 code [0x00000294a3af13e0, 0x00000294a3af3238]
Event: 13392.105 Thread 0x00000294ad0f3ea0 38309       4       org.eclipse.jdt.ls.core.internal.handlers.BaseDocumentLifeCycleHandler$1::belongsTo (7 bytes)
Event: 13392.106 Thread 0x00000294ad0f3ea0 nmethod 38309 0x00000294a3af4990 code [0x00000294a3af4b20, 0x00000294a3af4cf8]
Event: 13392.864 Thread 0x00000294ad0f7c60 38310       3       org.eclipse.jdt.ls.core.internal.corext.refactoring.ChangeSignatureProcessor::getCachedTypeHierarchy (39 bytes)
Event: 13392.864 Thread 0x00000294ad0f7c60 nmethod 38310 0x000002949ce15d90 code [0x000002949ce15f60, 0x000002949ce16388]
Event: 13392.903 Thread 0x00000294ad0f7c60 38311       3       org.eclipse.jdt.ls.core.internal.corext.refactoring.rename.MethodChecks::overridesAnotherMethod (64 bytes)
Event: 13392.904 Thread 0x00000294ad0f7c60 nmethod 38311 0x000002949ce16510 code [0x000002949ce16720, 0x000002949ce16df8]

GC Heap History (20 events):
Event: 13392.885 GC heap after
{Heap after GC invocations=30855 (full 672):
 PSYoungGen      total 7168K, used 3584K [0x00000000eab00000, 0x00000000ebe80000, 0x0000000100000000)
  eden space 3584K, 0% used [0x00000000eab00000,0x00000000eab00000,0x00000000eae80000)
  from space 3584K, 100% used [0x00000000eae80000,0x00000000eb200000,0x00000000eb200000)
  to   space 7680K, 0% used [0x00000000eb700000,0x00000000eb700000,0x00000000ebe80000)
 ParOldGen       total 223744K, used 198529K [0x00000000c0000000, 0x00000000cda80000, 0x00000000eab00000)
  object space 223744K, 88% used [0x00000000c0000000,0x00000000cc1e0648,0x00000000cda80000)
 Metaspace       used 101059K, committed 102336K, reserved 1146880K
  class space    used 9764K, committed 10368K, reserved 1048576K
}
Event: 13392.891 GC heap before
{Heap before GC invocations=30856 (full 672):
 PSYoungGen      total 7168K, used 7168K [0x00000000eab00000, 0x00000000ebe80000, 0x0000000100000000)
  eden space 3584K, 100% used [0x00000000eab00000,0x00000000eae80000,0x00000000eae80000)
  from space 3584K, 100% used [0x00000000eae80000,0x00000000eb200000,0x00000000eb200000)
  to   space 7680K, 0% used [0x00000000eb700000,0x00000000eb700000,0x00000000ebe80000)
 ParOldGen       total 223744K, used 198529K [0x00000000c0000000, 0x00000000cda80000, 0x00000000eab00000)
  object space 223744K, 88% used [0x00000000c0000000,0x00000000cc1e0648,0x00000000cda80000)
 Metaspace       used 101059K, committed 102336K, reserved 1146880K
  class space    used 9764K, committed 10368K, reserved 1048576K
}
Event: 13392.893 GC heap after
{Heap after GC invocations=30856 (full 672):
 PSYoungGen      total 6656K, used 1577K [0x00000000eab00000, 0x00000000eb900000, 0x0000000100000000)
  eden space 4608K, 0% used [0x00000000eab00000,0x00000000eab00000,0x00000000eaf80000)
  from space 2048K, 77% used [0x00000000eb700000,0x00000000eb88a400,0x00000000eb900000)
  to   space 3584K, 0% used [0x00000000eb200000,0x00000000eb200000,0x00000000eb580000)
 ParOldGen       total 223744K, used 202113K [0x00000000c0000000, 0x00000000cda80000, 0x00000000eab00000)
  object space 223744K, 90% used [0x00000000c0000000,0x00000000cc560648,0x00000000cda80000)
 Metaspace       used 101059K, committed 102336K, reserved 1146880K
  class space    used 9764K, committed 10368K, reserved 1048576K
}
Event: 13392.900 GC heap before
{Heap before GC invocations=30857 (full 672):
 PSYoungGen      total 6656K, used 6185K [0x00000000eab00000, 0x00000000eb900000, 0x0000000100000000)
  eden space 4608K, 100% used [0x00000000eab00000,0x00000000eaf80000,0x00000000eaf80000)
  from space 2048K, 77% used [0x00000000eb700000,0x00000000eb88a400,0x00000000eb900000)
  to   space 3584K, 0% used [0x00000000eb200000,0x00000000eb200000,0x00000000eb580000)
 ParOldGen       total 223744K, used 202113K [0x00000000c0000000, 0x00000000cda80000, 0x00000000eab00000)
  object space 223744K, 90% used [0x00000000c0000000,0x00000000cc560648,0x00000000cda80000)
 Metaspace       used 101059K, committed 102336K, reserved 1146880K
  class space    used 9764K, committed 10368K, reserved 1048576K
}
Event: 13392.901 GC heap after
{Heap after GC invocations=30857 (full 672):
 PSYoungGen      total 9216K, used 873K [0x00000000eab00000, 0x00000000eb780000, 0x0000000100000000)
  eden space 5632K, 0% used [0x00000000eab00000,0x00000000eab00000,0x00000000eb080000)
  from space 3584K, 24% used [0x00000000eb200000,0x00000000eb2da400,0x00000000eb580000)
  to   space 1536K, 0% used [0x00000000eb600000,0x00000000eb600000,0x00000000eb780000)
 ParOldGen       total 223744K, used 203546K [0x00000000c0000000, 0x00000000cda80000, 0x00000000eab00000)
  object space 223744K, 90% used [0x00000000c0000000,0x00000000cc6c6a48,0x00000000cda80000)
 Metaspace       used 101059K, committed 102336K, reserved 1146880K
  class space    used 9764K, committed 10368K, reserved 1048576K
}
Event: 13392.909 GC heap before
{Heap before GC invocations=30858 (full 672):
 PSYoungGen      total 9216K, used 6505K [0x00000000eab00000, 0x00000000eb780000, 0x0000000100000000)
  eden space 5632K, 100% used [0x00000000eab00000,0x00000000eb080000,0x00000000eb080000)
  from space 3584K, 24% used [0x00000000eb200000,0x00000000eb2da400,0x00000000eb580000)
  to   space 1536K, 0% used [0x00000000eb600000,0x00000000eb600000,0x00000000eb780000)
 ParOldGen       total 223744K, used 203546K [0x00000000c0000000, 0x00000000cda80000, 0x00000000eab00000)
  object space 223744K, 90% used [0x00000000c0000000,0x00000000cc6c6a48,0x00000000cda80000)
 Metaspace       used 101059K, committed 102336K, reserved 1146880K
  class space    used 9764K, committed 10368K, reserved 1048576K
}
Event: 13392.910 GC heap after
{Heap after GC invocations=30858 (full 672):
 PSYoungGen      total 8704K, used 1426K [0x00000000eab00000, 0x00000000eb780000, 0x0000000100000000)
  eden space 7168K, 0% used [0x00000000eab00000,0x00000000eab00000,0x00000000eb200000)
  from space 1536K, 92% used [0x00000000eb600000,0x00000000eb764820,0x00000000eb780000)
  to   space 2048K, 0% used [0x00000000eb380000,0x00000000eb380000,0x00000000eb580000)
 ParOldGen       total 223744K, used 204178K [0x00000000c0000000, 0x00000000cda80000, 0x00000000eab00000)
  object space 223744K, 91% used [0x00000000c0000000,0x00000000cc764a48,0x00000000cda80000)
 Metaspace       used 101059K, committed 102336K, reserved 1146880K
  class space    used 9764K, committed 10368K, reserved 1048576K
}
Event: 13393.132 GC heap before
{Heap before GC invocations=30859 (full 672):
 PSYoungGen      total 8704K, used 8594K [0x00000000eab00000, 0x00000000eb780000, 0x0000000100000000)
  eden space 7168K, 100% used [0x00000000eab00000,0x00000000eb200000,0x00000000eb200000)
  from space 1536K, 92% used [0x00000000eb600000,0x00000000eb764820,0x00000000eb780000)
  to   space 2048K, 0% used [0x00000000eb380000,0x00000000eb380000,0x00000000eb580000)
 ParOldGen       total 223744K, used 204178K [0x00000000c0000000, 0x00000000cda80000, 0x00000000eab00000)
  object space 223744K, 91% used [0x00000000c0000000,0x00000000cc764a48,0x00000000cda80000)
 Metaspace       used 101059K, committed 102336K, reserved 1146880K
  class space    used 9764K, committed 10368K, reserved 1048576K
}
Event: 13393.133 GC heap after
{Heap after GC invocations=30859 (full 672):
 PSYoungGen      total 9216K, used 2025K [0x00000000eab00000, 0x00000000eba00000, 0x0000000100000000)
  eden space 7168K, 0% used [0x00000000eab00000,0x00000000eab00000,0x00000000eb200000)
  from space 2048K, 98% used [0x00000000eb380000,0x00000000eb57a400,0x00000000eb580000)
  to   space 4096K, 0% used [0x00000000eb600000,0x00000000eb600000,0x00000000eba00000)
 ParOldGen       total 223744K, used 205448K [0x00000000c0000000, 0x00000000cda80000, 0x00000000eab00000)
  object space 223744K, 91% used [0x00000000c0000000,0x00000000cc8a2298,0x00000000cda80000)
 Metaspace       used 101059K, committed 102336K, reserved 1146880K
  class space    used 9764K, committed 10368K, reserved 1048576K
}
Event: 13393.337 GC heap before
{Heap before GC invocations=30860 (full 672):
 PSYoungGen      total 9216K, used 9193K [0x00000000eab00000, 0x00000000eba00000, 0x0000000100000000)
  eden space 7168K, 100% used [0x00000000eab00000,0x00000000eb200000,0x00000000eb200000)
  from space 2048K, 98% used [0x00000000eb380000,0x00000000eb57a400,0x00000000eb580000)
  to   space 4096K, 0% used [0x00000000eb600000,0x00000000eb600000,0x00000000eba00000)
 ParOldGen       total 223744K, used 205448K [0x00000000c0000000, 0x00000000cda80000, 0x00000000eab00000)
  object space 223744K, 91% used [0x00000000c0000000,0x00000000cc8a2298,0x00000000cda80000)
 Metaspace       used 101059K, committed 102336K, reserved 1146880K
  class space    used 9764K, committed 10368K, reserved 1048576K
}
Event: 13393.339 GC heap after
{Heap after GC invocations=30860 (full 672):
 PSYoungGen      total 11264K, used 3882K [0x00000000eab00000, 0x00000000eba00000, 0x0000000100000000)
  eden space 7168K, 0% used [0x00000000eab00000,0x00000000eab00000,0x00000000eb200000)
  from space 4096K, 94% used [0x00000000eb600000,0x00000000eb9cabf0,0x00000000eba00000)
  to   space 4096K, 0% used [0x00000000eb200000,0x00000000eb200000,0x00000000eb600000)
 ParOldGen       total 223744K, used 207387K [0x00000000c0000000, 0x00000000cda80000, 0x00000000eab00000)
  object space 223744K, 92% used [0x00000000c0000000,0x00000000cca86e48,0x00000000cda80000)
 Metaspace       used 101059K, committed 102336K, reserved 1146880K
  class space    used 9764K, committed 10368K, reserved 1048576K
}
Event: 13393.349 GC heap before
{Heap before GC invocations=30861 (full 672):
 PSYoungGen      total 11264K, used 11050K [0x00000000eab00000, 0x00000000eba00000, 0x0000000100000000)
  eden space 7168K, 100% used [0x00000000eab00000,0x00000000eb200000,0x00000000eb200000)
  from space 4096K, 94% used [0x00000000eb600000,0x00000000eb9cabf0,0x00000000eba00000)
  to   space 4096K, 0% used [0x00000000eb200000,0x00000000eb200000,0x00000000eb600000)
 ParOldGen       total 223744K, used 207387K [0x00000000c0000000, 0x00000000cda80000, 0x00000000eab00000)
  object space 223744K, 92% used [0x00000000c0000000,0x00000000cca86e48,0x00000000cda80000)
 Metaspace       used 101059K, committed 102336K, reserved 1146880K
  class space    used 9764K, committed 10368K, reserved 1048576K
}
Event: 13393.352 GC heap after
{Heap after GC invocations=30861 (full 672):
 PSYoungGen      total 11264K, used 4096K [0x00000000eab00000, 0x00000000eca00000, 0x0000000100000000)
  eden space 7168K, 0% used [0x00000000eab00000,0x00000000eab00000,0x00000000eb200000)
  from space 4096K, 100% used [0x00000000eb200000,0x00000000eb600000,0x00000000eb600000)
  to   space 12288K, 0% used [0x00000000ebe00000,0x00000000ebe00000,0x00000000eca00000)
 ParOldGen       total 223744K, used 214222K [0x00000000c0000000, 0x00000000cda80000, 0x00000000eab00000)
  object space 223744K, 95% used [0x00000000c0000000,0x00000000cd133a38,0x00000000cda80000)
 Metaspace       used 101059K, committed 102336K, reserved 1146880K
  class space    used 9764K, committed 10368K, reserved 1048576K
}
Event: 13393.362 GC heap before
{Heap before GC invocations=30862 (full 672):
 PSYoungGen      total 11264K, used 11264K [0x00000000eab00000, 0x00000000eca00000, 0x0000000100000000)
  eden space 7168K, 100% used [0x00000000eab00000,0x00000000eb200000,0x00000000eb200000)
  from space 4096K, 100% used [0x00000000eb200000,0x00000000eb600000,0x00000000eb600000)
  to   space 12288K, 0% used [0x00000000ebe00000,0x00000000ebe00000,0x00000000eca00000)
 ParOldGen       total 223744K, used 214222K [0x00000000c0000000, 0x00000000cda80000, 0x00000000eab00000)
  object space 223744K, 95% used [0x00000000c0000000,0x00000000cd133a38,0x00000000cda80000)
 Metaspace       used 101059K, committed 102336K, reserved 1146880K
  class space    used 9764K, committed 10368K, reserved 1048576K
}
Event: 13393.373 GC heap after
{Heap after GC invocations=30862 (full 672):
 PSYoungGen      total 16384K, used 7264K [0x00000000eab00000, 0x00000000ec580000, 0x0000000100000000)
  eden space 8704K, 0% used [0x00000000eab00000,0x00000000eab00000,0x00000000eb380000)
  from space 7680K, 94% used [0x00000000ebe00000,0x00000000ec518000,0x00000000ec580000)
  to   space 8704K, 0% used [0x00000000eb480000,0x00000000eb480000,0x00000000ebd00000)
 ParOldGen       total 223744K, used 218366K [0x00000000c0000000, 0x00000000cda80000, 0x00000000eab00000)
  object space 223744K, 97% used [0x00000000c0000000,0x00000000cd53fa38,0x00000000cda80000)
 Metaspace       used 101059K, committed 102336K, reserved 1146880K
  class space    used 9764K, committed 10368K, reserved 1048576K
}
Event: 13393.390 GC heap before
{Heap before GC invocations=30863 (full 672):
 PSYoungGen      total 16384K, used 15832K [0x00000000eab00000, 0x00000000ec580000, 0x0000000100000000)
  eden space 8704K, 98% used [0x00000000eab00000,0x00000000eb35e1e0,0x00000000eb380000)
  from space 7680K, 94% used [0x00000000ebe00000,0x00000000ec518000,0x00000000ec580000)
  to   space 8704K, 0% used [0x00000000eb480000,0x00000000eb480000,0x00000000ebd00000)
 ParOldGen       total 223744K, used 218366K [0x00000000c0000000, 0x00000000cda80000, 0x00000000eab00000)
  object space 223744K, 97% used [0x00000000c0000000,0x00000000cd53fa38,0x00000000cda80000)
 Metaspace       used 101059K, committed 102336K, reserved 1146880K
  class space    used 9764K, committed 10368K, reserved 1048576K
}
Event: 13393.405 GC heap after
{Heap after GC invocations=30863 (full 672):
 PSYoungGen      total 18432K, used 8192K [0x00000000eab00000, 0x00000000ec680000, 0x0000000100000000)
  eden space 9728K, 0% used [0x00000000eab00000,0x00000000eab00000,0x00000000eb480000)
  from space 8704K, 94% used [0x00000000eb480000,0x00000000ebc80000,0x00000000ebd00000)
  to   space 8704K, 0% used [0x00000000ebe00000,0x00000000ebe00000,0x00000000ec680000)
 ParOldGen       total 225792K, used 225598K [0x00000000c0000000, 0x00000000cdc80000, 0x00000000eab00000)
  object space 225792K, 99% used [0x00000000c0000000,0x00000000cdc4fa38,0x00000000cdc80000)
 Metaspace       used 101059K, committed 102336K, reserved 1146880K
  class space    used 9764K, committed 10368K, reserved 1048576K
}
Event: 13393.405 GC heap before
{Heap before GC invocations=30864 (full 673):
 PSYoungGen      total 18432K, used 8192K [0x00000000eab00000, 0x00000000ec680000, 0x0000000100000000)
  eden space 9728K, 0% used [0x00000000eab00000,0x00000000eab00000,0x00000000eb480000)
  from space 8704K, 94% used [0x00000000eb480000,0x00000000ebc80000,0x00000000ebd00000)
  to   space 8704K, 0% used [0x00000000ebe00000,0x00000000ebe00000,0x00000000ec680000)
 ParOldGen       total 225792K, used 225598K [0x00000000c0000000, 0x00000000cdc80000, 0x00000000eab00000)
  object space 225792K, 99% used [0x00000000c0000000,0x00000000cdc4fa38,0x00000000cdc80000)
 Metaspace       used 101059K, committed 102336K, reserved 1146880K
  class space    used 9764K, committed 10368K, reserved 1048576K
}
Event: 13393.501 GC heap after
{Heap after GC invocations=30864 (full 673):
 PSYoungGen      total 19456K, used 0K [0x00000000eab00000, 0x00000000ec780000, 0x0000000100000000)
  eden space 10752K, 0% used [0x00000000eab00000,0x00000000eab00000,0x00000000eb580000)
  from space 8704K, 0% used [0x00000000ebe00000,0x00000000ebe00000,0x00000000ec680000)
  to   space 8704K, 0% used [0x00000000eb580000,0x00000000eb580000,0x00000000ebe00000)
 ParOldGen       total 257536K, used 197131K [0x00000000c0000000, 0x00000000cfb80000, 0x00000000eab00000)
  object space 257536K, 76% used [0x00000000c0000000,0x00000000cc082ca8,0x00000000cfb80000)
 Metaspace       used 101059K, committed 102336K, reserved 1146880K
  class space    used 9764K, committed 10368K, reserved 1048576K
}
Event: 13393.581 GC heap before
{Heap before GC invocations=30865 (full 673):
 PSYoungGen      total 19456K, used 10752K [0x00000000eab00000, 0x00000000ec780000, 0x0000000100000000)
  eden space 10752K, 100% used [0x00000000eab00000,0x00000000eb580000,0x00000000eb580000)
  from space 8704K, 0% used [0x00000000ebe00000,0x00000000ebe00000,0x00000000ec680000)
  to   space 8704K, 0% used [0x00000000eb580000,0x00000000eb580000,0x00000000ebe00000)
 ParOldGen       total 257536K, used 197131K [0x00000000c0000000, 0x00000000cfb80000, 0x00000000eab00000)
  object space 257536K, 76% used [0x00000000c0000000,0x00000000cc082ca8,0x00000000cfb80000)
 Metaspace       used 101059K, committed 102336K, reserved 1146880K
  class space    used 9764K, committed 10368K, reserved 1048576K
}

Deoptimization events (20 events):
Event: 13358.370 Thread 0x00000294b02b8210 Uncommon trap: trap_request=0xffffffde fr.pc=0x00000294a38de9c0 relative=0x0000000000001de0
Event: 13358.370 Thread 0x00000294b02b8210 Uncommon trap: reason=class_check action=maybe_recompile pc=0x00000294a38de9c0 method=org.eclipse.jdt.internal.core.ElementCache.close(Lorg/eclipse/jdt/internal/core/util/LRUCache$LRUCacheEntry;)Z @ 4 c2
Event: 13358.370 Thread 0x00000294b02b8210 DEOPT PACKING pc=0x00000294a38de9c0 sp=0x000000f1da0fd6e0
Event: 13358.370 Thread 0x00000294b02b8210 DEOPT UNPACKING pc=0x0000029499a520a3 sp=0x000000f1da0fd650 mode 2
Event: 13358.370 Thread 0x00000294b02b8210 Uncommon trap: trap_request=0xffffffde fr.pc=0x00000294a38de9c0 relative=0x0000000000001de0
Event: 13358.370 Thread 0x00000294b02b8210 Uncommon trap: reason=class_check action=maybe_recompile pc=0x00000294a38de9c0 method=org.eclipse.jdt.internal.core.ElementCache.close(Lorg/eclipse/jdt/internal/core/util/LRUCache$LRUCacheEntry;)Z @ 4 c2
Event: 13358.370 Thread 0x00000294b02b8210 DEOPT PACKING pc=0x00000294a38de9c0 sp=0x000000f1da0fd6e0
Event: 13358.370 Thread 0x00000294b02b8210 DEOPT UNPACKING pc=0x0000029499a520a3 sp=0x000000f1da0fd650 mode 2
Event: 13358.370 Thread 0x00000294b02b8210 Uncommon trap: trap_request=0xffffffde fr.pc=0x00000294a38de9c0 relative=0x0000000000001de0
Event: 13358.370 Thread 0x00000294b02b8210 Uncommon trap: reason=class_check action=maybe_recompile pc=0x00000294a38de9c0 method=org.eclipse.jdt.internal.core.ElementCache.close(Lorg/eclipse/jdt/internal/core/util/LRUCache$LRUCacheEntry;)Z @ 4 c2
Event: 13358.370 Thread 0x00000294b02b8210 DEOPT PACKING pc=0x00000294a38de9c0 sp=0x000000f1da0fd6e0
Event: 13358.370 Thread 0x00000294b02b8210 DEOPT UNPACKING pc=0x0000029499a520a3 sp=0x000000f1da0fd650 mode 2
Event: 13390.961 Thread 0x00000294b02307f0 Uncommon trap: trap_request=0xffffff66 fr.pc=0x00000294a2b17040 relative=0x0000000000002e60
Event: 13390.961 Thread 0x00000294b02307f0 Uncommon trap: reason=speculate_class_check action=maybe_recompile pc=0x00000294a2b17040 method=org.eclipse.jdt.internal.compiler.lookup.TypeBinding.isCompatibleWith(Lorg/eclipse/jdt/internal/compiler/lookup/TypeBinding;)Z @ 3 c2
Event: 13390.961 Thread 0x00000294b02307f0 DEOPT PACKING pc=0x00000294a2b17040 sp=0x000000f1dd5fe4a0
Event: 13390.961 Thread 0x00000294b02307f0 DEOPT UNPACKING pc=0x0000029499a520a3 sp=0x000000f1dd5fe418 mode 2
Event: 13390.961 Thread 0x00000294b02307f0 Uncommon trap: trap_request=0xffffff66 fr.pc=0x00000294a2b17040 relative=0x0000000000002e60
Event: 13390.961 Thread 0x00000294b02307f0 Uncommon trap: reason=speculate_class_check action=maybe_recompile pc=0x00000294a2b17040 method=org.eclipse.jdt.internal.compiler.lookup.TypeBinding.isCompatibleWith(Lorg/eclipse/jdt/internal/compiler/lookup/TypeBinding;)Z @ 3 c2
Event: 13390.961 Thread 0x00000294b02307f0 DEOPT PACKING pc=0x00000294a2b17040 sp=0x000000f1dd5fe4a0
Event: 13390.961 Thread 0x00000294b02307f0 DEOPT UNPACKING pc=0x0000029499a520a3 sp=0x000000f1dd5fe418 mode 2

Classes unloaded (20 events):
Event: 12800.675 Thread 0x00000294aabee5b0 Unloading class 0x0000000100296400 'jdk/internal/reflect/GeneratedSerializationConstructorAccessor54'
Event: 12800.675 Thread 0x00000294aabee5b0 Unloading class 0x0000000100299400 'jdk/internal/reflect/GeneratedSerializationConstructorAccessor53'
Event: 12800.675 Thread 0x00000294aabee5b0 Unloading class 0x000000010069c400 'jdk/internal/reflect/GeneratedSerializationConstructorAccessor52'
Event: 12800.675 Thread 0x00000294aabee5b0 Unloading class 0x00000001006a4800 'jdk/internal/reflect/GeneratedSerializationConstructorAccessor51'
Event: 12800.675 Thread 0x00000294aabee5b0 Unloading class 0x00000001006a6400 'jdk/internal/reflect/GeneratedSerializationConstructorAccessor50'
Event: 12800.675 Thread 0x00000294aabee5b0 Unloading class 0x00000001006a6800 'jdk/internal/reflect/GeneratedMethodAccessor88'
Event: 12800.675 Thread 0x00000294aabee5b0 Unloading class 0x0000000100799000 'jdk/internal/reflect/GeneratedMethodAccessor87'
Event: 12800.675 Thread 0x00000294aabee5b0 Unloading class 0x000000010086c000 'jdk/internal/reflect/GeneratedSerializationConstructorAccessor49'
Event: 12800.675 Thread 0x00000294aabee5b0 Unloading class 0x000000010087e000 'jdk/internal/reflect/GeneratedSerializationConstructorAccessor48'
Event: 12800.675 Thread 0x00000294aabee5b0 Unloading class 0x0000000100981400 'jdk/internal/reflect/GeneratedSerializationConstructorAccessor47'
Event: 12800.675 Thread 0x00000294aabee5b0 Unloading class 0x0000000100982000 'jdk/internal/reflect/GeneratedSerializationConstructorAccessor46'
Event: 12800.675 Thread 0x00000294aabee5b0 Unloading class 0x0000000100991800 'jdk/internal/reflect/GeneratedSerializationConstructorAccessor45'
Event: 12800.675 Thread 0x00000294aabee5b0 Unloading class 0x0000000100992800 'jdk/internal/reflect/GeneratedSerializationConstructorAccessor44'
Event: 12800.675 Thread 0x00000294aabee5b0 Unloading class 0x00000001009a8400 'jdk/internal/reflect/GeneratedSerializationConstructorAccessor43'
Event: 12800.675 Thread 0x00000294aabee5b0 Unloading class 0x00000001009a8c00 'jdk/internal/reflect/GeneratedSerializationConstructorAccessor42'
Event: 12800.675 Thread 0x00000294aabee5b0 Unloading class 0x00000001009a9800 'jdk/internal/reflect/GeneratedSerializationConstructorAccessor41'
Event: 12800.675 Thread 0x00000294aabee5b0 Unloading class 0x000000010091d000 'jdk/internal/reflect/GeneratedSerializationConstructorAccessor40'
Event: 12800.675 Thread 0x00000294aabee5b0 Unloading class 0x00000001009b4c00 'jdk/internal/reflect/GeneratedSerializationConstructorAccessor39'
Event: 12800.675 Thread 0x00000294aabee5b0 Unloading class 0x00000001009b5400 'jdk/internal/reflect/GeneratedSerializationConstructorAccessor38'
Event: 12800.675 Thread 0x00000294aabee5b0 Unloading class 0x00000001009b6400 'jdk/internal/reflect/GeneratedSerializationConstructorAccessor37'

Classes redefined (0 events):
No events

Internal exceptions (20 events):
Event: 13267.387 Thread 0x00000294b06ea250 Exception <a 'java/lang/ClassNotFoundException'{0x00000000eabd0750}: sun/net/www/protocol/jdt/Handler> (0x00000000eabd0750) 
thrown [s\src\hotspot\share\classfile\systemDictionary.cpp, line 256]
Event: 13267.387 Thread 0x00000294b06ea250 Exception <a 'java/lang/ClassNotFoundException'{0x00000000eabd2960}: sun/net/www/protocol/jdt/Handler> (0x00000000eabd2960) 
thrown [s\src\hotspot\share\classfile\systemDictionary.cpp, line 256]
Event: 13267.387 Thread 0x00000294b06ea250 Exception <a 'java/lang/ClassNotFoundException'{0x00000000eabd4b68}: sun/net/www/protocol/jdt/Handler> (0x00000000eabd4b68) 
thrown [s\src\hotspot\share\classfile\systemDictionary.cpp, line 256]
Event: 13267.387 Thread 0x00000294b06ea250 Exception <a 'java/lang/ClassNotFoundException'{0x00000000eabd6d88}: sun/net/www/protocol/jdt/Handler> (0x00000000eabd6d88) 
thrown [s\src\hotspot\share\classfile\systemDictionary.cpp, line 256]
Event: 13267.387 Thread 0x00000294b06ea250 Exception <a 'java/lang/ClassNotFoundException'{0x00000000eabd8f70}: sun/net/www/protocol/jdt/Handler> (0x00000000eabd8f70) 
thrown [s\src\hotspot\share\classfile\systemDictionary.cpp, line 256]
Event: 13267.387 Thread 0x00000294b06ea250 Exception <a 'java/lang/ClassNotFoundException'{0x00000000eabdb158}: sun/net/www/protocol/jdt/Handler> (0x00000000eabdb158) 
thrown [s\src\hotspot\share\classfile\systemDictionary.cpp, line 256]
Event: 13267.387 Thread 0x00000294b06ea250 Exception <a 'java/lang/ClassNotFoundException'{0x00000000eabdd388}: sun/net/www/protocol/jdt/Handler> (0x00000000eabdd388) 
thrown [s\src\hotspot\share\classfile\systemDictionary.cpp, line 256]
Event: 13267.388 Thread 0x00000294b06ea250 Exception <a 'java/lang/ClassNotFoundException'{0x00000000eabdf590}: sun/net/www/protocol/jdt/Handler> (0x00000000eabdf590) 
thrown [s\src\hotspot\share\classfile\systemDictionary.cpp, line 256]
Event: 13267.456 Thread 0x00000294b06edc10 Exception <a 'java/lang/ClassNotFoundException'{0x00000000eb53c488}: sun/net/www/protocol/jdt/Handler> (0x00000000eb53c488) 
thrown [s\src\hotspot\share\classfile\systemDictionary.cpp, line 256]
Event: 13267.456 Thread 0x00000294b06edc10 Exception <a 'java/lang/ClassNotFoundException'{0x00000000eb53e318}: sun/net/www/protocol/jdt/Handler> (0x00000000eb53e318) 
thrown [s\src\hotspot\share\classfile\systemDictionary.cpp, line 256]
Event: 13268.234 Thread 0x00000294b06ee0e0 Exception <a 'java/lang/ClassNotFoundException'{0x00000000ec0b6678}: sun/net/www/protocol/jdt/Handler> (0x00000000ec0b6678) 
thrown [s\src\hotspot\share\classfile\systemDictionary.cpp, line 256]
Event: 13271.391 Thread 0x00000294af2220f0 Exception <a 'sun/nio/fs/WindowsException'{0x00000000ebbf8dd8}> (0x00000000ebbf8dd8) 
thrown [s\src\hotspot\share\prims\jni.cpp, line 516]
Event: 13271.679 Thread 0x00000294af2220f0 Exception <a 'sun/nio/fs/WindowsException'{0x00000000eb17b1e8}> (0x00000000eb17b1e8) 
thrown [s\src\hotspot\share\prims\jni.cpp, line 516]
Event: 13316.206 Thread 0x00000294af2220f0 Exception <a 'sun/nio/fs/WindowsException'{0x00000000ebb71150}> (0x00000000ebb71150) 
thrown [s\src\hotspot\share\prims\jni.cpp, line 516]
Event: 13316.394 Thread 0x00000294af2220f0 Exception <a 'sun/nio/fs/WindowsException'{0x00000000eade21f8}> (0x00000000eade21f8) 
thrown [s\src\hotspot\share\prims\jni.cpp, line 516]
Event: 13334.857 Thread 0x00000294af2220f0 Exception <a 'sun/nio/fs/WindowsException'{0x00000000eacdb698}> (0x00000000eacdb698) 
thrown [s\src\hotspot\share\prims\jni.cpp, line 516]
Event: 13335.174 Thread 0x00000294af2220f0 Exception <a 'sun/nio/fs/WindowsException'{0x00000000eb2be2a0}> (0x00000000eb2be2a0) 
thrown [s\src\hotspot\share\prims\jni.cpp, line 516]
Event: 13366.465 Thread 0x00000294af2220f0 Exception <a 'sun/nio/fs/WindowsException'{0x00000000ead1aef8}> (0x00000000ead1aef8) 
thrown [s\src\hotspot\share\prims\jni.cpp, line 516]
Event: 13366.745 Thread 0x00000294af2220f0 Exception <a 'sun/nio/fs/WindowsException'{0x00000000eb3d7d18}> (0x00000000eb3d7d18) 
thrown [s\src\hotspot\share\prims\jni.cpp, line 516]
Event: 13393.333 Thread 0x00000294af2220f0 Exception <a 'sun/nio/fs/WindowsException'{0x00000000eae32280}> (0x00000000eae32280) 
thrown [s\src\hotspot\share\prims\jni.cpp, line 516]

VM Operations (20 events):
Event: 13392.877 Executing VM operation: ParallelGCFailedAllocation done
Event: 13392.881 Executing VM operation: ParallelGCFailedAllocation
Event: 13392.885 Executing VM operation: ParallelGCFailedAllocation done
Event: 13392.891 Executing VM operation: ParallelGCFailedAllocation
Event: 13392.893 Executing VM operation: ParallelGCFailedAllocation done
Event: 13392.900 Executing VM operation: ParallelGCFailedAllocation
Event: 13392.901 Executing VM operation: ParallelGCFailedAllocation done
Event: 13392.909 Executing VM operation: ParallelGCFailedAllocation
Event: 13392.910 Executing VM operation: ParallelGCFailedAllocation done
Event: 13393.132 Executing VM operation: ParallelGCFailedAllocation
Event: 13393.133 Executing VM operation: ParallelGCFailedAllocation done
Event: 13393.337 Executing VM operation: ParallelGCFailedAllocation
Event: 13393.339 Executing VM operation: ParallelGCFailedAllocation done
Event: 13393.349 Executing VM operation: ParallelGCFailedAllocation
Event: 13393.352 Executing VM operation: ParallelGCFailedAllocation done
Event: 13393.361 Executing VM operation: ParallelGCFailedAllocation
Event: 13393.373 Executing VM operation: ParallelGCFailedAllocation done
Event: 13393.390 Executing VM operation: ParallelGCFailedAllocation
Event: 13393.501 Executing VM operation: ParallelGCFailedAllocation done
Event: 13393.581 Executing VM operation: ParallelGCFailedAllocation

Events (20 events):
Event: 13359.741 Thread 0x00000294b29d9d10 Thread exited: 0x00000294b29d9d10
Event: 13359.937 Thread 0x00000294b29d9d10 Thread added: 0x00000294b29d9d10
Event: 13361.197 Thread 0x00000294b29d9d10 Thread exited: 0x00000294b29d9d10
Event: 13366.073 Thread 0x00000294b29d9d10 Thread added: 0x00000294b29d9d10
Event: 13367.247 Thread 0x00000294b29d9d10 Thread exited: 0x00000294b29d9d10
Event: 13367.399 Thread 0x00000294b06edc10 Thread added: 0x00000294b06edc10
Event: 13367.403 Thread 0x00000294b06edc10 Thread exited: 0x00000294b06edc10
Event: 13373.778 Thread 0x00000294b29ddee0 Thread added: 0x00000294b29ddee0
Event: 13373.779 Thread 0x00000294b29d9d10 Thread added: 0x00000294b29d9d10
Event: 13374.602 Thread 0x00000294b29d9d10 Thread exited: 0x00000294b29d9d10
Event: 13374.602 Thread 0x00000294b29ddee0 Thread exited: 0x00000294b29ddee0
Event: 13375.716 Thread 0x00000294b29d9d10 Thread added: 0x00000294b29d9d10
Event: 13376.030 Thread 0x00000294b29d9d10 Thread exited: 0x00000294b29d9d10
Event: 13378.056 Thread 0x00000294b29ddee0 Thread added: 0x00000294b29ddee0
Event: 13378.056 Thread 0x00000294b29d9d10 Thread added: 0x00000294b29d9d10
Event: 13379.200 Thread 0x00000294b29ddee0 Thread exited: 0x00000294b29ddee0
Event: 13379.200 Thread 0x00000294b29d9d10 Thread exited: 0x00000294b29d9d10
Event: 13387.631 Thread 0x00000294b06ecda0 Thread added: 0x00000294b06ecda0
Event: 13389.505 Thread 0x00000294b06e8a40 Thread exited: 0x00000294b06e8a40
Event: 13391.224 Thread 0x00000294b06e8a40 Thread added: 0x00000294b06e8a40


Dynamic libraries:
0x00007ff7009e0000 - 0x00007ff7009ee000 	c:\Users\Kenny\.vscode\extensions\redhat.java-1.11.0-win32-x64\jre\17.0.4.1-win32-x86_64\bin\java.exe
0x00007ffb73490000 - 0x00007ffb73688000 	C:\WINDOWS\SYSTEM32\ntdll.dll
0x00007ffb72930000 - 0x00007ffb729ed000 	C:\WINDOWS\System32\KERNEL32.DLL
0x00007ffb70f00000 - 0x00007ffb711d2000 	C:\WINDOWS\System32\KERNELBASE.dll
0x00007ffb70e00000 - 0x00007ffb70f00000 	C:\WINDOWS\System32\ucrtbase.dll
0x00007ffb68920000 - 0x00007ffb68938000 	c:\Users\Kenny\.vscode\extensions\redhat.java-1.11.0-win32-x64\jre\17.0.4.1-win32-x86_64\bin\jli.dll
0x00007ffb68830000 - 0x00007ffb68849000 	c:\Users\Kenny\.vscode\extensions\redhat.java-1.11.0-win32-x64\jre\17.0.4.1-win32-x86_64\bin\VCRUNTIME140.dll
0x00007ffb72f60000 - 0x00007ffb730fd000 	C:\WINDOWS\System32\USER32.dll
0x00007ffb70d00000 - 0x00007ffb70d22000 	C:\WINDOWS\System32\win32u.dll
0x00007ffb73300000 - 0x00007ffb7332b000 	C:\WINDOWS\System32\GDI32.dll
0x00007ffb711e0000 - 0x00007ffb712ef000 	C:\WINDOWS\System32\gdi32full.dll
0x00007ffb70d30000 - 0x00007ffb70dcd000 	C:\WINDOWS\System32\msvcp_win.dll
0x00007ffb5f440000 - 0x00007ffb5f6da000 	C:\WINDOWS\WinSxS\amd64_microsoft.windows.common-controls_6595b64144ccf1df_6.0.19041.1110_none_60b5254171f9507e\COMCTL32.dll
0x00007ffb729f0000 - 0x00007ffb72a8e000 	C:\WINDOWS\System32\msvcrt.dll
0x00007ffb72060000 - 0x00007ffb72090000 	C:\WINDOWS\System32\IMM32.DLL
0x00007ffb6ca00000 - 0x00007ffb6ca0c000 	c:\Users\Kenny\.vscode\extensions\redhat.java-1.11.0-win32-x64\jre\17.0.4.1-win32-x86_64\bin\vcruntime140_1.dll
0x00007ffb407e0000 - 0x00007ffb40871000 	c:\Users\Kenny\.vscode\extensions\redhat.java-1.11.0-win32-x64\jre\17.0.4.1-win32-x86_64\bin\msvcp140.dll
0x00007ffaef750000 - 0x00007ffaf0396000 	c:\Users\Kenny\.vscode\extensions\redhat.java-1.11.0-win32-x64\jre\17.0.4.1-win32-x86_64\bin\server\jvm.dll
0x00007ffb72480000 - 0x00007ffb7252e000 	C:\WINDOWS\System32\ADVAPI32.dll
0x00007ffb72540000 - 0x00007ffb725dc000 	C:\WINDOWS\System32\sechost.dll
0x00007ffb73170000 - 0x00007ffb73295000 	C:\WINDOWS\System32\RPCRT4.dll
0x00007ffb72110000 - 0x00007ffb72118000 	C:\WINDOWS\System32\PSAPI.DLL
0x00007ffb61300000 - 0x00007ffb61309000 	C:\WINDOWS\SYSTEM32\WSOCK32.dll
0x00007ffb73100000 - 0x00007ffb7316b000 	C:\WINDOWS\System32\WS2_32.dll
0x00007ffb58900000 - 0x00007ffb58927000 	C:\WINDOWS\SYSTEM32\WINMM.dll
0x00007ffb6abe0000 - 0x00007ffb6abea000 	C:\WINDOWS\SYSTEM32\VERSION.dll
0x00007ffb6e9a0000 - 0x00007ffb6e9b2000 	C:\WINDOWS\SYSTEM32\kernel.appcore.dll
0x00007ffb6c9c0000 - 0x00007ffb6c9ca000 	c:\Users\Kenny\.vscode\extensions\redhat.java-1.11.0-win32-x64\jre\17.0.4.1-win32-x86_64\bin\jimage.dll
0x00007ffb62d00000 - 0x00007ffb62ee4000 	C:\WINDOWS\SYSTEM32\DBGHELP.DLL
0x00007ffb5fed0000 - 0x00007ffb5fefc000 	C:\WINDOWS\SYSTEM32\dbgcore.DLL
0x00007ffb713f0000 - 0x00007ffb71472000 	C:\WINDOWS\System32\bcryptPrimitives.dll
0x00007ffb6c980000 - 0x00007ffb6c98e000 	c:\Users\Kenny\.vscode\extensions\redhat.java-1.11.0-win32-x64\jre\17.0.4.1-win32-x86_64\bin\instrument.dll
0x00007ffb68410000 - 0x00007ffb68435000 	c:\Users\Kenny\.vscode\extensions\redhat.java-1.11.0-win32-x64\jre\17.0.4.1-win32-x86_64\bin\java.dll
0x00007ffb68480000 - 0x00007ffb68498000 	c:\Users\Kenny\.vscode\extensions\redhat.java-1.11.0-win32-x64\jre\17.0.4.1-win32-x86_64\bin\zip.dll
0x00007ffb71910000 - 0x00007ffb72053000 	C:\WINDOWS\System32\SHELL32.dll
0x00007ffb6ec80000 - 0x00007ffb6f411000 	C:\WINDOWS\SYSTEM32\windows.storage.dll
0x00007ffb72120000 - 0x00007ffb72474000 	C:\WINDOWS\System32\combase.dll
0x00007ffb70600000 - 0x00007ffb70630000 	C:\WINDOWS\SYSTEM32\Wldp.dll
0x00007ffb716a0000 - 0x00007ffb7174d000 	C:\WINDOWS\System32\SHCORE.dll
0x00007ffb728d0000 - 0x00007ffb72925000 	C:\WINDOWS\System32\shlwapi.dll
0x00007ffb70ae0000 - 0x00007ffb70aff000 	C:\WINDOWS\SYSTEM32\profapi.dll
0x00007ffb67830000 - 0x00007ffb67849000 	C:\Users\Kenny\.vscode\extensions\redhat.java-1.11.0-win32-x64\jre\17.0.4.1-win32-x86_64\bin\net.dll
0x00007ffb66cb0000 - 0x00007ffb66dbd000 	C:\WINDOWS\SYSTEM32\WINHTTP.dll
0x00007ffb70360000 - 0x00007ffb703ca000 	C:\WINDOWS\system32\mswsock.dll
0x00007ffb67810000 - 0x00007ffb67825000 	C:\Users\Kenny\.vscode\extensions\redhat.java-1.11.0-win32-x64\jre\17.0.4.1-win32-x86_64\bin\nio.dll
0x00007ffb6c780000 - 0x00007ffb6c790000 	c:\Users\Kenny\.vscode\extensions\redhat.java-1.11.0-win32-x64\jre\17.0.4.1-win32-x86_64\bin\verify.dll
0x00007ffb49fc0000 - 0x00007ffb49ffe000 	C:\Users\Kenny\AppData\Roaming\Code\User\globalStorage\redhat.java\1.11.0\config_win\org.eclipse.equinox.launcher\org.eclipse.equinox.launcher.win32.win32.x86_64_1.2.600.v20220720-1916\eclipse_11700.dll
0x00007ffb71750000 - 0x00007ffb7187a000 	C:\WINDOWS\System32\ole32.dll
0x00007ffb70560000 - 0x00007ffb70578000 	C:\WINDOWS\SYSTEM32\CRYPTSP.dll
0x00007ffb6fc10000 - 0x00007ffb6fc44000 	C:\WINDOWS\system32\rsaenh.dll
0x00007ffb70dd0000 - 0x00007ffb70df7000 	C:\WINDOWS\System32\bcrypt.dll
0x00007ffb70aa0000 - 0x00007ffb70ace000 	C:\WINDOWS\SYSTEM32\USERENV.dll
0x00007ffb70550000 - 0x00007ffb7055c000 	C:\WINDOWS\SYSTEM32\CRYPTBASE.dll
0x00007ffb70000000 - 0x00007ffb7003b000 	C:\WINDOWS\SYSTEM32\IPHLPAPI.DLL
0x00007ffb72530000 - 0x00007ffb72538000 	C:\WINDOWS\System32\NSI.dll
0x00007ffb6b070000 - 0x00007ffb6b087000 	C:\WINDOWS\SYSTEM32\dhcpcsvc6.DLL
0x00007ffb6b050000 - 0x00007ffb6b06d000 	C:\WINDOWS\SYSTEM32\dhcpcsvc.DLL
0x00007ffb70040000 - 0x00007ffb7010a000 	C:\WINDOWS\SYSTEM32\DNSAPI.dll
0x00007ffb47fb0000 - 0x00007ffb47ff4000 	C:\Users\Kenny\AppData\Local\Temp\jna-72382207\jna18402922193380918319.dll
0x00007ffb68820000 - 0x00007ffb6882e000 	C:\Users\Kenny\.vscode\extensions\redhat.java-1.11.0-win32-x64\jre\17.0.4.1-win32-x86_64\bin\sunmscapi.dll
0x00007ffb70ba0000 - 0x00007ffb70cf6000 	C:\WINDOWS\System32\CRYPT32.dll
0x00007ffb70670000 - 0x00007ffb70697000 	C:\WINDOWS\SYSTEM32\ncrypt.dll
0x00007ffb70630000 - 0x00007ffb7066b000 	C:\WINDOWS\SYSTEM32\NTASN1.dll
0x00007ffb6a6c0000 - 0x00007ffb6a6ca000 	C:\Windows\System32\rasadhlp.dll
0x00007ffb66a70000 - 0x00007ffb66af0000 	C:\WINDOWS\System32\fwpuclnt.dll

dbghelp: loaded successfully - version: 4.0.5 - missing functions: none
symbol engine: initialized successfully - sym options: 0x614 - pdb path: .;c:\Users\Kenny\.vscode\extensions\redhat.java-1.11.0-win32-x64\jre\17.0.4.1-win32-x86_64\bin;C:\WINDOWS\SYSTEM32;C:\WINDOWS\WinSxS\amd64_microsoft.windows.common-controls_6595b64144ccf1df_6.0.19041.1110_none_60b5254171f9507e;c:\Users\Kenny\.vscode\extensions\redhat.java-1.11.0-win32-x64\jre\17.0.4.1-win32-x86_64\bin\server;C:\Users\Kenny\AppData\Roaming\Code\User\globalStorage\redhat.java\1.11.0\config_win\org.eclipse.equinox.launcher\org.eclipse.equinox.launcher.win32.win32.x86_64_1.2.600.v20220720-1916;C:\Users\Kenny\AppData\Local\Temp\jna-72382207

VM Arguments:
jvm_args: --add-modules=ALL-SYSTEM --add-opens=java.base/java.util=ALL-UNNAMED --add-opens=java.base/java.lang=ALL-UNNAMED --add-opens=java.base/sun.nio.fs=ALL-UNNAMED -Declipse.application=org.eclipse.jdt.ls.core.id1 -Dosgi.bundles.defaultStartLevel=4 -Declipse.product=org.eclipse.jdt.ls.core.product -Djava.import.generatesMetadataFilesAtProjectRoot=false -Dfile.encoding=utf8 -DwatchParentProcess=false -XX:+UseParallelGC -XX:GCTimeRatio=4 -XX:AdaptiveSizePolicyWeight=90 -Dsun.zip.disableMemoryMapping=true -Xmx1G -Xms100m -Xlog:disable -javaagent:c:\Users\Kenny\.vscode\extensions\redhat.java-1.11.0-win32-x64\lombok\lombok-1.18.24.jar -XX:+HeapDumpOnOutOfMemoryError -XX:HeapDumpPath=c:\Users\Kenny\AppData\Roaming\Code\User\workspaceStorage\9a1bdbe3d3d7788a2e4f061b12b0f0e2\redhat.java 
java_command: c:\Users\Kenny\.vscode\extensions\redhat.java-1.11.0-win32-x64\server\plugins\org.eclipse.equinox.launcher_1.6.400.v20210924-0641.jar -configuration c:\Users\Kenny\AppData\Roaming\Code\User\globalStorage\redhat.java\1.11.0\config_win -data c:\Users\Kenny\AppData\Roaming\Code\User\workspaceStorage\9a1bdbe3d3d7788a2e4f061b12b0f0e2\redhat.java\jdt_ws
java_class_path (initial): c:\Users\Kenny\.vscode\extensions\redhat.java-1.11.0-win32-x64\server\plugins\org.eclipse.equinox.launcher_1.6.400.v20210924-0641.jar
Launcher Type: SUN_STANDARD

[Global flags]
    uintx AdaptiveSizePolicyWeight                 = 90                                        {product} {command line}
     intx CICompilerCount                          = 4                                         {product} {ergonomic}
    uintx GCTimeRatio                              = 4                                         {product} {command line}
     bool HeapDumpOnOutOfMemoryError               = true                                   {manageable} {command line}
    ccstr HeapDumpPath                             = c:\Users\Kenny\AppData\Roaming\Code\User\workspaceStorage\9a1bdbe3d3d7788a2e4f061b12b0f0e2\redhat.java         {manageable} {command line}
   size_t InitialHeapSize                          = 104857600                                 {product} {command line}
   size_t MaxHeapSize                              = 1073741824                                {product} {command line}
   size_t MaxNewSize                               = 357564416                                 {product} {ergonomic}
   size_t MinHeapDeltaBytes                        = 524288                                    {product} {ergonomic}
   size_t MinHeapSize                              = 104857600                                 {product} {command line}
   size_t NewSize                                  = 34603008                                  {product} {ergonomic}
    uintx NonNMethodCodeHeapSize                   = 5839372                                {pd product} {ergonomic}
    uintx NonProfiledCodeHeapSize                  = 122909434                              {pd product} {ergonomic}
   size_t OldSize                                  = 70254592                                  {product} {ergonomic}
    uintx ProfiledCodeHeapSize                     = 122909434                              {pd product} {ergonomic}
    uintx ReservedCodeCacheSize                    = 251658240                              {pd product} {ergonomic}
     bool SegmentedCodeCache                       = true                                      {product} {ergonomic}
   size_t SoftMaxHeapSize                          = 1073741824                             {manageable} {ergonomic}
     bool UseCompressedClassPointers               = true                           {product lp64_product} {ergonomic}
     bool UseCompressedOops                        = true                           {product lp64_product} {ergonomic}
     bool UseLargePagesIndividualAllocation        = false                                  {pd product} {ergonomic}
     bool UseParallelGC                            = true                                      {product} {command line}

Logging:
Log output configuration:
 #0: stdout all=off uptime,level,tags
 #1: stderr all=off uptime,level,tags

Environment Variables:
PATH=C:\Program Files\Common Files\Oracle\Java\javapath;C:\Program Files (x86)\Razer Chroma SDK\bin;C:\Program Files\Razer Chroma SDK\bin;C:\Program Files (x86)\Razer\ChromaBroadcast\bin;C:\Program Files\Razer\ChromaBroadcast\bin;C:\Program Files (x86)\Common Files\Oracle\Java\javapath;C:\Program Files\AdoptOpenJDK\jdk-14.0.2.12-hotspot\bin;C:\WINDOWS\system32;C:\WINDOWS;C:\WINDOWS\System32\Wbem;C:\WINDOWS\System32\WindowsPowerShell\v1.0\;C:\WINDOWS\System32\OpenSSH\;C:\Program Files\NVIDIA Corporation\NVIDIA NvDLISR;C:\Program Files\TortoiseSVN\bin;C:\Program Files\nodejs\;C:\WINDOWS\system32;C:\WINDOWS;C:\WINDOWS\System32\Wbem;C:\WINDOWS\System32\WindowsPowerShell\v1.0\;C:\WINDOWS\System32\OpenSSH\;C:\Program Files (x86)\NVIDIA Corporation\PhysX\Common;C:\Users\Kenny\AppData\Local\Microsoft\WindowsApps;C:\Users\Kenny\AppData\Local\Programs\Microsoft VS Code\bin;C:\Users\Kenny\AppData\Roaming\npm;C:\WINDOWS\system32\config\systemprofile\AppData\Local\Microsoft\WindowsApps;C:\Program Files\Microsoft SQL Server\150\Tools\Binn\;C:\Program Files\Microsoft SQL Server\Client SDK\ODBC\170\Tools\Binn\;C:\Program Files\dotnet\;C:\Program Files (x86)\Microsoft SQL Server\150\Tools\Binn\;C:\Program Files\Microsoft SQL Server\150\DTS\Binn\;C:\Program Files (x86)\Microsoft SQL Server\150\DTS\Binn\;C:\Program Files\Azure Data Studio\bin;C:\Users\Kenny\AppData\Local\Microsoft\WindowsApps;C:\Users\Kenny\AppData\Local\Programs\Microsoft VS Code\bin;C:\Users\Kenny\AppData\Roaming\npm;C:\Users\Kenny\AppData\Local\GitHubDesktop\bin;C:\Users\Kenny\.dotnet\tools;C:\Program Files\Azure Data Studio\bin
USERNAME=Kenny
OS=Windows_NT
PROCESSOR_IDENTIFIER=Intel64 Family 6 Model 158 Stepping 13, GenuineIntel
TMP=C:\Users\Kenny\AppData\Local\Temp
TEMP=C:\Users\Kenny\AppData\Local\Temp



---------------  S Y S T E M  ---------------

OS:
 Windows 10 , 64 bit Build 19041 (10.0.19041.1889)
OS uptime: 1 days 9:45 hours

CPU: total 8 (initial active 8) (8 cores per cpu, 1 threads per core) family 6 model 158 stepping 13 microcode 0xb8, cx8, cmov, fxsr, mmx, 3dnowpref, sse, sse2, sse3, ssse3, sse4.1, sse4.2, popcnt, lzcnt, tsc, tscinvbit, avx, avx2, aes, erms, clmul, bmi1, bmi2, rtm, adx, fma, vzeroupper, clflush, clflushopt

Memory: 4k page, system-wide physical 16317M (4035M free)
TotalPageFile size 25533M (AvailPageFile size 3965M)
current process WorkingSet (physical memory assigned to process): 590M, peak: 669M
current process commit charge ("private bytes"): 661M, peak: 745M

vm_info: OpenJDK 64-Bit Server VM (17.0.4.1+1) for windows-amd64 JRE (17.0.4.1+1), built on Aug 17 2022 07:42:43 by "temurin" with MS VC++ 16.7 (VS2019)

END.
