#
# A fatal error has been detected by the Java Runtime Environment:
#
#  EXCEPTION_ACCESS_VIOLATION (0xc0000005) at pc=0x00007ffa197e94be, pid=10156, tid=5256
#
# JRE version: OpenJDK Runtime Environment Temurin-17.0.4.1+1 (17.0.4.1+1) (build 17.0.4.1+1)
# Java VM: OpenJDK 64-Bit Server VM Temurin-17.0.4.1+1 (17.0.4.1+1, mixed mode, tiered, compressed oops, compressed class ptrs, parallel gc, windows-amd64)
# Problematic frame:
# V  [jvm.dll+0x2e94be]
#
# No core dump will be written. Minidumps are not enabled by default on client versions of Windows
#
# If you would like to submit a bug report, please visit:
#   https://github.com/adoptium/adoptium-support/issues
#

---------------  S U M M A R Y ------------

Command Line: --add-modules=ALL-SYSTEM --add-opens=java.base/java.util=ALL-UNNAMED --add-opens=java.base/java.lang=ALL-UNNAMED --add-opens=java.base/sun.nio.fs=ALL-UNNAMED -Declipse.application=org.eclipse.jdt.ls.core.id1 -Dosgi.bundles.defaultStartLevel=4 -Declipse.product=org.eclipse.jdt.ls.core.product -Djava.import.generatesMetadataFilesAtProjectRoot=false -Dfile.encoding=utf8 -XX:+UseParallelGC -XX:GCTimeRatio=4 -XX:AdaptiveSizePolicyWeight=90 -Dsun.zip.disableMemoryMapping=true -Xmx1G -Xms100m -Xlog:disable -javaagent:c:\Users\Kenny\.vscode\extensions\redhat.java-1.12.0-win32-x64\lombok\lombok-1.18.24.jar -XX:+HeapDumpOnOutOfMemoryError -XX:HeapDumpPath=c:\Users\Kenny\AppData\Roaming\Code\User\workspaceStorage\640da184bf968ad31c8fd02a9abbab9c\redhat.java c:\Users\Kenny\.vscode\extensions\redhat.java-1.12.0-win32-x64\server\plugins\org.eclipse.equinox.launcher_1.6.400.v20210924-0641.jar -configuration c:\Users\Kenny\AppData\Roaming\Code\User\globalStorage\redhat.java\1.12.0\config_win -data c:\Users\Kenny\AppData\Roaming\Code\User\workspaceStorage\640da184bf968ad31c8fd02a9abbab9c\redhat.java\jdt_ws

Host: Intel(R) Core(TM) i7-9700K CPU @ 3.60GHz, 8 cores, 15G,  Windows 10 , 64 bit Build 19041 (10.0.19041.1889)
Time: Fri Oct 28 09:23:45 2022 Eastern Daylight Time elapsed time: 3026.473579 seconds (0d 0h 50m 26s)

---------------  T H R E A D  ---------------

Current thread (0x000002694cf92b60):  GCTaskThread "GC Thread#7" [stack: 0x000000b4f4400000,0x000000b4f4500000] [id=5256]

Stack: [0x000000b4f4400000,0x000000b4f4500000],  sp=0x000000b4f44ff5d0,  free space=1021k
Native frames: (J=compiled Java code, j=interpreted, Vv=VM code, C=native code)
V  [jvm.dll+0x2e94be]
V  [jvm.dll+0x6b7948]
V  [jvm.dll+0x6b7daf]
V  [jvm.dll+0x85f6bb]
V  [jvm.dll+0x85f706]
V  [jvm.dll+0x7e240a]
V  [jvm.dll+0x6761a5]
C  [ucrtbase.dll+0x21bb2]
C  [KERNEL32.DLL+0x17034]
C  [ntdll.dll+0x526a1]


siginfo: EXCEPTION_ACCESS_VIOLATION (0xc0000005), data execution prevention violation at address 0x00007ffa27424004


Register to memory mapping:

RIP=0x00007ffa197e94be jvm.dll
RAX=0x0000026934c8be30 points into unknown readable memory: 0x0000026948a38ae0 | e0 8a a3 48 69 02 00 00
RBX=0x0 is NULL
RCX=0x0000026948a3b860 points into unknown readable memory: 0x0000000000000000 | 00 00 00 00 00 00 00 00
RDX=0x0000000000000002 is an unknown value
RSP=0x000000b4f44ff5d0 points into unknown readable memory: 0x0000000000000000 | 00 00 00 00 00 00 00 00
RBP=0x0 is NULL
RSI=0x0000000000000038 is an unknown value
RDI=0x0000026948906150 points into unknown readable memory: 0x00007ffa19e50c58 | 58 0c e5 19 fa 7f 00 00
R8 =0x0000000000000144 is an unknown value
R9 =0x0000000000000002 is an unknown value
R10=0x00000000000005f2 is an unknown value
R11=0x0000026948a38ae0 points into unknown readable memory: 0x0000000000000000 | 00 00 00 00 00 00 00 00
R12=0x0 is NULL
R13=0x000002694ccf1950 points into unknown readable memory: 0x0000000000000002 | 02 00 00 00 00 00 00 00
R14=0x0000000000000010 is an unknown value
R15=0x000000b4f44ff650 points into unknown readable memory: 0x0000000000000000 | 00 00 00 00 00 00 00 00


Registers:
RAX=0x0000026934c8be30, RBX=0x0000000000000000, RCX=0x0000026948a3b860, RDX=0x0000000000000002
RSP=0x000000b4f44ff5d0, RBP=0x0000000000000000, RSI=0x0000000000000038, RDI=0x0000026948906150
R8 =0x0000000000000144, R9 =0x0000000000000002, R10=0x00000000000005f2, R11=0x0000026948a38ae0
R12=0x0000000000000000, R13=0x000002694ccf1950, R14=0x0000000000000010, R15=0x000000b4f44ff650
RIP=0x00007ffa197e94be, EFLAGS=0x0000000000010202

Top of Stack: (sp=0x000000b4f44ff5d0)
0x000000b4f44ff5d0:   0000000000000000 000002694ccf1950
0x000000b4f44ff5e0:   000000b4f23ff0e8 0000000000000000
0x000000b4f44ff5f0:   0000000000000005 0000000000000000
0x000000b4f44ff600:   000000b4f23ff140 00007ffa19bb7948
0x000000b4f44ff610:   0000026948a38a80 0000026948a38a80
0x000000b4f44ff620:   0000000000000000 0013ede70001b2f9
0x000000b4f44ff630:   000000b4f23fefe0 00007ffa19bb7daf
0x000000b4f44ff640:   0000026948a38a80 000000b4f44ff6d9
0x000000b4f44ff650:   0000000000000000 000000b4f23ff120
0x000000b4f44ff660:   0000026948a38a80 ffffffff00000000
0x000000b4f44ff670:   0000000000000008 00007ffa1a0127f0
0x000000b4f44ff680:   0000000000000002 0000026948a38a80
0x000000b4f44ff690:   00007ffa19eaeeb8 0000026948a38a80
0x000000b4f44ff6a0:   000000b4f23fefe0 000002694b174bb0
0x000000b4f44ff6b0:   00000000000003d8 000002694b174bc0
0x000000b4f44ff6c0:   000002694b174f98 00007ffa19eaf008 

Instructions: (pc=0x00007ffa197e94be)
0x00007ffa197e93be:   00 f7 77 08 44 8b ca 3b d3 74 b7 8b d3 0f 1f 44
0x00007ffa197e93ce:   00 00 3b d3 74 05 41 3b d1 75 44 45 8b 83 04 02
0x00007ffa197e93de:   00 00 b8 5f 0b 4e 83 41 f7 e8 41 03 d0 c1 fa 10
0x00007ffa197e93ee:   8b c2 c1 e8 1f 03 d0 41 69 c0 a7 41 00 00 69 ca
0x00007ffa197e93fe:   ff ff ff 7f 2b c1 85 c0 8d 88 ff ff ff 7f 0f 4e
0x00007ffa197e940e:   c1 33 d2 41 89 83 04 02 00 00 f7 77 08 eb b3 41
0x00007ffa197e941e:   8b c1 4c 8d 34 c5 00 00 00 00 48 8b 47 10 49 8b
0x00007ffa197e942e:   0c 06 8b 81 00 01 00 00 44 8b 91 80 00 00 00 44
0x00007ffa197e943e:   2b d0 8b c2 41 81 e2 ff ff 01 00 41 81 fa ff ff
0x00007ffa197e944e:   01 00 45 0f 44 d4 48 8d 34 c5 00 00 00 00 48 8b
0x00007ffa197e945e:   47 10 48 8b 0c 06 8b 81 00 01 00 00 44 8b 81 80
0x00007ffa197e946e:   00 00 00 44 2b c0 32 c0 41 81 e0 ff ff 01 00 41
0x00007ffa197e947e:   81 f8 ff ff 01 00 45 0f 44 c4 45 3b c2 76 21 48
0x00007ffa197e948e:   8b 47 10 48 8b 34 06 48 8b 86 00 01 00 00 48 89
0x00007ffa197e949e:   44 24 40 8b 8e 80 00 00 00 48 8b 44 24 40 eb 2b
0x00007ffa197e94ae:   45 85 d2 0f 84 8d 00 00 00 48 8b 47 10 41 8b d1
0x00007ffa197e94be:   49 8b 34 06 48 8b 86 00 01 00 00 48 89 44 24 58
0x00007ffa197e94ce:   8b 8e 80 00 00 00 48 8b 44 24 58 2b c8 81 e1 ff
0x00007ffa197e94de:   ff 01 00 81 f9 ff ff 01 00 41 0f 44 cc 85 c9 75
0x00007ffa197e94ee:   13 ba ff ff ff ff 32 c0 41 89 93 00 02 00 00 e9
0x00007ffa197e94fe:   cc 00 00 00 48 8b 8e 80 01 00 00 4c 8b c8 44 8b
0x00007ffa197e950e:   c0 4e 8b 04 c1 8d 48 01 81 e1 ff ff 01 00 4d 89
0x00007ffa197e951e:   07 45 8b c4 41 0f 94 c0 49 c1 e9 20 45 03 c8 49
0x00007ffa197e952e:   c1 e1 20 4c 0b c9 f0 4c 0f b1 8e 00 01 00 00 0f
0x00007ffa197e953e:   94 c0 84 c0 75 05 ba ff ff ff ff 41 89 93 00 02
0x00007ffa197e954e:   00 00 eb 7c 75 7e 48 8b 47 10 8d 4b ff 83 e1 01
0x00007ffa197e955e:   4c 8b 14 c8 49 8b 82 00 01 00 00 48 89 04 24 41
0x00007ffa197e956e:   8b 8a 80 00 00 00 48 8b 04 24 2b c8 81 e1 ff ff
0x00007ffa197e957e:   01 00 81 f9 ff ff 01 00 41 0f 44 cc 85 c9 75 04
0x00007ffa197e958e:   32 c0 eb 3c 49 8b 8a 80 01 00 00 4c 8b c0 8b d0
0x00007ffa197e959e:   48 8b 14 d1 8d 48 01 81 e1 ff ff 01 00 49 89 17
0x00007ffa197e95ae:   41 8b d4 0f 94 c2 49 c1 e8 20 44 03 c2 49 c1 e0 


Stack slot to memory mapping:
stack at sp + 0 slots: 0x0 is NULL
stack at sp + 1 slots: 0x000002694ccf1950 points into unknown readable memory: 0x0000000000000002 | 02 00 00 00 00 00 00 00
stack at sp + 2 slots: 0x000000b4f23ff0e8 points into unknown readable memory: 0x0000026934bb4980 | 80 49 bb 34 69 02 00 00
stack at sp + 3 slots: 0x0 is NULL
stack at sp + 4 slots: 0x0000000000000005 is an unknown value
stack at sp + 5 slots: 0x0 is NULL
stack at sp + 6 slots: 0x000000b4f23ff140 points into unknown readable memory: 0xffffffff00000008 | 08 00 00 00 ff ff ff ff
stack at sp + 7 slots: 0x00007ffa19bb7948 jvm.dll


---------------  P R O C E S S  ---------------

Threads class SMR info:
_java_thread_list=0x000002694dde67c0, length=33, elements={
0x0000026934bb5c50, 0x0000026948a45c70, 0x000002694afb28d0, 0x0000026948a49090,
0x0000026948a49b50, 0x0000026948a4cef0, 0x0000026948a4e8b0, 0x000002694afe5da0,
0x000002694afe77a0, 0x000002694afe8970, 0x000002694b0f3b50, 0x000002694b2e2ef0,
0x000002694c82e710, 0x000002694c922a30, 0x000002694c925a50, 0x000002694c923d70,
0x000002694c922f00, 0x000002694c924240, 0x000002694c924be0, 0x000002694f975090,
0x000002694f977be0, 0x000002694f978a50, 0x000002694f9780b0, 0x000002694f975f00,
0x0000026953104ca0, 0x0000026953105fe0, 0x00000269531064b0, 0x00000269531094d0,
0x0000026953107cc0, 0x0000026953104300, 0x000002694bbe1450, 0x000002694bbe4470,
0x000002694bbddf60
}

Java Threads: ( => current thread )
  0x0000026934bb5c50 JavaThread "main" [_thread_blocked, id=5408, stack(0x000000b4f2100000,0x000000b4f2200000)]
  0x0000026948a45c70 JavaThread "Reference Handler" daemon [_thread_blocked, id=13944, stack(0x000000b4f2400000,0x000000b4f2500000)]
  0x000002694afb28d0 JavaThread "Finalizer" daemon [_thread_blocked, id=14676, stack(0x000000b4f2500000,0x000000b4f2600000)]
  0x0000026948a49090 JavaThread "Signal Dispatcher" daemon [_thread_blocked, id=25004, stack(0x000000b4f2600000,0x000000b4f2700000)]
  0x0000026948a49b50 JavaThread "Attach Listener" daemon [_thread_blocked, id=27156, stack(0x000000b4f2700000,0x000000b4f2800000)]
  0x0000026948a4cef0 JavaThread "Service Thread" daemon [_thread_blocked, id=23020, stack(0x000000b4f2800000,0x000000b4f2900000)]
  0x0000026948a4e8b0 JavaThread "Monitor Deflation Thread" daemon [_thread_blocked, id=4396, stack(0x000000b4f2900000,0x000000b4f2a00000)]
  0x000002694afe5da0 JavaThread "C2 CompilerThread0" daemon [_thread_blocked, id=8112, stack(0x000000b4f2a00000,0x000000b4f2b00000)]
  0x000002694afe77a0 JavaThread "C1 CompilerThread0" daemon [_thread_blocked, id=16332, stack(0x000000b4f2b00000,0x000000b4f2c00000)]
  0x000002694afe8970 JavaThread "Sweeper thread" daemon [_thread_blocked, id=16104, stack(0x000000b4f2c00000,0x000000b4f2d00000)]
  0x000002694b0f3b50 JavaThread "Common-Cleaner" daemon [_thread_blocked, id=14356, stack(0x000000b4f2d00000,0x000000b4f2e00000)]
  0x000002694b2e2ef0 JavaThread "Notification Thread" daemon [_thread_blocked, id=10784, stack(0x000000b4f2f00000,0x000000b4f3000000)]
  0x000002694c82e710 JavaThread "Active Thread: Equinox Container: 77e89db4-014f-4467-a5fc-e3a11c679737" [_thread_blocked, id=17736, stack(0x000000b4f3c00000,0x000000b4f3d00000)]
  0x000002694c922a30 JavaThread "Framework Event Dispatcher: Equinox Container: 77e89db4-014f-4467-a5fc-e3a11c679737" daemon [_thread_blocked, id=24828, stack(0x000000b4f2e00000,0x000000b4f2f00000)]
  0x000002694c925a50 JavaThread "Start Level: Equinox Container: 77e89db4-014f-4467-a5fc-e3a11c679737" daemon [_thread_blocked, id=24872, stack(0x000000b4f3d00000,0x000000b4f3e00000)]
  0x000002694c923d70 JavaThread "Refresh Thread: Equinox Container: 77e89db4-014f-4467-a5fc-e3a11c679737" daemon [_thread_blocked, id=16364, stack(0x000000b4f4000000,0x000000b4f4100000)]
  0x000002694c922f00 JavaThread "SCR Component Actor" daemon [_thread_blocked, id=17312, stack(0x000000b4f4500000,0x000000b4f4600000)]
  0x000002694c924240 JavaThread "Worker-JM" [_thread_blocked, id=11608, stack(0x000000b4f4700000,0x000000b4f4800000)]
  0x000002694c924be0 JavaThread "Bundle File Closer" daemon [_thread_blocked, id=27744, stack(0x000000b4f3e00000,0x000000b4f3f00000)]
  0x000002694f975090 JavaThread "Java indexing" daemon [_thread_blocked, id=27824, stack(0x000000b4f4b00000,0x000000b4f4c00000)]
  0x000002694f977be0 JavaThread "JNA Cleaner" daemon [_thread_blocked, id=27832, stack(0x000000b4f4c00000,0x000000b4f4d00000)]
  0x000002694f978a50 JavaThread "pool-2-thread-1" [_thread_blocked, id=27844, stack(0x000000b4f4f00000,0x000000b4f5000000)]
  0x000002694f9780b0 JavaThread "pool-1-thread-1" [_thread_in_native, id=27848, stack(0x000000b4f5000000,0x000000b4f5100000)]
  0x000002694f975f00 JavaThread "ForkJoinPool.commonPool-worker-5" daemon [_thread_blocked, id=10696, stack(0x000000b4f4100000,0x000000b4f4200000)]
  0x0000026953104ca0 JavaThread "ForkJoinPool.commonPool-worker-13" daemon [_thread_blocked, id=23884, stack(0x000000b4f3700000,0x000000b4f3800000)]
  0x0000026953105fe0 JavaThread "ForkJoinPool.commonPool-worker-18" daemon [_thread_blocked, id=28404, stack(0x000000b4f2000000,0x000000b4f2100000)]
  0x00000269531064b0 JavaThread "Worker-21" [_thread_blocked, id=12244, stack(0x000000b4f1f00000,0x000000b4f2000000)]
  0x00000269531094d0 JavaThread "Worker-23: Publish Diagnostics" [_thread_blocked, id=25304, stack(0x000000b4f3900000,0x000000b4f3a00000)]
  0x0000026953107cc0 JavaThread "ForkJoinPool.commonPool-worker-19" daemon [_thread_blocked, id=8048, stack(0x000000b4f3a00000,0x000000b4f3b00000)]
  0x0000026953104300 JavaThread "ForkJoinPool.commonPool-worker-20" daemon [_thread_blocked, id=12192, stack(0x000000b4f3b00000,0x000000b4f3c00000)]
  0x000002694bbe1450 JavaThread "ForkJoinPool.commonPool-worker-21" daemon [_thread_blocked, id=19304, stack(0x000000b4f4200000,0x000000b4f4300000)]
  0x000002694bbe4470 JavaThread "Worker-24" [_thread_blocked, id=22948, stack(0x000000b4f1e00000,0x000000b4f1f00000)]
  0x000002694bbddf60 JavaThread "ForkJoinPool.commonPool-worker-22" daemon [_thread_blocked, id=24300, stack(0x000000b4f3100000,0x000000b4f3200000)]

Other Threads:
  0x00000269488e3020 VMThread "VM Thread" [stack: 0x000000b4f2300000,0x000000b4f2400000] [id=10352]
  0x000002694b2e33c0 WatcherThread [stack: 0x000000b4f3000000,0x000000b4f3100000] [id=15148]
  0x0000026934bcb290 GCTaskThread "GC Thread#0" [stack: 0x000000b4f2200000,0x000000b4f2300000] [id=11768]
  0x000002694bbaf560 GCTaskThread "GC Thread#1" [stack: 0x000000b4f3200000,0x000000b4f3300000] [id=4048]
  0x000002694b4ecea0 GCTaskThread "GC Thread#2" [stack: 0x000000b4f3300000,0x000000b4f3400000] [id=18196]
  0x000002694b4ed150 GCTaskThread "GC Thread#3" [stack: 0x000000b4f3400000,0x000000b4f3500000] [id=11200]
  0x000002694b4ed400 GCTaskThread "GC Thread#4" [stack: 0x000000b4f3500000,0x000000b4f3600000] [id=6092]
  0x000002694b8bb820 GCTaskThread "GC Thread#5" [stack: 0x000000b4f3600000,0x000000b4f3700000] [id=24552]
  0x000002694c9b2220 GCTaskThread "GC Thread#6" [stack: 0x000000b4f3f00000,0x000000b4f4000000] [id=22576]
=>0x000002694cf92b60 GCTaskThread "GC Thread#7" [stack: 0x000000b4f4400000,0x000000b4f4500000] [id=5256]

Threads with active compile tasks:

VM state: at safepoint (normal execution)

VM Mutex/Monitor currently owned by a thread:  ([mutex/lock_event])
[0x0000026934bb1270] Threads_lock - owner thread: 0x00000269488e3020
[0x0000026934bb1db0] Heap_lock - owner thread: 0x00000269531094d0

Heap address: 0x00000000c0000000, size: 1024 MB, Compressed Oops mode: 32-bit

CDS archive(s) not mapped
Compressed class space mapped at: 0x0000000100000000-0x0000000140000000, reserved size: 1073741824
Narrow klass base: 0x0000000000000000, Narrow klass shift: 3, Narrow klass range: 0x140000000

GC Precious Log:
 CPUs: 8 total, 8 available
 Memory: 16317M
 Large Page Support: Disabled
 NUMA Support: Disabled
 Compressed Oops: Enabled (32-bit)
 Alignments: Space 512K, Generation 512K, Heap 2M
 Heap Min Capacity: 100M
 Heap Initial Capacity: 100M
 Heap Max Capacity: 1G
 Pre-touch: Disabled
 Parallel Workers: 8

Heap:
 PSYoungGen      total 9728K, used 9309K [0x00000000eab00000, 0x00000000eb680000, 0x0000000100000000)
  eden space 7680K, 100% used [0x00000000eab00000,0x00000000eb280000,0x00000000eb280000)
  from space 2048K, 79% used [0x00000000eb280000,0x00000000eb417600,0x00000000eb480000)
  to   space 2048K, 56% used [0x00000000eb480000,0x00000000eb5a2400,0x00000000eb680000)
 ParOldGen       total 346112K, used 335190K [0x00000000c0000000, 0x00000000d5200000, 0x00000000eab00000)
  object space 346112K, 96% used [0x00000000c0000000,0x00000000d4755860,0x00000000d5200000)
 Metaspace       used 92851K, committed 94016K, reserved 1138688K
  class space    used 9002K, committed 9472K, reserved 1048576K

Card table byte_map: [0x00000269345a0000,0x00000269347b0000] _byte_map_base: 0x0000026933fa0000

Marking Bits: (ParMarkBitMap*) 0x00007ffa1a082cc0
 Begin Bits: [0x0000026946850000, 0x0000026947850000)
 End Bits:   [0x0000026947850000, 0x0000026948850000)

Polling page: 0x0000026934390000

Metaspace:

Usage:
  Non-class:     81.88 MB used.
      Class:      8.79 MB used.
       Both:     90.68 MB used.

Virtual space:
  Non-class space:       88.00 MB reserved,      82.56 MB ( 94%) committed,  11 nodes.
      Class space:        1.00 GB reserved,       9.25 MB ( <1%) committed,  1 nodes.
             Both:        1.09 GB reserved,      91.81 MB (  8%) committed. 

Chunk freelists:
   Non-Class:  1.26 MB
       Class:  2.64 MB
        Both:  3.91 MB

MaxMetaspaceSize: unlimited
CompressedClassSpaceSize: 1.00 GB
Initial GC threshold: 21.00 MB
Current GC threshold: 153.06 MB
CDS: off
MetaspaceReclaimPolicy: balanced
 - commit_granule_bytes: 65536.
 - commit_granule_words: 8192.
 - virtual_space_node_default_size: 1048576.
 - enlarge_chunks_in_place: 1.
 - new_chunks_are_fully_committed: 0.
 - uncommit_free_chunks: 1.
 - use_allocation_guard: 0.
 - handle_deallocations: 1.


Internal statistics:

num_allocs_failed_limit: 6.
num_arena_births: 990.
num_arena_deaths: 198.
num_vsnodes_births: 12.
num_vsnodes_deaths: 0.
num_space_committed: 1469.
num_space_uncommitted: 0.
num_chunks_returned_to_freelist: 238.
num_chunks_taken_from_freelist: 4825.
num_chunk_merges: 78.
num_chunk_splits: 2992.
num_chunks_enlarged: 1811.
num_purges: 10.
num_inconsistent_stats: 0.

CodeHeap 'non-profiled nmethods': size=120000Kb used=28078Kb max_used=28854Kb free=91921Kb
 bounds [0x000002693f320000, 0x0000026940f50000, 0x0000026946850000]
CodeHeap 'profiled nmethods': size=120000Kb used=40472Kb max_used=41023Kb free=79527Kb
 bounds [0x0000026937df0000, 0x000002693a630000, 0x000002693f320000]
CodeHeap 'non-nmethods': size=5760Kb used=1435Kb max_used=1544Kb free=4324Kb
 bounds [0x0000026937850000, 0x0000026937ac0000, 0x0000026937df0000]
 total_blobs=20823 nmethods=20042 adapters=689
 compilation: enabled
              stopped_count=0, restarted_count=0
 full_count=0

Compilation events (20 events):
Event: 2981.241 Thread 0x000002694afe77a0 29111       3       org.eclipse.jdt.internal.compiler.codegen.CodeStream::iload_3 (99 bytes)
Event: 2981.241 Thread 0x000002694afe77a0 nmethod 29111 0x0000026938d1fd10 code [0x0000026938d1ff20, 0x0000026938d20838]
Event: 2981.547 Thread 0x000002694afe5da0 29112       4       org.eclipse.jdt.ls.core.internal.handlers.CodeActionHandler$$Lambda$698/0x00000001007c3868::accept (16 bytes)
Event: 2981.548 Thread 0x000002694afe5da0 nmethod 29112 0x000002694027d510 code [0x000002694027d6a0, 0x000002694027d788]
Event: 2981.741 Thread 0x000002694afe5da0 29113   !   4       org.eclipse.jdt.internal.core.builder.NameEnvironment::computeClasspathLocations (2514 bytes)
Event: 2981.937 Thread 0x000002694afe5da0 nmethod 29113 0x00000269409c3e90 code [0x00000269409c4740, 0x00000269409ce350]
Event: 2981.937 Thread 0x000002694afe5da0 29114 %     4       org.eclipse.jdt.internal.core.builder.NameEnvironment::cleanup @ 49 (67 bytes)
Event: 2981.938 Thread 0x000002694afe5da0 nmethod 29114% 0x000002694027cf90 code [0x000002694027d120, 0x000002694027d258]
Event: 3025.998 Thread 0x000002694afe5da0 29115       4       org.eclipse.core.internal.filesystem.local.LocalFile::equals (44 bytes)
Event: 3026.002 Thread 0x000002694afe5da0 nmethod 29115 0x0000026940a7f890 code [0x0000026940a7fa60, 0x0000026940a800d8]
Event: 3026.221 Thread 0x000002694afe5da0 29116  s!   4       org.eclipse.jdt.internal.core.search.indexing.ReadWriteMonitor::enterRead (29 bytes)
Event: 3026.222 Thread 0x000002694afe5da0 nmethod 29116 0x0000026940a7f310 code [0x0000026940a7f4a0, 0x0000026940a7f788]
Event: 3026.426 Thread 0x000002694afe77a0 29117       3       org.eclipse.jdt.ls.core.internal.handlers.BaseDocumentLifeCycleHandler::publishDiagnostics (227 bytes)
Event: 3026.427 Thread 0x000002694afe77a0 nmethod 29117 0x0000026939f9e410 code [0x0000026939f9e820, 0x0000026939fa0358]
Event: 3026.433 Thread 0x000002694afe77a0 29118       3       org.eclipse.jdt.internal.compiler.codegen.CodeStream::pushTypeBinding (19 bytes)
Event: 3026.434 Thread 0x000002694afe77a0 nmethod 29118 0x000002693977e710 code [0x000002693977e980, 0x000002693977f7d8]
Event: 3026.439 Thread 0x000002694afe77a0 29119       3       org.eclipse.jdt.internal.compiler.ast.CompoundAssignment::analyseCode (97 bytes)
Event: 3026.439 Thread 0x000002694afe77a0 nmethod 29119 0x0000026939c04e10 code [0x0000026939c05040, 0x0000026939c05918]
Event: 3026.439 Thread 0x000002694afe77a0 29120       3       org.eclipse.jdt.internal.compiler.ast.Reference::reportOnlyUselesslyReadLocal (186 bytes)
Event: 3026.439 Thread 0x000002694afe77a0 nmethod 29120 0x00000269390c0010 code [0x00000269390c02c0, 0x00000269390c11a8]

GC Heap History (20 events):
Event: 3026.391 GC heap after
{Heap after GC invocations=7884 (full 166):
 PSYoungGen      total 4096K, used 1655K [0x00000000eab00000, 0x00000000eb200000, 0x0000000100000000)
  eden space 2048K, 0% used [0x00000000eab00000,0x00000000eab00000,0x00000000ead00000)
  from space 2048K, 80% used [0x00000000eb000000,0x00000000eb19dfa0,0x00000000eb200000)
  to   space 2048K, 0% used [0x00000000eae00000,0x00000000eae00000,0x00000000eb000000)
 ParOldGen       total 346112K, used 315582K [0x00000000c0000000, 0x00000000d5200000, 0x00000000eab00000)
  object space 346112K, 91% used [0x00000000c0000000,0x00000000d342fab0,0x00000000d5200000)
 Metaspace       used 92848K, committed 94016K, reserved 1138688K
  class space    used 9002K, committed 9472K, reserved 1048576K
}
Event: 3026.394 GC heap before
{Heap before GC invocations=7885 (full 166):
 PSYoungGen      total 4096K, used 3703K [0x00000000eab00000, 0x00000000eb200000, 0x0000000100000000)
  eden space 2048K, 100% used [0x00000000eab00000,0x00000000ead00000,0x00000000ead00000)
  from space 2048K, 80% used [0x00000000eb000000,0x00000000eb19dfa0,0x00000000eb200000)
  to   space 2048K, 0% used [0x00000000eae00000,0x00000000eae00000,0x00000000eb000000)
 ParOldGen       total 346112K, used 315582K [0x00000000c0000000, 0x00000000d5200000, 0x00000000eab00000)
  object space 346112K, 91% used [0x00000000c0000000,0x00000000d342fab0,0x00000000d5200000)
 Metaspace       used 92848K, committed 94016K, reserved 1138688K
  class space    used 9002K, committed 9472K, reserved 1048576K
}
Event: 3026.396 GC heap after
{Heap after GC invocations=7885 (full 166):
 PSYoungGen      total 4608K, used 2048K [0x00000000eab00000, 0x00000000eb580000, 0x0000000100000000)
  eden space 2560K, 0% used [0x00000000eab00000,0x00000000eab00000,0x00000000ead80000)
  from space 2048K, 100% used [0x00000000eae00000,0x00000000eb000000,0x00000000eb000000)
  to   space 4096K, 0% used [0x00000000eb180000,0x00000000eb180000,0x00000000eb580000)
 ParOldGen       total 346112K, used 317158K [0x00000000c0000000, 0x00000000d5200000, 0x00000000eab00000)
  object space 346112K, 91% used [0x00000000c0000000,0x00000000d35b9a50,0x00000000d5200000)
 Metaspace       used 92848K, committed 94016K, reserved 1138688K
  class space    used 9002K, committed 9472K, reserved 1048576K
}
Event: 3026.399 GC heap before
{Heap before GC invocations=7886 (full 166):
 PSYoungGen      total 4608K, used 4608K [0x00000000eab00000, 0x00000000eb580000, 0x0000000100000000)
  eden space 2560K, 100% used [0x00000000eab00000,0x00000000ead80000,0x00000000ead80000)
  from space 2048K, 100% used [0x00000000eae00000,0x00000000eb000000,0x00000000eb000000)
  to   space 4096K, 0% used [0x00000000eb180000,0x00000000eb180000,0x00000000eb580000)
 ParOldGen       total 346112K, used 317158K [0x00000000c0000000, 0x00000000d5200000, 0x00000000eab00000)
  object space 346112K, 91% used [0x00000000c0000000,0x00000000d35b9a50,0x00000000d5200000)
 Metaspace       used 92848K, committed 94016K, reserved 1138688K
  class space    used 9002K, committed 9472K, reserved 1048576K
}
Event: 3026.402 GC heap after
{Heap after GC invocations=7886 (full 166):
 PSYoungGen      total 6144K, used 2624K [0x00000000eab00000, 0x00000000eb480000, 0x0000000100000000)
  eden space 3072K, 0% used [0x00000000eab00000,0x00000000eab00000,0x00000000eae00000)
  from space 3072K, 85% used [0x00000000eb180000,0x00000000eb410000,0x00000000eb480000)
  to   space 3072K, 0% used [0x00000000eae80000,0x00000000eae80000,0x00000000eb180000)
 ParOldGen       total 346112K, used 319182K [0x00000000c0000000, 0x00000000d5200000, 0x00000000eab00000)
  object space 346112K, 92% used [0x00000000c0000000,0x00000000d37b3a50,0x00000000d5200000)
 Metaspace       used 92848K, committed 94016K, reserved 1138688K
  class space    used 9002K, committed 9472K, reserved 1048576K
}
Event: 3026.404 GC heap before
{Heap before GC invocations=7887 (full 166):
 PSYoungGen      total 6144K, used 5696K [0x00000000eab00000, 0x00000000eb480000, 0x0000000100000000)
  eden space 3072K, 100% used [0x00000000eab00000,0x00000000eae00000,0x00000000eae00000)
  from space 3072K, 85% used [0x00000000eb180000,0x00000000eb410000,0x00000000eb480000)
  to   space 3072K, 0% used [0x00000000eae80000,0x00000000eae80000,0x00000000eb180000)
 ParOldGen       total 346112K, used 319182K [0x00000000c0000000, 0x00000000d5200000, 0x00000000eab00000)
  object space 346112K, 92% used [0x00000000c0000000,0x00000000d37b3a50,0x00000000d5200000)
 Metaspace       used 92848K, committed 94016K, reserved 1138688K
  class space    used 9002K, committed 9472K, reserved 1048576K
}
Event: 3026.407 GC heap after
{Heap after GC invocations=7887 (full 166):
 PSYoungGen      total 6656K, used 2329K [0x00000000eab00000, 0x00000000eb400000, 0x0000000100000000)
  eden space 3584K, 0% used [0x00000000eab00000,0x00000000eab00000,0x00000000eae80000)
  from space 3072K, 75% used [0x00000000eae80000,0x00000000eb0c6410,0x00000000eb180000)
  to   space 2560K, 0% used [0x00000000eb180000,0x00000000eb180000,0x00000000eb400000)
 ParOldGen       total 346112K, used 321758K [0x00000000c0000000, 0x00000000d5200000, 0x00000000eab00000)
  object space 346112K, 92% used [0x00000000c0000000,0x00000000d3a37a50,0x00000000d5200000)
 Metaspace       used 92848K, committed 94016K, reserved 1138688K
  class space    used 9002K, committed 9472K, reserved 1048576K
}
Event: 3026.410 GC heap before
{Heap before GC invocations=7888 (full 166):
 PSYoungGen      total 6656K, used 5913K [0x00000000eab00000, 0x00000000eb400000, 0x0000000100000000)
  eden space 3584K, 100% used [0x00000000eab00000,0x00000000eae80000,0x00000000eae80000)
  from space 3072K, 75% used [0x00000000eae80000,0x00000000eb0c6410,0x00000000eb180000)
  to   space 2560K, 0% used [0x00000000eb180000,0x00000000eb180000,0x00000000eb400000)
 ParOldGen       total 346112K, used 321758K [0x00000000c0000000, 0x00000000d5200000, 0x00000000eab00000)
  object space 346112K, 92% used [0x00000000c0000000,0x00000000d3a37a50,0x00000000d5200000)
 Metaspace       used 92848K, committed 94016K, reserved 1138688K
  class space    used 9002K, committed 9472K, reserved 1048576K
}
Event: 3026.412 GC heap after
{Heap after GC invocations=7888 (full 166):
 PSYoungGen      total 6144K, used 2528K [0x00000000eab00000, 0x00000000eb580000, 0x0000000100000000)
  eden space 3584K, 0% used [0x00000000eab00000,0x00000000eab00000,0x00000000eae80000)
  from space 2560K, 98% used [0x00000000eb180000,0x00000000eb3f8000,0x00000000eb400000)
  to   space 3072K, 0% used [0x00000000eae80000,0x00000000eae80000,0x00000000eb180000)
 ParOldGen       total 346112K, used 324056K [0x00000000c0000000, 0x00000000d5200000, 0x00000000eab00000)
  object space 346112K, 93% used [0x00000000c0000000,0x00000000d3c76120,0x00000000d5200000)
 Metaspace       used 92848K, committed 94016K, reserved 1138688K
  class space    used 9002K, committed 9472K, reserved 1048576K
}
Event: 3026.416 GC heap before
{Heap before GC invocations=7889 (full 166):
 PSYoungGen      total 6144K, used 6112K [0x00000000eab00000, 0x00000000eb580000, 0x0000000100000000)
  eden space 3584K, 100% used [0x00000000eab00000,0x00000000eae80000,0x00000000eae80000)
  from space 2560K, 98% used [0x00000000eb180000,0x00000000eb3f8000,0x00000000eb400000)
  to   space 3072K, 0% used [0x00000000eae80000,0x00000000eae80000,0x00000000eb180000)
 ParOldGen       total 346112K, used 324056K [0x00000000c0000000, 0x00000000d5200000, 0x00000000eab00000)
  object space 346112K, 93% used [0x00000000c0000000,0x00000000d3c76120,0x00000000d5200000)
 Metaspace       used 92848K, committed 94016K, reserved 1138688K
  class space    used 9002K, committed 9472K, reserved 1048576K
}
Event: 3026.418 GC heap after
{Heap after GC invocations=7889 (full 166):
 PSYoungGen      total 6656K, used 1882K [0x00000000eab00000, 0x00000000eb480000, 0x0000000100000000)
  eden space 3584K, 0% used [0x00000000eab00000,0x00000000eab00000,0x00000000eae80000)
  from space 3072K, 61% used [0x00000000eae80000,0x00000000eb056910,0x00000000eb180000)
  to   space 2560K, 0% used [0x00000000eb200000,0x00000000eb200000,0x00000000eb480000)
 ParOldGen       total 346112K, used 326456K [0x00000000c0000000, 0x00000000d5200000, 0x00000000eab00000)
  object space 346112K, 94% used [0x00000000c0000000,0x00000000d3ece120,0x00000000d5200000)
 Metaspace       used 92848K, committed 94016K, reserved 1138688K
  class space    used 9002K, committed 9472K, reserved 1048576K
}
Event: 3026.423 GC heap before
{Heap before GC invocations=7890 (full 166):
 PSYoungGen      total 6656K, used 5466K [0x00000000eab00000, 0x00000000eb480000, 0x0000000100000000)
  eden space 3584K, 100% used [0x00000000eab00000,0x00000000eae80000,0x00000000eae80000)
  from space 3072K, 61% used [0x00000000eae80000,0x00000000eb056910,0x00000000eb180000)
  to   space 2560K, 0% used [0x00000000eb200000,0x00000000eb200000,0x00000000eb480000)
 ParOldGen       total 346112K, used 326456K [0x00000000c0000000, 0x00000000d5200000, 0x00000000eab00000)
  object space 346112K, 94% used [0x00000000c0000000,0x00000000d3ece120,0x00000000d5200000)
 Metaspace       used 92848K, committed 94016K, reserved 1138688K
  class space    used 9002K, committed 9472K, reserved 1048576K
}
Event: 3026.425 GC heap after
{Heap after GC invocations=7890 (full 166):
 PSYoungGen      total 6656K, used 1994K [0x00000000eab00000, 0x00000000eb400000, 0x0000000100000000)
  eden space 4608K, 0% used [0x00000000eab00000,0x00000000eab00000,0x00000000eaf80000)
  from space 2048K, 97% used [0x00000000eb200000,0x00000000eb3f2910,0x00000000eb400000)
  to   space 2048K, 0% used [0x00000000eb000000,0x00000000eb000000,0x00000000eb200000)
 ParOldGen       total 346112K, used 327916K [0x00000000c0000000, 0x00000000d5200000, 0x00000000eab00000)
  object space 346112K, 94% used [0x00000000c0000000,0x00000000d403b340,0x00000000d5200000)
 Metaspace       used 92848K, committed 94016K, reserved 1138688K
  class space    used 9002K, committed 9472K, reserved 1048576K
}
Event: 3026.430 GC heap before
{Heap before GC invocations=7891 (full 166):
 PSYoungGen      total 6656K, used 6602K [0x00000000eab00000, 0x00000000eb400000, 0x0000000100000000)
  eden space 4608K, 100% used [0x00000000eab00000,0x00000000eaf80000,0x00000000eaf80000)
  from space 2048K, 97% used [0x00000000eb200000,0x00000000eb3f2910,0x00000000eb400000)
  to   space 2048K, 0% used [0x00000000eb000000,0x00000000eb000000,0x00000000eb200000)
 ParOldGen       total 346112K, used 327916K [0x00000000c0000000, 0x00000000d5200000, 0x00000000eab00000)
  object space 346112K, 94% used [0x00000000c0000000,0x00000000d403b340,0x00000000d5200000)
 Metaspace       used 92848K, committed 94016K, reserved 1138688K
  class space    used 9002K, committed 9472K, reserved 1048576K
}
Event: 3026.431 GC heap after
{Heap after GC invocations=7891 (full 166):
 PSYoungGen      total 7168K, used 2025K [0x00000000eab00000, 0x00000000ebb80000, 0x0000000100000000)
  eden space 5120K, 0% used [0x00000000eab00000,0x00000000eab00000,0x00000000eb000000)
  from space 2048K, 98% used [0x00000000eb000000,0x00000000eb1fa400,0x00000000eb200000)
  to   space 5632K, 0% used [0x00000000eb600000,0x00000000eb600000,0x00000000ebb80000)
 ParOldGen       total 346112K, used 330585K [0x00000000c0000000, 0x00000000d5200000, 0x00000000eab00000)
  object space 346112K, 95% used [0x00000000c0000000,0x00000000d42d65a0,0x00000000d5200000)
 Metaspace       used 92848K, committed 94016K, reserved 1138688K
  class space    used 9002K, committed 9472K, reserved 1048576K
}
Event: 3026.440 GC heap before
{Heap before GC invocations=7892 (full 166):
 PSYoungGen      total 7168K, used 7145K [0x00000000eab00000, 0x00000000ebb80000, 0x0000000100000000)
  eden space 5120K, 100% used [0x00000000eab00000,0x00000000eb000000,0x00000000eb000000)
  from space 2048K, 98% used [0x00000000eb000000,0x00000000eb1fa400,0x00000000eb200000)
  to   space 5632K, 0% used [0x00000000eb600000,0x00000000eb600000,0x00000000ebb80000)
 ParOldGen       total 346112K, used 330585K [0x00000000c0000000, 0x00000000d5200000, 0x00000000eab00000)
  object space 346112K, 95% used [0x00000000c0000000,0x00000000d42d65a0,0x00000000d5200000)
 Metaspace       used 92851K, committed 94016K, reserved 1138688K
  class space    used 9002K, committed 9472K, reserved 1048576K
}
Event: 3026.442 GC heap after
{Heap after GC invocations=7892 (full 166):
 PSYoungGen      total 7680K, used 1220K [0x00000000eab00000, 0x00000000eb780000, 0x0000000100000000)
  eden space 6144K, 0% used [0x00000000eab00000,0x00000000eab00000,0x00000000eb100000)
  from space 1536K, 79% used [0x00000000eb600000,0x00000000eb731210,0x00000000eb780000)
  to   space 2560K, 0% used [0x00000000eb280000,0x00000000eb280000,0x00000000eb500000)
 ParOldGen       total 346112K, used 332631K [0x00000000c0000000, 0x00000000d5200000, 0x00000000eab00000)
  object space 346112K, 96% used [0x00000000c0000000,0x00000000d44d5cc0,0x00000000d5200000)
 Metaspace       used 92851K, committed 94016K, reserved 1138688K
  class space    used 9002K, committed 9472K, reserved 1048576K
}
Event: 3026.452 GC heap before
{Heap before GC invocations=7893 (full 166):
 PSYoungGen      total 7680K, used 7364K [0x00000000eab00000, 0x00000000eb780000, 0x0000000100000000)
  eden space 6144K, 100% used [0x00000000eab00000,0x00000000eb100000,0x00000000eb100000)
  from space 1536K, 79% used [0x00000000eb600000,0x00000000eb731210,0x00000000eb780000)
  to   space 2560K, 0% used [0x00000000eb280000,0x00000000eb280000,0x00000000eb500000)
 ParOldGen       total 346112K, used 332631K [0x00000000c0000000, 0x00000000d5200000, 0x00000000eab00000)
  object space 346112K, 96% used [0x00000000c0000000,0x00000000d44d5cc0,0x00000000d5200000)
 Metaspace       used 92851K, committed 94016K, reserved 1138688K
  class space    used 9002K, committed 9472K, reserved 1048576K
}
Event: 3026.455 GC heap after
{Heap after GC invocations=7893 (full 166):
 PSYoungGen      total 9728K, used 1629K [0x00000000eab00000, 0x00000000eb680000, 0x0000000100000000)
  eden space 7680K, 0% used [0x00000000eab00000,0x00000000eab00000,0x00000000eb280000)
  from space 2048K, 79% used [0x00000000eb280000,0x00000000eb417600,0x00000000eb480000)
  to   space 2048K, 0% used [0x00000000eb480000,0x00000000eb480000,0x00000000eb680000)
 ParOldGen       total 346112K, used 333696K [0x00000000c0000000, 0x00000000d5200000, 0x00000000eab00000)
  object space 346112K, 96% used [0x00000000c0000000,0x00000000d45e0200,0x00000000d5200000)
 Metaspace       used 92851K, committed 94016K, reserved 1138688K
  class space    used 9002K, committed 9472K, reserved 1048576K
}
Event: 3026.469 GC heap before
{Heap before GC invocations=7894 (full 166):
 PSYoungGen      total 9728K, used 9309K [0x00000000eab00000, 0x00000000eb680000, 0x0000000100000000)
  eden space 7680K, 100% used [0x00000000eab00000,0x00000000eb280000,0x00000000eb280000)
  from space 2048K, 79% used [0x00000000eb280000,0x00000000eb417600,0x00000000eb480000)
  to   space 2048K, 0% used [0x00000000eb480000,0x00000000eb480000,0x00000000eb680000)
 ParOldGen       total 346112K, used 333696K [0x00000000c0000000, 0x00000000d5200000, 0x00000000eab00000)
  object space 346112K, 96% used [0x00000000c0000000,0x00000000d45e0200,0x00000000d5200000)
 Metaspace       used 92851K, committed 94016K, reserved 1138688K
  class space    used 9002K, committed 9472K, reserved 1048576K
}

Deoptimization events (20 events):
Event: 2880.263 Thread 0x0000026953107cc0 Uncommon trap: trap_request=0xffffff45 fr.pc=0x0000026940520de4 relative=0x0000000000000ba4
Event: 2880.263 Thread 0x0000026953107cc0 Uncommon trap: reason=unstable_if action=reinterpret pc=0x0000026940520de4 method=org.eclipse.jdt.internal.compiler.lookup.CompilationUnitScope.resolveImports(I[Lorg/eclipse/jdt/internal/compiler/lookup/ImportBinding;ILjava/util/function/Predicate;)I @ 10
Event: 2880.263 Thread 0x0000026953107cc0 DEOPT PACKING pc=0x0000026940520de4 sp=0x000000b4f3afe430
Event: 2880.263 Thread 0x0000026953107cc0 DEOPT UNPACKING pc=0x00000269378a20a3 sp=0x000000b4f3afe350 mode 2
Event: 2880.264 Thread 0x0000026953107cc0 Uncommon trap: trap_request=0xffffff45 fr.pc=0x0000026940881aa8 relative=0x0000000000000fa8
Event: 2880.264 Thread 0x0000026953107cc0 Uncommon trap: reason=unstable_if action=reinterpret pc=0x0000026940881aa8 method=org.eclipse.jdt.internal.compiler.lookup.CompilationUnitScope.faultInImports()V @ 375 c2
Event: 2880.264 Thread 0x0000026953107cc0 DEOPT PACKING pc=0x0000026940881aa8 sp=0x000000b4f3afe530
Event: 2880.264 Thread 0x0000026953107cc0 DEOPT UNPACKING pc=0x00000269378a20a3 sp=0x000000b4f3afe4d8 mode 2
Event: 2880.372 Thread 0x00000269531064b0 Uncommon trap: trap_request=0xffffff45 fr.pc=0x000002693f7f93d8 relative=0x0000000000000498
Event: 2880.372 Thread 0x00000269531064b0 Uncommon trap: reason=unstable_if action=reinterpret pc=0x000002693f7f93d8 method=org.eclipse.jdt.internal.compiler.lookup.CompilationUnitScope.resolveImports(I[Lorg/eclipse/jdt/internal/compiler/lookup/ImportBinding;ILjava/util/function/Predicate;)I @ 10
Event: 2880.372 Thread 0x00000269531064b0 DEOPT PACKING pc=0x000002693f7f93d8 sp=0x000000b4f1ffe700
Event: 2880.372 Thread 0x00000269531064b0 DEOPT UNPACKING pc=0x00000269378a20a3 sp=0x000000b4f1ffe6b8 mode 2
Event: 2964.161 Thread 0x00000269531094d0 DEOPT PACKING pc=0x0000026939ccbf2a sp=0x000000b4f39fe670
Event: 2964.161 Thread 0x00000269531094d0 DEOPT UNPACKING pc=0x00000269378a2843 sp=0x000000b4f39fdae8 mode 0
Event: 2978.786 Thread 0x000002694bbde900 Uncommon trap: trap_request=0xffffffc6 fr.pc=0x0000026940d9b1bc relative=0x0000000000000c9c
Event: 2978.786 Thread 0x000002694bbde900 Uncommon trap: reason=bimorphic_or_optimized_type_check action=maybe_recompile pc=0x0000026940d9b1bc method=java.util.stream.ReferencePipeline.toArray(Ljava/util/function/IntFunction;)[Ljava/lang/Object; @ 12 c2
Event: 2978.786 Thread 0x000002694bbde900 DEOPT PACKING pc=0x0000026940d9b1bc sp=0x000000b4f38feef0
Event: 2978.786 Thread 0x000002694bbde900 DEOPT UNPACKING pc=0x00000269378a20a3 sp=0x000000b4f38feec0 mode 2
Event: 2981.741 Thread 0x00000269531094d0 DEOPT PACKING pc=0x000002693a4bd4ae sp=0x000000b4f39fe740
Event: 2981.741 Thread 0x00000269531094d0 DEOPT UNPACKING pc=0x00000269378a2843 sp=0x000000b4f39fde50 mode 0

Classes unloaded (20 events):
Event: 806.008 Thread 0x00000269488e3020 Unloading class 0x00000001001ad000 'java/lang/invoke/LambdaForm$MH+0x00000001001ad000'
Event: 806.008 Thread 0x00000269488e3020 Unloading class 0x00000001001acc00 'java/lang/invoke/LambdaForm$MH+0x00000001001acc00'
Event: 806.008 Thread 0x00000269488e3020 Unloading class 0x00000001001ac800 'java/lang/invoke/LambdaForm$MH+0x00000001001ac800'
Event: 806.008 Thread 0x00000269488e3020 Unloading class 0x00000001001ac000 'java/lang/invoke/LambdaForm$MH+0x00000001001ac000'
Event: 806.008 Thread 0x00000269488e3020 Unloading class 0x000000010011d000 'jdk/internal/reflect/GeneratedMethodAccessor5'
Event: 806.008 Thread 0x00000269488e3020 Unloading class 0x000000010011cc00 'jdk/internal/reflect/GeneratedMethodAccessor4'
Event: 806.008 Thread 0x00000269488e3020 Unloading class 0x000000010011c800 'jdk/internal/reflect/GeneratedMethodAccessor3'
Event: 806.008 Thread 0x00000269488e3020 Unloading class 0x000000010011c400 'jdk/internal/reflect/GeneratedMethodAccessor2'
Event: 806.008 Thread 0x00000269488e3020 Unloading class 0x000000010011c000 'jdk/internal/reflect/GeneratedMethodAccessor1'
Event: 1282.362 Thread 0x00000269488e3020 Unloading class 0x00000001005c8c00 'jdk/internal/reflect/GeneratedSerializationConstructorAccessor7'
Event: 1282.362 Thread 0x00000269488e3020 Unloading class 0x00000001005c8800 'jdk/internal/reflect/GeneratedSerializationConstructorAccessor6'
Event: 1282.362 Thread 0x00000269488e3020 Unloading class 0x00000001005c8400 'jdk/internal/reflect/GeneratedSerializationConstructorAccessor5'
Event: 1282.362 Thread 0x00000269488e3020 Unloading class 0x00000001005c8000 'jdk/internal/reflect/GeneratedSerializationConstructorAccessor4'
Event: 1399.964 Thread 0x00000269488e3020 Unloading class 0x0000000100944000 'jdk/internal/reflect/GeneratedConstructorAccessor61'
Event: 1399.964 Thread 0x00000269488e3020 Unloading class 0x00000001008d9400 'jdk/internal/reflect/GeneratedConstructorAccessor59'
Event: 1399.964 Thread 0x00000269488e3020 Unloading class 0x00000001008d9000 'jdk/internal/reflect/GeneratedConstructorAccessor58'
Event: 1399.964 Thread 0x00000269488e3020 Unloading class 0x00000001008d8800 'jdk/internal/reflect/GeneratedConstructorAccessor56'
Event: 1399.964 Thread 0x00000269488e3020 Unloading class 0x00000001008d8400 'jdk/internal/reflect/GeneratedConstructorAccessor55'
Event: 1399.964 Thread 0x00000269488e3020 Unloading class 0x00000001008d8000 'jdk/internal/reflect/GeneratedConstructorAccessor54'
Event: 1399.964 Thread 0x00000269488e3020 Unloading class 0x00000001001e3000 'jdk/internal/reflect/GeneratedConstructorAccessor4'

Classes redefined (0 events):
No events

Internal exceptions (20 events):
Event: 2980.731 Thread 0x000002694bbe4470 Implicit null exception at 0x0000026939b5a9bf to 0x0000026939b5f84a
Event: 2980.731 Thread 0x000002694bbe4470 Exception <a 'java/lang/NullPointerException'{0x00000000eac828e8}> (0x00000000eac828e8) 
thrown [s\src\hotspot\share\runtime\sharedRuntime.cpp, line 628]
Event: 2980.731 Thread 0x000002694bbe4470 Implicit null exception at 0x0000026939b5a9bf to 0x0000026939b5f84a
Event: 2980.731 Thread 0x000002694bbe4470 Exception <a 'java/lang/NullPointerException'{0x00000000eac82e68}> (0x00000000eac82e68) 
thrown [s\src\hotspot\share\runtime\sharedRuntime.cpp, line 628]
Event: 2980.731 Thread 0x000002694bbe4470 Implicit null exception at 0x0000026939b5a9bf to 0x0000026939b5f84a
Event: 2980.731 Thread 0x000002694bbe4470 Exception <a 'java/lang/NullPointerException'{0x00000000eac833e8}> (0x00000000eac833e8) 
thrown [s\src\hotspot\share\runtime\sharedRuntime.cpp, line 628]
Event: 2980.736 Thread 0x000002694bbe4470 Implicit null exception at 0x0000026939b5a9bf to 0x0000026939b5f84a
Event: 2980.736 Thread 0x000002694bbe4470 Exception <a 'java/lang/NullPointerException'{0x00000000eae559c8}> (0x00000000eae559c8) 
thrown [s\src\hotspot\share\runtime\sharedRuntime.cpp, line 628]
Event: 2980.736 Thread 0x000002694bbe4470 Implicit null exception at 0x0000026939b5a9bf to 0x0000026939b5f84a
Event: 2980.736 Thread 0x000002694bbe4470 Exception <a 'java/lang/NullPointerException'{0x00000000eae55f48}> (0x00000000eae55f48) 
thrown [s\src\hotspot\share\runtime\sharedRuntime.cpp, line 628]
Event: 2980.736 Thread 0x000002694bbe4470 Implicit null exception at 0x0000026939b5a9bf to 0x0000026939b5f84a
Event: 2980.736 Thread 0x000002694bbe4470 Exception <a 'java/lang/NullPointerException'{0x00000000eae564c8}> (0x00000000eae564c8) 
thrown [s\src\hotspot\share\runtime\sharedRuntime.cpp, line 628]
Event: 2980.736 Thread 0x000002694bbe4470 Implicit null exception at 0x0000026939b5a9bf to 0x0000026939b5f84a
Event: 2980.736 Thread 0x000002694bbe4470 Exception <a 'java/lang/NullPointerException'{0x00000000eae56e28}> (0x00000000eae56e28) 
thrown [s\src\hotspot\share\runtime\sharedRuntime.cpp, line 628]
Event: 2980.736 Thread 0x000002694bbe4470 Implicit null exception at 0x0000026939b5a9bf to 0x0000026939b5f84a
Event: 2980.736 Thread 0x000002694bbe4470 Exception <a 'java/lang/NullPointerException'{0x00000000eae573a8}> (0x00000000eae573a8) 
thrown [s\src\hotspot\share\runtime\sharedRuntime.cpp, line 628]
Event: 2980.736 Thread 0x000002694bbe4470 Implicit null exception at 0x0000026939b5a9bf to 0x0000026939b5f84a
Event: 2980.736 Thread 0x000002694bbe4470 Exception <a 'java/lang/NullPointerException'{0x00000000eae57928}> (0x00000000eae57928) 
thrown [s\src\hotspot\share\runtime\sharedRuntime.cpp, line 628]
Event: 2980.916 Thread 0x000002694f975090 Exception <a 'sun/nio/fs/WindowsException'{0x00000000ead95fe0}> (0x00000000ead95fe0) 
thrown [s\src\hotspot\share\prims\jni.cpp, line 516]
Event: 3026.220 Thread 0x000002694f975090 Exception <a 'sun/nio/fs/WindowsException'{0x00000000ead58ea8}> (0x00000000ead58ea8) 
thrown [s\src\hotspot\share\prims\jni.cpp, line 516]

VM Operations (20 events):
Event: 3026.391 Executing VM operation: ParallelGCFailedAllocation done
Event: 3026.394 Executing VM operation: ParallelGCFailedAllocation
Event: 3026.396 Executing VM operation: ParallelGCFailedAllocation done
Event: 3026.399 Executing VM operation: ParallelGCFailedAllocation
Event: 3026.402 Executing VM operation: ParallelGCFailedAllocation done
Event: 3026.404 Executing VM operation: ParallelGCFailedAllocation
Event: 3026.407 Executing VM operation: ParallelGCFailedAllocation done
Event: 3026.409 Executing VM operation: ParallelGCFailedAllocation
Event: 3026.412 Executing VM operation: ParallelGCFailedAllocation done
Event: 3026.416 Executing VM operation: ParallelGCFailedAllocation
Event: 3026.418 Executing VM operation: ParallelGCFailedAllocation done
Event: 3026.423 Executing VM operation: ParallelGCFailedAllocation
Event: 3026.425 Executing VM operation: ParallelGCFailedAllocation done
Event: 3026.430 Executing VM operation: ParallelGCFailedAllocation
Event: 3026.431 Executing VM operation: ParallelGCFailedAllocation done
Event: 3026.440 Executing VM operation: ParallelGCFailedAllocation
Event: 3026.442 Executing VM operation: ParallelGCFailedAllocation done
Event: 3026.452 Executing VM operation: ParallelGCFailedAllocation
Event: 3026.455 Executing VM operation: ParallelGCFailedAllocation done
Event: 3026.469 Executing VM operation: ParallelGCFailedAllocation

Events (20 events):
Event: 2877.582 Thread 0x0000026953107cc0 Thread added: 0x0000026953107cc0
Event: 2880.814 Thread 0x0000026953104300 Thread added: 0x0000026953104300
Event: 2881.089 Thread 0x000002694bbe4470 Thread added: 0x000002694bbe4470
Event: 2881.098 Thread 0x000002694bbe4470 Thread exited: 0x000002694bbe4470
Event: 2881.884 Thread 0x000002694bbe1450 Thread added: 0x000002694bbe1450
Event: 2942.116 Thread 0x00000269531077f0 Thread exited: 0x00000269531077f0
Event: 2951.110 Thread 0x0000026953106e50 Thread exited: 0x0000026953106e50
Event: 2963.826 Thread 0x0000026953105170 Thread exited: 0x0000026953105170
Event: 2963.971 Thread 0x000002694bbe4470 Thread added: 0x000002694bbe4470
Event: 2964.486 Thread 0x000002694bbddf60 Thread added: 0x000002694bbddf60
Event: 2964.863 Thread 0x000002694bbde900 Thread added: 0x000002694bbde900
Event: 2964.873 Thread 0x000002694bbde900 Thread exited: 0x000002694bbde900
Event: 2978.786 Thread 0x000002694bbde900 Thread added: 0x000002694bbde900
Event: 2978.786 Thread 0x000002694f974bc0 Thread added: 0x000002694f974bc0
Event: 2978.786 Thread 0x000002694f976d70 Thread added: 0x000002694f976d70
Event: 2978.786 Thread 0x000002694f976d70 Thread exited: 0x000002694f976d70
Event: 2978.786 Thread 0x000002694bbde900 Thread exited: 0x000002694bbde900
Event: 2978.786 Thread 0x000002694f974bc0 Thread exited: 0x000002694f974bc0
Event: 2980.716 Thread 0x000002694f974bc0 Thread added: 0x000002694f974bc0
Event: 2980.719 Thread 0x000002694f974bc0 Thread exited: 0x000002694f974bc0


Dynamic libraries:
0x00007ff6f3b40000 - 0x00007ff6f3b4e000 	c:\Users\Kenny\.vscode\extensions\redhat.java-1.12.0-win32-x64\jre\17.0.4.1-win32-x86_64\bin\java.exe
0x00007ffac87d0000 - 0x00007ffac89c8000 	C:\WINDOWS\SYSTEM32\ntdll.dll
0x00007ffac6b90000 - 0x00007ffac6c4d000 	C:\WINDOWS\System32\KERNEL32.DLL
0x00007ffac63d0000 - 0x00007ffac66a2000 	C:\WINDOWS\System32\KERNELBASE.dll
0x00007ffac5f30000 - 0x00007ffac6030000 	C:\WINDOWS\System32\ucrtbase.dll
0x00007ffa95840000 - 0x00007ffa95859000 	c:\Users\Kenny\.vscode\extensions\redhat.java-1.12.0-win32-x64\jre\17.0.4.1-win32-x86_64\bin\VCRUNTIME140.dll
0x00007ffab2010000 - 0x00007ffab2028000 	c:\Users\Kenny\.vscode\extensions\redhat.java-1.12.0-win32-x64\jre\17.0.4.1-win32-x86_64\bin\jli.dll
0x00007ffac7ac0000 - 0x00007ffac7c5d000 	C:\WINDOWS\System32\USER32.dll
0x00007ffac66b0000 - 0x00007ffac66d2000 	C:\WINDOWS\System32\win32u.dll
0x00007ffab1c20000 - 0x00007ffab1eba000 	C:\WINDOWS\WinSxS\amd64_microsoft.windows.common-controls_6595b64144ccf1df_6.0.19041.1110_none_60b5254171f9507e\COMCTL32.dll
0x00007ffac7260000 - 0x00007ffac728b000 	C:\WINDOWS\System32\GDI32.dll
0x00007ffac6930000 - 0x00007ffac69ce000 	C:\WINDOWS\System32\msvcrt.dll
0x00007ffac6200000 - 0x00007ffac630f000 	C:\WINDOWS\System32\gdi32full.dll
0x00007ffac6790000 - 0x00007ffac682d000 	C:\WINDOWS\System32\msvcp_win.dll
0x00007ffac69d0000 - 0x00007ffac6a00000 	C:\WINDOWS\System32\IMM32.DLL
0x00007ffab1000000 - 0x00007ffab100c000 	c:\Users\Kenny\.vscode\extensions\redhat.java-1.12.0-win32-x64\jre\17.0.4.1-win32-x86_64\bin\vcruntime140_1.dll
0x00007ffa36d20000 - 0x00007ffa36db1000 	c:\Users\Kenny\.vscode\extensions\redhat.java-1.12.0-win32-x64\jre\17.0.4.1-win32-x86_64\bin\msvcp140.dll
0x00007ffa19500000 - 0x00007ffa1a146000 	c:\Users\Kenny\.vscode\extensions\redhat.java-1.12.0-win32-x64\jre\17.0.4.1-win32-x86_64\bin\server\jvm.dll
0x00007ffac82e0000 - 0x00007ffac838e000 	C:\WINDOWS\System32\ADVAPI32.dll
0x00007ffac6890000 - 0x00007ffac692c000 	C:\WINDOWS\System32\sechost.dll
0x00007ffac6c50000 - 0x00007ffac6d75000 	C:\WINDOWS\System32\RPCRT4.dll
0x00007ffac6b80000 - 0x00007ffac6b88000 	C:\WINDOWS\System32\PSAPI.DLL
0x00007ffaab550000 - 0x00007ffaab559000 	C:\WINDOWS\SYSTEM32\WSOCK32.dll
0x00007ffab5f10000 - 0x00007ffab5f37000 	C:\WINDOWS\SYSTEM32\WINMM.dll
0x00007ffabe1d0000 - 0x00007ffabe1da000 	C:\WINDOWS\SYSTEM32\VERSION.dll
0x00007ffac6b10000 - 0x00007ffac6b7b000 	C:\WINDOWS\System32\WS2_32.dll
0x00007ffac3dc0000 - 0x00007ffac3dd2000 	C:\WINDOWS\SYSTEM32\kernel.appcore.dll
0x00007ffaafdd0000 - 0x00007ffaafdda000 	c:\Users\Kenny\.vscode\extensions\redhat.java-1.12.0-win32-x64\jre\17.0.4.1-win32-x86_64\bin\jimage.dll
0x00007ffab38e0000 - 0x00007ffab3ac4000 	C:\WINDOWS\SYSTEM32\DBGHELP.DLL
0x00007ffaab4e0000 - 0x00007ffaab50c000 	C:\WINDOWS\SYSTEM32\dbgcore.DLL
0x00007ffac6310000 - 0x00007ffac6392000 	C:\WINDOWS\System32\bcryptPrimitives.dll
0x00007ffaab380000 - 0x00007ffaab38e000 	c:\Users\Kenny\.vscode\extensions\redhat.java-1.12.0-win32-x64\jre\17.0.4.1-win32-x86_64\bin\instrument.dll
0x00007ffa41840000 - 0x00007ffa41865000 	c:\Users\Kenny\.vscode\extensions\redhat.java-1.12.0-win32-x64\jre\17.0.4.1-win32-x86_64\bin\java.dll
0x00007ffa932a0000 - 0x00007ffa932b8000 	c:\Users\Kenny\.vscode\extensions\redhat.java-1.12.0-win32-x64\jre\17.0.4.1-win32-x86_64\bin\zip.dll
0x00007ffac7310000 - 0x00007ffac7a53000 	C:\WINDOWS\System32\SHELL32.dll
0x00007ffac3fc0000 - 0x00007ffac4751000 	C:\WINDOWS\SYSTEM32\windows.storage.dll
0x00007ffac7f80000 - 0x00007ffac82d4000 	C:\WINDOWS\System32\combase.dll
0x00007ffac5940000 - 0x00007ffac5970000 	C:\WINDOWS\SYSTEM32\Wldp.dll
0x00007ffac7d10000 - 0x00007ffac7dbd000 	C:\WINDOWS\System32\SHCORE.dll
0x00007ffac7a60000 - 0x00007ffac7ab5000 	C:\WINDOWS\System32\shlwapi.dll
0x00007ffac5e20000 - 0x00007ffac5e3f000 	C:\WINDOWS\SYSTEM32\profapi.dll
0x00007ffa7fc50000 - 0x00007ffa7fc69000 	C:\Users\Kenny\.vscode\extensions\redhat.java-1.12.0-win32-x64\jre\17.0.4.1-win32-x86_64\bin\net.dll
0x00007ffab5f40000 - 0x00007ffab604d000 	C:\WINDOWS\SYSTEM32\WINHTTP.dll
0x00007ffac56a0000 - 0x00007ffac570a000 	C:\WINDOWS\system32\mswsock.dll
0x00007ffa5c040000 - 0x00007ffa5c055000 	C:\Users\Kenny\.vscode\extensions\redhat.java-1.12.0-win32-x64\jre\17.0.4.1-win32-x86_64\bin\nio.dll
0x00007ffa94440000 - 0x00007ffa94450000 	c:\Users\Kenny\.vscode\extensions\redhat.java-1.12.0-win32-x64\jre\17.0.4.1-win32-x86_64\bin\verify.dll
0x00007ffa37510000 - 0x00007ffa3754e000 	C:\Users\Kenny\AppData\Roaming\Code\User\globalStorage\redhat.java\1.12.0\config_win\org.eclipse.equinox.launcher\org.eclipse.equinox.launcher.win32.win32.x86_64_1.2.600.v20220720-1916\eclipse_11700.dll
0x00007ffac8470000 - 0x00007ffac859a000 	C:\WINDOWS\System32\ole32.dll
0x00007ffa89f70000 - 0x00007ffa89f79000 	C:\Users\Kenny\.vscode\extensions\redhat.java-1.12.0-win32-x64\jre\17.0.4.1-win32-x86_64\bin\management.dll
0x00007ffa89180000 - 0x00007ffa8918b000 	C:\Users\Kenny\.vscode\extensions\redhat.java-1.12.0-win32-x64\jre\17.0.4.1-win32-x86_64\bin\management_ext.dll
0x00007ffac5890000 - 0x00007ffac58a8000 	C:\WINDOWS\SYSTEM32\CRYPTSP.dll
0x00007ffac4ee0000 - 0x00007ffac4f14000 	C:\WINDOWS\system32\rsaenh.dll
0x00007ffac63a0000 - 0x00007ffac63c7000 	C:\WINDOWS\System32\bcrypt.dll
0x00007ffac5de0000 - 0x00007ffac5e0e000 	C:\WINDOWS\SYSTEM32\USERENV.dll
0x00007ffac58b0000 - 0x00007ffac58bc000 	C:\WINDOWS\SYSTEM32\CRYPTBASE.dll
0x00007ffac5340000 - 0x00007ffac537b000 	C:\WINDOWS\SYSTEM32\IPHLPAPI.DLL
0x00007ffac71f0000 - 0x00007ffac71f8000 	C:\WINDOWS\System32\NSI.dll
0x00007ffabe4c0000 - 0x00007ffabe4d7000 	C:\WINDOWS\SYSTEM32\dhcpcsvc6.DLL
0x00007ffabe410000 - 0x00007ffabe42d000 	C:\WINDOWS\SYSTEM32\dhcpcsvc.DLL
0x00007ffac5380000 - 0x00007ffac544a000 	C:\WINDOWS\SYSTEM32\DNSAPI.dll
0x00007ffa36520000 - 0x00007ffa36560000 	C:\Users\Kenny\AppData\Local\Temp\jna-72382207\jna17498602652175502447.dll
0x00007ffab2030000 - 0x00007ffab203e000 	C:\Users\Kenny\.vscode\extensions\redhat.java-1.12.0-win32-x64\jre\17.0.4.1-win32-x86_64\bin\sunmscapi.dll
0x00007ffac60a0000 - 0x00007ffac61f6000 	C:\WINDOWS\System32\CRYPT32.dll
0x00007ffac59b0000 - 0x00007ffac59d7000 	C:\WINDOWS\SYSTEM32\ncrypt.dll
0x00007ffac5970000 - 0x00007ffac59ab000 	C:\WINDOWS\SYSTEM32\NTASN1.dll
0x00007ffabdfe0000 - 0x00007ffabdfea000 	C:\Windows\System32\rasadhlp.dll
0x00007ffab37a0000 - 0x00007ffab3820000 	C:\WINDOWS\System32\fwpuclnt.dll

dbghelp: loaded successfully - version: 4.0.5 - missing functions: none
symbol engine: initialized successfully - sym options: 0x614 - pdb path: .;c:\Users\Kenny\.vscode\extensions\redhat.java-1.12.0-win32-x64\jre\17.0.4.1-win32-x86_64\bin;C:\WINDOWS\SYSTEM32;C:\WINDOWS\WinSxS\amd64_microsoft.windows.common-controls_6595b64144ccf1df_6.0.19041.1110_none_60b5254171f9507e;c:\Users\Kenny\.vscode\extensions\redhat.java-1.12.0-win32-x64\jre\17.0.4.1-win32-x86_64\bin\server;C:\Users\Kenny\AppData\Roaming\Code\User\globalStorage\redhat.java\1.12.0\config_win\org.eclipse.equinox.launcher\org.eclipse.equinox.launcher.win32.win32.x86_64_1.2.600.v20220720-1916;C:\Users\Kenny\AppData\Local\Temp\jna-72382207

VM Arguments:
jvm_args: --add-modules=ALL-SYSTEM --add-opens=java.base/java.util=ALL-UNNAMED --add-opens=java.base/java.lang=ALL-UNNAMED --add-opens=java.base/sun.nio.fs=ALL-UNNAMED -Declipse.application=org.eclipse.jdt.ls.core.id1 -Dosgi.bundles.defaultStartLevel=4 -Declipse.product=org.eclipse.jdt.ls.core.product -Djava.import.generatesMetadataFilesAtProjectRoot=false -Dfile.encoding=utf8 -XX:+UseParallelGC -XX:GCTimeRatio=4 -XX:AdaptiveSizePolicyWeight=90 -Dsun.zip.disableMemoryMapping=true -Xmx1G -Xms100m -Xlog:disable -javaagent:c:\Users\Kenny\.vscode\extensions\redhat.java-1.12.0-win32-x64\lombok\lombok-1.18.24.jar -XX:+HeapDumpOnOutOfMemoryError -XX:HeapDumpPath=c:\Users\Kenny\AppData\Roaming\Code\User\workspaceStorage\640da184bf968ad31c8fd02a9abbab9c\redhat.java 
java_command: c:\Users\Kenny\.vscode\extensions\redhat.java-1.12.0-win32-x64\server\plugins\org.eclipse.equinox.launcher_1.6.400.v20210924-0641.jar -configuration c:\Users\Kenny\AppData\Roaming\Code\User\globalStorage\redhat.java\1.12.0\config_win -data c:\Users\Kenny\AppData\Roaming\Code\User\workspaceStorage\640da184bf968ad31c8fd02a9abbab9c\redhat.java\jdt_ws
java_class_path (initial): c:\Users\Kenny\.vscode\extensions\redhat.java-1.12.0-win32-x64\server\plugins\org.eclipse.equinox.launcher_1.6.400.v20210924-0641.jar
Launcher Type: SUN_STANDARD

[Global flags]
    uintx AdaptiveSizePolicyWeight                 = 90                                        {product} {command line}
     intx CICompilerCount                          = 4                                         {product} {ergonomic}
    uintx GCTimeRatio                              = 4                                         {product} {command line}
     bool HeapDumpOnOutOfMemoryError               = true                                   {manageable} {command line}
    ccstr HeapDumpPath                             = c:\Users\Kenny\AppData\Roaming\Code\User\workspaceStorage\640da184bf968ad31c8fd02a9abbab9c\redhat.java         {manageable} {command line}
   size_t InitialHeapSize                          = 104857600                                 {product} {command line}
   size_t MaxHeapSize                              = 1073741824                                {product} {command line}
   size_t MaxNewSize                               = 357564416                                 {product} {ergonomic}
   size_t MinHeapDeltaBytes                        = 524288                                    {product} {ergonomic}
   size_t MinHeapSize                              = 104857600                                 {product} {command line}
   size_t NewSize                                  = 34603008                                  {product} {ergonomic}
    uintx NonNMethodCodeHeapSize                   = 5839372                                {pd product} {ergonomic}
    uintx NonProfiledCodeHeapSize                  = 122909434                              {pd product} {ergonomic}
   size_t OldSize                                  = 70254592                                  {product} {ergonomic}
    uintx ProfiledCodeHeapSize                     = 122909434                              {pd product} {ergonomic}
    uintx ReservedCodeCacheSize                    = 251658240                              {pd product} {ergonomic}
     bool SegmentedCodeCache                       = true                                      {product} {ergonomic}
   size_t SoftMaxHeapSize                          = 1073741824                             {manageable} {ergonomic}
     bool UseCompressedClassPointers               = true                           {product lp64_product} {ergonomic}
     bool UseCompressedOops                        = true                           {product lp64_product} {ergonomic}
     bool UseLargePagesIndividualAllocation        = false                                  {pd product} {ergonomic}
     bool UseParallelGC                            = true                                      {product} {command line}

Logging:
Log output configuration:
 #0: stdout all=off uptime,level,tags
 #1: stderr all=off uptime,level,tags

Environment Variables:
PATH=C:\Program Files\Common Files\Oracle\Java\javapath;C:\Program Files (x86)\Razer Chroma SDK\bin;C:\Program Files\Razer Chroma SDK\bin;C:\Program Files (x86)\Razer\ChromaBroadcast\bin;C:\Program Files\Razer\ChromaBroadcast\bin;C:\Program Files (x86)\Common Files\Oracle\Java\javapath;C:\Program Files\AdoptOpenJDK\jdk-14.0.2.12-hotspot\bin;C:\WINDOWS\system32;C:\WINDOWS;C:\WINDOWS\System32\Wbem;C:\WINDOWS\System32\WindowsPowerShell\v1.0\;C:\WINDOWS\System32\OpenSSH\;C:\Program Files\NVIDIA Corporation\NVIDIA NvDLISR;C:\Program Files\TortoiseSVN\bin;C:\Program Files\nodejs\;C:\WINDOWS\system32;C:\WINDOWS;C:\WINDOWS\System32\Wbem;C:\WINDOWS\System32\WindowsPowerShell\v1.0\;C:\WINDOWS\System32\OpenSSH\;C:\Program Files (x86)\NVIDIA Corporation\PhysX\Common;C:\Users\Kenny\AppData\Local\Microsoft\WindowsApps;C:\Users\Kenny\AppData\Local\Programs\Microsoft VS Code\bin;C:\Users\Kenny\AppData\Roaming\npm;C:\WINDOWS\system32\config\systemprofile\AppData\Local\Microsoft\WindowsApps;C:\Program Files\Microsoft SQL Server\150\Tools\Binn\;C:\Program Files\Microsoft SQL Server\Client SDK\ODBC\170\Tools\Binn\;C:\Program Files\dotnet\;C:\Program Files (x86)\Microsoft SQL Server\150\Tools\Binn\;C:\Program Files\Microsoft SQL Server\150\DTS\Binn\;C:\Program Files (x86)\Microsoft SQL Server\150\DTS\Binn\;C:\Program Files\Azure Data Studio\bin;C:\Users\Kenny\AppData\Local\Microsoft\WindowsApps;C:\Users\Kenny\AppData\Local\Programs\Microsoft VS Code\bin;C:\Users\Kenny\AppData\Roaming\npm;C:\Users\Kenny\AppData\Local\GitHubDesktop\bin;C:\Users\Kenny\.dotnet\tools;C:\Program Files\Azure Data Studio\bin
USERNAME=Kenny
OS=Windows_NT
PROCESSOR_IDENTIFIER=Intel64 Family 6 Model 158 Stepping 13, GenuineIntel
TMP=C:\Users\Kenny\AppData\Local\Temp
TEMP=C:\Users\Kenny\AppData\Local\Temp



---------------  S Y S T E M  ---------------

OS:
 Windows 10 , 64 bit Build 19041 (10.0.19041.1889)
OS uptime: 1 days 15:16 hours

CPU: total 8 (initial active 8) (8 cores per cpu, 1 threads per core) family 6 model 158 stepping 13 microcode 0xb8, cx8, cmov, fxsr, mmx, 3dnowpref, sse, sse2, sse3, ssse3, sse4.1, sse4.2, popcnt, lzcnt, tsc, tscinvbit, avx, avx2, aes, erms, clmul, bmi1, bmi2, rtm, adx, fma, vzeroupper, clflush, clflushopt

Memory: 4k page, system-wide physical 16317M (4916M free)
TotalPageFile size 26557M (AvailPageFile size 5636M)
current process WorkingSet (physical memory assigned to process): 796M, peak: 851M
current process commit charge ("private bytes"): 701M, peak: 764M

vm_info: OpenJDK 64-Bit Server VM (17.0.4.1+1) for windows-amd64 JRE (17.0.4.1+1), built on Aug 17 2022 07:42:43 by "temurin" with MS VC++ 16.7 (VS2019)

END.
