#
# A fatal error has been detected by the Java Runtime Environment:
#
#  EXCEPTION_ACCESS_VIOLATION (0xc0000005) at pc=0x00007ffaf08094be, pid=41940, tid=11216
#
# JRE version: OpenJDK Runtime Environment Temurin-17.0.4.1+1 (17.0.4.1+1) (build 17.0.4.1+1)
# Java VM: OpenJDK 64-Bit Server VM Temurin-17.0.4.1+1 (17.0.4.1+1, mixed mode, tiered, compressed oops, compressed class ptrs, parallel gc, windows-amd64)
# Problematic frame:
# V  [jvm.dll+0x2e94be]
#
# No core dump will be written. Minidumps are not enabled by default on client versions of Windows
#
# If you would like to submit a bug report, please visit:
#   https://github.com/adoptium/adoptium-support/issues
#

---------------  S U M M A R Y ------------

Command Line: --add-modules=ALL-SYSTEM --add-opens=java.base/java.util=ALL-UNNAMED --add-opens=java.base/java.lang=ALL-UNNAMED --add-opens=java.base/sun.nio.fs=ALL-UNNAMED -Declipse.application=org.eclipse.jdt.ls.core.id1 -Dosgi.bundles.defaultStartLevel=4 -Declipse.product=org.eclipse.jdt.ls.core.product -Djava.import.generatesMetadataFilesAtProjectRoot=false -Dfile.encoding=utf8 -DwatchParentProcess=false -XX:+UseParallelGC -XX:GCTimeRatio=4 -XX:AdaptiveSizePolicyWeight=90 -Dsun.zip.disableMemoryMapping=true -Xmx1G -Xms100m -Xlog:disable -javaagent:c:\Users\Kenny\.vscode\extensions\redhat.java-1.11.0-win32-x64\lombok\lombok-1.18.24.jar -XX:+HeapDumpOnOutOfMemoryError -XX:HeapDumpPath=c:\Users\Kenny\AppData\Roaming\Code\User\workspaceStorage\9a1bdbe3d3d7788a2e4f061b12b0f0e2\redhat.java c:\Users\Kenny\.vscode\extensions\redhat.java-1.11.0-win32-x64\server\plugins\org.eclipse.equinox.launcher_1.6.400.v20210924-0641.jar -configuration c:\Users\Kenny\AppData\Roaming\Code\User\globalStorage\redhat.java\1.11.0\config_win -data c:\Users\Kenny\AppData\Roaming\Code\User\workspaceStorage\9a1bdbe3d3d7788a2e4f061b12b0f0e2\redhat.java\jdt_ws

Host: Intel(R) Core(TM) i7-9700K CPU @ 3.60GHz, 8 cores, 15G,  Windows 10 , 64 bit Build 19041 (10.0.19041.1889)
Time: Sun Oct 23 09:26:52 2022 Eastern Daylight Time elapsed time: 223.109969 seconds (0d 0h 3m 43s)

---------------  T H R E A D  ---------------

Current thread (0x00000168b48b1180):  GCTaskThread "GC Thread#6" [stack: 0x00000065a5800000,0x00000065a5900000] [id=11216]

Stack: [0x00000065a5800000,0x00000065a5900000],  sp=0x00000065a58ff770,  free space=1021k
Native frames: (J=compiled Java code, j=interpreted, Vv=VM code, C=native code)
V  [jvm.dll+0x2e94be]
V  [jvm.dll+0x6b7948]
V  [jvm.dll+0x6b7daf]
V  [jvm.dll+0x85f6bb]
V  [jvm.dll+0x85f706]
V  [jvm.dll+0x7e240a]
V  [jvm.dll+0x6761a5]
C  [ucrtbase.dll+0x21bb2]
C  [KERNEL32.DLL+0x17034]
C  [ntdll.dll+0x526a1]


siginfo: EXCEPTION_ACCESS_VIOLATION (0xc0000005), data execution prevention violation at address 0x00007ffa4316c000


Register to memory mapping:

RIP=0x00007ffaf08094be jvm.dll
RAX=0x00000168b09f0b30 points into unknown readable memory: 0x00000168b0b3a360 | 60 a3 b3 b0 68 01 00 00
RBX=0x0000000000000001 is an unknown value
RCX=0x00000168b0b3b6e0 points into unknown readable memory: 0x0000000000000000 | 00 00 00 00 00 00 00 00
RDX=0x0000000000000002 is an unknown value
RSP=0x00000065a58ff770 points into unknown readable memory: 0x0000000000000020 | 20 00 00 00 00 00 00 00
RBP=0x0 is NULL
RSI=0x0000000000000018 is an unknown value
RDI=0x00000168b0a05da0 points into unknown readable memory: 0x00007ffaf0e70c58 | 58 0c e7 f0 fa 7f 00 00
R8 =0x0 is NULL
R9 =0x0000000000000002 is an unknown value
R10=0x000000000000119f is an unknown value
R11=0x00000168b0b3a9e0 points into unknown readable memory: 0x0000000000000000 | 00 00 00 00 00 00 00 00
R12=0x0 is NULL
R13=0x00000168b499e000 points into unknown readable memory: 0x2f6e757300000002 | 02 00 00 00 73 75 6e 2f
R14=0x0000000000000010 is an unknown value
R15=0x00000065a58ff7f0 points into unknown readable memory: 0x0000000000000000 | 00 00 00 00 00 00 00 00


Registers:
RAX=0x00000168b09f0b30, RBX=0x0000000000000001, RCX=0x00000168b0b3b6e0, RDX=0x0000000000000002
RSP=0x00000065a58ff770, RBP=0x0000000000000000, RSI=0x0000000000000018, RDI=0x00000168b0a05da0
R8 =0x0000000000000000, R9 =0x0000000000000002, R10=0x000000000000119f, R11=0x00000168b0b3a9e0
R12=0x0000000000000000, R13=0x00000168b499e000, R14=0x0000000000000010, R15=0x00000065a58ff7f0
RIP=0x00007ffaf08094be, EFLAGS=0x0000000000010206

Top of Stack: (sp=0x00000065a58ff770)
0x00000065a58ff770:   0000000000000020 00000168b499e000
0x00000065a58ff780:   00000065a42fef48 0000000000000020
0x00000065a58ff790:   0000000000000005 0000000000000001
0x00000065a58ff7a0:   00000065a42fefa0 00007ffaf0bd7948
0x00000065a58ff7b0:   00000168b0b3a980 00000168b0b3a980
0x00000065a58ff7c0:   0000000000000000 00013f8200019450
0x00000065a58ff7d0:   00000065a42fee40 00007ffaf0bd7daf
0x00000065a58ff7e0:   0000000000000000 00000065a58ff879
0x00000065a58ff7f0:   0000000000000000 0000000000000001
0x00000065a58ff800:   00000168b0b3a980 0000000000000001
0x00000065a58ff810:   0000016800000008 00007ffaf10327f0
0x00000065a58ff820:   0000000100000002 00000168b0b3a980
0x00000065a58ff830:   00007ffaf0eceeb8 00000168b0b3a980
0x00000065a58ff840:   00000065a42fee40 00000168b3119f20
0x00000065a58ff850:   00000000000003d8 00000168b3119f30
0x00000065a58ff860:   00000168b311a308 00007ffaf0ecf008 

Instructions: (pc=0x00007ffaf08094be)
0x00007ffaf08093be:   00 f7 77 08 44 8b ca 3b d3 74 b7 8b d3 0f 1f 44
0x00007ffaf08093ce:   00 00 3b d3 74 05 41 3b d1 75 44 45 8b 83 04 02
0x00007ffaf08093de:   00 00 b8 5f 0b 4e 83 41 f7 e8 41 03 d0 c1 fa 10
0x00007ffaf08093ee:   8b c2 c1 e8 1f 03 d0 41 69 c0 a7 41 00 00 69 ca
0x00007ffaf08093fe:   ff ff ff 7f 2b c1 85 c0 8d 88 ff ff ff 7f 0f 4e
0x00007ffaf080940e:   c1 33 d2 41 89 83 04 02 00 00 f7 77 08 eb b3 41
0x00007ffaf080941e:   8b c1 4c 8d 34 c5 00 00 00 00 48 8b 47 10 49 8b
0x00007ffaf080942e:   0c 06 8b 81 00 01 00 00 44 8b 91 80 00 00 00 44
0x00007ffaf080943e:   2b d0 8b c2 41 81 e2 ff ff 01 00 41 81 fa ff ff
0x00007ffaf080944e:   01 00 45 0f 44 d4 48 8d 34 c5 00 00 00 00 48 8b
0x00007ffaf080945e:   47 10 48 8b 0c 06 8b 81 00 01 00 00 44 8b 81 80
0x00007ffaf080946e:   00 00 00 44 2b c0 32 c0 41 81 e0 ff ff 01 00 41
0x00007ffaf080947e:   81 f8 ff ff 01 00 45 0f 44 c4 45 3b c2 76 21 48
0x00007ffaf080948e:   8b 47 10 48 8b 34 06 48 8b 86 00 01 00 00 48 89
0x00007ffaf080949e:   44 24 40 8b 8e 80 00 00 00 48 8b 44 24 40 eb 2b
0x00007ffaf08094ae:   45 85 d2 0f 84 8d 00 00 00 48 8b 47 10 41 8b d1
0x00007ffaf08094be:   49 8b 34 06 48 8b 86 00 01 00 00 48 89 44 24 58
0x00007ffaf08094ce:   8b 8e 80 00 00 00 48 8b 44 24 58 2b c8 81 e1 ff
0x00007ffaf08094de:   ff 01 00 81 f9 ff ff 01 00 41 0f 44 cc 85 c9 75
0x00007ffaf08094ee:   13 ba ff ff ff ff 32 c0 41 89 93 00 02 00 00 e9
0x00007ffaf08094fe:   cc 00 00 00 48 8b 8e 80 01 00 00 4c 8b c8 44 8b
0x00007ffaf080950e:   c0 4e 8b 04 c1 8d 48 01 81 e1 ff ff 01 00 4d 89
0x00007ffaf080951e:   07 45 8b c4 41 0f 94 c0 49 c1 e9 20 45 03 c8 49
0x00007ffaf080952e:   c1 e1 20 4c 0b c9 f0 4c 0f b1 8e 00 01 00 00 0f
0x00007ffaf080953e:   94 c0 84 c0 75 05 ba ff ff ff ff 41 89 93 00 02
0x00007ffaf080954e:   00 00 eb 7c 75 7e 48 8b 47 10 8d 4b ff 83 e1 01
0x00007ffaf080955e:   4c 8b 14 c8 49 8b 82 00 01 00 00 48 89 04 24 41
0x00007ffaf080956e:   8b 8a 80 00 00 00 48 8b 04 24 2b c8 81 e1 ff ff
0x00007ffaf080957e:   01 00 81 f9 ff ff 01 00 41 0f 44 cc 85 c9 75 04
0x00007ffaf080958e:   32 c0 eb 3c 49 8b 8a 80 01 00 00 4c 8b c0 8b d0
0x00007ffaf080959e:   48 8b 14 d1 8d 48 01 81 e1 ff ff 01 00 49 89 17
0x00007ffaf08095ae:   41 8b d4 0f 94 c2 49 c1 e8 20 44 03 c2 49 c1 e0 


Stack slot to memory mapping:
stack at sp + 0 slots: 0x0000000000000020 is an unknown value
stack at sp + 1 slots: 0x00000168b499e000 points into unknown readable memory: 0x2f6e757300000002 | 02 00 00 00 73 75 6e 2f
stack at sp + 2 slots: 0x00000065a42fef48 points into unknown readable memory: 0x000001689ccad890 | 90 d8 ca 9c 68 01 00 00
stack at sp + 3 slots: 0x0000000000000020 is an unknown value
stack at sp + 4 slots: 0x0000000000000005 is an unknown value
stack at sp + 5 slots: 0x0000000000000001 is an unknown value
stack at sp + 6 slots: 0x00000065a42fefa0 points into unknown readable memory: 0xffffffff00000008 | 08 00 00 00 ff ff ff ff
stack at sp + 7 slots: 0x00007ffaf0bd7948 jvm.dll


---------------  P R O C E S S  ---------------

Threads class SMR info:
_java_thread_list=0x00000168b653e070, length=31, elements={
0x000001689ccb18f0, 0x00000168b0b478e0, 0x00000168b30c2270, 0x00000168b0b49060,
0x00000168b0b49ce0, 0x00000168b0b4b210, 0x00000168b30eba40, 0x00000168b0b4e920,
0x00000168b31145b0, 0x00000168b3115a60, 0x00000168b30e8080, 0x00000168b30eabd0,
0x00000168b30e8550, 0x00000168b30e8a20, 0x00000168b30e9d60, 0x00000168b30e8ef0,
0x00000168b30ea700, 0x00000168b30eb570, 0x00000168b4ed9760, 0x00000168b4eddf90,
0x00000168b4eda100, 0x00000168b4eda5d0, 0x00000168b4edc2b0, 0x00000168b4ed7a80,
0x00000168b4ed7f50, 0x00000168b4edcc50, 0x00000168b4ed8dc0, 0x00000168b4edaaa0,
0x00000168b4ede930, 0x00000168b4edd120, 0x00000168b63b5090
}

Java Threads: ( => current thread )
  0x000001689ccb18f0 JavaThread "main" [_thread_blocked, id=39980, stack(0x00000065a4000000,0x00000065a4100000)]
  0x00000168b0b478e0 JavaThread "Reference Handler" daemon [_thread_blocked, id=23124, stack(0x00000065a4300000,0x00000065a4400000)]
  0x00000168b30c2270 JavaThread "Finalizer" daemon [_thread_blocked, id=31132, stack(0x00000065a4400000,0x00000065a4500000)]
  0x00000168b0b49060 JavaThread "Signal Dispatcher" daemon [_thread_blocked, id=36588, stack(0x00000065a4500000,0x00000065a4600000)]
  0x00000168b0b49ce0 JavaThread "Attach Listener" daemon [_thread_blocked, id=18772, stack(0x00000065a4600000,0x00000065a4700000)]
  0x00000168b0b4b210 JavaThread "Service Thread" daemon [_thread_blocked, id=40476, stack(0x00000065a4700000,0x00000065a4800000)]
  0x00000168b30eba40 JavaThread "Monitor Deflation Thread" daemon [_thread_blocked, id=21436, stack(0x00000065a4800000,0x00000065a4900000)]
  0x00000168b0b4e920 JavaThread "C2 CompilerThread0" daemon [_thread_blocked, id=29920, stack(0x00000065a4900000,0x00000065a4a00000)]
  0x00000168b31145b0 JavaThread "C1 CompilerThread0" daemon [_thread_blocked, id=29172, stack(0x00000065a4a00000,0x00000065a4b00000)]
  0x00000168b3115a60 JavaThread "Sweeper thread" daemon [_thread_blocked, id=10604, stack(0x00000065a4b00000,0x00000065a4c00000)]
  0x00000168b30e8080 JavaThread "Common-Cleaner" daemon [_thread_blocked, id=41572, stack(0x00000065a4c00000,0x00000065a4d00000)]
  0x00000168b30eabd0 JavaThread "Notification Thread" daemon [_thread_blocked, id=41240, stack(0x00000065a4e00000,0x00000065a4f00000)]
  0x00000168b30e8550 JavaThread "Active Thread: Equinox Container: 2922047f-3d66-42e2-92c2-f4e9266bf296" [_thread_blocked, id=10940, stack(0x00000065a5600000,0x00000065a5700000)]
  0x00000168b30e8a20 JavaThread "Framework Event Dispatcher: Equinox Container: 2922047f-3d66-42e2-92c2-f4e9266bf296" daemon [_thread_blocked, id=20660, stack(0x00000065a4d00000,0x00000065a4e00000)]
  0x00000168b30e9d60 JavaThread "Start Level: Equinox Container: 2922047f-3d66-42e2-92c2-f4e9266bf296" daemon [_thread_blocked, id=41292, stack(0x00000065a5000000,0x00000065a5100000)]
  0x00000168b30e8ef0 JavaThread "SCR Component Actor" daemon [_thread_blocked, id=26036, stack(0x00000065a5700000,0x00000065a5800000)]
  0x00000168b30ea700 JavaThread "Bundle File Closer" daemon [_thread_blocked, id=33000, stack(0x00000065a5b00000,0x00000065a5c00000)]
  0x00000168b30eb570 JavaThread "Worker-JM" [_thread_blocked, id=22972, stack(0x00000065a5c00000,0x00000065a5d00000)]
  0x00000168b4ed9760 JavaThread "Worker-1" [_thread_blocked, id=34064, stack(0x00000065a6000000,0x00000065a6100000)]
  0x00000168b4eddf90 JavaThread "Worker-2" [_thread_blocked, id=40720, stack(0x00000065a5d00000,0x00000065a5e00000)]
  0x00000168b4eda100 JavaThread "Java indexing" daemon [_thread_blocked, id=5036, stack(0x00000065a5e00000,0x00000065a5f00000)]
  0x00000168b4eda5d0 JavaThread "pool-1-thread-1" [_thread_in_native, id=23060, stack(0x00000065a6500000,0x00000065a6600000)]
  0x00000168b4edc2b0 JavaThread "Worker-3" [_thread_blocked, id=33148, stack(0x00000065a6600000,0x00000065a6700000)]
  0x00000168b4ed7a80 JavaThread "ForkJoinPool.commonPool-worker-1" daemon [_thread_blocked, id=19328, stack(0x00000065a6900000,0x00000065a6a00000)]
  0x00000168b4ed7f50 JavaThread "ForkJoinPool.commonPool-worker-2" daemon [_thread_blocked, id=39648, stack(0x00000065a6a00000,0x00000065a6b00000)]
  0x00000168b4edcc50 JavaThread "ForkJoinPool.commonPool-worker-3" daemon [_thread_blocked, id=42156, stack(0x00000065a6b00000,0x00000065a6c00000)]
  0x00000168b4ed8dc0 JavaThread "ForkJoinPool.commonPool-worker-4" daemon [_thread_blocked, id=2764, stack(0x00000065a6c00000,0x00000065a6d00000)]
  0x00000168b4edaaa0 JavaThread "ForkJoinPool.commonPool-worker-5" daemon [_thread_blocked, id=38164, stack(0x00000065a6d00000,0x00000065a6e00000)]
  0x00000168b4ede930 JavaThread "ForkJoinPool.commonPool-worker-6" daemon [_thread_blocked, id=33040, stack(0x00000065a6800000,0x00000065a6900000)]
  0x00000168b4edd120 JavaThread "ForkJoinPool.commonPool-worker-7" daemon [_thread_blocked, id=32584, stack(0x00000065a6e00000,0x00000065a6f00000)]
  0x00000168b63b5090 JavaThread "pool-7-thread-1" [_thread_blocked, id=18476, stack(0x00000065a3d00000,0x00000065a3e00000)]

Other Threads:
  0x00000168b0b40960 VMThread "VM Thread" [stack: 0x00000065a4200000,0x00000065a4300000] [id=4548]
  0x00000168b33f9800 WatcherThread [stack: 0x00000065a4f00000,0x00000065a5000000] [id=3300]
  0x000001689ccc6890 GCTaskThread "GC Thread#0" [stack: 0x00000065a4100000,0x00000065a4200000] [id=14556]
  0x00000168b3c11610 GCTaskThread "GC Thread#1" [stack: 0x00000065a5100000,0x00000065a5200000] [id=18332]
  0x00000168b3cd2480 GCTaskThread "GC Thread#2" [stack: 0x00000065a5200000,0x00000065a5300000] [id=15420]
  0x00000168b3cd2730 GCTaskThread "GC Thread#3" [stack: 0x00000065a5300000,0x00000065a5400000] [id=27916]
  0x00000168b36905c0 GCTaskThread "GC Thread#4" [stack: 0x00000065a5400000,0x00000065a5500000] [id=20188]
  0x00000168b3690870 GCTaskThread "GC Thread#5" [stack: 0x00000065a5500000,0x00000065a5600000] [id=12660]
=>0x00000168b48b1180 GCTaskThread "GC Thread#6" [stack: 0x00000065a5800000,0x00000065a5900000] [id=11216]
  0x00000168b48b0ed0 GCTaskThread "GC Thread#7" [stack: 0x00000065a5900000,0x00000065a5a00000] [id=31476]

Threads with active compile tasks:
C2 CompilerThread0   223130 17333   !   4       org.eclipse.jdt.core.search.SearchPattern::findIndexMatches (235 bytes)

VM state: at safepoint (normal execution)

VM Mutex/Monitor currently owned by a thread:  ([mutex/lock_event])
[0x000001689ccab6b0] Threads_lock - owner thread: 0x00000168b0b40960
[0x000001689ccaca60] Heap_lock - owner thread: 0x00000168b4ede930

Heap address: 0x00000000c0000000, size: 1024 MB, Compressed Oops mode: 32-bit

CDS archive(s) not mapped
Compressed class space mapped at: 0x0000000100000000-0x0000000140000000, reserved size: 1073741824
Narrow klass base: 0x0000000000000000, Narrow klass shift: 3, Narrow klass range: 0x140000000

GC Precious Log:
 CPUs: 8 total, 8 available
 Memory: 16317M
 Large Page Support: Disabled
 NUMA Support: Disabled
 Compressed Oops: Enabled (32-bit)
 Alignments: Space 512K, Generation 512K, Heap 2M
 Heap Min Capacity: 100M
 Heap Initial Capacity: 100M
 Heap Max Capacity: 1G
 Pre-touch: Disabled
 Parallel Workers: 8

Heap:
 PSYoungGen      total 3072K, used 2592K [0x00000000eab00000, 0x00000000eaf80000, 0x0000000100000000)
  eden space 1536K, 100% used [0x00000000eab00000,0x00000000eac80000,0x00000000eac80000)
  from space 1536K, 68% used [0x00000000eae00000,0x00000000eaf08000,0x00000000eaf80000)
  to   space 1536K, 97% used [0x00000000eac80000,0x00000000eadf8000,0x00000000eae00000)
 ParOldGen       total 159744K, used 150074K [0x00000000c0000000, 0x00000000c9c00000, 0x00000000eab00000)
  object space 159744K, 93% used [0x00000000c0000000,0x00000000c928e940,0x00000000c9c00000)
 Metaspace       used 83826K, committed 85056K, reserved 1130496K
  class space    used 8672K, committed 9216K, reserved 1048576K

Card table byte_map: [0x000001689c690000,0x000001689c8a0000] _byte_map_base: 0x000001689c090000

Marking Bits: (ParMarkBitMap*) 0x00007ffaf10a2cc0
 Begin Bits: [0x00000168ae950000, 0x00000168af950000)
 End Bits:   [0x00000168af950000, 0x00000168b0950000)

Polling page: 0x000001689ac90000

Metaspace:

Usage:
  Non-class:     73.39 MB used.
      Class:      8.47 MB used.
       Both:     81.86 MB used.

Virtual space:
  Non-class space:       80.00 MB reserved,      74.06 MB ( 93%) committed,  10 nodes.
      Class space:        1.00 GB reserved,       9.00 MB ( <1%) committed,  1 nodes.
             Both:        1.08 GB reserved,      83.06 MB (  8%) committed. 

Chunk freelists:
   Non-Class:  1.95 MB
       Class:  3.03 MB
        Both:  4.99 MB

MaxMetaspaceSize: unlimited
CompressedClassSpaceSize: 1.00 GB
Initial GC threshold: 21.00 MB
Current GC threshold: 138.25 MB
CDS: off
MetaspaceReclaimPolicy: balanced
 - commit_granule_bytes: 65536.
 - commit_granule_words: 8192.
 - virtual_space_node_default_size: 1048576.
 - enlarge_chunks_in_place: 1.
 - new_chunks_are_fully_committed: 0.
 - uncommit_free_chunks: 1.
 - use_allocation_guard: 0.
 - handle_deallocations: 1.


Internal statistics:

num_allocs_failed_limit: 9.
num_arena_births: 922.
num_arena_deaths: 34.
num_vsnodes_births: 11.
num_vsnodes_deaths: 0.
num_space_committed: 1329.
num_space_uncommitted: 0.
num_chunks_returned_to_freelist: 51.
num_chunks_taken_from_freelist: 4278.
num_chunk_merges: 19.
num_chunk_splits: 2681.
num_chunks_enlarged: 1574.
num_purges: 6.
num_inconsistent_stats: 0.

CodeHeap 'non-profiled nmethods': size=120000Kb used=12279Kb max_used=12729Kb free=107720Kb
 bounds [0x00000168a7420000, 0x00000168a8090000, 0x00000168ae950000]
CodeHeap 'profiled nmethods': size=120000Kb used=29088Kb max_used=29088Kb free=90911Kb
 bounds [0x000001689fef0000, 0x00000168a1b60000, 0x00000168a7420000]
CodeHeap 'non-nmethods': size=5760Kb used=1424Kb max_used=1555Kb free=4336Kb
 bounds [0x000001689f950000, 0x000001689fbc0000, 0x000001689fef0000]
 total_blobs=14147 nmethods=13366 adapters=690
 compilation: enabled
              stopped_count=0, restarted_count=0
 full_count=0

Compilation events (20 events):
Event: 223.081 Thread 0x00000168b31145b0 nmethod 17323 0x00000168a1b56510 code [0x00000168a1b566c0, 0x00000168a1b56938]
Event: 223.081 Thread 0x00000168b31145b0 17326       3       org.eclipse.jdt.internal.codeassist.impl.AssistParser::topKnownElementKind (43 bytes)
Event: 223.081 Thread 0x00000168b31145b0 nmethod 17326 0x00000168a1b56a90 code [0x00000168a1b56c40, 0x00000168a1b56ef8]
Event: 223.081 Thread 0x00000168b31145b0 17325       3       org.eclipse.jdt.internal.codeassist.impl.AssistParser::topKnownElementKind (7 bytes)
Event: 223.081 Thread 0x00000168b31145b0 nmethod 17325 0x00000168a1b57010 code [0x00000168a1b571a0, 0x00000168a1b57368]
Event: 223.081 Thread 0x00000168b31145b0 17324       3       org.eclipse.jdt.internal.codeassist.impl.AssistParser::recoveryExitFromVariable (59 bytes)
Event: 223.081 Thread 0x00000168b31145b0 nmethod 17324 0x00000168a1b57410 code [0x00000168a1b575e0, 0x00000168a1b57b08]
Event: 223.082 Thread 0x00000168b0b4e920 17327       4       org.eclipse.jdt.internal.core.search.JavaSearchScope::addEnclosingProjectOrJar (64 bytes)
Event: 223.083 Thread 0x00000168b31145b0 17328       3       java.util.concurrent.ForkJoinPool$WorkQueue::getAndClearSlot (10 bytes)
Event: 223.085 Thread 0x00000168b31145b0 nmethod 17328 0x00000168a1b57c10 code [0x00000168a1b57ee0, 0x00000168a1b58e88]
Event: 223.085 Thread 0x00000168b31145b0 17329       3       java.lang.invoke.VarHandleGuards::guard_LIL_L (98 bytes)
Event: 223.086 Thread 0x00000168b31145b0 nmethod 17329 0x00000168a1b59490 code [0x00000168a1b59800, 0x00000168a1b5b668]
Event: 223.086 Thread 0x00000168b31145b0 17330       3       java.lang.invoke.VarHandleReferences$Array::getAndSet (61 bytes)
Event: 223.087 Thread 0x00000168b31145b0 nmethod 17330 0x00000168a1b5bf90 code [0x00000168a1b5c240, 0x00000168a1b5d028]
Event: 223.087 Thread 0x00000168b31145b0 17332       3       org.eclipse.jdt.internal.core.search.matching.TypeDeclarationPattern::getIndexCategories (4 bytes)
Event: 223.087 Thread 0x00000168b31145b0 nmethod 17332 0x00000168a1b5d690 code [0x00000168a1b5d820, 0x00000168a1b5d938]
Event: 223.087 Thread 0x00000168b31145b0 17331       3       org.eclipse.jdt.internal.core.search.matching.TypeDeclarationPattern::queryIn (305 bytes)
Event: 223.087 Thread 0x00000168b31145b0 nmethod 17331 0x00000168a1b5da10 code [0x00000168a1b5dc20, 0x00000168a1b5e408]
Event: 223.088 Thread 0x00000168b0b4e920 nmethod 17327 0x00000168a7d0d310 code [0x00000168a7d0d4e0, 0x00000168a7d0deb8]
Event: 223.089 Thread 0x00000168b0b4e920 17333   !   4       org.eclipse.jdt.core.search.SearchPattern::findIndexMatches (235 bytes)

GC Heap History (20 events):
Event: 222.773 GC heap after
{Heap after GC invocations=648 (full 16):
 PSYoungGen      total 3584K, used 409K [0x00000000eab00000, 0x00000000eb000000, 0x0000000100000000)
  eden space 3072K, 0% used [0x00000000eab00000,0x00000000eab00000,0x00000000eae00000)
  from space 512K, 79% used [0x00000000eae00000,0x00000000eae66410,0x00000000eae80000)
  to   space 1024K, 0% used [0x00000000eaf00000,0x00000000eaf00000,0x00000000eb000000)
 ParOldGen       total 159744K, used 141601K [0x00000000c0000000, 0x00000000c9c00000, 0x00000000eab00000)
  object space 159744K, 88% used [0x00000000c0000000,0x00000000c8a486f8,0x00000000c9c00000)
 Metaspace       used 83805K, committed 85056K, reserved 1130496K
  class space    used 8672K, committed 9216K, reserved 1048576K
}
Event: 222.780 GC heap before
{Heap before GC invocations=649 (full 16):
 PSYoungGen      total 3584K, used 3481K [0x00000000eab00000, 0x00000000eb000000, 0x0000000100000000)
  eden space 3072K, 100% used [0x00000000eab00000,0x00000000eae00000,0x00000000eae00000)
  from space 512K, 79% used [0x00000000eae00000,0x00000000eae66410,0x00000000eae80000)
  to   space 1024K, 0% used [0x00000000eaf00000,0x00000000eaf00000,0x00000000eb000000)
 ParOldGen       total 159744K, used 141601K [0x00000000c0000000, 0x00000000c9c00000, 0x00000000eab00000)
  object space 159744K, 88% used [0x00000000c0000000,0x00000000c8a486f8,0x00000000c9c00000)
 Metaspace       used 83805K, committed 85056K, reserved 1130496K
  class space    used 8672K, committed 9216K, reserved 1048576K
}
Event: 222.781 GC heap after
{Heap after GC invocations=649 (full 16):
 PSYoungGen      total 3584K, used 992K [0x00000000eab00000, 0x00000000eb100000, 0x0000000100000000)
  eden space 2560K, 0% used [0x00000000eab00000,0x00000000eab00000,0x00000000ead80000)
  from space 1024K, 96% used [0x00000000eaf00000,0x00000000eaff8000,0x00000000eb000000)
  to   space 1536K, 0% used [0x00000000ead80000,0x00000000ead80000,0x00000000eaf00000)
 ParOldGen       total 159744K, used 141858K [0x00000000c0000000, 0x00000000c9c00000, 0x00000000eab00000)
  object space 159744K, 88% used [0x00000000c0000000,0x00000000c8a88b18,0x00000000c9c00000)
 Metaspace       used 83805K, committed 85056K, reserved 1130496K
  class space    used 8672K, committed 9216K, reserved 1048576K
}
Event: 222.789 GC heap before
{Heap before GC invocations=650 (full 16):
 PSYoungGen      total 3584K, used 3552K [0x00000000eab00000, 0x00000000eb100000, 0x0000000100000000)
  eden space 2560K, 100% used [0x00000000eab00000,0x00000000ead80000,0x00000000ead80000)
  from space 1024K, 96% used [0x00000000eaf00000,0x00000000eaff8000,0x00000000eb000000)
  to   space 1536K, 0% used [0x00000000ead80000,0x00000000ead80000,0x00000000eaf00000)
 ParOldGen       total 159744K, used 141858K [0x00000000c0000000, 0x00000000c9c00000, 0x00000000eab00000)
  object space 159744K, 88% used [0x00000000c0000000,0x00000000c8a88b18,0x00000000c9c00000)
 Metaspace       used 83808K, committed 85056K, reserved 1130496K
  class space    used 8672K, committed 9216K, reserved 1048576K
}
Event: 222.790 GC heap after
{Heap after GC invocations=650 (full 16):
 PSYoungGen      total 3584K, used 841K [0x00000000eab00000, 0x00000000eaf80000, 0x0000000100000000)
  eden space 2560K, 0% used [0x00000000eab00000,0x00000000eab00000,0x00000000ead80000)
  from space 1024K, 82% used [0x00000000ead80000,0x00000000eae52400,0x00000000eae80000)
  to   space 1024K, 0% used [0x00000000eae80000,0x00000000eae80000,0x00000000eaf80000)
 ParOldGen       total 159744K, used 142760K [0x00000000c0000000, 0x00000000c9c00000, 0x00000000eab00000)
  object space 159744K, 89% used [0x00000000c0000000,0x00000000c8b6a298,0x00000000c9c00000)
 Metaspace       used 83808K, committed 85056K, reserved 1130496K
  class space    used 8672K, committed 9216K, reserved 1048576K
}
Event: 222.797 GC heap before
{Heap before GC invocations=651 (full 16):
 PSYoungGen      total 3584K, used 3401K [0x00000000eab00000, 0x00000000eaf80000, 0x0000000100000000)
  eden space 2560K, 100% used [0x00000000eab00000,0x00000000ead80000,0x00000000ead80000)
  from space 1024K, 82% used [0x00000000ead80000,0x00000000eae52400,0x00000000eae80000)
  to   space 1024K, 0% used [0x00000000eae80000,0x00000000eae80000,0x00000000eaf80000)
 ParOldGen       total 159744K, used 142760K [0x00000000c0000000, 0x00000000c9c00000, 0x00000000eab00000)
  object space 159744K, 89% used [0x00000000c0000000,0x00000000c8b6a298,0x00000000c9c00000)
 Metaspace       used 83819K, committed 85056K, reserved 1130496K
  class space    used 8672K, committed 9216K, reserved 1048576K
}
Event: 222.797 GC heap after
{Heap after GC invocations=651 (full 16):
 PSYoungGen      total 3584K, used 713K [0x00000000eab00000, 0x00000000eaf80000, 0x0000000100000000)
  eden space 2560K, 0% used [0x00000000eab00000,0x00000000eab00000,0x00000000ead80000)
  from space 1024K, 69% used [0x00000000eae80000,0x00000000eaf32400,0x00000000eaf80000)
  to   space 1024K, 0% used [0x00000000ead80000,0x00000000ead80000,0x00000000eae80000)
 ParOldGen       total 159744K, used 143489K [0x00000000c0000000, 0x00000000c9c00000, 0x00000000eab00000)
  object space 159744K, 89% used [0x00000000c0000000,0x00000000c8c206b8,0x00000000c9c00000)
 Metaspace       used 83819K, committed 85056K, reserved 1130496K
  class space    used 8672K, committed 9216K, reserved 1048576K
}
Event: 222.802 GC heap before
{Heap before GC invocations=652 (full 16):
 PSYoungGen      total 3584K, used 3273K [0x00000000eab00000, 0x00000000eaf80000, 0x0000000100000000)
  eden space 2560K, 100% used [0x00000000eab00000,0x00000000ead80000,0x00000000ead80000)
  from space 1024K, 69% used [0x00000000eae80000,0x00000000eaf32400,0x00000000eaf80000)
  to   space 1024K, 0% used [0x00000000ead80000,0x00000000ead80000,0x00000000eae80000)
 ParOldGen       total 159744K, used 143489K [0x00000000c0000000, 0x00000000c9c00000, 0x00000000eab00000)
  object space 159744K, 89% used [0x00000000c0000000,0x00000000c8c206b8,0x00000000c9c00000)
 Metaspace       used 83819K, committed 85056K, reserved 1130496K
  class space    used 8672K, committed 9216K, reserved 1048576K
}
Event: 222.803 GC heap after
{Heap after GC invocations=652 (full 16):
 PSYoungGen      total 3584K, used 816K [0x00000000eab00000, 0x00000000eaf80000, 0x0000000100000000)
  eden space 2560K, 0% used [0x00000000eab00000,0x00000000eab00000,0x00000000ead80000)
  from space 1024K, 79% used [0x00000000ead80000,0x00000000eae4c010,0x00000000eae80000)
  to   space 1024K, 0% used [0x00000000eae80000,0x00000000eae80000,0x00000000eaf80000)
 ParOldGen       total 159744K, used 144144K [0x00000000c0000000, 0x00000000c9c00000, 0x00000000eab00000)
  object space 159744K, 90% used [0x00000000c0000000,0x00000000c8cc4238,0x00000000c9c00000)
 Metaspace       used 83819K, committed 85056K, reserved 1130496K
  class space    used 8672K, committed 9216K, reserved 1048576K
}
Event: 222.913 GC heap before
{Heap before GC invocations=653 (full 16):
 PSYoungGen      total 3584K, used 3376K [0x00000000eab00000, 0x00000000eaf80000, 0x0000000100000000)
  eden space 2560K, 100% used [0x00000000eab00000,0x00000000ead80000,0x00000000ead80000)
  from space 1024K, 79% used [0x00000000ead80000,0x00000000eae4c010,0x00000000eae80000)
  to   space 1024K, 0% used [0x00000000eae80000,0x00000000eae80000,0x00000000eaf80000)
 ParOldGen       total 159744K, used 144144K [0x00000000c0000000, 0x00000000c9c00000, 0x00000000eab00000)
  object space 159744K, 90% used [0x00000000c0000000,0x00000000c8cc4238,0x00000000c9c00000)
 Metaspace       used 83823K, committed 85056K, reserved 1130496K
  class space    used 8672K, committed 9216K, reserved 1048576K
}
Event: 222.914 GC heap after
{Heap after GC invocations=653 (full 16):
 PSYoungGen      total 3584K, used 985K [0x00000000eab00000, 0x00000000eaf80000, 0x0000000100000000)
  eden space 2560K, 0% used [0x00000000eab00000,0x00000000eab00000,0x00000000ead80000)
  from space 1024K, 96% used [0x00000000eae80000,0x00000000eaf76410,0x00000000eaf80000)
  to   space 1024K, 0% used [0x00000000ead80000,0x00000000ead80000,0x00000000eae80000)
 ParOldGen       total 159744K, used 144936K [0x00000000c0000000, 0x00000000c9c00000, 0x00000000eab00000)
  object space 159744K, 90% used [0x00000000c0000000,0x00000000c8d8a258,0x00000000c9c00000)
 Metaspace       used 83823K, committed 85056K, reserved 1130496K
  class space    used 8672K, committed 9216K, reserved 1048576K
}
Event: 223.083 GC heap before
{Heap before GC invocations=654 (full 16):
 PSYoungGen      total 3584K, used 3545K [0x00000000eab00000, 0x00000000eaf80000, 0x0000000100000000)
  eden space 2560K, 99% used [0x00000000eab00000,0x00000000ead7fff0,0x00000000ead80000)
  from space 1024K, 96% used [0x00000000eae80000,0x00000000eaf76410,0x00000000eaf80000)
  to   space 1024K, 0% used [0x00000000ead80000,0x00000000ead80000,0x00000000eae80000)
 ParOldGen       total 159744K, used 144936K [0x00000000c0000000, 0x00000000c9c00000, 0x00000000eab00000)
  object space 159744K, 90% used [0x00000000c0000000,0x00000000c8d8a258,0x00000000c9c00000)
 Metaspace       used 83824K, committed 85056K, reserved 1130496K
  class space    used 8672K, committed 9216K, reserved 1048576K
}
Event: 223.084 GC heap after
{Heap after GC invocations=654 (full 16):
 PSYoungGen      total 3584K, used 666K [0x00000000eab00000, 0x00000000eaf80000, 0x0000000100000000)
  eden space 2560K, 0% used [0x00000000eab00000,0x00000000eab00000,0x00000000ead80000)
  from space 1024K, 65% used [0x00000000ead80000,0x00000000eae26900,0x00000000eae80000)
  to   space 1024K, 0% used [0x00000000eae80000,0x00000000eae80000,0x00000000eaf80000)
 ParOldGen       total 159744K, used 145820K [0x00000000c0000000, 0x00000000c9c00000, 0x00000000eab00000)
  object space 159744K, 91% used [0x00000000c0000000,0x00000000c8e67010,0x00000000c9c00000)
 Metaspace       used 83824K, committed 85056K, reserved 1130496K
  class space    used 8672K, committed 9216K, reserved 1048576K
}
Event: 223.085 GC heap before
{Heap before GC invocations=655 (full 16):
 PSYoungGen      total 3584K, used 3226K [0x00000000eab00000, 0x00000000eaf80000, 0x0000000100000000)
  eden space 2560K, 100% used [0x00000000eab00000,0x00000000ead80000,0x00000000ead80000)
  from space 1024K, 65% used [0x00000000ead80000,0x00000000eae26900,0x00000000eae80000)
  to   space 1024K, 0% used [0x00000000eae80000,0x00000000eae80000,0x00000000eaf80000)
 ParOldGen       total 159744K, used 145820K [0x00000000c0000000, 0x00000000c9c00000, 0x00000000eab00000)
  object space 159744K, 91% used [0x00000000c0000000,0x00000000c8e67010,0x00000000c9c00000)
 Metaspace       used 83824K, committed 85056K, reserved 1130496K
  class space    used 8672K, committed 9216K, reserved 1048576K
}
Event: 223.086 GC heap after
{Heap after GC invocations=655 (full 16):
 PSYoungGen      total 2048K, used 1009K [0x00000000eab00000, 0x00000000eb280000, 0x0000000100000000)
  eden space 1024K, 0% used [0x00000000eab00000,0x00000000eab00000,0x00000000eac00000)
  from space 1024K, 98% used [0x00000000eae80000,0x00000000eaf7c730,0x00000000eaf80000)
  to   space 2560K, 0% used [0x00000000eac00000,0x00000000eac00000,0x00000000eae80000)
 ParOldGen       total 159744K, used 147048K [0x00000000c0000000, 0x00000000c9c00000, 0x00000000eab00000)
  object space 159744K, 92% used [0x00000000c0000000,0x00000000c8f9a210,0x00000000c9c00000)
 Metaspace       used 83824K, committed 85056K, reserved 1130496K
  class space    used 8672K, committed 9216K, reserved 1048576K
}
Event: 223.087 GC heap before
{Heap before GC invocations=656 (full 16):
 PSYoungGen      total 2048K, used 2033K [0x00000000eab00000, 0x00000000eb280000, 0x0000000100000000)
  eden space 1024K, 100% used [0x00000000eab00000,0x00000000eac00000,0x00000000eac00000)
  from space 1024K, 98% used [0x00000000eae80000,0x00000000eaf7c730,0x00000000eaf80000)
  to   space 2560K, 0% used [0x00000000eac00000,0x00000000eac00000,0x00000000eae80000)
 ParOldGen       total 159744K, used 147048K [0x00000000c0000000, 0x00000000c9c00000, 0x00000000eab00000)
  object space 159744K, 92% used [0x00000000c0000000,0x00000000c8f9a210,0x00000000c9c00000)
 Metaspace       used 83826K, committed 85056K, reserved 1130496K
  class space    used 8672K, committed 9216K, reserved 1048576K
}
Event: 223.088 GC heap after
{Heap after GC invocations=656 (full 16):
 PSYoungGen      total 2560K, used 1088K [0x00000000eab00000, 0x00000000eaf80000, 0x0000000100000000)
  eden space 1024K, 0% used [0x00000000eab00000,0x00000000eab00000,0x00000000eac00000)
  from space 1536K, 70% used [0x00000000eac00000,0x00000000ead10000,0x00000000ead80000)
  to   space 1536K, 0% used [0x00000000eae00000,0x00000000eae00000,0x00000000eaf80000)
 ParOldGen       total 159744K, used 148082K [0x00000000c0000000, 0x00000000c9c00000, 0x00000000eab00000)
  object space 159744K, 92% used [0x00000000c0000000,0x00000000c909c940,0x00000000c9c00000)
 Metaspace       used 83826K, committed 85056K, reserved 1130496K
  class space    used 8672K, committed 9216K, reserved 1048576K
}
Event: 223.090 GC heap before
{Heap before GC invocations=657 (full 16):
 PSYoungGen      total 2560K, used 2112K [0x00000000eab00000, 0x00000000eaf80000, 0x0000000100000000)
  eden space 1024K, 100% used [0x00000000eab00000,0x00000000eac00000,0x00000000eac00000)
  from space 1536K, 70% used [0x00000000eac00000,0x00000000ead10000,0x00000000ead80000)
  to   space 1536K, 0% used [0x00000000eae00000,0x00000000eae00000,0x00000000eaf80000)
 ParOldGen       total 159744K, used 148082K [0x00000000c0000000, 0x00000000c9c00000, 0x00000000eab00000)
  object space 159744K, 92% used [0x00000000c0000000,0x00000000c909c940,0x00000000c9c00000)
 Metaspace       used 83826K, committed 85056K, reserved 1130496K
  class space    used 8672K, committed 9216K, reserved 1048576K
}
Event: 223.091 GC heap after
{Heap after GC invocations=657 (full 16):
 PSYoungGen      total 3072K, used 1056K [0x00000000eab00000, 0x00000000eaf80000, 0x0000000100000000)
  eden space 1536K, 0% used [0x00000000eab00000,0x00000000eab00000,0x00000000eac80000)
  from space 1536K, 68% used [0x00000000eae00000,0x00000000eaf08000,0x00000000eaf80000)
  to   space 1536K, 0% used [0x00000000eac80000,0x00000000eac80000,0x00000000eae00000)
 ParOldGen       total 159744K, used 149074K [0x00000000c0000000, 0x00000000c9c00000, 0x00000000eab00000)
  object space 159744K, 93% used [0x00000000c0000000,0x00000000c9194940,0x00000000c9c00000)
 Metaspace       used 83826K, committed 85056K, reserved 1130496K
  class space    used 8672K, committed 9216K, reserved 1048576K
}
Event: 223.094 GC heap before
{Heap before GC invocations=658 (full 16):
 PSYoungGen      total 3072K, used 2592K [0x00000000eab00000, 0x00000000eaf80000, 0x0000000100000000)
  eden space 1536K, 100% used [0x00000000eab00000,0x00000000eac80000,0x00000000eac80000)
  from space 1536K, 68% used [0x00000000eae00000,0x00000000eaf08000,0x00000000eaf80000)
  to   space 1536K, 0% used [0x00000000eac80000,0x00000000eac80000,0x00000000eae00000)
 ParOldGen       total 159744K, used 149074K [0x00000000c0000000, 0x00000000c9c00000, 0x00000000eab00000)
  object space 159744K, 93% used [0x00000000c0000000,0x00000000c9194940,0x00000000c9c00000)
 Metaspace       used 83826K, committed 85056K, reserved 1130496K
  class space    used 8672K, committed 9216K, reserved 1048576K
}

Deoptimization events (20 events):
Event: 221.029 Thread 0x00000168b4edc2b0 DEOPT PACKING pc=0x00000168a7d45028 sp=0x00000065a66fea10
Event: 221.029 Thread 0x00000168b4edc2b0 DEOPT UNPACKING pc=0x000001689f9a20a3 sp=0x00000065a66fe970 mode 2
Event: 221.030 Thread 0x00000168b4ed7f50 DEOPT PACKING pc=0x00000168a051dff7 sp=0x00000065a6afebe0
Event: 221.030 Thread 0x00000168b4ed7f50 DEOPT UNPACKING pc=0x000001689f9a2843 sp=0x00000065a6afe0e0 mode 0
Event: 221.098 Thread 0x00000168b4edaaa0 Uncommon trap: trap_request=0xffffffde fr.pc=0x00000168a7cf56a8 relative=0x00000000000064e8
Event: 221.098 Thread 0x00000168b4edaaa0 Uncommon trap: reason=class_check action=maybe_recompile pc=0x00000168a7cf56a8 method=org.eclipse.jdt.internal.core.NameLookup.seekPackageFragments(Ljava/lang/String;ZLorg/eclipse/jdt/internal/core/IJavaElementRequestor;)V @ 207 c2
Event: 221.098 Thread 0x00000168b4edaaa0 DEOPT PACKING pc=0x00000168a7cf56a8 sp=0x00000065a6dfe1c0
Event: 221.098 Thread 0x00000168b4edaaa0 DEOPT UNPACKING pc=0x000001689f9a20a3 sp=0x00000065a6dfe198 mode 2
Event: 221.281 Thread 0x00000168b4edaaa0 Uncommon trap: trap_request=0xffffff45 fr.pc=0x00000168a7e3637c relative=0x0000000000000c5c
Event: 221.281 Thread 0x00000168b4edaaa0 Uncommon trap: reason=unstable_if action=reinterpret pc=0x00000168a7e3637c method=org.eclipse.jdt.internal.core.NameLookup.seekTypesInWorkingCopies(Ljava/lang/String;Lorg/eclipse/jdt/core/IPackageFragment;IZLjava/lang/String;ILorg/eclipse/jdt/internal/cor
Event: 221.281 Thread 0x00000168b4edaaa0 DEOPT PACKING pc=0x00000168a7e3637c sp=0x00000065a6dfe3a0
Event: 221.281 Thread 0x00000168b4edaaa0 DEOPT UNPACKING pc=0x000001689f9a20a3 sp=0x00000065a6dfe308 mode 2
Event: 221.281 Thread 0x00000168b4edaaa0 Uncommon trap: trap_request=0xffffff45 fr.pc=0x00000168a7fcadbc relative=0x0000000000001c7c
Event: 221.281 Thread 0x00000168b4edaaa0 Uncommon trap: reason=unstable_if action=reinterpret pc=0x00000168a7fcadbc method=org.eclipse.jdt.internal.core.NameLookup.findType(Ljava/lang/String;Ljava/lang/String;ZIZZZLorg/eclipse/core/runtime/IProgressMonitor;[Lorg/eclipse/jdt/core/IPackageFragment
Event: 221.281 Thread 0x00000168b4edaaa0 DEOPT PACKING pc=0x00000168a7fcadbc sp=0x00000065a6dfe480
Event: 221.281 Thread 0x00000168b4edaaa0 DEOPT UNPACKING pc=0x000001689f9a20a3 sp=0x00000065a6dfe440 mode 2
Event: 223.082 Thread 0x00000168b4edaaa0 DEOPT PACKING pc=0x00000168a14558e9 sp=0x00000065a6dfde10
Event: 223.082 Thread 0x00000168b4edaaa0 DEOPT UNPACKING pc=0x000001689f9a2843 sp=0x00000065a6dfd2c8 mode 0
Event: 223.085 Thread 0x00000168b4edd120 DEOPT PACKING pc=0x00000168a05a19b2 sp=0x00000065a6efebd0
Event: 223.085 Thread 0x00000168b4edd120 DEOPT UNPACKING pc=0x000001689f9a2843 sp=0x00000065a6efe0c0 mode 0

Classes unloaded (17 events):
Event: 3.484 Thread 0x00000168b0b40960 Unloading class 0x0000000100218800 'java/lang/invoke/LambdaForm$MH+0x0000000100218800'
Event: 3.484 Thread 0x00000168b0b40960 Unloading class 0x0000000100218400 'java/lang/invoke/LambdaForm$MH+0x0000000100218400'
Event: 3.484 Thread 0x00000168b0b40960 Unloading class 0x0000000100218000 'java/lang/invoke/LambdaForm$MH+0x0000000100218000'
Event: 3.484 Thread 0x00000168b0b40960 Unloading class 0x0000000100217c00 'java/lang/invoke/LambdaForm$MH+0x0000000100217c00'
Event: 3.484 Thread 0x00000168b0b40960 Unloading class 0x0000000100217400 'java/lang/invoke/LambdaForm$BMH+0x0000000100217400'
Event: 3.484 Thread 0x00000168b0b40960 Unloading class 0x0000000100217000 'java/lang/invoke/LambdaForm$DMH+0x0000000100217000'
Event: 3.484 Thread 0x00000168b0b40960 Unloading class 0x0000000100214400 'java/lang/invoke/LambdaForm$DMH+0x0000000100214400'
Event: 14.493 Thread 0x00000168b0b40960 Unloading class 0x00000001006dc000 'java/lang/invoke/LambdaForm$DMH+0x00000001006dc000'
Event: 14.493 Thread 0x00000168b0b40960 Unloading class 0x00000001006c9000 'java/lang/invoke/LambdaForm$DMH+0x00000001006c9000'
Event: 14.493 Thread 0x00000168b0b40960 Unloading class 0x00000001006c8c00 'java/lang/invoke/LambdaForm$DMH+0x00000001006c8c00'
Event: 25.874 Thread 0x00000168b0b40960 Unloading class 0x0000000100799c00 'java/lang/invoke/LambdaForm$DMH+0x0000000100799c00'
Event: 25.874 Thread 0x00000168b0b40960 Unloading class 0x0000000100799800 'java/lang/invoke/LambdaForm$DMH+0x0000000100799800'
Event: 25.874 Thread 0x00000168b0b40960 Unloading class 0x0000000100799400 'java/lang/invoke/LambdaForm$DMH+0x0000000100799400'
Event: 25.874 Thread 0x00000168b0b40960 Unloading class 0x0000000100799000 'java/lang/invoke/LambdaForm$DMH+0x0000000100799000'
Event: 25.874 Thread 0x00000168b0b40960 Unloading class 0x0000000100798400 'java/lang/invoke/LambdaForm$DMH+0x0000000100798400'
Event: 25.874 Thread 0x00000168b0b40960 Unloading class 0x0000000100798000 'java/lang/invoke/LambdaForm$DMH+0x0000000100798000'
Event: 25.874 Thread 0x00000168b0b40960 Unloading class 0x0000000100798c00 'java/lang/invoke/LambdaForm$DMH+0x0000000100798c00'

Classes redefined (0 events):
No events

Internal exceptions (20 events):
Event: 71.894 Thread 0x00000168b4eda100 Implicit null exception at 0x00000168a7d38989 to 0x00000168a7d39a08
Event: 71.895 Thread 0x00000168b4eda100 Implicit null exception at 0x00000168a783824f to 0x00000168a7838788
Event: 72.973 Thread 0x00000168b4edaaa0 Exception <a 'java/lang/ArrayIndexOutOfBoundsException'{0x00000000eac194b8}: Index 477 out of bounds for length 477> (0x00000000eac194b8) 
thrown [s\src\hotspot\share\interpreter\interpreterRuntime.cpp, line 428]
Event: 72.973 Thread 0x00000168b4edaaa0 Exception <a 'java/lang/ArrayIndexOutOfBoundsException'{0x00000000eac198c8}: Index 477 out of bounds for length 477> (0x00000000eac198c8) 
thrown [s\src\hotspot\share\interpreter\interpreterRuntime.cpp, line 428]
Event: 72.973 Thread 0x00000168b4edaaa0 Exception <a 'java/lang/ArrayIndexOutOfBoundsException'{0x00000000eac19c88}: Index 478 out of bounds for length 477> (0x00000000eac19c88) 
thrown [s\src\hotspot\share\interpreter\interpreterRuntime.cpp, line 428]
Event: 73.107 Thread 0x00000168b4edaaa0 Implicit null exception at 0x00000168a7f01474 to 0x00000168a7f03ab8
Event: 73.331 Thread 0x00000168b30ea230 Implicit null exception at 0x00000168a7fe7386 to 0x00000168a7fe7ba0
Event: 75.449 Thread 0x00000168b8737d10 Exception <a 'java/lang/ClassNotFoundException'{0x00000000eae68858}: sun/net/www/protocol/jdt/Handler> (0x00000000eae68858) 
thrown [s\src\hotspot\share\classfile\systemDictionary.cpp, line 256]
Event: 76.430 Thread 0x00000168b8731330 Implicit null exception at 0x00000168a783f6ef to 0x00000168a78444dc
Event: 76.430 Thread 0x00000168b8731330 Implicit null exception at 0x00000168a7bec676 to 0x00000168a7bed698
Event: 77.061 Thread 0x00000168b4edaaa0 Implicit null exception at 0x00000168a7d80b61 to 0x00000168a7d847a0
Event: 220.031 Thread 0x00000168b4edaaa0 Exception <a 'java/lang/ArrayIndexOutOfBoundsException'{0x00000000eab21108}> (0x00000000eab21108) 
thrown [s\src\hotspot\share\runtime\sharedRuntime.cpp, line 628]
Event: 220.031 Thread 0x00000168b4edaaa0 Exception <a 'java/lang/ArrayIndexOutOfBoundsException'{0x00000000eab21518}> (0x00000000eab21518) 
thrown [s\src\hotspot\share\runtime\sharedRuntime.cpp, line 628]
Event: 220.031 Thread 0x00000168b4edaaa0 Exception <a 'java/lang/ArrayIndexOutOfBoundsException'{0x00000000eab218d8}> (0x00000000eab218d8) 
thrown [s\src\hotspot\share\runtime\sharedRuntime.cpp, line 628]
Event: 221.018 Thread 0x00000168b4edaaa0 Exception <a 'java/lang/ArrayIndexOutOfBoundsException'{0x00000000eacede50}> (0x00000000eacede50) 
thrown [s\src\hotspot\share\runtime\sharedRuntime.cpp, line 628]
Event: 221.018 Thread 0x00000168b4edaaa0 Exception <a 'java/lang/ArrayIndexOutOfBoundsException'{0x00000000eacee260}> (0x00000000eacee260) 
thrown [s\src\hotspot\share\runtime\sharedRuntime.cpp, line 628]
Event: 221.018 Thread 0x00000168b4edaaa0 Exception <a 'java/lang/ArrayIndexOutOfBoundsException'{0x00000000eacee620}> (0x00000000eacee620) 
thrown [s\src\hotspot\share\runtime\sharedRuntime.cpp, line 628]
Event: 223.081 Thread 0x00000168b4edaaa0 Exception <a 'java/lang/ArrayIndexOutOfBoundsException'{0x00000000eac4ce70}> (0x00000000eac4ce70) 
thrown [s\src\hotspot\share\runtime\sharedRuntime.cpp, line 628]
Event: 223.081 Thread 0x00000168b4edaaa0 Exception <a 'java/lang/ArrayIndexOutOfBoundsException'{0x00000000eac4d280}> (0x00000000eac4d280) 
thrown [s\src\hotspot\share\runtime\sharedRuntime.cpp, line 628]
Event: 223.081 Thread 0x00000168b4edaaa0 Exception <a 'java/lang/ArrayIndexOutOfBoundsException'{0x00000000eac4d640}> (0x00000000eac4d640) 
thrown [s\src\hotspot\share\runtime\sharedRuntime.cpp, line 628]

VM Operations (20 events):
Event: 222.773 Executing VM operation: ParallelGCFailedAllocation done
Event: 222.780 Executing VM operation: ParallelGCFailedAllocation
Event: 222.781 Executing VM operation: ParallelGCFailedAllocation done
Event: 222.789 Executing VM operation: ParallelGCFailedAllocation
Event: 222.790 Executing VM operation: ParallelGCFailedAllocation done
Event: 222.797 Executing VM operation: ParallelGCFailedAllocation
Event: 222.798 Executing VM operation: ParallelGCFailedAllocation done
Event: 222.802 Executing VM operation: ParallelGCFailedAllocation
Event: 222.803 Executing VM operation: ParallelGCFailedAllocation done
Event: 222.913 Executing VM operation: ParallelGCFailedAllocation
Event: 222.914 Executing VM operation: ParallelGCFailedAllocation done
Event: 223.083 Executing VM operation: ParallelGCFailedAllocation
Event: 223.084 Executing VM operation: ParallelGCFailedAllocation done
Event: 223.085 Executing VM operation: ParallelGCFailedAllocation
Event: 223.086 Executing VM operation: ParallelGCFailedAllocation done
Event: 223.087 Executing VM operation: ParallelGCFailedAllocation
Event: 223.088 Executing VM operation: ParallelGCFailedAllocation done
Event: 223.090 Executing VM operation: ParallelGCFailedAllocation
Event: 223.091 Executing VM operation: ParallelGCFailedAllocation done
Event: 223.094 Executing VM operation: ParallelGCFailedAllocation

Events (20 events):
Event: 190.723 Thread 0x00000168b3115a60 flushing nmethod 0x00000168a1987690
Event: 190.723 Thread 0x00000168b3115a60 flushing nmethod 0x00000168a19ed890
Event: 190.723 Thread 0x00000168b3115a60 flushing nmethod 0x00000168a19faf10
Event: 190.723 Thread 0x00000168b3115a60 flushing nmethod 0x00000168a1a14890
Event: 190.723 Thread 0x00000168b3115a60 flushing nmethod 0x00000168a1a2c010
Event: 190.723 Thread 0x00000168b3115a60 flushing nmethod 0x00000168a1a31a10
Event: 190.723 Thread 0x00000168b3115a60 flushing nmethod 0x00000168a1a3cf90
Event: 190.723 Thread 0x00000168b3115a60 flushing nmethod 0x00000168a1a49610
Event: 190.723 Thread 0x00000168b3115a60 flushing nmethod 0x00000168a1a4d110
Event: 190.723 Thread 0x00000168b3115a60 flushing nmethod 0x00000168a1a64d10
Event: 190.723 Thread 0x00000168b3115a60 flushing nmethod 0x00000168a1a7ab10
Event: 220.041 Thread 0x00000168c5e3dfc0 Thread added: 0x00000168c5e3dfc0
Event: 220.047 Thread 0x00000168c5e37060 Thread added: 0x00000168c5e37060
Event: 220.434 Thread 0x00000168c5e37060 Thread exited: 0x00000168c5e37060
Event: 220.434 Thread 0x00000168c5e3dfc0 Thread exited: 0x00000168c5e3dfc0
Event: 221.022 Thread 0x00000168c5e37570 Thread added: 0x00000168c5e37570
Event: 221.032 Thread 0x00000168c5e3dfc0 Thread added: 0x00000168c5e3dfc0
Event: 221.276 Thread 0x00000168c5e3dfc0 Thread exited: 0x00000168c5e3dfc0
Event: 221.277 Thread 0x00000168c5e37570 Thread exited: 0x00000168c5e37570
Event: 221.281 Thread 0x00000168b63b5090 Thread added: 0x00000168b63b5090


Dynamic libraries:
0x00007ff6a7b90000 - 0x00007ff6a7b9e000 	c:\Users\Kenny\.vscode\extensions\redhat.java-1.11.0-win32-x64\jre\17.0.4.1-win32-x86_64\bin\java.exe
0x00007ffb73490000 - 0x00007ffb73688000 	C:\WINDOWS\SYSTEM32\ntdll.dll
0x00007ffb72930000 - 0x00007ffb729ed000 	C:\WINDOWS\System32\KERNEL32.DLL
0x00007ffb70f00000 - 0x00007ffb711d2000 	C:\WINDOWS\System32\KERNELBASE.dll
0x00007ffb70e00000 - 0x00007ffb70f00000 	C:\WINDOWS\System32\ucrtbase.dll
0x00007ffb53620000 - 0x00007ffb53638000 	c:\Users\Kenny\.vscode\extensions\redhat.java-1.11.0-win32-x64\jre\17.0.4.1-win32-x86_64\bin\jli.dll
0x00007ffb53640000 - 0x00007ffb53659000 	c:\Users\Kenny\.vscode\extensions\redhat.java-1.11.0-win32-x64\jre\17.0.4.1-win32-x86_64\bin\VCRUNTIME140.dll
0x00007ffb72f60000 - 0x00007ffb730fd000 	C:\WINDOWS\System32\USER32.dll
0x00007ffb5f440000 - 0x00007ffb5f6da000 	C:\WINDOWS\WinSxS\amd64_microsoft.windows.common-controls_6595b64144ccf1df_6.0.19041.1110_none_60b5254171f9507e\COMCTL32.dll
0x00007ffb70d00000 - 0x00007ffb70d22000 	C:\WINDOWS\System32\win32u.dll
0x00007ffb729f0000 - 0x00007ffb72a8e000 	C:\WINDOWS\System32\msvcrt.dll
0x00007ffb73300000 - 0x00007ffb7332b000 	C:\WINDOWS\System32\GDI32.dll
0x00007ffb711e0000 - 0x00007ffb712ef000 	C:\WINDOWS\System32\gdi32full.dll
0x00007ffb70d30000 - 0x00007ffb70dcd000 	C:\WINDOWS\System32\msvcp_win.dll
0x00007ffb72060000 - 0x00007ffb72090000 	C:\WINDOWS\System32\IMM32.DLL
0x00007ffb60de0000 - 0x00007ffb60dec000 	c:\Users\Kenny\.vscode\extensions\redhat.java-1.11.0-win32-x64\jre\17.0.4.1-win32-x86_64\bin\vcruntime140_1.dll
0x00007ffb339b0000 - 0x00007ffb33a41000 	c:\Users\Kenny\.vscode\extensions\redhat.java-1.11.0-win32-x64\jre\17.0.4.1-win32-x86_64\bin\msvcp140.dll
0x00007ffaf0520000 - 0x00007ffaf1166000 	c:\Users\Kenny\.vscode\extensions\redhat.java-1.11.0-win32-x64\jre\17.0.4.1-win32-x86_64\bin\server\jvm.dll
0x00007ffb72480000 - 0x00007ffb7252e000 	C:\WINDOWS\System32\ADVAPI32.dll
0x00007ffb72540000 - 0x00007ffb725dc000 	C:\WINDOWS\System32\sechost.dll
0x00007ffb73170000 - 0x00007ffb73295000 	C:\WINDOWS\System32\RPCRT4.dll
0x00007ffb72110000 - 0x00007ffb72118000 	C:\WINDOWS\System32\PSAPI.DLL
0x00007ffb61300000 - 0x00007ffb61309000 	C:\WINDOWS\SYSTEM32\WSOCK32.dll
0x00007ffb58900000 - 0x00007ffb58927000 	C:\WINDOWS\SYSTEM32\WINMM.dll
0x00007ffb73100000 - 0x00007ffb7316b000 	C:\WINDOWS\System32\WS2_32.dll
0x00007ffb6abe0000 - 0x00007ffb6abea000 	C:\WINDOWS\SYSTEM32\VERSION.dll
0x00007ffb6e9a0000 - 0x00007ffb6e9b2000 	C:\WINDOWS\SYSTEM32\kernel.appcore.dll
0x00007ffb536d0000 - 0x00007ffb536da000 	c:\Users\Kenny\.vscode\extensions\redhat.java-1.11.0-win32-x64\jre\17.0.4.1-win32-x86_64\bin\jimage.dll
0x00007ffb62d00000 - 0x00007ffb62ee4000 	C:\WINDOWS\SYSTEM32\DBGHELP.DLL
0x00007ffb5fed0000 - 0x00007ffb5fefc000 	C:\WINDOWS\SYSTEM32\dbgcore.DLL
0x00007ffb713f0000 - 0x00007ffb71472000 	C:\WINDOWS\System32\bcryptPrimitives.dll
0x00007ffb53610000 - 0x00007ffb5361e000 	c:\Users\Kenny\.vscode\extensions\redhat.java-1.11.0-win32-x64\jre\17.0.4.1-win32-x86_64\bin\instrument.dll
0x00007ffb4fdd0000 - 0x00007ffb4fdf5000 	c:\Users\Kenny\.vscode\extensions\redhat.java-1.11.0-win32-x64\jre\17.0.4.1-win32-x86_64\bin\java.dll
0x00007ffb535f0000 - 0x00007ffb53608000 	c:\Users\Kenny\.vscode\extensions\redhat.java-1.11.0-win32-x64\jre\17.0.4.1-win32-x86_64\bin\zip.dll
0x00007ffb71910000 - 0x00007ffb72053000 	C:\WINDOWS\System32\SHELL32.dll
0x00007ffb6ec80000 - 0x00007ffb6f411000 	C:\WINDOWS\SYSTEM32\windows.storage.dll
0x00007ffb72120000 - 0x00007ffb72474000 	C:\WINDOWS\System32\combase.dll
0x00007ffb70600000 - 0x00007ffb70630000 	C:\WINDOWS\SYSTEM32\Wldp.dll
0x00007ffb716a0000 - 0x00007ffb7174d000 	C:\WINDOWS\System32\SHCORE.dll
0x00007ffb728d0000 - 0x00007ffb72925000 	C:\WINDOWS\System32\shlwapi.dll
0x00007ffb70ae0000 - 0x00007ffb70aff000 	C:\WINDOWS\SYSTEM32\profapi.dll
0x00007ffb4fda0000 - 0x00007ffb4fdb9000 	C:\Users\Kenny\.vscode\extensions\redhat.java-1.11.0-win32-x64\jre\17.0.4.1-win32-x86_64\bin\net.dll
0x00007ffb66cb0000 - 0x00007ffb66dbd000 	C:\WINDOWS\SYSTEM32\WINHTTP.dll
0x00007ffb70360000 - 0x00007ffb703ca000 	C:\WINDOWS\system32\mswsock.dll
0x00007ffb4fd80000 - 0x00007ffb4fd95000 	C:\Users\Kenny\.vscode\extensions\redhat.java-1.11.0-win32-x64\jre\17.0.4.1-win32-x86_64\bin\nio.dll
0x00007ffb534f0000 - 0x00007ffb53500000 	c:\Users\Kenny\.vscode\extensions\redhat.java-1.11.0-win32-x64\jre\17.0.4.1-win32-x86_64\bin\verify.dll
0x00007ffb45340000 - 0x00007ffb4537e000 	C:\Users\Kenny\AppData\Roaming\Code\User\globalStorage\redhat.java\1.11.0\config_win\org.eclipse.equinox.launcher\org.eclipse.equinox.launcher.win32.win32.x86_64_1.2.600.v20220720-1916\eclipse_11700.dll
0x00007ffb71750000 - 0x00007ffb7187a000 	C:\WINDOWS\System32\ole32.dll
0x00007ffb70560000 - 0x00007ffb70578000 	C:\WINDOWS\SYSTEM32\CRYPTSP.dll
0x00007ffb6fc10000 - 0x00007ffb6fc44000 	C:\WINDOWS\system32\rsaenh.dll
0x00007ffb70dd0000 - 0x00007ffb70df7000 	C:\WINDOWS\System32\bcrypt.dll
0x00007ffb70aa0000 - 0x00007ffb70ace000 	C:\WINDOWS\SYSTEM32\USERENV.dll
0x00007ffb70550000 - 0x00007ffb7055c000 	C:\WINDOWS\SYSTEM32\CRYPTBASE.dll
0x00007ffb70000000 - 0x00007ffb7003b000 	C:\WINDOWS\SYSTEM32\IPHLPAPI.DLL
0x00007ffb72530000 - 0x00007ffb72538000 	C:\WINDOWS\System32\NSI.dll
0x00007ffb6b070000 - 0x00007ffb6b087000 	C:\WINDOWS\SYSTEM32\dhcpcsvc6.DLL
0x00007ffb6b050000 - 0x00007ffb6b06d000 	C:\WINDOWS\SYSTEM32\dhcpcsvc.DLL
0x00007ffb70040000 - 0x00007ffb7010a000 	C:\WINDOWS\SYSTEM32\DNSAPI.dll
0x00007ffb30070000 - 0x00007ffb300b4000 	C:\Users\Kenny\AppData\Local\Temp\jna-72382207\jna1754195408906449173.dll
0x00007ffb4f5d0000 - 0x00007ffb4f5de000 	C:\Users\Kenny\.vscode\extensions\redhat.java-1.11.0-win32-x64\jre\17.0.4.1-win32-x86_64\bin\sunmscapi.dll
0x00007ffb70ba0000 - 0x00007ffb70cf6000 	C:\WINDOWS\System32\CRYPT32.dll
0x00007ffb70670000 - 0x00007ffb70697000 	C:\WINDOWS\SYSTEM32\ncrypt.dll
0x00007ffb70630000 - 0x00007ffb7066b000 	C:\WINDOWS\SYSTEM32\NTASN1.dll
0x00007ffb6a6c0000 - 0x00007ffb6a6ca000 	C:\Windows\System32\rasadhlp.dll
0x00007ffb66a70000 - 0x00007ffb66af0000 	C:\WINDOWS\System32\fwpuclnt.dll

dbghelp: loaded successfully - version: 4.0.5 - missing functions: none
symbol engine: initialized successfully - sym options: 0x614 - pdb path: .;c:\Users\Kenny\.vscode\extensions\redhat.java-1.11.0-win32-x64\jre\17.0.4.1-win32-x86_64\bin;C:\WINDOWS\SYSTEM32;C:\WINDOWS\WinSxS\amd64_microsoft.windows.common-controls_6595b64144ccf1df_6.0.19041.1110_none_60b5254171f9507e;c:\Users\Kenny\.vscode\extensions\redhat.java-1.11.0-win32-x64\jre\17.0.4.1-win32-x86_64\bin\server;C:\Users\Kenny\AppData\Roaming\Code\User\globalStorage\redhat.java\1.11.0\config_win\org.eclipse.equinox.launcher\org.eclipse.equinox.launcher.win32.win32.x86_64_1.2.600.v20220720-1916;C:\Users\Kenny\AppData\Local\Temp\jna-72382207

VM Arguments:
jvm_args: --add-modules=ALL-SYSTEM --add-opens=java.base/java.util=ALL-UNNAMED --add-opens=java.base/java.lang=ALL-UNNAMED --add-opens=java.base/sun.nio.fs=ALL-UNNAMED -Declipse.application=org.eclipse.jdt.ls.core.id1 -Dosgi.bundles.defaultStartLevel=4 -Declipse.product=org.eclipse.jdt.ls.core.product -Djava.import.generatesMetadataFilesAtProjectRoot=false -Dfile.encoding=utf8 -DwatchParentProcess=false -XX:+UseParallelGC -XX:GCTimeRatio=4 -XX:AdaptiveSizePolicyWeight=90 -Dsun.zip.disableMemoryMapping=true -Xmx1G -Xms100m -Xlog:disable -javaagent:c:\Users\Kenny\.vscode\extensions\redhat.java-1.11.0-win32-x64\lombok\lombok-1.18.24.jar -XX:+HeapDumpOnOutOfMemoryError -XX:HeapDumpPath=c:\Users\Kenny\AppData\Roaming\Code\User\workspaceStorage\9a1bdbe3d3d7788a2e4f061b12b0f0e2\redhat.java 
java_command: c:\Users\Kenny\.vscode\extensions\redhat.java-1.11.0-win32-x64\server\plugins\org.eclipse.equinox.launcher_1.6.400.v20210924-0641.jar -configuration c:\Users\Kenny\AppData\Roaming\Code\User\globalStorage\redhat.java\1.11.0\config_win -data c:\Users\Kenny\AppData\Roaming\Code\User\workspaceStorage\9a1bdbe3d3d7788a2e4f061b12b0f0e2\redhat.java\jdt_ws
java_class_path (initial): c:\Users\Kenny\.vscode\extensions\redhat.java-1.11.0-win32-x64\server\plugins\org.eclipse.equinox.launcher_1.6.400.v20210924-0641.jar
Launcher Type: SUN_STANDARD

[Global flags]
    uintx AdaptiveSizePolicyWeight                 = 90                                        {product} {command line}
     intx CICompilerCount                          = 4                                         {product} {ergonomic}
    uintx GCTimeRatio                              = 4                                         {product} {command line}
     bool HeapDumpOnOutOfMemoryError               = true                                   {manageable} {command line}
    ccstr HeapDumpPath                             = c:\Users\Kenny\AppData\Roaming\Code\User\workspaceStorage\9a1bdbe3d3d7788a2e4f061b12b0f0e2\redhat.java         {manageable} {command line}
   size_t InitialHeapSize                          = 104857600                                 {product} {command line}
   size_t MaxHeapSize                              = 1073741824                                {product} {command line}
   size_t MaxNewSize                               = 357564416                                 {product} {ergonomic}
   size_t MinHeapDeltaBytes                        = 524288                                    {product} {ergonomic}
   size_t MinHeapSize                              = 104857600                                 {product} {command line}
   size_t NewSize                                  = 34603008                                  {product} {ergonomic}
    uintx NonNMethodCodeHeapSize                   = 5839372                                {pd product} {ergonomic}
    uintx NonProfiledCodeHeapSize                  = 122909434                              {pd product} {ergonomic}
   size_t OldSize                                  = 70254592                                  {product} {ergonomic}
    uintx ProfiledCodeHeapSize                     = 122909434                              {pd product} {ergonomic}
    uintx ReservedCodeCacheSize                    = 251658240                              {pd product} {ergonomic}
     bool SegmentedCodeCache                       = true                                      {product} {ergonomic}
   size_t SoftMaxHeapSize                          = 1073741824                             {manageable} {ergonomic}
     bool UseCompressedClassPointers               = true                           {product lp64_product} {ergonomic}
     bool UseCompressedOops                        = true                           {product lp64_product} {ergonomic}
     bool UseLargePagesIndividualAllocation        = false                                  {pd product} {ergonomic}
     bool UseParallelGC                            = true                                      {product} {command line}

Logging:
Log output configuration:
 #0: stdout all=off uptime,level,tags
 #1: stderr all=off uptime,level,tags

Environment Variables:
PATH=C:\Program Files\Common Files\Oracle\Java\javapath;C:\Program Files (x86)\Razer Chroma SDK\bin;C:\Program Files\Razer Chroma SDK\bin;C:\Program Files (x86)\Razer\ChromaBroadcast\bin;C:\Program Files\Razer\ChromaBroadcast\bin;C:\Program Files (x86)\Common Files\Oracle\Java\javapath;C:\Program Files\AdoptOpenJDK\jdk-14.0.2.12-hotspot\bin;C:\WINDOWS\system32;C:\WINDOWS;C:\WINDOWS\System32\Wbem;C:\WINDOWS\System32\WindowsPowerShell\v1.0\;C:\WINDOWS\System32\OpenSSH\;C:\Program Files\NVIDIA Corporation\NVIDIA NvDLISR;C:\Program Files\TortoiseSVN\bin;C:\Program Files\nodejs\;C:\WINDOWS\system32;C:\WINDOWS;C:\WINDOWS\System32\Wbem;C:\WINDOWS\System32\WindowsPowerShell\v1.0\;C:\WINDOWS\System32\OpenSSH\;C:\Program Files (x86)\NVIDIA Corporation\PhysX\Common;C:\Users\Kenny\AppData\Local\Microsoft\WindowsApps;C:\Users\Kenny\AppData\Local\Programs\Microsoft VS Code\bin;C:\Users\Kenny\AppData\Roaming\npm;C:\WINDOWS\system32\config\systemprofile\AppData\Local\Microsoft\WindowsApps;C:\Program Files\Microsoft SQL Server\150\Tools\Binn\;C:\Program Files\Microsoft SQL Server\Client SDK\ODBC\170\Tools\Binn\;C:\Program Files\dotnet\;C:\Program Files (x86)\Microsoft SQL Server\150\Tools\Binn\;C:\Program Files\Microsoft SQL Server\150\DTS\Binn\;C:\Program Files (x86)\Microsoft SQL Server\150\DTS\Binn\;C:\Program Files\Azure Data Studio\bin;C:\Users\Kenny\AppData\Local\Microsoft\WindowsApps;C:\Users\Kenny\AppData\Local\Programs\Microsoft VS Code\bin;C:\Users\Kenny\AppData\Roaming\npm;C:\Users\Kenny\AppData\Local\GitHubDesktop\bin;C:\Users\Kenny\.dotnet\tools;C:\Program Files\Azure Data Studio\bin
USERNAME=Kenny
OS=Windows_NT
PROCESSOR_IDENTIFIER=Intel64 Family 6 Model 158 Stepping 13, GenuineIntel
TMP=C:\Users\Kenny\AppData\Local\Temp
TEMP=C:\Users\Kenny\AppData\Local\Temp



---------------  S Y S T E M  ---------------

OS:
 Windows 10 , 64 bit Build 19041 (10.0.19041.1889)
OS uptime: 2 days 2:53 hours

CPU: total 8 (initial active 8) (8 cores per cpu, 1 threads per core) family 6 model 158 stepping 13 microcode 0xb8, cx8, cmov, fxsr, mmx, 3dnowpref, sse, sse2, sse3, ssse3, sse4.1, sse4.2, popcnt, lzcnt, tsc, tscinvbit, avx, avx2, aes, erms, clmul, bmi1, bmi2, rtm, adx, fma, vzeroupper, clflush, clflushopt

Memory: 4k page, system-wide physical 16317M (5839M free)
TotalPageFile size 25533M (AvailPageFile size 5797M)
current process WorkingSet (physical memory assigned to process): 431M, peak: 452M
current process commit charge ("private bytes"): 458M, peak: 479M

vm_info: OpenJDK 64-Bit Server VM (17.0.4.1+1) for windows-amd64 JRE (17.0.4.1+1), built on Aug 17 2022 07:42:43 by "temurin" with MS VC++ 16.7 (VS2019)

END.
